[0.089s] Invoking command in '/home/administrator/arduinobot_ws/build/arduinobot_controller': CMAKE_PREFIX_PATH=${CMAKE_PREFIX_PATH}:/opt/ros/jazzy DEBUGINFOD_URLS=https://debuginfod.ubuntu.com /usr/bin/cmake --build /home/administrator/arduinobot_ws/build/arduinobot_controller -- -j4 -l4
[1.075s] Invoked command in '/home/administrator/arduinobot_ws/build/arduinobot_controller' returned '0': CMAKE_PREFIX_PATH=${CMAKE_PREFIX_PATH}:/opt/ros/jazzy DEBUGINFOD_URLS=https://debuginfod.ubuntu.com /usr/bin/cmake --build /home/administrator/arduinobot_ws/build/arduinobot_controller -- -j4 -l4
[1.080s] Invoking command in '/home/administrator/arduinobot_ws/build/arduinobot_controller': CMAKE_PREFIX_PATH=${CMAKE_PREFIX_PATH}:/opt/ros/jazzy DEBUGINFOD_URLS=https://debuginfod.ubuntu.com /usr/bin/cmake --install /home/administrator/arduinobot_ws/build/arduinobot_controller
[1.156s] -- Install configuration: ""
[1.156s] -- Up-to-date: /home/administrator/arduinobot_ws/install/arduinobot_controller/share/arduinobot_controller/config
[1.157s] -- Installing: /home/administrator/arduinobot_ws/install/arduinobot_controller/share/arduinobot_controller/config/arduinobot_controllers.yaml
[1.157s] -- Up-to-date: /home/administrator/arduinobot_ws/install/arduinobot_controller/share/ament_index/resource_index/package_run_dependencies/arduinobot_controller
[1.158s] -- Up-to-date: /home/administrator/arduinobot_ws/install/arduinobot_controller/share/ament_index/resource_index/parent_prefix_path/arduinobot_controller
[1.159s] -- Up-to-date: /home/administrator/arduinobot_ws/install/arduinobot_controller/share/arduinobot_controller/environment/ament_prefix_path.sh
[1.163s] -- Up-to-date: /home/administrator/arduinobot_ws/install/arduinobot_controller/share/arduinobot_controller/environment/ament_prefix_path.dsv
[1.163s] -- Up-to-date: /home/administrator/arduinobot_ws/install/arduinobot_controller/share/arduinobot_controller/environment/path.sh
[1.163s] -- Up-to-date: /home/administrator/arduinobot_ws/install/arduinobot_controller/share/arduinobot_controller/environment/path.dsv
[1.168s] -- Up-to-date: /home/administrator/arduinobot_ws/install/arduinobot_controller/share/arduinobot_controller/local_setup.bash
[1.169s] -- Up-to-date: /home/administrator/arduinobot_ws/install/arduinobot_controller/share/arduinobot_controller/local_setup.sh
[1.169s] -- Up-to-date: /home/administrator/arduinobot_ws/install/arduinobot_controller/share/arduinobot_controller/local_setup.zsh
[1.169s] -- Up-to-date: /home/administrator/arduinobot_ws/install/arduinobot_controller/share/arduinobot_controller/local_setup.dsv
[1.169s] -- Installing: /home/administrator/arduinobot_ws/install/arduinobot_controller/share/arduinobot_controller/package.dsv
[1.170s] -- Up-to-date: /home/administrator/arduinobot_ws/install/arduinobot_controller/share/ament_index/resource_index/packages/arduinobot_controller
[1.170s] -- Up-to-date: /home/administrator/arduinobot_ws/install/arduinobot_controller/share/arduinobot_controller/cmake/arduinobot_controllerConfig.cmake
[1.170s] -- Up-to-date: /home/administrator/arduinobot_ws/install/arduinobot_controller/share/arduinobot_controller/cmake/arduinobot_controllerConfig-version.cmake
[1.173s] -- Up-to-date: /home/administrator/arduinobot_ws/install/arduinobot_controller/share/arduinobot_controller/package.xml
[1.229s] Invoked command in '/home/administrator/arduinobot_ws/build/arduinobot_controller' returned '0': CMAKE_PREFIX_PATH=${CMAKE_PREFIX_PATH}:/opt/ros/jazzy DEBUGINFOD_URLS=https://debuginfod.ubuntu.com /usr/bin/cmake --install /home/administrator/arduinobot_ws/build/arduinobot_controller
