[0.020s] Invoking command in '/home/adam-falkowski/arduinobot_ws/build/aduinobot_moveit': CMAKE_PREFIX_PATH=${CMAKE_PREFIX_PATH}:/home/adam-falkowski/arduinobot_ws/install/arduinobot_py_examples:/opt/ros/jazzy DEBUGINFOD_URLS=https://debuginfod.ubuntu.com /usr/bin/cmake /home/adam-falkowski/arduinobot_ws/src/aduinobot_moveit -DCMAKE_INSTALL_PREFIX=/home/adam-falkowski/arduinobot_ws/install/aduinobot_moveit
[0.105s] -- The C compiler identification is GNU 13.3.0
[0.217s] -- The CXX compiler identification is GNU 13.3.0
[0.245s] -- Detecting C compiler ABI info
[0.392s] -- Detecting C compiler ABI info - done
[0.405s] -- Check for working C compiler: /usr/bin/cc - skipped
[0.405s] -- Detecting C compile features
[0.406s] -- Detecting C compile features - done
[0.418s] -- Detecting CXX compiler ABI info
[0.556s] -- Detecting CXX compiler ABI info - done
[0.573s] -- Check for working CXX compiler: /usr/bin/c++ - skipped
[0.573s] -- Detecting CXX compile features
[0.574s] -- Detecting CXX compile features - done
[0.580s] -- Found ament_cmake: 2.5.3 (/opt/ros/jazzy/share/ament_cmake/cmake)
[0.793s] -- Found Python3: /usr/bin/python3 (found version "3.12.3") found components: Interpreter 
[0.979s] -- Found ament_lint_auto: 0.17.1 (/opt/ros/jazzy/share/ament_lint_auto/cmake)
[1.136s] -- Added test 'lint_cmake' to check CMake code style
[1.139s] -- Added test 'xmllint' to check XML markup files
[1.142s] -- Configuring done (1.1s)
[1.146s] -- Generating done (0.0s)
[1.148s] -- Build files have been written to: /home/adam-falkowski/arduinobot_ws/build/aduinobot_moveit
[1.155s] Invoked command in '/home/adam-falkowski/arduinobot_ws/build/aduinobot_moveit' returned '0': CMAKE_PREFIX_PATH=${CMAKE_PREFIX_PATH}:/home/adam-falkowski/arduinobot_ws/install/arduinobot_py_examples:/opt/ros/jazzy DEBUGINFOD_URLS=https://debuginfod.ubuntu.com /usr/bin/cmake /home/adam-falkowski/arduinobot_ws/src/aduinobot_moveit -DCMAKE_INSTALL_PREFIX=/home/adam-falkowski/arduinobot_ws/install/aduinobot_moveit
[1.156s] Invoking command in '/home/adam-falkowski/arduinobot_ws/build/aduinobot_moveit': CMAKE_PREFIX_PATH=${CMAKE_PREFIX_PATH}:/home/adam-falkowski/arduinobot_ws/install/arduinobot_py_examples:/opt/ros/jazzy DEBUGINFOD_URLS=https://debuginfod.ubuntu.com /usr/bin/cmake --build /home/adam-falkowski/arduinobot_ws/build/aduinobot_moveit -- -j12 -l12
[1.216s] Invoked command in '/home/adam-falkowski/arduinobot_ws/build/aduinobot_moveit' returned '0': CMAKE_PREFIX_PATH=${CMAKE_PREFIX_PATH}:/home/adam-falkowski/arduinobot_ws/install/arduinobot_py_examples:/opt/ros/jazzy DEBUGINFOD_URLS=https://debuginfod.ubuntu.com /usr/bin/cmake --build /home/adam-falkowski/arduinobot_ws/build/aduinobot_moveit -- -j12 -l12
[1.218s] Invoking command in '/home/adam-falkowski/arduinobot_ws/build/aduinobot_moveit': CMAKE_PREFIX_PATH=${CMAKE_PREFIX_PATH}:/home/adam-falkowski/arduinobot_ws/install/arduinobot_py_examples:/opt/ros/jazzy DEBUGINFOD_URLS=https://debuginfod.ubuntu.com /usr/bin/cmake --install /home/adam-falkowski/arduinobot_ws/build/aduinobot_moveit
[1.230s] -- Install configuration: ""
[1.230s] -- Installing: /home/adam-falkowski/arduinobot_ws/install/aduinobot_moveit/share/ament_index/resource_index/package_run_dependencies/aduinobot_moveit
[1.231s] -- Installing: /home/adam-falkowski/arduinobot_ws/install/aduinobot_moveit/share/ament_index/resource_index/parent_prefix_path/aduinobot_moveit
[1.231s] -- Installing: /home/adam-falkowski/arduinobot_ws/install/aduinobot_moveit/share/aduinobot_moveit/environment/ament_prefix_path.sh
[1.231s] -- Installing: /home/adam-falkowski/arduinobot_ws/install/aduinobot_moveit/share/aduinobot_moveit/environment/ament_prefix_path.dsv
[1.231s] -- Installing: /home/adam-falkowski/arduinobot_ws/install/aduinobot_moveit/share/aduinobot_moveit/environment/path.sh
[1.232s] -- Installing: /home/adam-falkowski/arduinobot_ws/install/aduinobot_moveit/share/aduinobot_moveit/environment/path.dsv
[1.232s] -- Installing: /home/adam-falkowski/arduinobot_ws/install/aduinobot_moveit/share/aduinobot_moveit/local_setup.bash
[1.232s] -- Installing: /home/adam-falkowski/arduinobot_ws/install/aduinobot_moveit/share/aduinobot_moveit/local_setup.sh
[1.232s] -- Installing: /home/adam-falkowski/arduinobot_ws/install/aduinobot_moveit/share/aduinobot_moveit/local_setup.zsh
[1.233s] -- Installing: /home/adam-falkowski/arduinobot_ws/install/aduinobot_moveit/share/aduinobot_moveit/local_setup.dsv
[1.233s] -- Installing: /home/adam-falkowski/arduinobot_ws/install/aduinobot_moveit/share/aduinobot_moveit/package.dsv
[1.233s] -- Installing: /home/adam-falkowski/arduinobot_ws/install/aduinobot_moveit/share/ament_index/resource_index/packages/aduinobot_moveit
[1.233s] -- Installing: /home/adam-falkowski/arduinobot_ws/install/aduinobot_moveit/share/aduinobot_moveit/cmake/aduinobot_moveitConfig.cmake
[1.233s] -- Installing: /home/adam-falkowski/arduinobot_ws/install/aduinobot_moveit/share/aduinobot_moveit/cmake/aduinobot_moveitConfig-version.cmake
[1.233s] -- Installing: /home/adam-falkowski/arduinobot_ws/install/aduinobot_moveit/share/aduinobot_moveit/package.xml
[1.236s] Invoked command in '/home/adam-falkowski/arduinobot_ws/build/aduinobot_moveit' returned '0': CMAKE_PREFIX_PATH=${CMAKE_PREFIX_PATH}:/home/adam-falkowski/arduinobot_ws/install/arduinobot_py_examples:/opt/ros/jazzy DEBUGINFOD_URLS=https://debuginfod.ubuntu.com /usr/bin/cmake --install /home/adam-falkowski/arduinobot_ws/build/aduinobot_moveit
