[0.025s] Invoking command in '/home/adam-falkowski/arduinobot_ws/ROS2_Arduionobot/build/arduinobot_controller': CMAKE_PREFIX_PATH=${CMAKE_PREFIX_PATH}:/opt/ros/jazzy DEBUGINFOD_URLS=https://debuginfod.ubuntu.com /usr/bin/cmake --build /home/adam-falkowski/arduinobot_ws/ROS2_Arduionobot/build/arduinobot_controller -- -j12 -l12
[0.060s] -- Found ament_cmake: 2.5.3 (/opt/ros/jazzy/share/ament_cmake/cmake)
[0.320s] -- Found ament_lint_auto: 0.17.1 (/opt/ros/jazzy/share/ament_lint_auto/cmake)
[0.444s] -- Added test 'flake8' to check Python code syntax and style conventions
[0.445s] -- Configured 'flake8' exclude dirs and/or files: 
[0.445s] -- Added test 'lint_cmake' to check CMake code style
[0.446s] -- Added test 'pep257' to check Python code against some of the docstring style conventions in PEP 257
[0.447s] -- Added test 'xmllint' to check XML markup files
[0.448s] -- Configuring done (0.4s)
[0.452s] -- Generating done (0.0s)
[0.455s] -- Build files have been written to: /home/adam-falkowski/arduinobot_ws/ROS2_Arduionobot/build/arduinobot_controller
[0.485s] Invoked command in '/home/adam-falkowski/arduinobot_ws/ROS2_Arduionobot/build/arduinobot_controller' returned '0': CMAKE_PREFIX_PATH=${CMAKE_PREFIX_PATH}:/opt/ros/jazzy DEBUGINFOD_URLS=https://debuginfod.ubuntu.com /usr/bin/cmake --build /home/adam-falkowski/arduinobot_ws/ROS2_Arduionobot/build/arduinobot_controller -- -j12 -l12
[0.487s] Invoking command in '/home/adam-falkowski/arduinobot_ws/ROS2_Arduionobot/build/arduinobot_controller': CMAKE_PREFIX_PATH=${CMAKE_PREFIX_PATH}:/opt/ros/jazzy DEBUGINFOD_URLS=https://debuginfod.ubuntu.com /usr/bin/cmake --install /home/adam-falkowski/arduinobot_ws/ROS2_Arduionobot/build/arduinobot_controller
[0.498s] -- Install configuration: ""
[0.498s] -- Up-to-date: /home/adam-falkowski/arduinobot_ws/ROS2_Arduionobot/install/arduinobot_controller/share/arduinobot_controller/config
[0.498s] -- Up-to-date: /home/adam-falkowski/arduinobot_ws/ROS2_Arduionobot/install/arduinobot_controller/share/arduinobot_controller/config/arduinobot_controllers.yaml
[0.499s] -- Installing: /home/adam-falkowski/arduinobot_ws/ROS2_Arduionobot/install/arduinobot_controller/share/ament_index/resource_index/package_run_dependencies/arduinobot_controller
[0.499s] -- Up-to-date: /home/adam-falkowski/arduinobot_ws/ROS2_Arduionobot/install/arduinobot_controller/share/ament_index/resource_index/parent_prefix_path/arduinobot_controller
[0.499s] -- Up-to-date: /home/adam-falkowski/arduinobot_ws/ROS2_Arduionobot/install/arduinobot_controller/share/arduinobot_controller/environment/ament_prefix_path.sh
[0.499s] -- Up-to-date: /home/adam-falkowski/arduinobot_ws/ROS2_Arduionobot/install/arduinobot_controller/share/arduinobot_controller/environment/ament_prefix_path.dsv
[0.499s] -- Up-to-date: /home/adam-falkowski/arduinobot_ws/ROS2_Arduionobot/install/arduinobot_controller/share/arduinobot_controller/environment/path.sh
[0.499s] -- Up-to-date: /home/adam-falkowski/arduinobot_ws/ROS2_Arduionobot/install/arduinobot_controller/share/arduinobot_controller/environment/path.dsv
[0.499s] -- Up-to-date: /home/adam-falkowski/arduinobot_ws/ROS2_Arduionobot/install/arduinobot_controller/share/arduinobot_controller/local_setup.bash
[0.499s] -- Up-to-date: /home/adam-falkowski/arduinobot_ws/ROS2_Arduionobot/install/arduinobot_controller/share/arduinobot_controller/local_setup.sh
[0.500s] -- Up-to-date: /home/adam-falkowski/arduinobot_ws/ROS2_Arduionobot/install/arduinobot_controller/share/arduinobot_controller/local_setup.zsh
[0.500s] -- Up-to-date: /home/adam-falkowski/arduinobot_ws/ROS2_Arduionobot/install/arduinobot_controller/share/arduinobot_controller/local_setup.dsv
[0.500s] -- Up-to-date: /home/adam-falkowski/arduinobot_ws/ROS2_Arduionobot/install/arduinobot_controller/share/arduinobot_controller/package.dsv
[0.500s] -- Up-to-date: /home/adam-falkowski/arduinobot_ws/ROS2_Arduionobot/install/arduinobot_controller/share/ament_index/resource_index/packages/arduinobot_controller
[0.500s] -- Up-to-date: /home/adam-falkowski/arduinobot_ws/ROS2_Arduionobot/install/arduinobot_controller/share/arduinobot_controller/cmake/arduinobot_controllerConfig.cmake
[0.500s] -- Up-to-date: /home/adam-falkowski/arduinobot_ws/ROS2_Arduionobot/install/arduinobot_controller/share/arduinobot_controller/cmake/arduinobot_controllerConfig-version.cmake
[0.500s] -- Installing: /home/adam-falkowski/arduinobot_ws/ROS2_Arduionobot/install/arduinobot_controller/share/arduinobot_controller/package.xml
[0.502s] Invoked command in '/home/adam-falkowski/arduinobot_ws/ROS2_Arduionobot/build/arduinobot_controller' returned '0': CMAKE_PREFIX_PATH=${CMAKE_PREFIX_PATH}:/opt/ros/jazzy DEBUGINFOD_URLS=https://debuginfod.ubuntu.com /usr/bin/cmake --install /home/adam-falkowski/arduinobot_ws/ROS2_Arduionobot/build/arduinobot_controller
