[3.526s] DEBUG:colcon:Command line arguments: ['/usr/bin/colcon', 'build']
[3.526s] DEBUG:colcon:Parsed command line arguments: Namespace(log_base=None, log_level=None, verb_name='build', build_base='build', install_base='install', merge_install=False, symlink_install=False, test_result_base=None, continue_on_error=False, executor='parallel', parallel_workers=1, event_handlers=None, ignore_user_meta=False, metas=['./colcon.meta'], base_paths=['.'], packages_ignore=None, packages_ignore_regex=None, paths=None, packages_up_to=None, packages_up_to_regex=None, packages_above=None, packages_above_and_dependencies=None, packages_above_depth=None, packages_select_by_dep=None, packages_skip_by_dep=None, packages_skip_up_to=None, packages_select_build_failed=False, packages_skip_build_finished=False, packages_select_test_failures=False, packages_skip_test_passed=False, packages_select=None, packages_skip=None, packages_select_regex=None, packages_skip_regex=None, packages_start=None, packages_end=None, allow_overriding=[], cmake_args=None, cmake_target=None, cmake_target_skip_unavailable=False, cmake_clean_cache=False, cmake_clean_first=False, cmake_force_configure=False, ament_cmake_args=None, catkin_cmake_args=None, catkin_skip_building_tests=False, mixin_files=None, mixin=None, verb_parser=<colcon_mixin.mixin.mixin_argument.MixinArgumentDecorator object at 0x721df786f860>, verb_extension=<colcon_core.verb.build.BuildVerb object at 0x721df79c2960>, main=<bound method BuildVerb.main of <colcon_core.verb.build.BuildVerb object at 0x721df79c2960>>, mixin_verb=('build',))
[4.321s] Level 1:colcon.colcon_core.package_discovery:discover_packages(colcon_meta) check parameters
[4.327s] Level 1:colcon.colcon_core.package_discovery:discover_packages(recursive) check parameters
[4.328s] Level 1:colcon.colcon_core.package_discovery:discover_packages(ignore) check parameters
[4.328s] Level 1:colcon.colcon_core.package_discovery:discover_packages(path) check parameters
[4.328s] Level 1:colcon.colcon_core.package_discovery:discover_packages(colcon_meta) discover
[4.328s] Level 1:colcon.colcon_core.package_discovery:discover_packages(recursive) discover
[4.328s] INFO:colcon.colcon_core.package_discovery:Crawling recursively for packages in '/home/administrator/arduinobot_ws'
[4.328s] Level 1:colcon.colcon_core.package_identification:_identify(.) by extensions ['ignore', 'ignore_ament_install']
[4.328s] Level 1:colcon.colcon_core.package_identification:_identify(.) by extension 'ignore'
[4.328s] Level 1:colcon.colcon_core.package_identification:_identify(.) by extension 'ignore_ament_install'
[4.328s] Level 1:colcon.colcon_core.package_identification:_identify(.) by extensions ['colcon_pkg']
[4.328s] Level 1:colcon.colcon_core.package_identification:_identify(.) by extension 'colcon_pkg'
[4.329s] Level 1:colcon.colcon_core.package_identification:_identify(.) by extensions ['colcon_meta']
[4.329s] Level 1:colcon.colcon_core.package_identification:_identify(.) by extension 'colcon_meta'
[4.329s] Level 1:colcon.colcon_core.package_identification:_identify(.) by extensions ['ros']
[4.329s] Level 1:colcon.colcon_core.package_identification:_identify(.) by extension 'ros'
[5.155s] Level 1:colcon.colcon_core.package_identification:_identify(.) by extensions ['cmake', 'python']
[5.155s] Level 1:colcon.colcon_core.package_identification:_identify(.) by extension 'cmake'
[5.155s] Level 1:colcon.colcon_core.package_identification:_identify(.) by extension 'python'
[5.155s] Level 1:colcon.colcon_core.package_identification:_identify(.) by extensions ['python_setup_py']
[5.155s] Level 1:colcon.colcon_core.package_identification:_identify(.) by extension 'python_setup_py'
[5.156s] Level 1:colcon.colcon_core.package_identification:_identify(build) by extensions ['ignore', 'ignore_ament_install']
[5.156s] Level 1:colcon.colcon_core.package_identification:_identify(build) by extension 'ignore'
[5.156s] Level 1:colcon.colcon_core.package_identification:_identify(build) ignored
[5.156s] Level 1:colcon.colcon_core.package_identification:_identify(install) by extensions ['ignore', 'ignore_ament_install']
[5.156s] Level 1:colcon.colcon_core.package_identification:_identify(install) by extension 'ignore'
[5.156s] Level 1:colcon.colcon_core.package_identification:_identify(install) ignored
[5.157s] Level 1:colcon.colcon_core.package_identification:_identify(log) by extensions ['ignore', 'ignore_ament_install']
[5.157s] Level 1:colcon.colcon_core.package_identification:_identify(log) by extension 'ignore'
[5.157s] Level 1:colcon.colcon_core.package_identification:_identify(log) ignored
[5.178s] Level 1:colcon.colcon_core.package_identification:_identify(src) by extensions ['ignore', 'ignore_ament_install']
[5.179s] Level 1:colcon.colcon_core.package_identification:_identify(src) by extension 'ignore'
[5.179s] Level 1:colcon.colcon_core.package_identification:_identify(src) by extension 'ignore_ament_install'
[5.179s] Level 1:colcon.colcon_core.package_identification:_identify(src) by extensions ['colcon_pkg']
[5.179s] Level 1:colcon.colcon_core.package_identification:_identify(src) by extension 'colcon_pkg'
[5.179s] Level 1:colcon.colcon_core.package_identification:_identify(src) by extensions ['colcon_meta']
[5.179s] Level 1:colcon.colcon_core.package_identification:_identify(src) by extension 'colcon_meta'
[5.179s] Level 1:colcon.colcon_core.package_identification:_identify(src) by extensions ['ros']
[5.179s] Level 1:colcon.colcon_core.package_identification:_identify(src) by extension 'ros'
[5.180s] Level 1:colcon.colcon_core.package_identification:_identify(src) by extensions ['cmake', 'python']
[5.180s] Level 1:colcon.colcon_core.package_identification:_identify(src) by extension 'cmake'
[5.180s] Level 1:colcon.colcon_core.package_identification:_identify(src) by extension 'python'
[5.180s] Level 1:colcon.colcon_core.package_identification:_identify(src) by extensions ['python_setup_py']
[5.180s] Level 1:colcon.colcon_core.package_identification:_identify(src) by extension 'python_setup_py'
[5.180s] Level 1:colcon.colcon_core.package_identification:_identify(src/arduinobot_cpp_examples) by extensions ['ignore', 'ignore_ament_install']
[5.195s] Level 1:colcon.colcon_core.package_identification:_identify(src/arduinobot_cpp_examples) by extension 'ignore'
[5.195s] Level 1:colcon.colcon_core.package_identification:_identify(src/arduinobot_cpp_examples) by extension 'ignore_ament_install'
[5.196s] Level 1:colcon.colcon_core.package_identification:_identify(src/arduinobot_cpp_examples) by extensions ['colcon_pkg']
[5.196s] Level 1:colcon.colcon_core.package_identification:_identify(src/arduinobot_cpp_examples) by extension 'colcon_pkg'
[5.196s] Level 1:colcon.colcon_core.package_identification:_identify(src/arduinobot_cpp_examples) by extensions ['colcon_meta']
[5.196s] Level 1:colcon.colcon_core.package_identification:_identify(src/arduinobot_cpp_examples) by extension 'colcon_meta'
[5.196s] Level 1:colcon.colcon_core.package_identification:_identify(src/arduinobot_cpp_examples) by extensions ['ros']
[5.196s] Level 1:colcon.colcon_core.package_identification:_identify(src/arduinobot_cpp_examples) by extension 'ros'
[5.231s] DEBUG:colcon.colcon_core.package_identification:Package 'src/arduinobot_cpp_examples' with type 'ros.ament_cmake' and name 'arduinobot_cpp_exampled'
[5.241s] Level 1:colcon.colcon_core.package_identification:_identify(src/arduinobot_description) by extensions ['ignore', 'ignore_ament_install']
[5.241s] Level 1:colcon.colcon_core.package_identification:_identify(src/arduinobot_description) by extension 'ignore'
[5.241s] Level 1:colcon.colcon_core.package_identification:_identify(src/arduinobot_description) by extension 'ignore_ament_install'
[5.241s] Level 1:colcon.colcon_core.package_identification:_identify(src/arduinobot_description) by extensions ['colcon_pkg']
[5.241s] Level 1:colcon.colcon_core.package_identification:_identify(src/arduinobot_description) by extension 'colcon_pkg'
[5.241s] Level 1:colcon.colcon_core.package_identification:_identify(src/arduinobot_description) by extensions ['colcon_meta']
[5.242s] Level 1:colcon.colcon_core.package_identification:_identify(src/arduinobot_description) by extension 'colcon_meta'
[5.242s] Level 1:colcon.colcon_core.package_identification:_identify(src/arduinobot_description) by extensions ['ros']
[5.242s] Level 1:colcon.colcon_core.package_identification:_identify(src/arduinobot_description) by extension 'ros'
[5.243s] DEBUG:colcon.colcon_core.package_identification:Package 'src/arduinobot_description' with type 'ros.ament_cmake' and name 'arduinobot_description'
[5.243s] Level 1:colcon.colcon_core.package_identification:_identify(src/arduinobot_py_examples) by extensions ['ignore', 'ignore_ament_install']
[5.243s] Level 1:colcon.colcon_core.package_identification:_identify(src/arduinobot_py_examples) by extension 'ignore'
[5.243s] Level 1:colcon.colcon_core.package_identification:_identify(src/arduinobot_py_examples) by extension 'ignore_ament_install'
[5.271s] Level 1:colcon.colcon_core.package_identification:_identify(src/arduinobot_py_examples) by extensions ['colcon_pkg']
[5.271s] Level 1:colcon.colcon_core.package_identification:_identify(src/arduinobot_py_examples) by extension 'colcon_pkg'
[5.271s] Level 1:colcon.colcon_core.package_identification:_identify(src/arduinobot_py_examples) by extensions ['colcon_meta']
[5.271s] Level 1:colcon.colcon_core.package_identification:_identify(src/arduinobot_py_examples) by extension 'colcon_meta'
[5.271s] Level 1:colcon.colcon_core.package_identification:_identify(src/arduinobot_py_examples) by extensions ['ros']
[5.271s] Level 1:colcon.colcon_core.package_identification:_identify(src/arduinobot_py_examples) by extension 'ros'
[5.272s] DEBUG:colcon.colcon_core.package_identification:Package 'src/arduinobot_py_examples' with type 'ros.ament_python' and name 'arduinobot_py_examples'
[5.272s] Level 1:colcon.colcon_core.package_discovery:discover_packages(recursive) using defaults
[5.273s] Level 1:colcon.colcon_core.package_discovery:discover_packages(ignore) discover
[5.273s] Level 1:colcon.colcon_core.package_discovery:discover_packages(ignore) using defaults
[5.273s] Level 1:colcon.colcon_core.package_discovery:discover_packages(path) discover
[5.273s] Level 1:colcon.colcon_core.package_discovery:discover_packages(path) using defaults
[5.925s] Level 1:colcon.colcon_core.package_discovery:discover_packages(prefix_path) check parameters
[5.927s] Level 1:colcon.colcon_core.package_discovery:discover_packages(prefix_path) discover
[6.047s] DEBUG:colcon.colcon_installed_package_information.package_discovery:Found 427 installed packages in /opt/ros/jazzy
[6.100s] Level 1:colcon.colcon_core.package_discovery:discover_packages(prefix_path) using defaults
[7.888s] Level 5:colcon.colcon_core.verb:set package 'arduinobot_cpp_exampled' build argument 'cmake_args' from command line to 'None'
[7.888s] Level 5:colcon.colcon_core.verb:set package 'arduinobot_cpp_exampled' build argument 'cmake_target' from command line to 'None'
[7.888s] Level 5:colcon.colcon_core.verb:set package 'arduinobot_cpp_exampled' build argument 'cmake_target_skip_unavailable' from command line to 'False'
[7.888s] Level 5:colcon.colcon_core.verb:set package 'arduinobot_cpp_exampled' build argument 'cmake_clean_cache' from command line to 'False'
[7.888s] Level 5:colcon.colcon_core.verb:set package 'arduinobot_cpp_exampled' build argument 'cmake_clean_first' from command line to 'False'
[7.888s] Level 5:colcon.colcon_core.verb:set package 'arduinobot_cpp_exampled' build argument 'cmake_force_configure' from command line to 'False'
[7.888s] Level 5:colcon.colcon_core.verb:set package 'arduinobot_cpp_exampled' build argument 'ament_cmake_args' from command line to 'None'
[7.888s] Level 5:colcon.colcon_core.verb:set package 'arduinobot_cpp_exampled' build argument 'catkin_cmake_args' from command line to 'None'
[7.888s] Level 5:colcon.colcon_core.verb:set package 'arduinobot_cpp_exampled' build argument 'catkin_skip_building_tests' from command line to 'False'
[7.888s] DEBUG:colcon.colcon_core.verb:Building package 'arduinobot_cpp_exampled' with the following arguments: {'ament_cmake_args': None, 'build_base': '/home/administrator/arduinobot_ws/build/arduinobot_cpp_exampled', 'catkin_cmake_args': None, 'catkin_skip_building_tests': False, 'cmake_args': None, 'cmake_clean_cache': False, 'cmake_clean_first': False, 'cmake_force_configure': False, 'cmake_target': None, 'cmake_target_skip_unavailable': False, 'install_base': '/home/administrator/arduinobot_ws/install/arduinobot_cpp_exampled', 'merge_install': False, 'path': '/home/administrator/arduinobot_ws/src/arduinobot_cpp_examples', 'symlink_install': False, 'test_result_base': None}
[7.898s] Level 5:colcon.colcon_core.verb:set package 'arduinobot_description' build argument 'cmake_args' from command line to 'None'
[7.899s] Level 5:colcon.colcon_core.verb:set package 'arduinobot_description' build argument 'cmake_target' from command line to 'None'
[7.899s] Level 5:colcon.colcon_core.verb:set package 'arduinobot_description' build argument 'cmake_target_skip_unavailable' from command line to 'False'
[7.899s] Level 5:colcon.colcon_core.verb:set package 'arduinobot_description' build argument 'cmake_clean_cache' from command line to 'False'
[7.899s] Level 5:colcon.colcon_core.verb:set package 'arduinobot_description' build argument 'cmake_clean_first' from command line to 'False'
[7.899s] Level 5:colcon.colcon_core.verb:set package 'arduinobot_description' build argument 'cmake_force_configure' from command line to 'False'
[7.899s] Level 5:colcon.colcon_core.verb:set package 'arduinobot_description' build argument 'ament_cmake_args' from command line to 'None'
[7.899s] Level 5:colcon.colcon_core.verb:set package 'arduinobot_description' build argument 'catkin_cmake_args' from command line to 'None'
[7.899s] Level 5:colcon.colcon_core.verb:set package 'arduinobot_description' build argument 'catkin_skip_building_tests' from command line to 'False'
[7.899s] DEBUG:colcon.colcon_core.verb:Building package 'arduinobot_description' with the following arguments: {'ament_cmake_args': None, 'build_base': '/home/administrator/arduinobot_ws/build/arduinobot_description', 'catkin_cmake_args': None, 'catkin_skip_building_tests': False, 'cmake_args': None, 'cmake_clean_cache': False, 'cmake_clean_first': False, 'cmake_force_configure': False, 'cmake_target': None, 'cmake_target_skip_unavailable': False, 'install_base': '/home/administrator/arduinobot_ws/install/arduinobot_description', 'merge_install': False, 'path': '/home/administrator/arduinobot_ws/src/arduinobot_description', 'symlink_install': False, 'test_result_base': None}
[7.907s] Level 5:colcon.colcon_core.verb:set package 'arduinobot_py_examples' build argument 'cmake_args' from command line to 'None'
[7.907s] Level 5:colcon.colcon_core.verb:set package 'arduinobot_py_examples' build argument 'cmake_target' from command line to 'None'
[7.907s] Level 5:colcon.colcon_core.verb:set package 'arduinobot_py_examples' build argument 'cmake_target_skip_unavailable' from command line to 'False'
[7.907s] Level 5:colcon.colcon_core.verb:set package 'arduinobot_py_examples' build argument 'cmake_clean_cache' from command line to 'False'
[7.907s] Level 5:colcon.colcon_core.verb:set package 'arduinobot_py_examples' build argument 'cmake_clean_first' from command line to 'False'
[7.908s] Level 5:colcon.colcon_core.verb:set package 'arduinobot_py_examples' build argument 'cmake_force_configure' from command line to 'False'
[7.908s] Level 5:colcon.colcon_core.verb:set package 'arduinobot_py_examples' build argument 'ament_cmake_args' from command line to 'None'
[7.908s] Level 5:colcon.colcon_core.verb:set package 'arduinobot_py_examples' build argument 'catkin_cmake_args' from command line to 'None'
[7.908s] Level 5:colcon.colcon_core.verb:set package 'arduinobot_py_examples' build argument 'catkin_skip_building_tests' from command line to 'False'
[7.908s] DEBUG:colcon.colcon_core.verb:Building package 'arduinobot_py_examples' with the following arguments: {'ament_cmake_args': None, 'build_base': '/home/administrator/arduinobot_ws/build/arduinobot_py_examples', 'catkin_cmake_args': None, 'catkin_skip_building_tests': False, 'cmake_args': None, 'cmake_clean_cache': False, 'cmake_clean_first': False, 'cmake_force_configure': False, 'cmake_target': None, 'cmake_target_skip_unavailable': False, 'install_base': '/home/administrator/arduinobot_ws/install/arduinobot_py_examples', 'merge_install': False, 'path': '/home/administrator/arduinobot_ws/src/arduinobot_py_examples', 'symlink_install': False, 'test_result_base': None}
[7.908s] INFO:colcon.colcon_core.executor:Executing jobs using 'parallel' executor
[7.925s] DEBUG:colcon.colcon_parallel_executor.executor.parallel:run_until_complete
[7.925s] INFO:colcon.colcon_ros.task.ament_cmake.build:Building ROS package in '/home/administrator/arduinobot_ws/src/arduinobot_cpp_examples' with build type 'ament_cmake'
[7.925s] INFO:colcon.colcon_cmake.task.cmake.build:Building CMake package in '/home/administrator/arduinobot_ws/src/arduinobot_cpp_examples'
[8.064s] INFO:colcon.colcon_core.plugin_system:Skipping extension 'colcon_core.shell.bat': Not used on non-Windows systems
[8.065s] INFO:colcon.colcon_core.shell:Skip shell extension 'powershell' for command environment: Not usable outside of PowerShell
[8.065s] DEBUG:colcon.colcon_core.shell:Skip shell extension 'dsv' for command environment
[8.286s] DEBUG:colcon.colcon_core.event_handler.log_command:Invoking command in '/home/administrator/arduinobot_ws/build/arduinobot_cpp_exampled': CMAKE_PREFIX_PATH=${CMAKE_PREFIX_PATH}:/opt/ros/jazzy DEBUGINFOD_URLS=https://debuginfod.ubuntu.com /usr/bin/cmake --build /home/administrator/arduinobot_ws/build/arduinobot_cpp_exampled -- -j1 -l1
[10.389s] DEBUG:colcon.colcon_core.event_handler.log_command:Invoked command in '/home/administrator/arduinobot_ws/build/arduinobot_cpp_exampled' returned '0': CMAKE_PREFIX_PATH=${CMAKE_PREFIX_PATH}:/opt/ros/jazzy DEBUGINFOD_URLS=https://debuginfod.ubuntu.com /usr/bin/cmake --build /home/administrator/arduinobot_ws/build/arduinobot_cpp_exampled -- -j1 -l1
[10.712s] DEBUG:colcon.colcon_core.event_handler.log_command:Invoking command in '/home/administrator/arduinobot_ws/build/arduinobot_cpp_exampled': CMAKE_PREFIX_PATH=${CMAKE_PREFIX_PATH}:/opt/ros/jazzy DEBUGINFOD_URLS=https://debuginfod.ubuntu.com /usr/bin/cmake --install /home/administrator/arduinobot_ws/build/arduinobot_cpp_exampled
[11.103s] Level 1:colcon.colcon_core.environment:create_environment_scripts_only(arduinobot_cpp_exampled)
[11.111s] DEBUG:colcon.colcon_core.event_handler.log_command:Invoked command in '/home/administrator/arduinobot_ws/build/arduinobot_cpp_exampled' returned '0': CMAKE_PREFIX_PATH=${CMAKE_PREFIX_PATH}:/opt/ros/jazzy DEBUGINFOD_URLS=https://debuginfod.ubuntu.com /usr/bin/cmake --install /home/administrator/arduinobot_ws/build/arduinobot_cpp_exampled
[11.356s] Level 1:colcon.colcon_core.environment:checking '/home/administrator/arduinobot_ws/install/arduinobot_cpp_exampled' for CMake module files
[11.357s] Level 1:colcon.colcon_core.environment:checking '/home/administrator/arduinobot_ws/install/arduinobot_cpp_exampled' for CMake config files
[11.391s] Level 1:colcon.colcon_core.shell:create_environment_hook('arduinobot_cpp_exampled', 'cmake_prefix_path')
[11.392s] INFO:colcon.colcon_core.shell:Creating environment hook '/home/administrator/arduinobot_ws/install/arduinobot_cpp_exampled/share/arduinobot_cpp_exampled/hook/cmake_prefix_path.ps1'
[11.442s] INFO:colcon.colcon_core.shell:Creating environment descriptor '/home/administrator/arduinobot_ws/install/arduinobot_cpp_exampled/share/arduinobot_cpp_exampled/hook/cmake_prefix_path.dsv'
[11.471s] INFO:colcon.colcon_core.shell:Creating environment hook '/home/administrator/arduinobot_ws/install/arduinobot_cpp_exampled/share/arduinobot_cpp_exampled/hook/cmake_prefix_path.sh'
[11.500s] Level 1:colcon.colcon_core.environment:checking '/home/administrator/arduinobot_ws/install/arduinobot_cpp_exampled/bin'
[11.501s] Level 1:colcon.colcon_core.environment:checking '/home/administrator/arduinobot_ws/install/arduinobot_cpp_exampled/lib/pkgconfig/arduinobot_cpp_exampled.pc'
[11.534s] Level 1:colcon.colcon_core.environment:checking '/home/administrator/arduinobot_ws/install/arduinobot_cpp_exampled/lib/python3.12/site-packages'
[11.534s] Level 1:colcon.colcon_core.environment:checking '/home/administrator/arduinobot_ws/install/arduinobot_cpp_exampled/bin'
[11.534s] INFO:colcon.colcon_core.shell:Creating package script '/home/administrator/arduinobot_ws/install/arduinobot_cpp_exampled/share/arduinobot_cpp_exampled/package.ps1'
[11.578s] INFO:colcon.colcon_core.shell:Creating package descriptor '/home/administrator/arduinobot_ws/install/arduinobot_cpp_exampled/share/arduinobot_cpp_exampled/package.dsv'
[11.607s] INFO:colcon.colcon_core.shell:Creating package script '/home/administrator/arduinobot_ws/install/arduinobot_cpp_exampled/share/arduinobot_cpp_exampled/package.sh'
[11.642s] INFO:colcon.colcon_core.shell:Creating package script '/home/administrator/arduinobot_ws/install/arduinobot_cpp_exampled/share/arduinobot_cpp_exampled/package.bash'
[11.689s] INFO:colcon.colcon_core.shell:Creating package script '/home/administrator/arduinobot_ws/install/arduinobot_cpp_exampled/share/arduinobot_cpp_exampled/package.zsh'
[11.716s] Level 1:colcon.colcon_core.environment:create_file_with_runtime_dependencies(/home/administrator/arduinobot_ws/install/arduinobot_cpp_exampled/share/colcon-core/packages/arduinobot_cpp_exampled)
[11.738s] Level 1:colcon.colcon_core.environment:create_environment_scripts_only(arduinobot_cpp_exampled)
[11.751s] Level 1:colcon.colcon_core.environment:checking '/home/administrator/arduinobot_ws/install/arduinobot_cpp_exampled' for CMake module files
[11.752s] Level 1:colcon.colcon_core.environment:checking '/home/administrator/arduinobot_ws/install/arduinobot_cpp_exampled' for CMake config files
[11.752s] Level 1:colcon.colcon_core.shell:create_environment_hook('arduinobot_cpp_exampled', 'cmake_prefix_path')
[11.752s] INFO:colcon.colcon_core.shell:Creating environment hook '/home/administrator/arduinobot_ws/install/arduinobot_cpp_exampled/share/arduinobot_cpp_exampled/hook/cmake_prefix_path.ps1'
[11.791s] INFO:colcon.colcon_core.shell:Creating environment descriptor '/home/administrator/arduinobot_ws/install/arduinobot_cpp_exampled/share/arduinobot_cpp_exampled/hook/cmake_prefix_path.dsv'
[11.793s] INFO:colcon.colcon_core.shell:Creating environment hook '/home/administrator/arduinobot_ws/install/arduinobot_cpp_exampled/share/arduinobot_cpp_exampled/hook/cmake_prefix_path.sh'
[11.841s] Level 1:colcon.colcon_core.environment:checking '/home/administrator/arduinobot_ws/install/arduinobot_cpp_exampled/bin'
[11.841s] Level 1:colcon.colcon_core.environment:checking '/home/administrator/arduinobot_ws/install/arduinobot_cpp_exampled/lib/pkgconfig/arduinobot_cpp_exampled.pc'
[11.841s] Level 1:colcon.colcon_core.environment:checking '/home/administrator/arduinobot_ws/install/arduinobot_cpp_exampled/lib/python3.12/site-packages'
[11.842s] Level 1:colcon.colcon_core.environment:checking '/home/administrator/arduinobot_ws/install/arduinobot_cpp_exampled/bin'
[11.842s] INFO:colcon.colcon_core.shell:Creating package script '/home/administrator/arduinobot_ws/install/arduinobot_cpp_exampled/share/arduinobot_cpp_exampled/package.ps1'
[11.870s] INFO:colcon.colcon_core.shell:Creating package descriptor '/home/administrator/arduinobot_ws/install/arduinobot_cpp_exampled/share/arduinobot_cpp_exampled/package.dsv'
[11.886s] INFO:colcon.colcon_core.shell:Creating package script '/home/administrator/arduinobot_ws/install/arduinobot_cpp_exampled/share/arduinobot_cpp_exampled/package.sh'
[11.921s] INFO:colcon.colcon_core.shell:Creating package script '/home/administrator/arduinobot_ws/install/arduinobot_cpp_exampled/share/arduinobot_cpp_exampled/package.bash'
[11.951s] INFO:colcon.colcon_core.shell:Creating package script '/home/administrator/arduinobot_ws/install/arduinobot_cpp_exampled/share/arduinobot_cpp_exampled/package.zsh'
[11.952s] Level 1:colcon.colcon_core.environment:create_file_with_runtime_dependencies(/home/administrator/arduinobot_ws/install/arduinobot_cpp_exampled/share/colcon-core/packages/arduinobot_cpp_exampled)
[11.964s] INFO:colcon.colcon_ros.task.ament_cmake.build:Building ROS package in '/home/administrator/arduinobot_ws/src/arduinobot_description' with build type 'ament_cmake'
[11.964s] INFO:colcon.colcon_cmake.task.cmake.build:Building CMake package in '/home/administrator/arduinobot_ws/src/arduinobot_description'
[11.991s] INFO:colcon.colcon_core.shell:Skip shell extension 'powershell' for command environment: Not usable outside of PowerShell
[11.991s] DEBUG:colcon.colcon_core.shell:Skip shell extension 'dsv' for command environment
[12.362s] DEBUG:colcon.colcon_core.event_handler.log_command:Invoking command in '/home/administrator/arduinobot_ws/build/arduinobot_description': CMAKE_PREFIX_PATH=${CMAKE_PREFIX_PATH}:/opt/ros/jazzy DEBUGINFOD_URLS=https://debuginfod.ubuntu.com /usr/bin/cmake --build /home/administrator/arduinobot_ws/build/arduinobot_description -- -j1 -l1
[13.201s] DEBUG:colcon.colcon_core.event_handler.log_command:Invoked command in '/home/administrator/arduinobot_ws/build/arduinobot_description' returned '0': CMAKE_PREFIX_PATH=${CMAKE_PREFIX_PATH}:/opt/ros/jazzy DEBUGINFOD_URLS=https://debuginfod.ubuntu.com /usr/bin/cmake --build /home/administrator/arduinobot_ws/build/arduinobot_description -- -j1 -l1
[13.216s] DEBUG:colcon.colcon_core.event_handler.log_command:Invoking command in '/home/administrator/arduinobot_ws/build/arduinobot_description': CMAKE_PREFIX_PATH=${CMAKE_PREFIX_PATH}:/opt/ros/jazzy DEBUGINFOD_URLS=https://debuginfod.ubuntu.com /usr/bin/cmake --install /home/administrator/arduinobot_ws/build/arduinobot_description
[13.491s] Level 1:colcon.colcon_core.environment:create_environment_scripts_only(arduinobot_description)
[13.491s] Level 1:colcon.colcon_core.environment:checking '/home/administrator/arduinobot_ws/install/arduinobot_description' for CMake module files
[13.494s] Level 1:colcon.colcon_core.environment:checking '/home/administrator/arduinobot_ws/install/arduinobot_description' for CMake config files
[13.495s] Level 1:colcon.colcon_core.shell:create_environment_hook('arduinobot_description', 'cmake_prefix_path')
[13.495s] INFO:colcon.colcon_core.shell:Creating environment hook '/home/administrator/arduinobot_ws/install/arduinobot_description/share/arduinobot_description/hook/cmake_prefix_path.ps1'
[13.499s] DEBUG:colcon.colcon_core.event_handler.log_command:Invoked command in '/home/administrator/arduinobot_ws/build/arduinobot_description' returned '0': CMAKE_PREFIX_PATH=${CMAKE_PREFIX_PATH}:/opt/ros/jazzy DEBUGINFOD_URLS=https://debuginfod.ubuntu.com /usr/bin/cmake --install /home/administrator/arduinobot_ws/build/arduinobot_description
[13.529s] INFO:colcon.colcon_core.shell:Creating environment descriptor '/home/administrator/arduinobot_ws/install/arduinobot_description/share/arduinobot_description/hook/cmake_prefix_path.dsv'
[13.530s] INFO:colcon.colcon_core.shell:Creating environment hook '/home/administrator/arduinobot_ws/install/arduinobot_description/share/arduinobot_description/hook/cmake_prefix_path.sh'
[13.559s] Level 1:colcon.colcon_core.environment:checking '/home/administrator/arduinobot_ws/install/arduinobot_description/bin'
[13.559s] Level 1:colcon.colcon_core.environment:checking '/home/administrator/arduinobot_ws/install/arduinobot_description/lib/pkgconfig/arduinobot_description.pc'
[13.560s] Level 1:colcon.colcon_core.environment:checking '/home/administrator/arduinobot_ws/install/arduinobot_description/lib/python3.12/site-packages'
[13.560s] Level 1:colcon.colcon_core.environment:checking '/home/administrator/arduinobot_ws/install/arduinobot_description/bin'
[13.571s] INFO:colcon.colcon_core.shell:Creating package script '/home/administrator/arduinobot_ws/install/arduinobot_description/share/arduinobot_description/package.ps1'
[13.571s] INFO:colcon.colcon_core.shell:Creating package descriptor '/home/administrator/arduinobot_ws/install/arduinobot_description/share/arduinobot_description/package.dsv'
[13.577s] INFO:colcon.colcon_core.shell:Creating package script '/home/administrator/arduinobot_ws/install/arduinobot_description/share/arduinobot_description/package.sh'
[13.607s] INFO:colcon.colcon_core.shell:Creating package script '/home/administrator/arduinobot_ws/install/arduinobot_description/share/arduinobot_description/package.bash'
[13.632s] INFO:colcon.colcon_core.shell:Creating package script '/home/administrator/arduinobot_ws/install/arduinobot_description/share/arduinobot_description/package.zsh'
[13.632s] Level 1:colcon.colcon_core.environment:create_file_with_runtime_dependencies(/home/administrator/arduinobot_ws/install/arduinobot_description/share/colcon-core/packages/arduinobot_description)
[13.634s] Level 1:colcon.colcon_core.environment:create_environment_scripts_only(arduinobot_description)
[13.635s] Level 1:colcon.colcon_core.environment:checking '/home/administrator/arduinobot_ws/install/arduinobot_description' for CMake module files
[13.667s] Level 1:colcon.colcon_core.environment:checking '/home/administrator/arduinobot_ws/install/arduinobot_description' for CMake config files
[13.667s] Level 1:colcon.colcon_core.shell:create_environment_hook('arduinobot_description', 'cmake_prefix_path')
[13.667s] INFO:colcon.colcon_core.shell:Creating environment hook '/home/administrator/arduinobot_ws/install/arduinobot_description/share/arduinobot_description/hook/cmake_prefix_path.ps1'
[13.686s] INFO:colcon.colcon_core.shell:Creating environment descriptor '/home/administrator/arduinobot_ws/install/arduinobot_description/share/arduinobot_description/hook/cmake_prefix_path.dsv'
[13.686s] INFO:colcon.colcon_core.shell:Creating environment hook '/home/administrator/arduinobot_ws/install/arduinobot_description/share/arduinobot_description/hook/cmake_prefix_path.sh'
[13.714s] Level 1:colcon.colcon_core.environment:checking '/home/administrator/arduinobot_ws/install/arduinobot_description/bin'
[13.714s] Level 1:colcon.colcon_core.environment:checking '/home/administrator/arduinobot_ws/install/arduinobot_description/lib/pkgconfig/arduinobot_description.pc'
[13.714s] Level 1:colcon.colcon_core.environment:checking '/home/administrator/arduinobot_ws/install/arduinobot_description/lib/python3.12/site-packages'
[13.743s] Level 1:colcon.colcon_core.environment:checking '/home/administrator/arduinobot_ws/install/arduinobot_description/bin'
[13.744s] INFO:colcon.colcon_core.shell:Creating package script '/home/administrator/arduinobot_ws/install/arduinobot_description/share/arduinobot_description/package.ps1'
[13.745s] INFO:colcon.colcon_core.shell:Creating package descriptor '/home/administrator/arduinobot_ws/install/arduinobot_description/share/arduinobot_description/package.dsv'
[13.769s] INFO:colcon.colcon_core.shell:Creating package script '/home/administrator/arduinobot_ws/install/arduinobot_description/share/arduinobot_description/package.sh'
[13.770s] INFO:colcon.colcon_core.shell:Creating package script '/home/administrator/arduinobot_ws/install/arduinobot_description/share/arduinobot_description/package.bash'
[13.775s] INFO:colcon.colcon_core.shell:Creating package script '/home/administrator/arduinobot_ws/install/arduinobot_description/share/arduinobot_description/package.zsh'
[13.784s] Level 1:colcon.colcon_core.environment:create_file_with_runtime_dependencies(/home/administrator/arduinobot_ws/install/arduinobot_description/share/colcon-core/packages/arduinobot_description)
[13.797s] INFO:colcon.colcon_ros.task.ament_python.build:Building ROS package in '/home/administrator/arduinobot_ws/src/arduinobot_py_examples' with build type 'ament_python'
[13.797s] Level 1:colcon.colcon_core.shell:create_environment_hook('arduinobot_py_examples', 'ament_prefix_path')
[13.797s] INFO:colcon.colcon_core.shell:Creating environment hook '/home/administrator/arduinobot_ws/install/arduinobot_py_examples/share/arduinobot_py_examples/hook/ament_prefix_path.ps1'
[13.828s] INFO:colcon.colcon_core.shell:Creating environment descriptor '/home/administrator/arduinobot_ws/install/arduinobot_py_examples/share/arduinobot_py_examples/hook/ament_prefix_path.dsv'
[13.834s] INFO:colcon.colcon_core.shell:Creating environment hook '/home/administrator/arduinobot_ws/install/arduinobot_py_examples/share/arduinobot_py_examples/hook/ament_prefix_path.sh'
[13.836s] INFO:colcon.colcon_core.shell:Skip shell extension 'powershell' for command environment: Not usable outside of PowerShell
[13.836s] DEBUG:colcon.colcon_core.shell:Skip shell extension 'dsv' for command environment
[23.078s] INFO:colcon.colcon_core.task.python.build:Building Python package in '/home/administrator/arduinobot_ws/src/arduinobot_py_examples'
[23.108s] INFO:colcon.colcon_core.shell:Skip shell extension 'powershell' for command environment: Not usable outside of PowerShell
[23.108s] DEBUG:colcon.colcon_core.shell:Skip shell extension 'dsv' for command environment
[47.824s] DEBUG:colcon.colcon_core.event_handler.log_command:Invoking command in '/home/administrator/arduinobot_ws/src/arduinobot_py_examples': DEBUGINFOD_URLS=https://debuginfod.ubuntu.com PYTHONPATH=/home/administrator/arduinobot_ws/build/arduinobot_py_examples/prefix_override:/usr/lib/python3/dist-packages/colcon_core/task/python/colcon_distutils_commands:/home/administrator/arduinobot_ws/install/arduinobot_py_examples/lib/python3.12/site-packages:${PYTHONPATH} /usr/bin/python3 -W ignore:setup.py install is deprecated -W ignore:easy_install command is deprecated setup.py egg_info --egg-base ../../build/arduinobot_py_examples build --build-base /home/administrator/arduinobot_ws/build/arduinobot_py_examples/build install --record /home/administrator/arduinobot_ws/build/arduinobot_py_examples/install.log --single-version-externally-managed install_data
[53.843s] Level 1:colcon.colcon_core.environment:checking '/home/administrator/arduinobot_ws/install/arduinobot_py_examples' for CMake module files
[53.844s] Level 1:colcon.colcon_core.environment:checking '/home/administrator/arduinobot_ws/install/arduinobot_py_examples' for CMake config files
[53.845s] Level 1:colcon.colcon_core.environment:checking '/home/administrator/arduinobot_ws/install/arduinobot_py_examples/lib'
[53.845s] Level 1:colcon.colcon_core.environment:checking '/home/administrator/arduinobot_ws/install/arduinobot_py_examples/bin'
[53.845s] Level 1:colcon.colcon_core.environment:checking '/home/administrator/arduinobot_ws/install/arduinobot_py_examples/lib/pkgconfig/arduinobot_py_examples.pc'
[53.849s] Level 1:colcon.colcon_core.environment:checking '/home/administrator/arduinobot_ws/install/arduinobot_py_examples/lib/python3.12/site-packages'
[53.849s] Level 1:colcon.colcon_core.shell:create_environment_hook('arduinobot_py_examples', 'pythonpath')
[53.850s] INFO:colcon.colcon_core.shell:Creating environment hook '/home/administrator/arduinobot_ws/install/arduinobot_py_examples/share/arduinobot_py_examples/hook/pythonpath.ps1'
[53.850s] INFO:colcon.colcon_core.shell:Creating environment descriptor '/home/administrator/arduinobot_ws/install/arduinobot_py_examples/share/arduinobot_py_examples/hook/pythonpath.dsv'
[53.854s] INFO:colcon.colcon_core.shell:Creating environment hook '/home/administrator/arduinobot_ws/install/arduinobot_py_examples/share/arduinobot_py_examples/hook/pythonpath.sh'
[53.855s] DEBUG:colcon.colcon_core.event_handler.log_command:Invoked command in '/home/administrator/arduinobot_ws/src/arduinobot_py_examples' returned '0': DEBUGINFOD_URLS=https://debuginfod.ubuntu.com PYTHONPATH=/home/administrator/arduinobot_ws/build/arduinobot_py_examples/prefix_override:/usr/lib/python3/dist-packages/colcon_core/task/python/colcon_distutils_commands:/home/administrator/arduinobot_ws/install/arduinobot_py_examples/lib/python3.12/site-packages:${PYTHONPATH} /usr/bin/python3 -W ignore:setup.py install is deprecated -W ignore:easy_install command is deprecated setup.py egg_info --egg-base ../../build/arduinobot_py_examples build --build-base /home/administrator/arduinobot_ws/build/arduinobot_py_examples/build install --record /home/administrator/arduinobot_ws/build/arduinobot_py_examples/install.log --single-version-externally-managed install_data
[53.858s] Level 1:colcon.colcon_core.environment:checking '/home/administrator/arduinobot_ws/install/arduinobot_py_examples/bin'
[53.859s] Level 1:colcon.colcon_core.environment:create_environment_scripts_only(arduinobot_py_examples)
[53.859s] INFO:colcon.colcon_core.shell:Creating package script '/home/administrator/arduinobot_ws/install/arduinobot_py_examples/share/arduinobot_py_examples/package.ps1'
[53.864s] INFO:colcon.colcon_core.shell:Creating package descriptor '/home/administrator/arduinobot_ws/install/arduinobot_py_examples/share/arduinobot_py_examples/package.dsv'
[53.864s] INFO:colcon.colcon_core.shell:Creating package script '/home/administrator/arduinobot_ws/install/arduinobot_py_examples/share/arduinobot_py_examples/package.sh'
[53.865s] INFO:colcon.colcon_core.shell:Creating package script '/home/administrator/arduinobot_ws/install/arduinobot_py_examples/share/arduinobot_py_examples/package.bash'
[53.866s] INFO:colcon.colcon_core.shell:Creating package script '/home/administrator/arduinobot_ws/install/arduinobot_py_examples/share/arduinobot_py_examples/package.zsh'
[53.866s] Level 1:colcon.colcon_core.environment:create_file_with_runtime_dependencies(/home/administrator/arduinobot_ws/install/arduinobot_py_examples/share/colcon-core/packages/arduinobot_py_examples)
[53.872s] DEBUG:colcon.colcon_parallel_executor.executor.parallel:closing loop
[53.876s] DEBUG:colcon.colcon_parallel_executor.executor.parallel:loop closed
[53.876s] DEBUG:colcon.colcon_parallel_executor.executor.parallel:run_until_complete finished with '0'
[53.876s] DEBUG:colcon.colcon_core.event_reactor:joining thread
[53.926s] INFO:colcon.colcon_core.plugin_system:Skipping extension 'colcon_notification.desktop_notification.terminal_notifier': Not used on non-Darwin systems
[53.926s] INFO:colcon.colcon_core.plugin_system:Skipping extension 'colcon_notification.desktop_notification.win32': Not used on non-Windows systems
[53.926s] INFO:colcon.colcon_notification.desktop_notification:Sending desktop notification using 'notify2'
[54.030s] DEBUG:colcon.colcon_core.event_reactor:joined thread
[54.030s] INFO:colcon.colcon_core.shell:Creating prefix script '/home/administrator/arduinobot_ws/install/local_setup.ps1'
[54.034s] INFO:colcon.colcon_core.shell:Creating prefix util module '/home/administrator/arduinobot_ws/install/_local_setup_util_ps1.py'
[54.044s] INFO:colcon.colcon_core.shell:Creating prefix chain script '/home/administrator/arduinobot_ws/install/setup.ps1'
[54.064s] INFO:colcon.colcon_core.shell:Creating prefix script '/home/administrator/arduinobot_ws/install/local_setup.sh'
[54.068s] INFO:colcon.colcon_core.shell:Creating prefix util module '/home/administrator/arduinobot_ws/install/_local_setup_util_sh.py'
[54.074s] INFO:colcon.colcon_core.shell:Creating prefix chain script '/home/administrator/arduinobot_ws/install/setup.sh'
[54.092s] INFO:colcon.colcon_core.shell:Creating prefix script '/home/administrator/arduinobot_ws/install/local_setup.bash'
[54.093s] INFO:colcon.colcon_core.shell:Creating prefix chain script '/home/administrator/arduinobot_ws/install/setup.bash'
[54.104s] INFO:colcon.colcon_core.shell:Creating prefix script '/home/administrator/arduinobot_ws/install/local_setup.zsh'
[54.110s] INFO:colcon.colcon_core.shell:Creating prefix chain script '/home/administrator/arduinobot_ws/install/setup.zsh'
