[0.024s] Invoking command in '/home/adam-falkowski/arduinobot_ws/build/arduinobot_description': CMAKE_PREFIX_PATH=${CMAKE_PREFIX_PATH}:/home/adam-falkowski/arduinobot_ws/install/arduinobot_py_examples:/opt/ros/jazzy DEBUGINFOD_URLS=https://debuginfod.ubuntu.com /usr/bin/cmake --build /home/adam-falkowski/arduinobot_ws/build/arduinobot_description -- -j12 -l12
[0.336s] Invoked command in '/home/adam-falkowski/arduinobot_ws/build/arduinobot_description' returned '0': CMAKE_PREFIX_PATH=${CMAKE_PREFIX_PATH}:/home/adam-falkowski/arduinobot_ws/install/arduinobot_py_examples:/opt/ros/jazzy DEBUGINFOD_URLS=https://debuginfod.ubuntu.com /usr/bin/cmake --build /home/adam-falkowski/arduinobot_ws/build/arduinobot_description -- -j12 -l12
[0.347s] Invoking command in '/home/adam-falkowski/arduinobot_ws/build/arduinobot_description': CMAKE_PREFIX_PATH=${CMAKE_PREFIX_PATH}:/home/adam-falkowski/arduinobot_ws/install/arduinobot_py_examples:/opt/ros/jazzy DEBUGINFOD_URLS=https://debuginfod.ubuntu.com /usr/bin/cmake --install /home/adam-falkowski/arduinobot_ws/build/arduinobot_description
[0.358s] -- Install configuration: ""
[0.358s] -- Up-to-date: /home/adam-falkowski/arduinobot_ws/install/arduinobot_description/share/arduinobot_description/launch
[0.358s] -- Up-to-date: /home/adam-falkowski/arduinobot_ws/install/arduinobot_description/share/arduinobot_description/launch/gazebo.launch.py
[0.359s] -- Up-to-date: /home/adam-falkowski/arduinobot_ws/install/arduinobot_description/share/arduinobot_description/launch/display.launch.py
[0.359s] -- Up-to-date: /home/adam-falkowski/arduinobot_ws/install/arduinobot_description/share/arduinobot_description/meshes
[0.359s] -- Up-to-date: /home/adam-falkowski/arduinobot_ws/install/arduinobot_description/share/arduinobot_description/meshes/vertical_drive_arm.STL
[0.359s] -- Up-to-date: /home/adam-falkowski/arduinobot_ws/install/arduinobot_description/share/arduinobot_description/meshes/right_finger.STL
[0.359s] -- Up-to-date: /home/adam-falkowski/arduinobot_ws/install/arduinobot_description/share/arduinobot_description/meshes/left_finger.STL
[0.359s] -- Up-to-date: /home/adam-falkowski/arduinobot_ws/install/arduinobot_description/share/arduinobot_description/meshes/servo_plate.STL
[0.359s] -- Up-to-date: /home/adam-falkowski/arduinobot_ws/install/arduinobot_description/share/arduinobot_description/meshes/claw_support.STL
[0.360s] -- Up-to-date: /home/adam-falkowski/arduinobot_ws/install/arduinobot_description/share/arduinobot_description/meshes/link.STL
[0.360s] -- Up-to-date: /home/adam-falkowski/arduinobot_ws/install/arduinobot_description/share/arduinobot_description/meshes/round_plate.STL
[0.360s] -- Up-to-date: /home/adam-falkowski/arduinobot_ws/install/arduinobot_description/share/arduinobot_description/meshes/base_plate.STL
[0.360s] -- Up-to-date: /home/adam-falkowski/arduinobot_ws/install/arduinobot_description/share/arduinobot_description/meshes/forward_drive_arm.STL
[0.360s] -- Up-to-date: /home/adam-falkowski/arduinobot_ws/install/arduinobot_description/share/arduinobot_description/meshes/basement.STL
[0.360s] -- Up-to-date: /home/adam-falkowski/arduinobot_ws/install/arduinobot_description/share/arduinobot_description/meshes/pi_camera.STL
[0.360s] -- Up-to-date: /home/adam-falkowski/arduinobot_ws/install/arduinobot_description/share/arduinobot_description/meshes/horizontal_arm.STL
[0.361s] -- Up-to-date: /home/adam-falkowski/arduinobot_ws/install/arduinobot_description/share/arduinobot_description/meshes/triangular_link.STL
[0.361s] -- Up-to-date: /home/adam-falkowski/arduinobot_ws/install/arduinobot_description/share/arduinobot_description/meshes/plate.STL
[0.361s] -- Up-to-date: /home/adam-falkowski/arduinobot_ws/install/arduinobot_description/share/arduinobot_description/urdf
[0.361s] -- Up-to-date: /home/adam-falkowski/arduinobot_ws/install/arduinobot_description/share/arduinobot_description/urdf/arduinobot_ros2_control.xacro
[0.361s] -- Up-to-date: /home/adam-falkowski/arduinobot_ws/install/arduinobot_description/share/arduinobot_description/urdf/arduinobot.urdf.xacro
[0.361s] -- Installing: /home/adam-falkowski/arduinobot_ws/install/arduinobot_description/share/arduinobot_description/urdf/arduinobot_gazebo.xacro
[0.361s] -- Up-to-date: /home/adam-falkowski/arduinobot_ws/install/arduinobot_description/share/arduinobot_description/rviz
[0.361s] -- Up-to-date: /home/adam-falkowski/arduinobot_ws/install/arduinobot_description/share/arduinobot_description/rviz/display.rviz
[0.362s] -- Up-to-date: /home/adam-falkowski/arduinobot_ws/install/arduinobot_description/share/ament_index/resource_index/package_run_dependencies/arduinobot_description
[0.362s] -- Up-to-date: /home/adam-falkowski/arduinobot_ws/install/arduinobot_description/share/ament_index/resource_index/parent_prefix_path/arduinobot_description
[0.362s] -- Up-to-date: /home/adam-falkowski/arduinobot_ws/install/arduinobot_description/share/arduinobot_description/environment/ament_prefix_path.sh
[0.362s] -- Up-to-date: /home/adam-falkowski/arduinobot_ws/install/arduinobot_description/share/arduinobot_description/environment/ament_prefix_path.dsv
[0.362s] -- Up-to-date: /home/adam-falkowski/arduinobot_ws/install/arduinobot_description/share/arduinobot_description/environment/path.sh
[0.362s] -- Up-to-date: /home/adam-falkowski/arduinobot_ws/install/arduinobot_description/share/arduinobot_description/environment/path.dsv
[0.362s] -- Up-to-date: /home/adam-falkowski/arduinobot_ws/install/arduinobot_description/share/arduinobot_description/local_setup.bash
[0.362s] -- Up-to-date: /home/adam-falkowski/arduinobot_ws/install/arduinobot_description/share/arduinobot_description/local_setup.sh
[0.362s] -- Up-to-date: /home/adam-falkowski/arduinobot_ws/install/arduinobot_description/share/arduinobot_description/local_setup.zsh
[0.363s] -- Up-to-date: /home/adam-falkowski/arduinobot_ws/install/arduinobot_description/share/arduinobot_description/local_setup.dsv
[0.363s] -- Installing: /home/adam-falkowski/arduinobot_ws/install/arduinobot_description/share/arduinobot_description/package.dsv
[0.363s] -- Up-to-date: /home/adam-falkowski/arduinobot_ws/install/arduinobot_description/share/ament_index/resource_index/packages/arduinobot_description
[0.363s] -- Up-to-date: /home/adam-falkowski/arduinobot_ws/install/arduinobot_description/share/arduinobot_description/cmake/arduinobot_descriptionConfig.cmake
[0.364s] -- Up-to-date: /home/adam-falkowski/arduinobot_ws/install/arduinobot_description/share/arduinobot_description/cmake/arduinobot_descriptionConfig-version.cmake
[0.364s] -- Up-to-date: /home/adam-falkowski/arduinobot_ws/install/arduinobot_description/share/arduinobot_description/package.xml
[0.364s] Invoked command in '/home/adam-falkowski/arduinobot_ws/build/arduinobot_description' returned '0': CMAKE_PREFIX_PATH=${CMAKE_PREFIX_PATH}:/home/adam-falkowski/arduinobot_ws/install/arduinobot_py_examples:/opt/ros/jazzy DEBUGINFOD_URLS=https://debuginfod.ubuntu.com /usr/bin/cmake --install /home/adam-falkowski/arduinobot_ws/build/arduinobot_description
