[0.037s] Invoking command in '/home/administrator/arduinobot_ws/build/arduinobot_cpp_exampled': CMAKE_PREFIX_PATH=${CMAKE_PREFIX_PATH}:/home/administrator/arduinobot_ws/install/arduinobot_py_examples:/opt/ros/jazzy DEBUGINFOD_URLS=https://debuginfod.ubuntu.com /usr/bin/cmake --build /home/administrator/arduinobot_ws/build/arduinobot_cpp_exampled -- -j1 -l1
[0.097s] Invoked command in '/home/administrator/arduinobot_ws/build/arduinobot_cpp_exampled' returned '0': CMAKE_PREFIX_PATH=${CMAKE_PREFIX_PATH}:/home/administrator/arduinobot_ws/install/arduinobot_py_examples:/opt/ros/jazzy DEBUGINFOD_URLS=https://debuginfod.ubuntu.com /usr/bin/cmake --build /home/administrator/arduinobot_ws/build/arduinobot_cpp_exampled -- -j1 -l1
[0.130s] Invoking command in '/home/administrator/arduinobot_ws/build/arduinobot_cpp_exampled': CMAKE_PREFIX_PATH=${CMAKE_PREFIX_PATH}:/home/administrator/arduinobot_ws/install/arduinobot_py_examples:/opt/ros/jazzy DEBUGINFOD_URLS=https://debuginfod.ubuntu.com /usr/bin/cmake --install /home/administrator/arduinobot_ws/build/arduinobot_cpp_exampled
[0.158s] -- Install configuration: ""
[0.160s] -- Up-to-date: /home/administrator/arduinobot_ws/install/arduinobot_cpp_exampled/share/ament_index/resource_index/package_run_dependencies/arduinobot_cpp_exampled
[0.160s] -- Up-to-date: /home/administrator/arduinobot_ws/install/arduinobot_cpp_exampled/share/ament_index/resource_index/parent_prefix_path/arduinobot_cpp_exampled
[0.160s] -- Up-to-date: /home/administrator/arduinobot_ws/install/arduinobot_cpp_exampled/share/arduinobot_cpp_exampled/environment/ament_prefix_path.sh
[0.160s] -- Up-to-date: /home/administrator/arduinobot_ws/install/arduinobot_cpp_exampled/share/arduinobot_cpp_exampled/environment/ament_prefix_path.dsv
[0.166s] -- Up-to-date: /home/administrator/arduinobot_ws/install/arduinobot_cpp_exampled/share/arduinobot_cpp_exampled/environment/path.sh
[0.167s] -- Up-to-date: /home/administrator/arduinobot_ws/install/arduinobot_cpp_exampled/share/arduinobot_cpp_exampled/environment/path.dsv
[0.167s] -- Up-to-date: /home/administrator/arduinobot_ws/install/arduinobot_cpp_exampled/share/arduinobot_cpp_exampled/local_setup.bash
[0.167s] -- Up-to-date: /home/administrator/arduinobot_ws/install/arduinobot_cpp_exampled/share/arduinobot_cpp_exampled/local_setup.sh
[0.167s] -- Up-to-date: /home/administrator/arduinobot_ws/install/arduinobot_cpp_exampled/share/arduinobot_cpp_exampled/local_setup.zsh
[0.172s] -- Up-to-date: /home/administrator/arduinobot_ws/install/arduinobot_cpp_exampled/share/arduinobot_cpp_exampled/local_setup.dsv
[0.172s] -- Installing: /home/administrator/arduinobot_ws/install/arduinobot_cpp_exampled/share/arduinobot_cpp_exampled/package.dsv
[0.172s] -- Up-to-date: /home/administrator/arduinobot_ws/install/arduinobot_cpp_exampled/share/ament_index/resource_index/packages/arduinobot_cpp_exampled
[0.172s] -- Up-to-date: /home/administrator/arduinobot_ws/install/arduinobot_cpp_exampled/share/arduinobot_cpp_exampled/cmake/arduinobot_cpp_exampledConfig.cmake
[0.173s] -- Up-to-date: /home/administrator/arduinobot_ws/install/arduinobot_cpp_exampled/share/arduinobot_cpp_exampled/cmake/arduinobot_cpp_exampledConfig-version.cmake
[0.173s] -- Up-to-date: /home/administrator/arduinobot_ws/install/arduinobot_cpp_exampled/share/arduinobot_cpp_exampled/package.xml
[0.181s] Invoked command in '/home/administrator/arduinobot_ws/build/arduinobot_cpp_exampled' returned '0': CMAKE_PREFIX_PATH=${CMAKE_PREFIX_PATH}:/home/administrator/arduinobot_ws/install/arduinobot_py_examples:/opt/ros/jazzy DEBUGINFOD_URLS=https://debuginfod.ubuntu.com /usr/bin/cmake --install /home/administrator/arduinobot_ws/build/arduinobot_cpp_exampled
