[0.534s] DEBUG:colcon:Command line arguments: ['/usr/bin/colcon', 'build']
[0.534s] DEBUG:colcon:Parsed command line arguments: Namespace(log_base=None, log_level=None, verb_name='build', build_base='build', install_base='install', merge_install=False, symlink_install=False, test_result_base=None, continue_on_error=False, executor='parallel', parallel_workers=1, event_handlers=None, ignore_user_meta=False, metas=['./colcon.meta'], base_paths=['.'], packages_ignore=None, packages_ignore_regex=None, paths=None, packages_up_to=None, packages_up_to_regex=None, packages_above=None, packages_above_and_dependencies=None, packages_above_depth=None, packages_select_by_dep=None, packages_skip_by_dep=None, packages_skip_up_to=None, packages_select_build_failed=False, packages_skip_build_finished=False, packages_select_test_failures=False, packages_skip_test_passed=False, packages_select=None, packages_skip=None, packages_select_regex=None, packages_skip_regex=None, packages_start=None, packages_end=None, allow_overriding=[], cmake_args=None, cmake_target=None, cmake_target_skip_unavailable=False, cmake_clean_cache=False, cmake_clean_first=False, cmake_force_configure=False, ament_cmake_args=None, catkin_cmake_args=None, catkin_skip_building_tests=False, mixin_files=None, mixin=None, verb_parser=<colcon_mixin.mixin.mixin_argument.MixinArgumentDecorator object at 0x78e6f846b8f0>, verb_extension=<colcon_core.verb.build.BuildVerb object at 0x78e6f858bec0>, main=<bound method BuildVerb.main of <colcon_core.verb.build.BuildVerb object at 0x78e6f858bec0>>, mixin_verb=('build',))
[0.698s] Level 1:colcon.colcon_core.package_discovery:discover_packages(colcon_meta) check parameters
[0.699s] Level 1:colcon.colcon_core.package_discovery:discover_packages(recursive) check parameters
[0.699s] Level 1:colcon.colcon_core.package_discovery:discover_packages(ignore) check parameters
[0.699s] Level 1:colcon.colcon_core.package_discovery:discover_packages(path) check parameters
[0.699s] Level 1:colcon.colcon_core.package_discovery:discover_packages(colcon_meta) discover
[0.699s] Level 1:colcon.colcon_core.package_discovery:discover_packages(recursive) discover
[0.699s] INFO:colcon.colcon_core.package_discovery:Crawling recursively for packages in '/home/administrator/arduinobot_ws'
[0.700s] Level 1:colcon.colcon_core.package_identification:_identify(.) by extensions ['ignore', 'ignore_ament_install']
[0.700s] Level 1:colcon.colcon_core.package_identification:_identify(.) by extension 'ignore'
[0.700s] Level 1:colcon.colcon_core.package_identification:_identify(.) by extension 'ignore_ament_install'
[0.700s] Level 1:colcon.colcon_core.package_identification:_identify(.) by extensions ['colcon_pkg']
[0.700s] Level 1:colcon.colcon_core.package_identification:_identify(.) by extension 'colcon_pkg'
[0.700s] Level 1:colcon.colcon_core.package_identification:_identify(.) by extensions ['colcon_meta']
[0.702s] Level 1:colcon.colcon_core.package_identification:_identify(.) by extension 'colcon_meta'
[0.702s] Level 1:colcon.colcon_core.package_identification:_identify(.) by extensions ['ros']
[0.702s] Level 1:colcon.colcon_core.package_identification:_identify(.) by extension 'ros'
[0.808s] Level 1:colcon.colcon_core.package_identification:_identify(.) by extensions ['cmake', 'python']
[0.808s] Level 1:colcon.colcon_core.package_identification:_identify(.) by extension 'cmake'
[0.809s] Level 1:colcon.colcon_core.package_identification:_identify(.) by extension 'python'
[0.810s] Level 1:colcon.colcon_core.package_identification:_identify(.) by extensions ['python_setup_py']
[0.810s] Level 1:colcon.colcon_core.package_identification:_identify(.) by extension 'python_setup_py'
[0.810s] Level 1:colcon.colcon_core.package_identification:_identify(build) by extensions ['ignore', 'ignore_ament_install']
[0.811s] Level 1:colcon.colcon_core.package_identification:_identify(build) by extension 'ignore'
[0.811s] Level 1:colcon.colcon_core.package_identification:_identify(build) ignored
[0.812s] Level 1:colcon.colcon_core.package_identification:_identify(install) by extensions ['ignore', 'ignore_ament_install']
[0.812s] Level 1:colcon.colcon_core.package_identification:_identify(install) by extension 'ignore'
[0.812s] Level 1:colcon.colcon_core.package_identification:_identify(install) ignored
[0.813s] Level 1:colcon.colcon_core.package_identification:_identify(log) by extensions ['ignore', 'ignore_ament_install']
[0.813s] Level 1:colcon.colcon_core.package_identification:_identify(log) by extension 'ignore'
[0.813s] Level 1:colcon.colcon_core.package_identification:_identify(log) ignored
[0.814s] Level 1:colcon.colcon_core.package_identification:_identify(src) by extensions ['ignore', 'ignore_ament_install']
[0.815s] Level 1:colcon.colcon_core.package_identification:_identify(src) by extension 'ignore'
[0.815s] Level 1:colcon.colcon_core.package_identification:_identify(src) by extension 'ignore_ament_install'
[0.816s] Level 1:colcon.colcon_core.package_identification:_identify(src) by extensions ['colcon_pkg']
[0.816s] Level 1:colcon.colcon_core.package_identification:_identify(src) by extension 'colcon_pkg'
[0.816s] Level 1:colcon.colcon_core.package_identification:_identify(src) by extensions ['colcon_meta']
[0.816s] Level 1:colcon.colcon_core.package_identification:_identify(src) by extension 'colcon_meta'
[0.816s] Level 1:colcon.colcon_core.package_identification:_identify(src) by extensions ['ros']
[0.816s] Level 1:colcon.colcon_core.package_identification:_identify(src) by extension 'ros'
[0.816s] Level 1:colcon.colcon_core.package_identification:_identify(src) by extensions ['cmake', 'python']
[0.817s] Level 1:colcon.colcon_core.package_identification:_identify(src) by extension 'cmake'
[0.817s] Level 1:colcon.colcon_core.package_identification:_identify(src) by extension 'python'
[0.817s] Level 1:colcon.colcon_core.package_identification:_identify(src) by extensions ['python_setup_py']
[0.817s] Level 1:colcon.colcon_core.package_identification:_identify(src) by extension 'python_setup_py'
[0.818s] Level 1:colcon.colcon_core.package_identification:_identify(src/arduinobot_cpp_examples) by extensions ['ignore', 'ignore_ament_install']
[0.819s] Level 1:colcon.colcon_core.package_identification:_identify(src/arduinobot_cpp_examples) by extension 'ignore'
[0.819s] Level 1:colcon.colcon_core.package_identification:_identify(src/arduinobot_cpp_examples) by extension 'ignore_ament_install'
[0.819s] Level 1:colcon.colcon_core.package_identification:_identify(src/arduinobot_cpp_examples) by extensions ['colcon_pkg']
[0.819s] Level 1:colcon.colcon_core.package_identification:_identify(src/arduinobot_cpp_examples) by extension 'colcon_pkg'
[0.820s] Level 1:colcon.colcon_core.package_identification:_identify(src/arduinobot_cpp_examples) by extensions ['colcon_meta']
[0.820s] Level 1:colcon.colcon_core.package_identification:_identify(src/arduinobot_cpp_examples) by extension 'colcon_meta'
[0.821s] Level 1:colcon.colcon_core.package_identification:_identify(src/arduinobot_cpp_examples) by extensions ['ros']
[0.821s] Level 1:colcon.colcon_core.package_identification:_identify(src/arduinobot_cpp_examples) by extension 'ros'
[0.830s] DEBUG:colcon.colcon_core.package_identification:Package 'src/arduinobot_cpp_examples' with type 'ros.ament_cmake' and name 'arduinobot_cpp_exampled'
[0.831s] Level 1:colcon.colcon_core.package_identification:_identify(src/arduinobot_description) by extensions ['ignore', 'ignore_ament_install']
[0.831s] Level 1:colcon.colcon_core.package_identification:_identify(src/arduinobot_description) by extension 'ignore'
[0.833s] Level 1:colcon.colcon_core.package_identification:_identify(src/arduinobot_description) by extension 'ignore_ament_install'
[0.833s] Level 1:colcon.colcon_core.package_identification:_identify(src/arduinobot_description) by extensions ['colcon_pkg']
[0.833s] Level 1:colcon.colcon_core.package_identification:_identify(src/arduinobot_description) by extension 'colcon_pkg'
[0.833s] Level 1:colcon.colcon_core.package_identification:_identify(src/arduinobot_description) by extensions ['colcon_meta']
[0.833s] Level 1:colcon.colcon_core.package_identification:_identify(src/arduinobot_description) by extension 'colcon_meta'
[0.837s] Level 1:colcon.colcon_core.package_identification:_identify(src/arduinobot_description) by extensions ['ros']
[0.837s] Level 1:colcon.colcon_core.package_identification:_identify(src/arduinobot_description) by extension 'ros'
[0.840s] DEBUG:colcon.colcon_core.package_identification:Package 'src/arduinobot_description' with type 'ros.ament_cmake' and name 'arduinobot_description'
[0.841s] Level 1:colcon.colcon_core.package_identification:_identify(src/arduinobot_py_examples) by extensions ['ignore', 'ignore_ament_install']
[0.841s] Level 1:colcon.colcon_core.package_identification:_identify(src/arduinobot_py_examples) by extension 'ignore'
[0.841s] Level 1:colcon.colcon_core.package_identification:_identify(src/arduinobot_py_examples) by extension 'ignore_ament_install'
[0.842s] Level 1:colcon.colcon_core.package_identification:_identify(src/arduinobot_py_examples) by extensions ['colcon_pkg']
[0.842s] Level 1:colcon.colcon_core.package_identification:_identify(src/arduinobot_py_examples) by extension 'colcon_pkg'
[0.842s] Level 1:colcon.colcon_core.package_identification:_identify(src/arduinobot_py_examples) by extensions ['colcon_meta']
[0.843s] Level 1:colcon.colcon_core.package_identification:_identify(src/arduinobot_py_examples) by extension 'colcon_meta'
[0.843s] Level 1:colcon.colcon_core.package_identification:_identify(src/arduinobot_py_examples) by extensions ['ros']
[0.843s] Level 1:colcon.colcon_core.package_identification:_identify(src/arduinobot_py_examples) by extension 'ros'
[0.845s] DEBUG:colcon.colcon_core.package_identification:Package 'src/arduinobot_py_examples' with type 'ros.ament_python' and name 'arduinobot_py_examples'
[0.846s] Level 1:colcon.colcon_core.package_discovery:discover_packages(recursive) using defaults
[0.846s] Level 1:colcon.colcon_core.package_discovery:discover_packages(ignore) discover
[0.846s] Level 1:colcon.colcon_core.package_discovery:discover_packages(ignore) using defaults
[0.846s] Level 1:colcon.colcon_core.package_discovery:discover_packages(path) discover
[0.846s] Level 1:colcon.colcon_core.package_discovery:discover_packages(path) using defaults
[0.919s] Level 1:colcon.colcon_core.package_discovery:discover_packages(prefix_path) check parameters
[0.919s] Level 1:colcon.colcon_core.package_discovery:discover_packages(prefix_path) discover
[0.940s] DEBUG:colcon.colcon_installed_package_information.package_discovery:Found 427 installed packages in /opt/ros/jazzy
[0.949s] Level 1:colcon.colcon_core.package_discovery:discover_packages(prefix_path) using defaults
[1.425s] Level 5:colcon.colcon_core.verb:set package 'arduinobot_cpp_exampled' build argument 'cmake_args' from command line to 'None'
[1.426s] Level 5:colcon.colcon_core.verb:set package 'arduinobot_cpp_exampled' build argument 'cmake_target' from command line to 'None'
[1.426s] Level 5:colcon.colcon_core.verb:set package 'arduinobot_cpp_exampled' build argument 'cmake_target_skip_unavailable' from command line to 'False'
[1.426s] Level 5:colcon.colcon_core.verb:set package 'arduinobot_cpp_exampled' build argument 'cmake_clean_cache' from command line to 'False'
[1.426s] Level 5:colcon.colcon_core.verb:set package 'arduinobot_cpp_exampled' build argument 'cmake_clean_first' from command line to 'False'
[1.426s] Level 5:colcon.colcon_core.verb:set package 'arduinobot_cpp_exampled' build argument 'cmake_force_configure' from command line to 'False'
[1.426s] Level 5:colcon.colcon_core.verb:set package 'arduinobot_cpp_exampled' build argument 'ament_cmake_args' from command line to 'None'
[1.426s] Level 5:colcon.colcon_core.verb:set package 'arduinobot_cpp_exampled' build argument 'catkin_cmake_args' from command line to 'None'
[1.427s] Level 5:colcon.colcon_core.verb:set package 'arduinobot_cpp_exampled' build argument 'catkin_skip_building_tests' from command line to 'False'
[1.427s] DEBUG:colcon.colcon_core.verb:Building package 'arduinobot_cpp_exampled' with the following arguments: {'ament_cmake_args': None, 'build_base': '/home/administrator/arduinobot_ws/build/arduinobot_cpp_exampled', 'catkin_cmake_args': None, 'catkin_skip_building_tests': False, 'cmake_args': None, 'cmake_clean_cache': False, 'cmake_clean_first': False, 'cmake_force_configure': False, 'cmake_target': None, 'cmake_target_skip_unavailable': False, 'install_base': '/home/administrator/arduinobot_ws/install/arduinobot_cpp_exampled', 'merge_install': False, 'path': '/home/administrator/arduinobot_ws/src/arduinobot_cpp_examples', 'symlink_install': False, 'test_result_base': None}
[1.428s] Level 5:colcon.colcon_core.verb:set package 'arduinobot_description' build argument 'cmake_args' from command line to 'None'
[1.428s] Level 5:colcon.colcon_core.verb:set package 'arduinobot_description' build argument 'cmake_target' from command line to 'None'
[1.428s] Level 5:colcon.colcon_core.verb:set package 'arduinobot_description' build argument 'cmake_target_skip_unavailable' from command line to 'False'
[1.428s] Level 5:colcon.colcon_core.verb:set package 'arduinobot_description' build argument 'cmake_clean_cache' from command line to 'False'
[1.428s] Level 5:colcon.colcon_core.verb:set package 'arduinobot_description' build argument 'cmake_clean_first' from command line to 'False'
[1.428s] Level 5:colcon.colcon_core.verb:set package 'arduinobot_description' build argument 'cmake_force_configure' from command line to 'False'
[1.428s] Level 5:colcon.colcon_core.verb:set package 'arduinobot_description' build argument 'ament_cmake_args' from command line to 'None'
[1.428s] Level 5:colcon.colcon_core.verb:set package 'arduinobot_description' build argument 'catkin_cmake_args' from command line to 'None'
[1.428s] Level 5:colcon.colcon_core.verb:set package 'arduinobot_description' build argument 'catkin_skip_building_tests' from command line to 'False'
[1.428s] DEBUG:colcon.colcon_core.verb:Building package 'arduinobot_description' with the following arguments: {'ament_cmake_args': None, 'build_base': '/home/administrator/arduinobot_ws/build/arduinobot_description', 'catkin_cmake_args': None, 'catkin_skip_building_tests': False, 'cmake_args': None, 'cmake_clean_cache': False, 'cmake_clean_first': False, 'cmake_force_configure': False, 'cmake_target': None, 'cmake_target_skip_unavailable': False, 'install_base': '/home/administrator/arduinobot_ws/install/arduinobot_description', 'merge_install': False, 'path': '/home/administrator/arduinobot_ws/src/arduinobot_description', 'symlink_install': False, 'test_result_base': None}
[1.429s] Level 5:colcon.colcon_core.verb:set package 'arduinobot_py_examples' build argument 'cmake_args' from command line to 'None'
[1.430s] Level 5:colcon.colcon_core.verb:set package 'arduinobot_py_examples' build argument 'cmake_target' from command line to 'None'
[1.430s] Level 5:colcon.colcon_core.verb:set package 'arduinobot_py_examples' build argument 'cmake_target_skip_unavailable' from command line to 'False'
[1.430s] Level 5:colcon.colcon_core.verb:set package 'arduinobot_py_examples' build argument 'cmake_clean_cache' from command line to 'False'
[1.430s] Level 5:colcon.colcon_core.verb:set package 'arduinobot_py_examples' build argument 'cmake_clean_first' from command line to 'False'
[1.431s] Level 5:colcon.colcon_core.verb:set package 'arduinobot_py_examples' build argument 'cmake_force_configure' from command line to 'False'
[1.431s] Level 5:colcon.colcon_core.verb:set package 'arduinobot_py_examples' build argument 'ament_cmake_args' from command line to 'None'
[1.431s] Level 5:colcon.colcon_core.verb:set package 'arduinobot_py_examples' build argument 'catkin_cmake_args' from command line to 'None'
[1.431s] Level 5:colcon.colcon_core.verb:set package 'arduinobot_py_examples' build argument 'catkin_skip_building_tests' from command line to 'False'
[1.431s] DEBUG:colcon.colcon_core.verb:Building package 'arduinobot_py_examples' with the following arguments: {'ament_cmake_args': None, 'build_base': '/home/administrator/arduinobot_ws/build/arduinobot_py_examples', 'catkin_cmake_args': None, 'catkin_skip_building_tests': False, 'cmake_args': None, 'cmake_clean_cache': False, 'cmake_clean_first': False, 'cmake_force_configure': False, 'cmake_target': None, 'cmake_target_skip_unavailable': False, 'install_base': '/home/administrator/arduinobot_ws/install/arduinobot_py_examples', 'merge_install': False, 'path': '/home/administrator/arduinobot_ws/src/arduinobot_py_examples', 'symlink_install': False, 'test_result_base': None}
[1.431s] INFO:colcon.colcon_core.executor:Executing jobs using 'parallel' executor
[1.435s] DEBUG:colcon.colcon_parallel_executor.executor.parallel:run_until_complete
[1.435s] INFO:colcon.colcon_ros.task.ament_cmake.build:Building ROS package in '/home/administrator/arduinobot_ws/src/arduinobot_cpp_examples' with build type 'ament_cmake'
[1.435s] INFO:colcon.colcon_cmake.task.cmake.build:Building CMake package in '/home/administrator/arduinobot_ws/src/arduinobot_cpp_examples'
[1.446s] INFO:colcon.colcon_core.plugin_system:Skipping extension 'colcon_core.shell.bat': Not used on non-Windows systems
[1.449s] INFO:colcon.colcon_core.shell:Skip shell extension 'powershell' for command environment: Not usable outside of PowerShell
[1.449s] DEBUG:colcon.colcon_core.shell:Skip shell extension 'dsv' for command environment
[1.494s] DEBUG:colcon.colcon_core.event_handler.log_command:Invoking command in '/home/administrator/arduinobot_ws/build/arduinobot_cpp_exampled': CMAKE_PREFIX_PATH=${CMAKE_PREFIX_PATH}:/opt/ros/jazzy DEBUGINFOD_URLS=https://debuginfod.ubuntu.com /usr/bin/cmake --build /home/administrator/arduinobot_ws/build/arduinobot_cpp_exampled -- -j1 -l1
[1.632s] DEBUG:colcon.colcon_core.event_handler.log_command:Invoked command in '/home/administrator/arduinobot_ws/build/arduinobot_cpp_exampled' returned '0': CMAKE_PREFIX_PATH=${CMAKE_PREFIX_PATH}:/opt/ros/jazzy DEBUGINFOD_URLS=https://debuginfod.ubuntu.com /usr/bin/cmake --build /home/administrator/arduinobot_ws/build/arduinobot_cpp_exampled -- -j1 -l1
[1.690s] DEBUG:colcon.colcon_core.event_handler.log_command:Invoking command in '/home/administrator/arduinobot_ws/build/arduinobot_cpp_exampled': CMAKE_PREFIX_PATH=${CMAKE_PREFIX_PATH}:/opt/ros/jazzy DEBUGINFOD_URLS=https://debuginfod.ubuntu.com /usr/bin/cmake --install /home/administrator/arduinobot_ws/build/arduinobot_cpp_exampled
[1.740s] Level 1:colcon.colcon_core.environment:create_environment_scripts_only(arduinobot_cpp_exampled)
[1.744s] DEBUG:colcon.colcon_core.event_handler.log_command:Invoked command in '/home/administrator/arduinobot_ws/build/arduinobot_cpp_exampled' returned '0': CMAKE_PREFIX_PATH=${CMAKE_PREFIX_PATH}:/opt/ros/jazzy DEBUGINFOD_URLS=https://debuginfod.ubuntu.com /usr/bin/cmake --install /home/administrator/arduinobot_ws/build/arduinobot_cpp_exampled
[1.772s] Level 1:colcon.colcon_core.environment:checking '/home/administrator/arduinobot_ws/install/arduinobot_cpp_exampled' for CMake module files
[1.790s] Level 1:colcon.colcon_core.environment:checking '/home/administrator/arduinobot_ws/install/arduinobot_cpp_exampled' for CMake config files
[1.791s] Level 1:colcon.colcon_core.shell:create_environment_hook('arduinobot_cpp_exampled', 'cmake_prefix_path')
[1.800s] INFO:colcon.colcon_core.shell:Creating environment hook '/home/administrator/arduinobot_ws/install/arduinobot_cpp_exampled/share/arduinobot_cpp_exampled/hook/cmake_prefix_path.ps1'
[1.809s] INFO:colcon.colcon_core.shell:Creating environment descriptor '/home/administrator/arduinobot_ws/install/arduinobot_cpp_exampled/share/arduinobot_cpp_exampled/hook/cmake_prefix_path.dsv'
[1.817s] INFO:colcon.colcon_core.shell:Creating environment hook '/home/administrator/arduinobot_ws/install/arduinobot_cpp_exampled/share/arduinobot_cpp_exampled/hook/cmake_prefix_path.sh'
[1.825s] Level 1:colcon.colcon_core.environment:checking '/home/administrator/arduinobot_ws/install/arduinobot_cpp_exampled/bin'
[1.825s] Level 1:colcon.colcon_core.environment:checking '/home/administrator/arduinobot_ws/install/arduinobot_cpp_exampled/lib/pkgconfig/arduinobot_cpp_exampled.pc'
[1.831s] Level 1:colcon.colcon_core.environment:checking '/home/administrator/arduinobot_ws/install/arduinobot_cpp_exampled/lib/python3.12/site-packages'
[1.832s] Level 1:colcon.colcon_core.environment:checking '/home/administrator/arduinobot_ws/install/arduinobot_cpp_exampled/bin'
[1.833s] INFO:colcon.colcon_core.shell:Creating package script '/home/administrator/arduinobot_ws/install/arduinobot_cpp_exampled/share/arduinobot_cpp_exampled/package.ps1'
[1.842s] INFO:colcon.colcon_core.shell:Creating package descriptor '/home/administrator/arduinobot_ws/install/arduinobot_cpp_exampled/share/arduinobot_cpp_exampled/package.dsv'
[1.847s] INFO:colcon.colcon_core.shell:Creating package script '/home/administrator/arduinobot_ws/install/arduinobot_cpp_exampled/share/arduinobot_cpp_exampled/package.sh'
[1.854s] INFO:colcon.colcon_core.shell:Creating package script '/home/administrator/arduinobot_ws/install/arduinobot_cpp_exampled/share/arduinobot_cpp_exampled/package.bash'
[1.862s] INFO:colcon.colcon_core.shell:Creating package script '/home/administrator/arduinobot_ws/install/arduinobot_cpp_exampled/share/arduinobot_cpp_exampled/package.zsh'
[1.874s] Level 1:colcon.colcon_core.environment:create_file_with_runtime_dependencies(/home/administrator/arduinobot_ws/install/arduinobot_cpp_exampled/share/colcon-core/packages/arduinobot_cpp_exampled)
[1.882s] Level 1:colcon.colcon_core.environment:create_environment_scripts_only(arduinobot_cpp_exampled)
[1.883s] Level 1:colcon.colcon_core.environment:checking '/home/administrator/arduinobot_ws/install/arduinobot_cpp_exampled' for CMake module files
[1.892s] Level 1:colcon.colcon_core.environment:checking '/home/administrator/arduinobot_ws/install/arduinobot_cpp_exampled' for CMake config files
[1.893s] Level 1:colcon.colcon_core.shell:create_environment_hook('arduinobot_cpp_exampled', 'cmake_prefix_path')
[1.893s] INFO:colcon.colcon_core.shell:Creating environment hook '/home/administrator/arduinobot_ws/install/arduinobot_cpp_exampled/share/arduinobot_cpp_exampled/hook/cmake_prefix_path.ps1'
[1.896s] INFO:colcon.colcon_core.shell:Creating environment descriptor '/home/administrator/arduinobot_ws/install/arduinobot_cpp_exampled/share/arduinobot_cpp_exampled/hook/cmake_prefix_path.dsv'
[1.900s] INFO:colcon.colcon_core.shell:Creating environment hook '/home/administrator/arduinobot_ws/install/arduinobot_cpp_exampled/share/arduinobot_cpp_exampled/hook/cmake_prefix_path.sh'
[1.905s] Level 1:colcon.colcon_core.environment:checking '/home/administrator/arduinobot_ws/install/arduinobot_cpp_exampled/bin'
[1.905s] Level 1:colcon.colcon_core.environment:checking '/home/administrator/arduinobot_ws/install/arduinobot_cpp_exampled/lib/pkgconfig/arduinobot_cpp_exampled.pc'
[1.906s] Level 1:colcon.colcon_core.environment:checking '/home/administrator/arduinobot_ws/install/arduinobot_cpp_exampled/lib/python3.12/site-packages'
[1.907s] Level 1:colcon.colcon_core.environment:checking '/home/administrator/arduinobot_ws/install/arduinobot_cpp_exampled/bin'
[1.907s] INFO:colcon.colcon_core.shell:Creating package script '/home/administrator/arduinobot_ws/install/arduinobot_cpp_exampled/share/arduinobot_cpp_exampled/package.ps1'
[1.914s] INFO:colcon.colcon_core.shell:Creating package descriptor '/home/administrator/arduinobot_ws/install/arduinobot_cpp_exampled/share/arduinobot_cpp_exampled/package.dsv'
[1.916s] INFO:colcon.colcon_core.shell:Creating package script '/home/administrator/arduinobot_ws/install/arduinobot_cpp_exampled/share/arduinobot_cpp_exampled/package.sh'
[1.920s] INFO:colcon.colcon_core.shell:Creating package script '/home/administrator/arduinobot_ws/install/arduinobot_cpp_exampled/share/arduinobot_cpp_exampled/package.bash'
[1.922s] INFO:colcon.colcon_core.shell:Creating package script '/home/administrator/arduinobot_ws/install/arduinobot_cpp_exampled/share/arduinobot_cpp_exampled/package.zsh'
[1.928s] Level 1:colcon.colcon_core.environment:create_file_with_runtime_dependencies(/home/administrator/arduinobot_ws/install/arduinobot_cpp_exampled/share/colcon-core/packages/arduinobot_cpp_exampled)
[1.929s] INFO:colcon.colcon_ros.task.ament_cmake.build:Building ROS package in '/home/administrator/arduinobot_ws/src/arduinobot_description' with build type 'ament_cmake'
[1.929s] INFO:colcon.colcon_cmake.task.cmake.build:Building CMake package in '/home/administrator/arduinobot_ws/src/arduinobot_description'
[1.929s] INFO:colcon.colcon_core.shell:Skip shell extension 'powershell' for command environment: Not usable outside of PowerShell
[1.930s] DEBUG:colcon.colcon_core.shell:Skip shell extension 'dsv' for command environment
[2.030s] DEBUG:colcon.colcon_core.event_handler.log_command:Invoking command in '/home/administrator/arduinobot_ws/build/arduinobot_description': CMAKE_PREFIX_PATH=${CMAKE_PREFIX_PATH}:/opt/ros/jazzy DEBUGINFOD_URLS=https://debuginfod.ubuntu.com /usr/bin/cmake --build /home/administrator/arduinobot_ws/build/arduinobot_description -- -j1 -l1
[2.267s] DEBUG:colcon.colcon_core.event_handler.log_command:Invoked command in '/home/administrator/arduinobot_ws/build/arduinobot_description' returned '0': CMAKE_PREFIX_PATH=${CMAKE_PREFIX_PATH}:/opt/ros/jazzy DEBUGINFOD_URLS=https://debuginfod.ubuntu.com /usr/bin/cmake --build /home/administrator/arduinobot_ws/build/arduinobot_description -- -j1 -l1
[2.274s] DEBUG:colcon.colcon_core.event_handler.log_command:Invoking command in '/home/administrator/arduinobot_ws/build/arduinobot_description': CMAKE_PREFIX_PATH=${CMAKE_PREFIX_PATH}:/opt/ros/jazzy DEBUGINFOD_URLS=https://debuginfod.ubuntu.com /usr/bin/cmake --install /home/administrator/arduinobot_ws/build/arduinobot_description
[2.351s] Level 1:colcon.colcon_core.environment:create_environment_scripts_only(arduinobot_description)
[2.352s] Level 1:colcon.colcon_core.environment:checking '/home/administrator/arduinobot_ws/install/arduinobot_description' for CMake module files
[2.370s] DEBUG:colcon.colcon_core.event_handler.log_command:Invoked command in '/home/administrator/arduinobot_ws/build/arduinobot_description' returned '0': CMAKE_PREFIX_PATH=${CMAKE_PREFIX_PATH}:/opt/ros/jazzy DEBUGINFOD_URLS=https://debuginfod.ubuntu.com /usr/bin/cmake --install /home/administrator/arduinobot_ws/build/arduinobot_description
[2.371s] Level 1:colcon.colcon_core.environment:checking '/home/administrator/arduinobot_ws/install/arduinobot_description' for CMake config files
[2.372s] Level 1:colcon.colcon_core.shell:create_environment_hook('arduinobot_description', 'cmake_prefix_path')
[2.372s] INFO:colcon.colcon_core.shell:Creating environment hook '/home/administrator/arduinobot_ws/install/arduinobot_description/share/arduinobot_description/hook/cmake_prefix_path.ps1'
[2.376s] INFO:colcon.colcon_core.shell:Creating environment descriptor '/home/administrator/arduinobot_ws/install/arduinobot_description/share/arduinobot_description/hook/cmake_prefix_path.dsv'
[2.379s] INFO:colcon.colcon_core.shell:Creating environment hook '/home/administrator/arduinobot_ws/install/arduinobot_description/share/arduinobot_description/hook/cmake_prefix_path.sh'
[2.381s] Level 1:colcon.colcon_core.environment:checking '/home/administrator/arduinobot_ws/install/arduinobot_description/bin'
[2.383s] Level 1:colcon.colcon_core.environment:checking '/home/administrator/arduinobot_ws/install/arduinobot_description/lib/pkgconfig/arduinobot_description.pc'
[2.384s] Level 1:colcon.colcon_core.environment:checking '/home/administrator/arduinobot_ws/install/arduinobot_description/lib/python3.12/site-packages'
[2.385s] Level 1:colcon.colcon_core.environment:checking '/home/administrator/arduinobot_ws/install/arduinobot_description/bin'
[2.390s] INFO:colcon.colcon_core.shell:Creating package script '/home/administrator/arduinobot_ws/install/arduinobot_description/share/arduinobot_description/package.ps1'
[2.397s] INFO:colcon.colcon_core.shell:Creating package descriptor '/home/administrator/arduinobot_ws/install/arduinobot_description/share/arduinobot_description/package.dsv'
[2.405s] INFO:colcon.colcon_core.shell:Creating package script '/home/administrator/arduinobot_ws/install/arduinobot_description/share/arduinobot_description/package.sh'
[2.407s] INFO:colcon.colcon_core.shell:Creating package script '/home/administrator/arduinobot_ws/install/arduinobot_description/share/arduinobot_description/package.bash'
[2.413s] INFO:colcon.colcon_core.shell:Creating package script '/home/administrator/arduinobot_ws/install/arduinobot_description/share/arduinobot_description/package.zsh'
[2.417s] Level 1:colcon.colcon_core.environment:create_file_with_runtime_dependencies(/home/administrator/arduinobot_ws/install/arduinobot_description/share/colcon-core/packages/arduinobot_description)
[2.423s] Level 1:colcon.colcon_core.environment:create_environment_scripts_only(arduinobot_description)
[2.424s] Level 1:colcon.colcon_core.environment:checking '/home/administrator/arduinobot_ws/install/arduinobot_description' for CMake module files
[2.428s] Level 1:colcon.colcon_core.environment:checking '/home/administrator/arduinobot_ws/install/arduinobot_description' for CMake config files
[2.431s] Level 1:colcon.colcon_core.shell:create_environment_hook('arduinobot_description', 'cmake_prefix_path')
[2.432s] INFO:colcon.colcon_core.shell:Creating environment hook '/home/administrator/arduinobot_ws/install/arduinobot_description/share/arduinobot_description/hook/cmake_prefix_path.ps1'
[2.435s] INFO:colcon.colcon_core.shell:Creating environment descriptor '/home/administrator/arduinobot_ws/install/arduinobot_description/share/arduinobot_description/hook/cmake_prefix_path.dsv'
[2.439s] INFO:colcon.colcon_core.shell:Creating environment hook '/home/administrator/arduinobot_ws/install/arduinobot_description/share/arduinobot_description/hook/cmake_prefix_path.sh'
[2.441s] Level 1:colcon.colcon_core.environment:checking '/home/administrator/arduinobot_ws/install/arduinobot_description/bin'
[2.441s] Level 1:colcon.colcon_core.environment:checking '/home/administrator/arduinobot_ws/install/arduinobot_description/lib/pkgconfig/arduinobot_description.pc'
[2.442s] Level 1:colcon.colcon_core.environment:checking '/home/administrator/arduinobot_ws/install/arduinobot_description/lib/python3.12/site-packages'
[2.443s] Level 1:colcon.colcon_core.environment:checking '/home/administrator/arduinobot_ws/install/arduinobot_description/bin'
[2.447s] INFO:colcon.colcon_core.shell:Creating package script '/home/administrator/arduinobot_ws/install/arduinobot_description/share/arduinobot_description/package.ps1'
[2.451s] INFO:colcon.colcon_core.shell:Creating package descriptor '/home/administrator/arduinobot_ws/install/arduinobot_description/share/arduinobot_description/package.dsv'
[2.455s] INFO:colcon.colcon_core.shell:Creating package script '/home/administrator/arduinobot_ws/install/arduinobot_description/share/arduinobot_description/package.sh'
[2.459s] INFO:colcon.colcon_core.shell:Creating package script '/home/administrator/arduinobot_ws/install/arduinobot_description/share/arduinobot_description/package.bash'
[2.461s] INFO:colcon.colcon_core.shell:Creating package script '/home/administrator/arduinobot_ws/install/arduinobot_description/share/arduinobot_description/package.zsh'
[2.462s] Level 1:colcon.colcon_core.environment:create_file_with_runtime_dependencies(/home/administrator/arduinobot_ws/install/arduinobot_description/share/colcon-core/packages/arduinobot_description)
[2.469s] INFO:colcon.colcon_ros.task.ament_python.build:Building ROS package in '/home/administrator/arduinobot_ws/src/arduinobot_py_examples' with build type 'ament_python'
[2.470s] Level 1:colcon.colcon_core.shell:create_environment_hook('arduinobot_py_examples', 'ament_prefix_path')
[2.470s] INFO:colcon.colcon_core.shell:Creating environment hook '/home/administrator/arduinobot_ws/install/arduinobot_py_examples/share/arduinobot_py_examples/hook/ament_prefix_path.ps1'
[2.476s] INFO:colcon.colcon_core.shell:Creating environment descriptor '/home/administrator/arduinobot_ws/install/arduinobot_py_examples/share/arduinobot_py_examples/hook/ament_prefix_path.dsv'
[2.483s] INFO:colcon.colcon_core.shell:Creating environment hook '/home/administrator/arduinobot_ws/install/arduinobot_py_examples/share/arduinobot_py_examples/hook/ament_prefix_path.sh'
[2.492s] INFO:colcon.colcon_core.shell:Skip shell extension 'powershell' for command environment: Not usable outside of PowerShell
[2.492s] DEBUG:colcon.colcon_core.shell:Skip shell extension 'dsv' for command environment
[4.054s] INFO:colcon.colcon_core.task.python.build:Building Python package in '/home/administrator/arduinobot_ws/src/arduinobot_py_examples'
[4.057s] INFO:colcon.colcon_core.shell:Skip shell extension 'powershell' for command environment: Not usable outside of PowerShell
[4.057s] DEBUG:colcon.colcon_core.shell:Skip shell extension 'dsv' for command environment
[8.203s] DEBUG:colcon.colcon_core.event_handler.log_command:Invoking command in '/home/administrator/arduinobot_ws/src/arduinobot_py_examples': DEBUGINFOD_URLS=https://debuginfod.ubuntu.com PYTHONPATH=/home/administrator/arduinobot_ws/build/arduinobot_py_examples/prefix_override:/usr/lib/python3/dist-packages/colcon_core/task/python/colcon_distutils_commands:/home/administrator/arduinobot_ws/install/arduinobot_py_examples/lib/python3.12/site-packages:${PYTHONPATH} /usr/bin/python3 -W ignore:setup.py install is deprecated -W ignore:easy_install command is deprecated setup.py egg_info --egg-base ../../build/arduinobot_py_examples build --build-base /home/administrator/arduinobot_ws/build/arduinobot_py_examples/build install --record /home/administrator/arduinobot_ws/build/arduinobot_py_examples/install.log --single-version-externally-managed install_data
[12.987s] Level 1:colcon.colcon_core.environment:checking '/home/administrator/arduinobot_ws/install/arduinobot_py_examples' for CMake module files
[12.993s] DEBUG:colcon.colcon_core.event_handler.log_command:Invoked command in '/home/administrator/arduinobot_ws/src/arduinobot_py_examples' returned '0': DEBUGINFOD_URLS=https://debuginfod.ubuntu.com PYTHONPATH=/home/administrator/arduinobot_ws/build/arduinobot_py_examples/prefix_override:/usr/lib/python3/dist-packages/colcon_core/task/python/colcon_distutils_commands:/home/administrator/arduinobot_ws/install/arduinobot_py_examples/lib/python3.12/site-packages:${PYTHONPATH} /usr/bin/python3 -W ignore:setup.py install is deprecated -W ignore:easy_install command is deprecated setup.py egg_info --egg-base ../../build/arduinobot_py_examples build --build-base /home/administrator/arduinobot_ws/build/arduinobot_py_examples/build install --record /home/administrator/arduinobot_ws/build/arduinobot_py_examples/install.log --single-version-externally-managed install_data
[12.996s] Level 1:colcon.colcon_core.environment:checking '/home/administrator/arduinobot_ws/install/arduinobot_py_examples' for CMake config files
[13.006s] Level 1:colcon.colcon_core.environment:checking '/home/administrator/arduinobot_ws/install/arduinobot_py_examples/lib'
[13.013s] Level 1:colcon.colcon_core.environment:checking '/home/administrator/arduinobot_ws/install/arduinobot_py_examples/bin'
[13.013s] Level 1:colcon.colcon_core.environment:checking '/home/administrator/arduinobot_ws/install/arduinobot_py_examples/lib/pkgconfig/arduinobot_py_examples.pc'
[13.015s] Level 1:colcon.colcon_core.environment:checking '/home/administrator/arduinobot_ws/install/arduinobot_py_examples/lib/python3.12/site-packages'
[13.017s] Level 1:colcon.colcon_core.shell:create_environment_hook('arduinobot_py_examples', 'pythonpath')
[13.018s] INFO:colcon.colcon_core.shell:Creating environment hook '/home/administrator/arduinobot_ws/install/arduinobot_py_examples/share/arduinobot_py_examples/hook/pythonpath.ps1'
[13.021s] INFO:colcon.colcon_core.shell:Creating environment descriptor '/home/administrator/arduinobot_ws/install/arduinobot_py_examples/share/arduinobot_py_examples/hook/pythonpath.dsv'
[13.024s] INFO:colcon.colcon_core.shell:Creating environment hook '/home/administrator/arduinobot_ws/install/arduinobot_py_examples/share/arduinobot_py_examples/hook/pythonpath.sh'
[13.028s] Level 1:colcon.colcon_core.environment:checking '/home/administrator/arduinobot_ws/install/arduinobot_py_examples/bin'
[13.028s] Level 1:colcon.colcon_core.environment:create_environment_scripts_only(arduinobot_py_examples)
[13.030s] INFO:colcon.colcon_core.shell:Creating package script '/home/administrator/arduinobot_ws/install/arduinobot_py_examples/share/arduinobot_py_examples/package.ps1'
[13.033s] INFO:colcon.colcon_core.shell:Creating package descriptor '/home/administrator/arduinobot_ws/install/arduinobot_py_examples/share/arduinobot_py_examples/package.dsv'
[13.036s] INFO:colcon.colcon_core.shell:Creating package script '/home/administrator/arduinobot_ws/install/arduinobot_py_examples/share/arduinobot_py_examples/package.sh'
[13.040s] INFO:colcon.colcon_core.shell:Creating package script '/home/administrator/arduinobot_ws/install/arduinobot_py_examples/share/arduinobot_py_examples/package.bash'
[13.043s] INFO:colcon.colcon_core.shell:Creating package script '/home/administrator/arduinobot_ws/install/arduinobot_py_examples/share/arduinobot_py_examples/package.zsh'
[13.044s] Level 1:colcon.colcon_core.environment:create_file_with_runtime_dependencies(/home/administrator/arduinobot_ws/install/arduinobot_py_examples/share/colcon-core/packages/arduinobot_py_examples)
[13.050s] DEBUG:colcon.colcon_parallel_executor.executor.parallel:closing loop
[13.051s] DEBUG:colcon.colcon_parallel_executor.executor.parallel:loop closed
[13.051s] DEBUG:colcon.colcon_parallel_executor.executor.parallel:run_until_complete finished with '0'
[13.051s] DEBUG:colcon.colcon_core.event_reactor:joining thread
[13.102s] INFO:colcon.colcon_core.plugin_system:Skipping extension 'colcon_notification.desktop_notification.terminal_notifier': Not used on non-Darwin systems
[13.103s] INFO:colcon.colcon_core.plugin_system:Skipping extension 'colcon_notification.desktop_notification.win32': Not used on non-Windows systems
[13.103s] INFO:colcon.colcon_notification.desktop_notification:Sending desktop notification using 'notify2'
[13.159s] DEBUG:colcon.colcon_core.event_reactor:joined thread
[13.159s] INFO:colcon.colcon_core.shell:Creating prefix script '/home/administrator/arduinobot_ws/install/local_setup.ps1'
[13.169s] INFO:colcon.colcon_core.shell:Creating prefix util module '/home/administrator/arduinobot_ws/install/_local_setup_util_ps1.py'
[13.186s] INFO:colcon.colcon_core.shell:Creating prefix chain script '/home/administrator/arduinobot_ws/install/setup.ps1'
[13.194s] INFO:colcon.colcon_core.shell:Creating prefix script '/home/administrator/arduinobot_ws/install/local_setup.sh'
[13.202s] INFO:colcon.colcon_core.shell:Creating prefix util module '/home/administrator/arduinobot_ws/install/_local_setup_util_sh.py'
[13.209s] INFO:colcon.colcon_core.shell:Creating prefix chain script '/home/administrator/arduinobot_ws/install/setup.sh'
[13.221s] INFO:colcon.colcon_core.shell:Creating prefix script '/home/administrator/arduinobot_ws/install/local_setup.bash'
[13.225s] INFO:colcon.colcon_core.shell:Creating prefix chain script '/home/administrator/arduinobot_ws/install/setup.bash'
[13.253s] INFO:colcon.colcon_core.shell:Creating prefix script '/home/administrator/arduinobot_ws/install/local_setup.zsh'
[13.262s] INFO:colcon.colcon_core.shell:Creating prefix chain script '/home/administrator/arduinobot_ws/install/setup.zsh'
