[1.731s] Invoking command in '/home/adam-falkowski/arduinobot_ws/ROS2_Arduionobot/src/arduinobot_py_examples': DEBUGINFOD_URLS=https://debuginfod.ubuntu.com PYTHONPATH=/home/adam-falkowski/arduinobot_ws/ROS2_Arduionobot/build/arduinobot_py_examples/prefix_override:/usr/lib/python3/dist-packages/colcon_core/task/python/colcon_distutils_commands:/home/adam-falkowski/arduinobot_ws/ROS2_Arduionobot/install/arduinobot_py_examples/lib/python3.12/site-packages:${PYTHONPATH} /usr/bin/python3 -W ignore:setup.py install is deprecated -W ignore:easy_install command is deprecated setup.py egg_info --egg-base ../../build/arduinobot_py_examples build --build-base /home/adam-falkowski/arduinobot_ws/ROS2_Arduionobot/build/arduinobot_py_examples/build install --record /home/adam-falkowski/arduinobot_ws/ROS2_Arduionobot/build/arduinobot_py_examples/install.log --single-version-externally-managed install_data
[2.286s] running egg_info
[2.329s] writing ../../build/arduinobot_py_examples/arduinobot_py_examples.egg-info/PKG-INFO
[2.329s] writing dependency_links to ../../build/arduinobot_py_examples/arduinobot_py_examples.egg-info/dependency_links.txt
[2.330s] writing entry points to ../../build/arduinobot_py_examples/arduinobot_py_examples.egg-info/entry_points.txt
[2.330s] writing requirements to ../../build/arduinobot_py_examples/arduinobot_py_examples.egg-info/requires.txt
[2.330s] writing top-level names to ../../build/arduinobot_py_examples/arduinobot_py_examples.egg-info/top_level.txt
[2.408s] reading manifest file '../../build/arduinobot_py_examples/arduinobot_py_examples.egg-info/SOURCES.txt'
[2.409s] writing manifest file '../../build/arduinobot_py_examples/arduinobot_py_examples.egg-info/SOURCES.txt'
[2.409s] running build
[2.410s] running build_py
[2.410s] running install
[2.420s] running install_lib
[2.457s] running install_data
[2.458s] running install_egg_info
[2.499s] removing '/home/adam-falkowski/arduinobot_ws/ROS2_Arduionobot/install/arduinobot_py_examples/lib/python3.12/site-packages/arduinobot_py_examples-0.0.0-py3.12.egg-info' (and everything under it)
[2.500s] Copying ../../build/arduinobot_py_examples/arduinobot_py_examples.egg-info to /home/adam-falkowski/arduinobot_ws/ROS2_Arduionobot/install/arduinobot_py_examples/lib/python3.12/site-packages/arduinobot_py_examples-0.0.0-py3.12.egg-info
[2.501s] running install_scripts
[2.771s] Installing simple_parameter script to /home/adam-falkowski/arduinobot_ws/ROS2_Arduionobot/install/arduinobot_py_examples/lib/arduinobot_py_examples
[2.771s] Installing simple_publisher script to /home/adam-falkowski/arduinobot_ws/ROS2_Arduionobot/install/arduinobot_py_examples/lib/arduinobot_py_examples
[2.772s] Installing simple_subscriber script to /home/adam-falkowski/arduinobot_ws/ROS2_Arduionobot/install/arduinobot_py_examples/lib/arduinobot_py_examples
[2.772s] writing list of installed files to '/home/adam-falkowski/arduinobot_ws/ROS2_Arduionobot/build/arduinobot_py_examples/install.log'
[2.825s] Invoked command in '/home/adam-falkowski/arduinobot_ws/ROS2_Arduionobot/src/arduinobot_py_examples' returned '0': DEBUGINFOD_URLS=https://debuginfod.ubuntu.com PYTHONPATH=/home/adam-falkowski/arduinobot_ws/ROS2_Arduionobot/build/arduinobot_py_examples/prefix_override:/usr/lib/python3/dist-packages/colcon_core/task/python/colcon_distutils_commands:/home/adam-falkowski/arduinobot_ws/ROS2_Arduionobot/install/arduinobot_py_examples/lib/python3.12/site-packages:${PYTHONPATH} /usr/bin/python3 -W ignore:setup.py install is deprecated -W ignore:easy_install command is deprecated setup.py egg_info --egg-base ../../build/arduinobot_py_examples build --build-base /home/adam-falkowski/arduinobot_ws/ROS2_Arduionobot/build/arduinobot_py_examples/build install --record /home/adam-falkowski/arduinobot_ws/ROS2_Arduionobot/build/arduinobot_py_examples/install.log --single-version-externally-managed install_data
