[2.623s] Invoking command in '/home/administrator/arduinobot_ws/src/arduinobot_py_examples': DEBUGINFOD_URLS=https://debuginfod.ubuntu.com PYTHONPATH=/home/administrator/arduinobot_ws/src/build/arduinobot_py_examples/prefix_override:/usr/lib/python3/dist-packages/colcon_core/task/python/colcon_distutils_commands:/home/administrator/arduinobot_ws/src/install/arduinobot_py_examples/lib/python3.12/site-packages:${PYTHONPATH} /usr/bin/python3 -W ignore:setup.py install is deprecated -W ignore:easy_install command is deprecated setup.py egg_info --egg-base ../build/arduinobot_py_examples build --build-base /home/administrator/arduinobot_ws/src/build/arduinobot_py_examples/build install --record /home/administrator/arduinobot_ws/src/build/arduinobot_py_examples/install.log --single-version-externally-managed install_data
[3.334s] running egg_info
[3.334s] creating ../build/arduinobot_py_examples/arduinobot_py_examples.egg-info
[3.394s] writing ../build/arduinobot_py_examples/arduinobot_py_examples.egg-info/PKG-INFO
[3.394s] writing dependency_links to ../build/arduinobot_py_examples/arduinobot_py_examples.egg-info/dependency_links.txt
[3.395s] writing entry points to ../build/arduinobot_py_examples/arduinobot_py_examples.egg-info/entry_points.txt
[3.395s] writing requirements to ../build/arduinobot_py_examples/arduinobot_py_examples.egg-info/requires.txt
[3.395s] writing top-level names to ../build/arduinobot_py_examples/arduinobot_py_examples.egg-info/top_level.txt
[3.395s] writing manifest file '../build/arduinobot_py_examples/arduinobot_py_examples.egg-info/SOURCES.txt'
[3.512s] reading manifest file '../build/arduinobot_py_examples/arduinobot_py_examples.egg-info/SOURCES.txt'
[3.516s] writing manifest file '../build/arduinobot_py_examples/arduinobot_py_examples.egg-info/SOURCES.txt'
[3.516s] running build
[3.518s] running build_py
[3.518s] creating /home/administrator/arduinobot_ws/src/build/arduinobot_py_examples/build
[3.518s] creating /home/administrator/arduinobot_ws/src/build/arduinobot_py_examples/build/lib
[3.518s] creating /home/administrator/arduinobot_ws/src/build/arduinobot_py_examples/build/lib/arduinobot_py_examples
[3.519s] copying arduinobot_py_examples/__init__.py -> /home/administrator/arduinobot_ws/src/build/arduinobot_py_examples/build/lib/arduinobot_py_examples
[3.521s] copying arduinobot_py_examples/simple_subscriber.py -> /home/administrator/arduinobot_ws/src/build/arduinobot_py_examples/build/lib/arduinobot_py_examples
[3.521s] copying arduinobot_py_examples/simple_parameter.py -> /home/administrator/arduinobot_ws/src/build/arduinobot_py_examples/build/lib/arduinobot_py_examples
[3.521s] copying arduinobot_py_examples/simple_publisher.py -> /home/administrator/arduinobot_ws/src/build/arduinobot_py_examples/build/lib/arduinobot_py_examples
[3.522s] running install
[3.547s] running install_lib
[3.606s] creating /home/administrator/arduinobot_ws/src/install/arduinobot_py_examples/lib/python3.12/site-packages/arduinobot_py_examples
[3.606s] copying /home/administrator/arduinobot_ws/src/build/arduinobot_py_examples/build/lib/arduinobot_py_examples/__init__.py -> /home/administrator/arduinobot_ws/src/install/arduinobot_py_examples/lib/python3.12/site-packages/arduinobot_py_examples
[3.606s] copying /home/administrator/arduinobot_ws/src/build/arduinobot_py_examples/build/lib/arduinobot_py_examples/simple_subscriber.py -> /home/administrator/arduinobot_ws/src/install/arduinobot_py_examples/lib/python3.12/site-packages/arduinobot_py_examples
[3.606s] copying /home/administrator/arduinobot_ws/src/build/arduinobot_py_examples/build/lib/arduinobot_py_examples/simple_parameter.py -> /home/administrator/arduinobot_ws/src/install/arduinobot_py_examples/lib/python3.12/site-packages/arduinobot_py_examples
[3.606s] copying /home/administrator/arduinobot_ws/src/build/arduinobot_py_examples/build/lib/arduinobot_py_examples/simple_publisher.py -> /home/administrator/arduinobot_ws/src/install/arduinobot_py_examples/lib/python3.12/site-packages/arduinobot_py_examples
[3.607s] byte-compiling /home/administrator/arduinobot_ws/src/install/arduinobot_py_examples/lib/python3.12/site-packages/arduinobot_py_examples/__init__.py to __init__.cpython-312.pyc
[3.607s] byte-compiling /home/administrator/arduinobot_ws/src/install/arduinobot_py_examples/lib/python3.12/site-packages/arduinobot_py_examples/simple_subscriber.py to simple_subscriber.cpython-312.pyc
[3.607s] byte-compiling /home/administrator/arduinobot_ws/src/install/arduinobot_py_examples/lib/python3.12/site-packages/arduinobot_py_examples/simple_parameter.py to simple_parameter.cpython-312.pyc
[3.608s] byte-compiling /home/administrator/arduinobot_ws/src/install/arduinobot_py_examples/lib/python3.12/site-packages/arduinobot_py_examples/simple_publisher.py to simple_publisher.cpython-312.pyc
[3.608s] running install_data
[3.608s] creating /home/administrator/arduinobot_ws/src/install/arduinobot_py_examples/share/ament_index
[3.608s] creating /home/administrator/arduinobot_ws/src/install/arduinobot_py_examples/share/ament_index/resource_index
[3.608s] creating /home/administrator/arduinobot_ws/src/install/arduinobot_py_examples/share/ament_index/resource_index/packages
[3.608s] copying resource/arduinobot_py_examples -> /home/administrator/arduinobot_ws/src/install/arduinobot_py_examples/share/ament_index/resource_index/packages
[3.609s] copying package.xml -> /home/administrator/arduinobot_ws/src/install/arduinobot_py_examples/share/arduinobot_py_examples
[3.609s] running install_egg_info
[3.675s] Copying ../build/arduinobot_py_examples/arduinobot_py_examples.egg-info to /home/administrator/arduinobot_ws/src/install/arduinobot_py_examples/lib/python3.12/site-packages/arduinobot_py_examples-0.0.0-py3.12.egg-info
[3.677s] running install_scripts
[4.030s] Installing simple_parameter script to /home/administrator/arduinobot_ws/src/install/arduinobot_py_examples/lib/arduinobot_py_examples
[4.031s] Installing simple_publisher script to /home/administrator/arduinobot_ws/src/install/arduinobot_py_examples/lib/arduinobot_py_examples
[4.032s] Installing simple_subscriber script to /home/administrator/arduinobot_ws/src/install/arduinobot_py_examples/lib/arduinobot_py_examples
[4.033s] writing list of installed files to '/home/administrator/arduinobot_ws/src/build/arduinobot_py_examples/install.log'
[4.140s] Invoked command in '/home/administrator/arduinobot_ws/src/arduinobot_py_examples' returned '0': DEBUGINFOD_URLS=https://debuginfod.ubuntu.com PYTHONPATH=/home/administrator/arduinobot_ws/src/build/arduinobot_py_examples/prefix_override:/usr/lib/python3/dist-packages/colcon_core/task/python/colcon_distutils_commands:/home/administrator/arduinobot_ws/src/install/arduinobot_py_examples/lib/python3.12/site-packages:${PYTHONPATH} /usr/bin/python3 -W ignore:setup.py install is deprecated -W ignore:easy_install command is deprecated setup.py egg_info --egg-base ../build/arduinobot_py_examples build --build-base /home/administrator/arduinobot_ws/src/build/arduinobot_py_examples/build install --record /home/administrator/arduinobot_ws/src/build/arduinobot_py_examples/install.log --single-version-externally-managed install_data
