[2.144s] Invoking command in '/home/administrator/arduinobot_ws/src/arduinobot_py_examples': DEBUGINFOD_URLS=https://debuginfod.ubuntu.com PYTHONPATH=/home/administrator/arduinobot_ws/build/arduinobot_py_examples/prefix_override:/usr/lib/python3/dist-packages/colcon_core/task/python/colcon_distutils_commands:/home/administrator/arduinobot_ws/install/arduinobot_py_examples/lib/python3.12/site-packages:${PYTHONPATH} /usr/bin/python3 -W ignore:setup.py install is deprecated -W ignore:easy_install command is deprecated setup.py egg_info --egg-base ../../build/arduinobot_py_examples build --build-base /home/administrator/arduinobot_ws/build/arduinobot_py_examples/build install --record /home/administrator/arduinobot_ws/build/arduinobot_py_examples/install.log --single-version-externally-managed install_data
[2.682s] running egg_info
[2.753s] writing ../../build/arduinobot_py_examples/arduinobot_py_examples.egg-info/PKG-INFO
[2.755s] writing dependency_links to ../../build/arduinobot_py_examples/arduinobot_py_examples.egg-info/dependency_links.txt
[2.756s] writing entry points to ../../build/arduinobot_py_examples/arduinobot_py_examples.egg-info/entry_points.txt
[2.759s] writing requirements to ../../build/arduinobot_py_examples/arduinobot_py_examples.egg-info/requires.txt
[2.759s] writing top-level names to ../../build/arduinobot_py_examples/arduinobot_py_examples.egg-info/top_level.txt
[2.876s] reading manifest file '../../build/arduinobot_py_examples/arduinobot_py_examples.egg-info/SOURCES.txt'
[2.879s] writing manifest file '../../build/arduinobot_py_examples/arduinobot_py_examples.egg-info/SOURCES.txt'
[2.882s] running build
[2.882s] running build_py
[2.886s] running install
[2.903s] running install_lib
[2.959s] running install_data
[2.960s] running install_egg_info
[3.014s] removing '/home/administrator/arduinobot_ws/install/arduinobot_py_examples/lib/python3.12/site-packages/arduinobot_py_examples-0.0.0-py3.12.egg-info' (and everything under it)
[3.018s] Copying ../../build/arduinobot_py_examples/arduinobot_py_examples.egg-info to /home/administrator/arduinobot_ws/install/arduinobot_py_examples/lib/python3.12/site-packages/arduinobot_py_examples-0.0.0-py3.12.egg-info
[3.021s] running install_scripts
[3.277s] Installing simple_publisher script to /home/administrator/arduinobot_ws/install/arduinobot_py_examples/lib/arduinobot_py_examples
[3.278s] Installing simple_subscriber script to /home/administrator/arduinobot_ws/install/arduinobot_py_examples/lib/arduinobot_py_examples
[3.281s] writing list of installed files to '/home/administrator/arduinobot_ws/build/arduinobot_py_examples/install.log'
[3.351s] Invoked command in '/home/administrator/arduinobot_ws/src/arduinobot_py_examples' returned '0': DEBUGINFOD_URLS=https://debuginfod.ubuntu.com PYTHONPATH=/home/administrator/arduinobot_ws/build/arduinobot_py_examples/prefix_override:/usr/lib/python3/dist-packages/colcon_core/task/python/colcon_distutils_commands:/home/administrator/arduinobot_ws/install/arduinobot_py_examples/lib/python3.12/site-packages:${PYTHONPATH} /usr/bin/python3 -W ignore:setup.py install is deprecated -W ignore:easy_install command is deprecated setup.py egg_info --egg-base ../../build/arduinobot_py_examples build --build-base /home/administrator/arduinobot_ws/build/arduinobot_py_examples/build install --record /home/administrator/arduinobot_ws/build/arduinobot_py_examples/install.log --single-version-externally-managed install_data
