[0.039s] Invoking command in '/home/administrator/arduinobot_ws/build/arduinobot_controller': CMAKE_PREFIX_PATH=${CMAKE_PREFIX_PATH}:/opt/ros/jazzy DEBUGINFOD_URLS=https://debuginfod.ubuntu.com /usr/bin/cmake /home/administrator/arduinobot_ws/src/arduinobot_controller -DCMAKE_INSTALL_PREFIX=/home/administrator/arduinobot_ws/install/arduinobot_controller
[0.546s] -- The C compiler identification is GNU 13.3.0
[0.546s] -- The CXX compiler identification is GNU 13.3.0
[0.546s] -- Detecting C compiler ABI info
[0.546s] -- Detecting C compiler ABI info - done
[0.552s] -- Check for working C compiler: /usr/bin/cc - skipped
[0.552s] -- Detecting C compile features
[0.553s] -- Detecting C compile features - done
[0.576s] -- Detecting CXX compiler ABI info
[0.772s] -- Detecting CXX compiler ABI info - done
[0.800s] -- Check for working CXX compiler: /usr/bin/c++ - skipped
[0.801s] -- Detecting CXX compile features
[0.802s] -- Detecting CXX compile features - done
[0.810s] -- Found ament_cmake: 2.5.3 (/opt/ros/jazzy/share/ament_cmake/cmake)
[1.117s] -- Found Python3: /usr/bin/python3 (found version "3.12.3") found components: Interpreter 
[1.338s] -- Found ament_lint_auto: 0.17.1 (/opt/ros/jazzy/share/ament_lint_auto/cmake)
[1.550s] -- Added test 'lint_cmake' to check CMake code style
[1.551s] -- Added test 'xmllint' to check XML markup files
[1.556s] -- Configuring done (1.5s)
[1.562s] -- Generating done (0.0s)
[1.567s] -- Build files have been written to: /home/administrator/arduinobot_ws/build/arduinobot_controller
[1.579s] Invoked command in '/home/administrator/arduinobot_ws/build/arduinobot_controller' returned '0': CMAKE_PREFIX_PATH=${CMAKE_PREFIX_PATH}:/opt/ros/jazzy DEBUGINFOD_URLS=https://debuginfod.ubuntu.com /usr/bin/cmake /home/administrator/arduinobot_ws/src/arduinobot_controller -DCMAKE_INSTALL_PREFIX=/home/administrator/arduinobot_ws/install/arduinobot_controller
[1.580s] Invoking command in '/home/administrator/arduinobot_ws/build/arduinobot_controller': CMAKE_PREFIX_PATH=${CMAKE_PREFIX_PATH}:/opt/ros/jazzy DEBUGINFOD_URLS=https://debuginfod.ubuntu.com /usr/bin/cmake --build /home/administrator/arduinobot_ws/build/arduinobot_controller -- -j4 -l4
[1.639s] Invoked command in '/home/administrator/arduinobot_ws/build/arduinobot_controller' returned '0': CMAKE_PREFIX_PATH=${CMAKE_PREFIX_PATH}:/opt/ros/jazzy DEBUGINFOD_URLS=https://debuginfod.ubuntu.com /usr/bin/cmake --build /home/administrator/arduinobot_ws/build/arduinobot_controller -- -j4 -l4
[1.641s] Invoking command in '/home/administrator/arduinobot_ws/build/arduinobot_controller': CMAKE_PREFIX_PATH=${CMAKE_PREFIX_PATH}:/opt/ros/jazzy DEBUGINFOD_URLS=https://debuginfod.ubuntu.com /usr/bin/cmake --install /home/administrator/arduinobot_ws/build/arduinobot_controller
[1.655s] -- Install configuration: ""
[1.655s] -- Installing: /home/administrator/arduinobot_ws/install/arduinobot_controller/share/arduinobot_controller/config
[1.655s] -- Installing: /home/administrator/arduinobot_ws/install/arduinobot_controller/share/arduinobot_controller/config/arduinobot_controllers.yaml
[1.655s] -- Installing: /home/administrator/arduinobot_ws/install/arduinobot_controller/share/ament_index/resource_index/package_run_dependencies/arduinobot_controller
[1.655s] -- Installing: /home/administrator/arduinobot_ws/install/arduinobot_controller/share/ament_index/resource_index/parent_prefix_path/arduinobot_controller
[1.656s] -- Installing: /home/administrator/arduinobot_ws/install/arduinobot_controller/share/arduinobot_controller/environment/ament_prefix_path.sh
[1.656s] -- Installing: /home/administrator/arduinobot_ws/install/arduinobot_controller/share/arduinobot_controller/environment/ament_prefix_path.dsv
[1.659s] -- Installing: /home/administrator/arduinobot_ws/install/arduinobot_controller/share/arduinobot_controller/environment/path.sh
[1.659s] -- Installing: /home/administrator/arduinobot_ws/install/arduinobot_controller/share/arduinobot_controller/environment/path.dsv
[1.659s] -- Installing: /home/administrator/arduinobot_ws/install/arduinobot_controller/share/arduinobot_controller/local_setup.bash
[1.659s] -- Installing: /home/administrator/arduinobot_ws/install/arduinobot_controller/share/arduinobot_controller/local_setup.sh
[1.659s] -- Installing: /home/administrator/arduinobot_ws/install/arduinobot_controller/share/arduinobot_controller/local_setup.zsh
[1.663s] -- Installing: /home/administrator/arduinobot_ws/install/arduinobot_controller/share/arduinobot_controller/local_setup.dsv
[1.663s] -- Installing: /home/administrator/arduinobot_ws/install/arduinobot_controller/share/arduinobot_controller/package.dsv
[1.663s] -- Installing: /home/administrator/arduinobot_ws/install/arduinobot_controller/share/ament_index/resource_index/packages/arduinobot_controller
[1.663s] -- Installing: /home/administrator/arduinobot_ws/install/arduinobot_controller/share/arduinobot_controller/cmake/arduinobot_controllerConfig.cmake
[1.663s] -- Installing: /home/administrator/arduinobot_ws/install/arduinobot_controller/share/arduinobot_controller/cmake/arduinobot_controllerConfig-version.cmake
[1.664s] -- Installing: /home/administrator/arduinobot_ws/install/arduinobot_controller/share/arduinobot_controller/package.xml
[1.665s] Invoked command in '/home/administrator/arduinobot_ws/build/arduinobot_controller' returned '0': CMAKE_PREFIX_PATH=${CMAKE_PREFIX_PATH}:/opt/ros/jazzy DEBUGINFOD_URLS=https://debuginfod.ubuntu.com /usr/bin/cmake --install /home/administrator/arduinobot_ws/build/arduinobot_controller
