[1.983s] DEBUG:colcon:Command line arguments: ['/usr/bin/colcon', 'list', '-p', '--base-paths', '/home/administrator/arduinobot_ws']
[1.983s] DEBUG:colcon:Parsed command line arguments: Namespace(log_base=None, log_level=None, verb_name='list', build_base='build', ignore_user_meta=False, metas=['./colcon.meta'], base_paths=['/home/administrator/arduinobot_ws'], packages_ignore=None, packages_ignore_regex=None, paths=None, packages_up_to=None, packages_up_to_regex=None, packages_above=None, packages_above_and_dependencies=None, packages_above_depth=None, packages_select_by_dep=None, packages_skip_by_dep=None, packages_skip_up_to=None, packages_select_build_failed=False, packages_skip_build_finished=False, packages_select_test_failures=False, packages_skip_test_passed=False, packages_select=None, packages_skip=None, packages_select_regex=None, packages_skip_regex=None, packages_start=None, packages_end=None, allow_overriding=[], topological_order=False, names_only=False, paths_only=True, topological_graph=False, topological_graph_dot=False, topological_graph_density=False, topological_graph_legend=False, topological_graph_dot_cluster=False, topological_graph_dot_include_skipped=False, mixin_files=None, mixin=None, verb_parser=<colcon_mixin.mixin.mixin_argument.MixinArgumentDecorator object at 0x792349fb44d0>, verb_extension=<colcon_package_information.verb.list.ListVerb object at 0x792349f87c50>, main=<bound method ListVerb.main of <colcon_package_information.verb.list.ListVerb object at 0x792349f87c50>>, mixin_verb=('list',))
[2.809s] Level 1:colcon.colcon_core.package_discovery:discover_packages(colcon_meta) check parameters
[2.812s] Level 1:colcon.colcon_core.package_discovery:discover_packages(recursive) check parameters
[2.824s] Level 1:colcon.colcon_core.package_discovery:discover_packages(ignore) check parameters
[2.824s] Level 1:colcon.colcon_core.package_discovery:discover_packages(path) check parameters
[2.824s] Level 1:colcon.colcon_core.package_discovery:discover_packages(recursive) discover
[2.824s] INFO:colcon.colcon_core.package_discovery:Crawling recursively for packages in '/home/administrator/arduinobot_ws'
[2.824s] Level 1:colcon.colcon_core.package_identification:_identify(/home/administrator/arduinobot_ws) by extensions ['ignore', 'ignore_ament_install']
[2.824s] Level 1:colcon.colcon_core.package_identification:_identify(/home/administrator/arduinobot_ws) by extension 'ignore'
[2.824s] Level 1:colcon.colcon_core.package_identification:_identify(/home/administrator/arduinobot_ws) by extension 'ignore_ament_install'
[2.824s] Level 1:colcon.colcon_core.package_identification:_identify(/home/administrator/arduinobot_ws) by extensions ['colcon_pkg']
[2.824s] Level 1:colcon.colcon_core.package_identification:_identify(/home/administrator/arduinobot_ws) by extension 'colcon_pkg'
[2.832s] Level 1:colcon.colcon_core.package_identification:_identify(/home/administrator/arduinobot_ws) by extensions ['colcon_meta']
[2.832s] Level 1:colcon.colcon_core.package_identification:_identify(/home/administrator/arduinobot_ws) by extension 'colcon_meta'
[2.832s] Level 1:colcon.colcon_core.package_identification:_identify(/home/administrator/arduinobot_ws) by extensions ['ros']
[2.832s] Level 1:colcon.colcon_core.package_identification:_identify(/home/administrator/arduinobot_ws) by extension 'ros'
[3.392s] Level 1:colcon.colcon_core.package_identification:_identify(/home/administrator/arduinobot_ws) by extensions ['cmake', 'python']
[3.400s] Level 1:colcon.colcon_core.package_identification:_identify(/home/administrator/arduinobot_ws) by extension 'cmake'
[3.400s] Level 1:colcon.colcon_core.package_identification:_identify(/home/administrator/arduinobot_ws) by extension 'python'
[3.400s] Level 1:colcon.colcon_core.package_identification:_identify(/home/administrator/arduinobot_ws) by extensions ['python_setup_py']
[3.400s] Level 1:colcon.colcon_core.package_identification:_identify(/home/administrator/arduinobot_ws) by extension 'python_setup_py'
[3.400s] Level 1:colcon.colcon_core.package_identification:_identify(/home/administrator/arduinobot_ws/build) by extensions ['ignore', 'ignore_ament_install']
[3.401s] Level 1:colcon.colcon_core.package_identification:_identify(/home/administrator/arduinobot_ws/build) by extension 'ignore'
[3.401s] Level 1:colcon.colcon_core.package_identification:_identify(/home/administrator/arduinobot_ws/build) ignored
[3.401s] Level 1:colcon.colcon_core.package_identification:_identify(/home/administrator/arduinobot_ws/install) by extensions ['ignore', 'ignore_ament_install']
[3.419s] Level 1:colcon.colcon_core.package_identification:_identify(/home/administrator/arduinobot_ws/install) by extension 'ignore'
[3.419s] Level 1:colcon.colcon_core.package_identification:_identify(/home/administrator/arduinobot_ws/install) ignored
[3.419s] Level 1:colcon.colcon_core.package_identification:_identify(/home/administrator/arduinobot_ws/log) by extensions ['ignore', 'ignore_ament_install']
[3.419s] Level 1:colcon.colcon_core.package_identification:_identify(/home/administrator/arduinobot_ws/log) by extension 'ignore'
[3.419s] Level 1:colcon.colcon_core.package_identification:_identify(/home/administrator/arduinobot_ws/log) ignored
[3.426s] Level 1:colcon.colcon_core.package_identification:_identify(/home/administrator/arduinobot_ws/src) by extensions ['ignore', 'ignore_ament_install']
[3.426s] Level 1:colcon.colcon_core.package_identification:_identify(/home/administrator/arduinobot_ws/src) by extension 'ignore'
[3.426s] Level 1:colcon.colcon_core.package_identification:_identify(/home/administrator/arduinobot_ws/src) by extension 'ignore_ament_install'
[3.426s] Level 1:colcon.colcon_core.package_identification:_identify(/home/administrator/arduinobot_ws/src) by extensions ['colcon_pkg']
[3.426s] Level 1:colcon.colcon_core.package_identification:_identify(/home/administrator/arduinobot_ws/src) by extension 'colcon_pkg'
[3.426s] Level 1:colcon.colcon_core.package_identification:_identify(/home/administrator/arduinobot_ws/src) by extensions ['colcon_meta']
[3.426s] Level 1:colcon.colcon_core.package_identification:_identify(/home/administrator/arduinobot_ws/src) by extension 'colcon_meta'
[3.426s] Level 1:colcon.colcon_core.package_identification:_identify(/home/administrator/arduinobot_ws/src) by extensions ['ros']
[3.426s] Level 1:colcon.colcon_core.package_identification:_identify(/home/administrator/arduinobot_ws/src) by extension 'ros'
[3.426s] Level 1:colcon.colcon_core.package_identification:_identify(/home/administrator/arduinobot_ws/src) by extensions ['cmake', 'python']
[3.426s] Level 1:colcon.colcon_core.package_identification:_identify(/home/administrator/arduinobot_ws/src) by extension 'cmake'
[3.426s] Level 1:colcon.colcon_core.package_identification:_identify(/home/administrator/arduinobot_ws/src) by extension 'python'
[3.439s] Level 1:colcon.colcon_core.package_identification:_identify(/home/administrator/arduinobot_ws/src) by extensions ['python_setup_py']
[3.439s] Level 1:colcon.colcon_core.package_identification:_identify(/home/administrator/arduinobot_ws/src) by extension 'python_setup_py'
[3.439s] Level 1:colcon.colcon_core.package_identification:_identify(/home/administrator/arduinobot_ws/src/arduinobot_cpp_examples) by extensions ['ignore', 'ignore_ament_install']
[3.440s] Level 1:colcon.colcon_core.package_identification:_identify(/home/administrator/arduinobot_ws/src/arduinobot_cpp_examples) by extension 'ignore'
[3.440s] Level 1:colcon.colcon_core.package_identification:_identify(/home/administrator/arduinobot_ws/src/arduinobot_cpp_examples) by extension 'ignore_ament_install'
[3.440s] Level 1:colcon.colcon_core.package_identification:_identify(/home/administrator/arduinobot_ws/src/arduinobot_cpp_examples) by extensions ['colcon_pkg']
[3.440s] Level 1:colcon.colcon_core.package_identification:_identify(/home/administrator/arduinobot_ws/src/arduinobot_cpp_examples) by extension 'colcon_pkg'
[3.440s] Level 1:colcon.colcon_core.package_identification:_identify(/home/administrator/arduinobot_ws/src/arduinobot_cpp_examples) by extensions ['colcon_meta']
[3.440s] Level 1:colcon.colcon_core.package_identification:_identify(/home/administrator/arduinobot_ws/src/arduinobot_cpp_examples) by extension 'colcon_meta'
[3.440s] Level 1:colcon.colcon_core.package_identification:_identify(/home/administrator/arduinobot_ws/src/arduinobot_cpp_examples) by extensions ['ros']
[3.440s] Level 1:colcon.colcon_core.package_identification:_identify(/home/administrator/arduinobot_ws/src/arduinobot_cpp_examples) by extension 'ros'
[3.478s] DEBUG:colcon.colcon_core.package_identification:Package '/home/administrator/arduinobot_ws/src/arduinobot_cpp_examples' with type 'ros.ament_cmake' and name 'arduinobot_cpp_exampled'
[3.490s] Level 1:colcon.colcon_core.package_identification:_identify(/home/administrator/arduinobot_ws/src/arduinobot_py_examples) by extensions ['ignore', 'ignore_ament_install']
[3.490s] Level 1:colcon.colcon_core.package_identification:_identify(/home/administrator/arduinobot_ws/src/arduinobot_py_examples) by extension 'ignore'
[3.490s] Level 1:colcon.colcon_core.package_identification:_identify(/home/administrator/arduinobot_ws/src/arduinobot_py_examples) by extension 'ignore_ament_install'
[3.490s] Level 1:colcon.colcon_core.package_identification:_identify(/home/administrator/arduinobot_ws/src/arduinobot_py_examples) by extensions ['colcon_pkg']
[3.490s] Level 1:colcon.colcon_core.package_identification:_identify(/home/administrator/arduinobot_ws/src/arduinobot_py_examples) by extension 'colcon_pkg'
[3.490s] Level 1:colcon.colcon_core.package_identification:_identify(/home/administrator/arduinobot_ws/src/arduinobot_py_examples) by extensions ['colcon_meta']
[3.490s] Level 1:colcon.colcon_core.package_identification:_identify(/home/administrator/arduinobot_ws/src/arduinobot_py_examples) by extension 'colcon_meta'
[3.490s] Level 1:colcon.colcon_core.package_identification:_identify(/home/administrator/arduinobot_ws/src/arduinobot_py_examples) by extensions ['ros']
[3.490s] Level 1:colcon.colcon_core.package_identification:_identify(/home/administrator/arduinobot_ws/src/arduinobot_py_examples) by extension 'ros'
[3.496s] DEBUG:colcon.colcon_core.package_identification:Package '/home/administrator/arduinobot_ws/src/arduinobot_py_examples' with type 'ros.ament_python' and name 'arduinobot_py_examples'
[3.499s] Level 1:colcon.colcon_core.package_discovery:discover_packages(recursive) using defaults
