[0.018s] Invoking command in '/home/adam-falkowski/arduinobot_ws/build/aduinobot_moveit': CMAKE_PREFIX_PATH=${CMAKE_PREFIX_PATH}:/opt/ros/jazzy DEBUGINFOD_URLS=https://debuginfod.ubuntu.com /usr/bin/cmake --build /home/adam-falkowski/arduinobot_ws/build/aduinobot_moveit -- -j12 -l12
[0.079s] Invoked command in '/home/adam-falkowski/arduinobot_ws/build/aduinobot_moveit' returned '0': CMAKE_PREFIX_PATH=${CMAKE_PREFIX_PATH}:/opt/ros/jazzy DEBUGINFOD_URLS=https://debuginfod.ubuntu.com /usr/bin/cmake --build /home/adam-falkowski/arduinobot_ws/build/aduinobot_moveit -- -j12 -l12
[0.081s] Invoking command in '/home/adam-falkowski/arduinobot_ws/build/aduinobot_moveit': CMAKE_PREFIX_PATH=${CMAKE_PREFIX_PATH}:/opt/ros/jazzy DEBUGINFOD_URLS=https://debuginfod.ubuntu.com /usr/bin/cmake --install /home/adam-falkowski/arduinobot_ws/build/aduinobot_moveit
[0.092s] -- Install configuration: ""
[0.093s] -- Up-to-date: /home/adam-falkowski/arduinobot_ws/install/aduinobot_moveit/share/aduinobot_moveit/config
[0.093s] -- Up-to-date: /home/adam-falkowski/arduinobot_ws/install/aduinobot_moveit/share/aduinobot_moveit/config/movit_controllers.yaml
[0.094s] -- Up-to-date: /home/adam-falkowski/arduinobot_ws/install/aduinobot_moveit/share/aduinobot_moveit/config/joint_limits.yaml
[0.095s] -- Up-to-date: /home/adam-falkowski/arduinobot_ws/install/aduinobot_moveit/share/aduinobot_moveit/config/kinematic.yaml
[0.095s] -- Up-to-date: /home/adam-falkowski/arduinobot_ws/install/aduinobot_moveit/share/aduinobot_moveit/config/pliz_cartesian_limits.yaml
[0.095s] -- Up-to-date: /home/adam-falkowski/arduinobot_ws/install/aduinobot_moveit/share/aduinobot_moveit/config/initial_positions.yaml
[0.095s] -- Up-to-date: /home/adam-falkowski/arduinobot_ws/install/aduinobot_moveit/share/aduinobot_moveit/config/arduinobot.srdf
[0.096s] -- Up-to-date: /home/adam-falkowski/arduinobot_ws/install/aduinobot_moveit/share/aduinobot_moveit/launch
[0.096s] -- Installing: /home/adam-falkowski/arduinobot_ws/install/aduinobot_moveit/share/aduinobot_moveit/launch/moveit.launch.py
[0.096s] -- Up-to-date: /home/adam-falkowski/arduinobot_ws/install/aduinobot_moveit/share/ament_index/resource_index/package_run_dependencies/aduinobot_moveit
[0.096s] -- Up-to-date: /home/adam-falkowski/arduinobot_ws/install/aduinobot_moveit/share/ament_index/resource_index/parent_prefix_path/aduinobot_moveit
[0.097s] -- Up-to-date: /home/adam-falkowski/arduinobot_ws/install/aduinobot_moveit/share/aduinobot_moveit/environment/ament_prefix_path.sh
[0.097s] -- Up-to-date: /home/adam-falkowski/arduinobot_ws/install/aduinobot_moveit/share/aduinobot_moveit/environment/ament_prefix_path.dsv
[0.097s] -- Up-to-date: /home/adam-falkowski/arduinobot_ws/install/aduinobot_moveit/share/aduinobot_moveit/environment/path.sh
[0.097s] -- Up-to-date: /home/adam-falkowski/arduinobot_ws/install/aduinobot_moveit/share/aduinobot_moveit/environment/path.dsv
[0.098s] -- Up-to-date: /home/adam-falkowski/arduinobot_ws/install/aduinobot_moveit/share/aduinobot_moveit/local_setup.bash
[0.098s] -- Up-to-date: /home/adam-falkowski/arduinobot_ws/install/aduinobot_moveit/share/aduinobot_moveit/local_setup.sh
[0.098s] -- Up-to-date: /home/adam-falkowski/arduinobot_ws/install/aduinobot_moveit/share/aduinobot_moveit/local_setup.zsh
[0.099s] -- Up-to-date: /home/adam-falkowski/arduinobot_ws/install/aduinobot_moveit/share/aduinobot_moveit/local_setup.dsv
[0.099s] -- Up-to-date: /home/adam-falkowski/arduinobot_ws/install/aduinobot_moveit/share/aduinobot_moveit/package.dsv
[0.100s] -- Up-to-date: /home/adam-falkowski/arduinobot_ws/install/aduinobot_moveit/share/ament_index/resource_index/packages/aduinobot_moveit
[0.100s] -- Up-to-date: /home/adam-falkowski/arduinobot_ws/install/aduinobot_moveit/share/aduinobot_moveit/cmake/aduinobot_moveitConfig.cmake
[0.100s] -- Up-to-date: /home/adam-falkowski/arduinobot_ws/install/aduinobot_moveit/share/aduinobot_moveit/cmake/aduinobot_moveitConfig-version.cmake
[0.100s] -- Up-to-date: /home/adam-falkowski/arduinobot_ws/install/aduinobot_moveit/share/aduinobot_moveit/package.xml
[0.137s] Invoked command in '/home/adam-falkowski/arduinobot_ws/build/aduinobot_moveit' returned '0': CMAKE_PREFIX_PATH=${CMAKE_PREFIX_PATH}:/opt/ros/jazzy DEBUGINFOD_URLS=https://debuginfod.ubuntu.com /usr/bin/cmake --install /home/adam-falkowski/arduinobot_ws/build/aduinobot_moveit
