[0.015s] Invoking command in '/home/adam-falkowski/arduinobot_ws/build/arduinobot_messages': CMAKE_PREFIX_PATH=${CMAKE_PREFIX_PATH}:/home/adam-falkowski/arduinobot_ws/install/arduinobot_py_examples:/opt/ros/jazzy DEBUGINFOD_URLS=https://debuginfod.ubuntu.com /usr/bin/cmake --build /home/adam-falkowski/arduinobot_ws/build/arduinobot_messages -- -j12 -l12
[0.081s] [  1%] Built target arduinobot_messages__rosidl_generator_type_description
[0.098s] [  1%] Built target ament_cmake_python_copy_arduinobot_messages
[0.115s] [  3%] Built target arduinobot_messages__cpp
[0.115s] [ 25%] Built target arduinobot_messages__rosidl_generator_c
[0.154s] [ 34%] Built target arduinobot_messages__rosidl_typesupport_introspection_c
[0.160s] [ 43%] Built target arduinobot_messages__rosidl_typesupport_c
[0.164s] [ 53%] Built target arduinobot_messages__rosidl_typesupport_cpp
[0.166s] [ 62%] Built target arduinobot_messages__rosidl_typesupport_fastrtps_cpp
[0.167s] [ 76%] Built target arduinobot_messages__rosidl_typesupport_introspection_cpp
[0.167s] [ 81%] Built target arduinobot_messages__rosidl_typesupport_fastrtps_c
[0.197s] [ 81%] Built target arduinobot_messages
[0.230s] [ 82%] Built target arduinobot_messages__py
[0.265s] [ 90%] Built target arduinobot_messages__rosidl_generator_py
[0.298s] [100%] Built target arduinobot_messages_s__rosidl_typesupport_introspection_c
[0.298s] [100%] Built target arduinobot_messages_s__rosidl_typesupport_fastrtps_c
[0.298s] [100%] Built target arduinobot_messages_s__rosidl_typesupport_c
[0.423s] running egg_info
[0.460s] writing arduinobot_messages.egg-info/PKG-INFO
[0.460s] writing dependency_links to arduinobot_messages.egg-info/dependency_links.txt
[0.461s] writing top-level names to arduinobot_messages.egg-info/top_level.txt
[0.564s] reading manifest file 'arduinobot_messages.egg-info/SOURCES.txt'
[0.565s] writing manifest file 'arduinobot_messages.egg-info/SOURCES.txt'
[0.594s] [100%] Built target ament_cmake_python_build_arduinobot_messages_egg
[0.610s] Invoked command in '/home/adam-falkowski/arduinobot_ws/build/arduinobot_messages' returned '0': CMAKE_PREFIX_PATH=${CMAKE_PREFIX_PATH}:/home/adam-falkowski/arduinobot_ws/install/arduinobot_py_examples:/opt/ros/jazzy DEBUGINFOD_URLS=https://debuginfod.ubuntu.com /usr/bin/cmake --build /home/adam-falkowski/arduinobot_ws/build/arduinobot_messages -- -j12 -l12
[0.611s] Invoking command in '/home/adam-falkowski/arduinobot_ws/build/arduinobot_messages': CMAKE_PREFIX_PATH=${CMAKE_PREFIX_PATH}:/home/adam-falkowski/arduinobot_ws/install/arduinobot_py_examples:/opt/ros/jazzy DEBUGINFOD_URLS=https://debuginfod.ubuntu.com /usr/bin/cmake --install /home/adam-falkowski/arduinobot_ws/build/arduinobot_messages
[0.623s] -- Install configuration: ""
[0.623s] -- Up-to-date: /home/adam-falkowski/arduinobot_ws/install/arduinobot_messages/share/ament_index/resource_index/rosidl_interfaces/arduinobot_messages
[0.623s] -- Up-to-date: /home/adam-falkowski/arduinobot_ws/install/arduinobot_messages/share/arduinobot_messages/srv/AddTwoInts.json
[0.623s] -- Up-to-date: /home/adam-falkowski/arduinobot_ws/install/arduinobot_messages/share/arduinobot_messages/srv/EulerToQuaternion.json
[0.623s] -- Up-to-date: /home/adam-falkowski/arduinobot_ws/install/arduinobot_messages/share/arduinobot_messages/srv/QuaternionToEuler.json
[0.623s] -- Up-to-date: /home/adam-falkowski/arduinobot_ws/install/arduinobot_messages/share/arduinobot_messages/action/Fibonacci.json
[0.623s] -- Up-to-date: /home/adam-falkowski/arduinobot_ws/install/arduinobot_messages/include/arduinobot_messages/arduinobot_messages
[0.623s] -- Up-to-date: /home/adam-falkowski/arduinobot_ws/install/arduinobot_messages/include/arduinobot_messages/arduinobot_messages/srv
[0.624s] -- Up-to-date: /home/adam-falkowski/arduinobot_ws/install/arduinobot_messages/include/arduinobot_messages/arduinobot_messages/srv/add_two_ints.h
[0.624s] -- Up-to-date: /home/adam-falkowski/arduinobot_ws/install/arduinobot_messages/include/arduinobot_messages/arduinobot_messages/srv/detail
[0.624s] -- Up-to-date: /home/adam-falkowski/arduinobot_ws/install/arduinobot_messages/include/arduinobot_messages/arduinobot_messages/srv/detail/euler_to_quaternion__type_support.c
[0.624s] -- Up-to-date: /home/adam-falkowski/arduinobot_ws/install/arduinobot_messages/include/arduinobot_messages/arduinobot_messages/srv/detail/quaternion_to_euler__description.c
[0.624s] -- Up-to-date: /home/adam-falkowski/arduinobot_ws/install/arduinobot_messages/include/arduinobot_messages/arduinobot_messages/srv/detail/euler_to_quaternion__type_support.h
[0.624s] -- Up-to-date: /home/adam-falkowski/arduinobot_ws/install/arduinobot_messages/include/arduinobot_messages/arduinobot_messages/srv/detail/add_two_ints__functions.c
[0.624s] -- Up-to-date: /home/adam-falkowski/arduinobot_ws/install/arduinobot_messages/include/arduinobot_messages/arduinobot_messages/srv/detail/euler_to_quaternion__functions.c
[0.624s] -- Up-to-date: /home/adam-falkowski/arduinobot_ws/install/arduinobot_messages/include/arduinobot_messages/arduinobot_messages/srv/detail/euler_to_quaternion__struct.h
[0.624s] -- Up-to-date: /home/adam-falkowski/arduinobot_ws/install/arduinobot_messages/include/arduinobot_messages/arduinobot_messages/srv/detail/quaternion_to_euler__struct.h
[0.625s] -- Up-to-date: /home/adam-falkowski/arduinobot_ws/install/arduinobot_messages/include/arduinobot_messages/arduinobot_messages/srv/detail/add_two_ints__description.c
[0.625s] -- Up-to-date: /home/adam-falkowski/arduinobot_ws/install/arduinobot_messages/include/arduinobot_messages/arduinobot_messages/srv/detail/quaternion_to_euler__type_support.h
[0.625s] -- Up-to-date: /home/adam-falkowski/arduinobot_ws/install/arduinobot_messages/include/arduinobot_messages/arduinobot_messages/srv/detail/quaternion_to_euler__functions.h
[0.625s] -- Up-to-date: /home/adam-falkowski/arduinobot_ws/install/arduinobot_messages/include/arduinobot_messages/arduinobot_messages/srv/detail/add_two_ints__struct.h
[0.625s] -- Up-to-date: /home/adam-falkowski/arduinobot_ws/install/arduinobot_messages/include/arduinobot_messages/arduinobot_messages/srv/detail/quaternion_to_euler__functions.c
[0.625s] -- Up-to-date: /home/adam-falkowski/arduinobot_ws/install/arduinobot_messages/include/arduinobot_messages/arduinobot_messages/srv/detail/add_two_ints__functions.h
[0.625s] -- Up-to-date: /home/adam-falkowski/arduinobot_ws/install/arduinobot_messages/include/arduinobot_messages/arduinobot_messages/srv/detail/quaternion_to_euler__type_support.c
[0.625s] -- Up-to-date: /home/adam-falkowski/arduinobot_ws/install/arduinobot_messages/include/arduinobot_messages/arduinobot_messages/srv/detail/euler_to_quaternion__functions.h
[0.625s] -- Up-to-date: /home/adam-falkowski/arduinobot_ws/install/arduinobot_messages/include/arduinobot_messages/arduinobot_messages/srv/detail/add_two_ints__type_support.c
[0.626s] -- Up-to-date: /home/adam-falkowski/arduinobot_ws/install/arduinobot_messages/include/arduinobot_messages/arduinobot_messages/srv/detail/euler_to_quaternion__description.c
[0.626s] -- Up-to-date: /home/adam-falkowski/arduinobot_ws/install/arduinobot_messages/include/arduinobot_messages/arduinobot_messages/srv/detail/add_two_ints__type_support.h
[0.626s] -- Up-to-date: /home/adam-falkowski/arduinobot_ws/install/arduinobot_messages/include/arduinobot_messages/arduinobot_messages/srv/euler_to_quaternion.h
[0.626s] -- Up-to-date: /home/adam-falkowski/arduinobot_ws/install/arduinobot_messages/include/arduinobot_messages/arduinobot_messages/srv/quaternion_to_euler.h
[0.626s] -- Up-to-date: /home/adam-falkowski/arduinobot_ws/install/arduinobot_messages/include/arduinobot_messages/arduinobot_messages/action
[0.626s] -- Up-to-date: /home/adam-falkowski/arduinobot_ws/install/arduinobot_messages/include/arduinobot_messages/arduinobot_messages/action/detail
[0.626s] -- Up-to-date: /home/adam-falkowski/arduinobot_ws/install/arduinobot_messages/include/arduinobot_messages/arduinobot_messages/action/detail/fibonacci__description.c
[0.626s] -- Up-to-date: /home/adam-falkowski/arduinobot_ws/install/arduinobot_messages/include/arduinobot_messages/arduinobot_messages/action/detail/fibonacci__type_support.c
[0.626s] -- Up-to-date: /home/adam-falkowski/arduinobot_ws/install/arduinobot_messages/include/arduinobot_messages/arduinobot_messages/action/detail/fibonacci__functions.c
[0.627s] -- Up-to-date: /home/adam-falkowski/arduinobot_ws/install/arduinobot_messages/include/arduinobot_messages/arduinobot_messages/action/detail/fibonacci__type_support.h
[0.627s] -- Up-to-date: /home/adam-falkowski/arduinobot_ws/install/arduinobot_messages/include/arduinobot_messages/arduinobot_messages/action/detail/fibonacci__functions.h
[0.627s] -- Up-to-date: /home/adam-falkowski/arduinobot_ws/install/arduinobot_messages/include/arduinobot_messages/arduinobot_messages/action/detail/fibonacci__struct.h
[0.627s] -- Up-to-date: /home/adam-falkowski/arduinobot_ws/install/arduinobot_messages/include/arduinobot_messages/arduinobot_messages/action/fibonacci.h
[0.627s] -- Up-to-date: /home/adam-falkowski/arduinobot_ws/install/arduinobot_messages/include/arduinobot_messages/arduinobot_messages/msg
[0.627s] -- Up-to-date: /home/adam-falkowski/arduinobot_ws/install/arduinobot_messages/include/arduinobot_messages/arduinobot_messages/msg/rosidl_generator_c__visibility_control.h
[0.627s] -- Up-to-date: /home/adam-falkowski/arduinobot_ws/install/arduinobot_messages/share/arduinobot_messages/environment/library_path.sh
[0.627s] -- Up-to-date: /home/adam-falkowski/arduinobot_ws/install/arduinobot_messages/share/arduinobot_messages/environment/library_path.dsv
[0.627s] -- Up-to-date: /home/adam-falkowski/arduinobot_ws/install/arduinobot_messages/lib/libarduinobot_messages__rosidl_generator_c.so
[0.628s] -- Up-to-date: /home/adam-falkowski/arduinobot_ws/install/arduinobot_messages/include/arduinobot_messages/arduinobot_messages
[0.628s] -- Up-to-date: /home/adam-falkowski/arduinobot_ws/install/arduinobot_messages/include/arduinobot_messages/arduinobot_messages/srv
[0.628s] -- Up-to-date: /home/adam-falkowski/arduinobot_ws/install/arduinobot_messages/include/arduinobot_messages/arduinobot_messages/srv/detail
[0.628s] -- Up-to-date: /home/adam-falkowski/arduinobot_ws/install/arduinobot_messages/include/arduinobot_messages/arduinobot_messages/srv/detail/add_two_ints__rosidl_typesupport_fastrtps_c.h
[0.628s] -- Up-to-date: /home/adam-falkowski/arduinobot_ws/install/arduinobot_messages/include/arduinobot_messages/arduinobot_messages/srv/detail/quaternion_to_euler__rosidl_typesupport_fastrtps_c.h
[0.628s] -- Up-to-date: /home/adam-falkowski/arduinobot_ws/install/arduinobot_messages/include/arduinobot_messages/arduinobot_messages/srv/detail/euler_to_quaternion__rosidl_typesupport_fastrtps_c.h
[0.628s] -- Up-to-date: /home/adam-falkowski/arduinobot_ws/install/arduinobot_messages/include/arduinobot_messages/arduinobot_messages/action
[0.628s] -- Up-to-date: /home/adam-falkowski/arduinobot_ws/install/arduinobot_messages/include/arduinobot_messages/arduinobot_messages/action/detail
[0.628s] -- Up-to-date: /home/adam-falkowski/arduinobot_ws/install/arduinobot_messages/include/arduinobot_messages/arduinobot_messages/action/detail/fibonacci__rosidl_typesupport_fastrtps_c.h
[0.629s] -- Up-to-date: /home/adam-falkowski/arduinobot_ws/install/arduinobot_messages/include/arduinobot_messages/arduinobot_messages/msg
[0.629s] -- Up-to-date: /home/adam-falkowski/arduinobot_ws/install/arduinobot_messages/include/arduinobot_messages/arduinobot_messages/msg/rosidl_typesupport_fastrtps_c__visibility_control.h
[0.629s] -- Up-to-date: /home/adam-falkowski/arduinobot_ws/install/arduinobot_messages/lib/libarduinobot_messages__rosidl_typesupport_fastrtps_c.so
[0.629s] -- Up-to-date: /home/adam-falkowski/arduinobot_ws/install/arduinobot_messages/include/arduinobot_messages/arduinobot_messages
[0.629s] -- Up-to-date: /home/adam-falkowski/arduinobot_ws/install/arduinobot_messages/include/arduinobot_messages/arduinobot_messages/srv
[0.629s] -- Up-to-date: /home/adam-falkowski/arduinobot_ws/install/arduinobot_messages/include/arduinobot_messages/arduinobot_messages/srv/add_two_ints.hpp
[0.629s] -- Up-to-date: /home/adam-falkowski/arduinobot_ws/install/arduinobot_messages/include/arduinobot_messages/arduinobot_messages/srv/detail
[0.629s] -- Up-to-date: /home/adam-falkowski/arduinobot_ws/install/arduinobot_messages/include/arduinobot_messages/arduinobot_messages/srv/detail/euler_to_quaternion__type_support.hpp
[0.629s] -- Up-to-date: /home/adam-falkowski/arduinobot_ws/install/arduinobot_messages/include/arduinobot_messages/arduinobot_messages/srv/detail/add_two_ints__traits.hpp
[0.630s] -- Up-to-date: /home/adam-falkowski/arduinobot_ws/install/arduinobot_messages/include/arduinobot_messages/arduinobot_messages/srv/detail/add_two_ints__builder.hpp
[0.630s] -- Up-to-date: /home/adam-falkowski/arduinobot_ws/install/arduinobot_messages/include/arduinobot_messages/arduinobot_messages/srv/detail/quaternion_to_euler__type_support.hpp
[0.630s] -- Up-to-date: /home/adam-falkowski/arduinobot_ws/install/arduinobot_messages/include/arduinobot_messages/arduinobot_messages/srv/detail/euler_to_quaternion__traits.hpp
[0.630s] -- Up-to-date: /home/adam-falkowski/arduinobot_ws/install/arduinobot_messages/include/arduinobot_messages/arduinobot_messages/srv/detail/quaternion_to_euler__builder.hpp
[0.630s] -- Up-to-date: /home/adam-falkowski/arduinobot_ws/install/arduinobot_messages/include/arduinobot_messages/arduinobot_messages/srv/detail/quaternion_to_euler__struct.hpp
[0.630s] -- Up-to-date: /home/adam-falkowski/arduinobot_ws/install/arduinobot_messages/include/arduinobot_messages/arduinobot_messages/srv/detail/add_two_ints__struct.hpp
[0.630s] -- Up-to-date: /home/adam-falkowski/arduinobot_ws/install/arduinobot_messages/include/arduinobot_messages/arduinobot_messages/srv/detail/add_two_ints__type_support.hpp
[0.630s] -- Up-to-date: /home/adam-falkowski/arduinobot_ws/install/arduinobot_messages/include/arduinobot_messages/arduinobot_messages/srv/detail/euler_to_quaternion__builder.hpp
[0.630s] -- Up-to-date: /home/adam-falkowski/arduinobot_ws/install/arduinobot_messages/include/arduinobot_messages/arduinobot_messages/srv/detail/quaternion_to_euler__traits.hpp
[0.630s] -- Up-to-date: /home/adam-falkowski/arduinobot_ws/install/arduinobot_messages/include/arduinobot_messages/arduinobot_messages/srv/detail/euler_to_quaternion__struct.hpp
[0.630s] -- Up-to-date: /home/adam-falkowski/arduinobot_ws/install/arduinobot_messages/include/arduinobot_messages/arduinobot_messages/srv/quaternion_to_euler.hpp
[0.631s] -- Up-to-date: /home/adam-falkowski/arduinobot_ws/install/arduinobot_messages/include/arduinobot_messages/arduinobot_messages/srv/euler_to_quaternion.hpp
[0.631s] -- Up-to-date: /home/adam-falkowski/arduinobot_ws/install/arduinobot_messages/include/arduinobot_messages/arduinobot_messages/action
[0.631s] -- Up-to-date: /home/adam-falkowski/arduinobot_ws/install/arduinobot_messages/include/arduinobot_messages/arduinobot_messages/action/detail
[0.631s] -- Up-to-date: /home/adam-falkowski/arduinobot_ws/install/arduinobot_messages/include/arduinobot_messages/arduinobot_messages/action/detail/fibonacci__struct.hpp
[0.631s] -- Up-to-date: /home/adam-falkowski/arduinobot_ws/install/arduinobot_messages/include/arduinobot_messages/arduinobot_messages/action/detail/fibonacci__traits.hpp
[0.631s] -- Up-to-date: /home/adam-falkowski/arduinobot_ws/install/arduinobot_messages/include/arduinobot_messages/arduinobot_messages/action/detail/fibonacci__type_support.hpp
[0.631s] -- Up-to-date: /home/adam-falkowski/arduinobot_ws/install/arduinobot_messages/include/arduinobot_messages/arduinobot_messages/action/detail/fibonacci__builder.hpp
[0.631s] -- Up-to-date: /home/adam-falkowski/arduinobot_ws/install/arduinobot_messages/include/arduinobot_messages/arduinobot_messages/action/fibonacci.hpp
[0.631s] -- Up-to-date: /home/adam-falkowski/arduinobot_ws/install/arduinobot_messages/include/arduinobot_messages/arduinobot_messages/msg
[0.631s] -- Up-to-date: /home/adam-falkowski/arduinobot_ws/install/arduinobot_messages/include/arduinobot_messages/arduinobot_messages/msg/rosidl_generator_cpp__visibility_control.hpp
[0.631s] -- Up-to-date: /home/adam-falkowski/arduinobot_ws/install/arduinobot_messages/include/arduinobot_messages/arduinobot_messages
[0.632s] -- Up-to-date: /home/adam-falkowski/arduinobot_ws/install/arduinobot_messages/include/arduinobot_messages/arduinobot_messages/srv
[0.632s] -- Up-to-date: /home/adam-falkowski/arduinobot_ws/install/arduinobot_messages/include/arduinobot_messages/arduinobot_messages/srv/detail
[0.632s] -- Up-to-date: /home/adam-falkowski/arduinobot_ws/install/arduinobot_messages/include/arduinobot_messages/arduinobot_messages/srv/detail/dds_fastrtps
[0.632s] -- Up-to-date: /home/adam-falkowski/arduinobot_ws/install/arduinobot_messages/include/arduinobot_messages/arduinobot_messages/srv/detail/euler_to_quaternion__rosidl_typesupport_fastrtps_cpp.hpp
[0.632s] -- Up-to-date: /home/adam-falkowski/arduinobot_ws/install/arduinobot_messages/include/arduinobot_messages/arduinobot_messages/srv/detail/quaternion_to_euler__rosidl_typesupport_fastrtps_cpp.hpp
[0.632s] -- Up-to-date: /home/adam-falkowski/arduinobot_ws/install/arduinobot_messages/include/arduinobot_messages/arduinobot_messages/srv/detail/add_two_ints__rosidl_typesupport_fastrtps_cpp.hpp
[0.632s] -- Up-to-date: /home/adam-falkowski/arduinobot_ws/install/arduinobot_messages/include/arduinobot_messages/arduinobot_messages/action
[0.632s] -- Up-to-date: /home/adam-falkowski/arduinobot_ws/install/arduinobot_messages/include/arduinobot_messages/arduinobot_messages/action/detail
[0.632s] -- Up-to-date: /home/adam-falkowski/arduinobot_ws/install/arduinobot_messages/include/arduinobot_messages/arduinobot_messages/action/detail/dds_fastrtps
[0.632s] -- Up-to-date: /home/adam-falkowski/arduinobot_ws/install/arduinobot_messages/include/arduinobot_messages/arduinobot_messages/action/detail/fibonacci__rosidl_typesupport_fastrtps_cpp.hpp
[0.633s] -- Up-to-date: /home/adam-falkowski/arduinobot_ws/install/arduinobot_messages/include/arduinobot_messages/arduinobot_messages/msg
[0.633s] -- Up-to-date: /home/adam-falkowski/arduinobot_ws/install/arduinobot_messages/include/arduinobot_messages/arduinobot_messages/msg/rosidl_typesupport_fastrtps_cpp__visibility_control.h
[0.633s] -- Up-to-date: /home/adam-falkowski/arduinobot_ws/install/arduinobot_messages/lib/libarduinobot_messages__rosidl_typesupport_fastrtps_cpp.so
[0.633s] -- Up-to-date: /home/adam-falkowski/arduinobot_ws/install/arduinobot_messages/include/arduinobot_messages/arduinobot_messages
[0.633s] -- Up-to-date: /home/adam-falkowski/arduinobot_ws/install/arduinobot_messages/include/arduinobot_messages/arduinobot_messages/srv
[0.633s] -- Up-to-date: /home/adam-falkowski/arduinobot_ws/install/arduinobot_messages/include/arduinobot_messages/arduinobot_messages/srv/detail
[0.633s] -- Up-to-date: /home/adam-falkowski/arduinobot_ws/install/arduinobot_messages/include/arduinobot_messages/arduinobot_messages/srv/detail/euler_to_quaternion__type_support.c
[0.633s] -- Up-to-date: /home/adam-falkowski/arduinobot_ws/install/arduinobot_messages/include/arduinobot_messages/arduinobot_messages/srv/detail/quaternion_to_euler__rosidl_typesupport_introspection_c.h
[0.633s] -- Up-to-date: /home/adam-falkowski/arduinobot_ws/install/arduinobot_messages/include/arduinobot_messages/arduinobot_messages/srv/detail/add_two_ints__rosidl_typesupport_introspection_c.h
[0.633s] -- Up-to-date: /home/adam-falkowski/arduinobot_ws/install/arduinobot_messages/include/arduinobot_messages/arduinobot_messages/srv/detail/quaternion_to_euler__type_support.c
[0.633s] -- Up-to-date: /home/adam-falkowski/arduinobot_ws/install/arduinobot_messages/include/arduinobot_messages/arduinobot_messages/srv/detail/add_two_ints__type_support.c
[0.634s] -- Up-to-date: /home/adam-falkowski/arduinobot_ws/install/arduinobot_messages/include/arduinobot_messages/arduinobot_messages/srv/detail/euler_to_quaternion__rosidl_typesupport_introspection_c.h
[0.634s] -- Up-to-date: /home/adam-falkowski/arduinobot_ws/install/arduinobot_messages/include/arduinobot_messages/arduinobot_messages/action
[0.634s] -- Up-to-date: /home/adam-falkowski/arduinobot_ws/install/arduinobot_messages/include/arduinobot_messages/arduinobot_messages/action/detail
[0.634s] -- Up-to-date: /home/adam-falkowski/arduinobot_ws/install/arduinobot_messages/include/arduinobot_messages/arduinobot_messages/action/detail/fibonacci__type_support.c
[0.634s] -- Up-to-date: /home/adam-falkowski/arduinobot_ws/install/arduinobot_messages/include/arduinobot_messages/arduinobot_messages/action/detail/fibonacci__rosidl_typesupport_introspection_c.h
[0.634s] -- Up-to-date: /home/adam-falkowski/arduinobot_ws/install/arduinobot_messages/include/arduinobot_messages/arduinobot_messages/msg
[0.634s] -- Up-to-date: /home/adam-falkowski/arduinobot_ws/install/arduinobot_messages/include/arduinobot_messages/arduinobot_messages/msg/rosidl_typesupport_introspection_c__visibility_control.h
[0.634s] -- Up-to-date: /home/adam-falkowski/arduinobot_ws/install/arduinobot_messages/lib/libarduinobot_messages__rosidl_typesupport_introspection_c.so
[0.634s] -- Up-to-date: /home/adam-falkowski/arduinobot_ws/install/arduinobot_messages/lib/libarduinobot_messages__rosidl_typesupport_c.so
[0.634s] -- Up-to-date: /home/adam-falkowski/arduinobot_ws/install/arduinobot_messages/include/arduinobot_messages/arduinobot_messages
[0.634s] -- Up-to-date: /home/adam-falkowski/arduinobot_ws/install/arduinobot_messages/include/arduinobot_messages/arduinobot_messages/srv
[0.634s] -- Up-to-date: /home/adam-falkowski/arduinobot_ws/install/arduinobot_messages/include/arduinobot_messages/arduinobot_messages/srv/detail
[0.635s] -- Up-to-date: /home/adam-falkowski/arduinobot_ws/install/arduinobot_messages/include/arduinobot_messages/arduinobot_messages/srv/detail/euler_to_quaternion__rosidl_typesupport_introspection_cpp.hpp
[0.635s] -- Up-to-date: /home/adam-falkowski/arduinobot_ws/install/arduinobot_messages/include/arduinobot_messages/arduinobot_messages/srv/detail/add_two_ints__type_support.cpp
[0.635s] -- Up-to-date: /home/adam-falkowski/arduinobot_ws/install/arduinobot_messages/include/arduinobot_messages/arduinobot_messages/srv/detail/add_two_ints__rosidl_typesupport_introspection_cpp.hpp
[0.635s] -- Up-to-date: /home/adam-falkowski/arduinobot_ws/install/arduinobot_messages/include/arduinobot_messages/arduinobot_messages/srv/detail/quaternion_to_euler__type_support.cpp
[0.635s] -- Up-to-date: /home/adam-falkowski/arduinobot_ws/install/arduinobot_messages/include/arduinobot_messages/arduinobot_messages/srv/detail/euler_to_quaternion__type_support.cpp
[0.635s] -- Up-to-date: /home/adam-falkowski/arduinobot_ws/install/arduinobot_messages/include/arduinobot_messages/arduinobot_messages/srv/detail/quaternion_to_euler__rosidl_typesupport_introspection_cpp.hpp
[0.635s] -- Up-to-date: /home/adam-falkowski/arduinobot_ws/install/arduinobot_messages/include/arduinobot_messages/arduinobot_messages/action
[0.635s] -- Up-to-date: /home/adam-falkowski/arduinobot_ws/install/arduinobot_messages/include/arduinobot_messages/arduinobot_messages/action/detail
[0.635s] -- Up-to-date: /home/adam-falkowski/arduinobot_ws/install/arduinobot_messages/include/arduinobot_messages/arduinobot_messages/action/detail/fibonacci__rosidl_typesupport_introspection_cpp.hpp
[0.635s] -- Up-to-date: /home/adam-falkowski/arduinobot_ws/install/arduinobot_messages/include/arduinobot_messages/arduinobot_messages/action/detail/fibonacci__type_support.cpp
[0.635s] -- Up-to-date: /home/adam-falkowski/arduinobot_ws/install/arduinobot_messages/lib/libarduinobot_messages__rosidl_typesupport_introspection_cpp.so
[0.635s] -- Up-to-date: /home/adam-falkowski/arduinobot_ws/install/arduinobot_messages/lib/libarduinobot_messages__rosidl_typesupport_cpp.so
[0.636s] -- Up-to-date: /home/adam-falkowski/arduinobot_ws/install/arduinobot_messages/share/arduinobot_messages/environment/pythonpath.sh
[0.636s] -- Up-to-date: /home/adam-falkowski/arduinobot_ws/install/arduinobot_messages/share/arduinobot_messages/environment/pythonpath.dsv
[0.636s] -- Up-to-date: /home/adam-falkowski/arduinobot_ws/install/arduinobot_messages/lib/python3.12/site-packages/arduinobot_messages-0.0.0-py3.12.egg-info
[0.636s] -- Installing: /home/adam-falkowski/arduinobot_ws/install/arduinobot_messages/lib/python3.12/site-packages/arduinobot_messages-0.0.0-py3.12.egg-info/PKG-INFO
[0.636s] -- Installing: /home/adam-falkowski/arduinobot_ws/install/arduinobot_messages/lib/python3.12/site-packages/arduinobot_messages-0.0.0-py3.12.egg-info/SOURCES.txt
[0.636s] -- Installing: /home/adam-falkowski/arduinobot_ws/install/arduinobot_messages/lib/python3.12/site-packages/arduinobot_messages-0.0.0-py3.12.egg-info/top_level.txt
[0.636s] -- Installing: /home/adam-falkowski/arduinobot_ws/install/arduinobot_messages/lib/python3.12/site-packages/arduinobot_messages-0.0.0-py3.12.egg-info/dependency_links.txt
[0.636s] -- Up-to-date: /home/adam-falkowski/arduinobot_ws/install/arduinobot_messages/lib/python3.12/site-packages/arduinobot_messages
[0.636s] -- Up-to-date: /home/adam-falkowski/arduinobot_ws/install/arduinobot_messages/lib/python3.12/site-packages/arduinobot_messages/srv
[0.636s] -- Up-to-date: /home/adam-falkowski/arduinobot_ws/install/arduinobot_messages/lib/python3.12/site-packages/arduinobot_messages/srv/_quaternion_to_euler.py
[0.636s] -- Up-to-date: /home/adam-falkowski/arduinobot_ws/install/arduinobot_messages/lib/python3.12/site-packages/arduinobot_messages/srv/_quaternion_to_euler_s.c
[0.636s] -- Up-to-date: /home/adam-falkowski/arduinobot_ws/install/arduinobot_messages/lib/python3.12/site-packages/arduinobot_messages/srv/__init__.py
[0.637s] -- Up-to-date: /home/adam-falkowski/arduinobot_ws/install/arduinobot_messages/lib/python3.12/site-packages/arduinobot_messages/srv/_euler_to_quaternion_s.c
[0.637s] -- Up-to-date: /home/adam-falkowski/arduinobot_ws/install/arduinobot_messages/lib/python3.12/site-packages/arduinobot_messages/srv/_add_two_ints.py
[0.637s] -- Up-to-date: /home/adam-falkowski/arduinobot_ws/install/arduinobot_messages/lib/python3.12/site-packages/arduinobot_messages/srv/_add_two_ints_s.c
[0.637s] -- Up-to-date: /home/adam-falkowski/arduinobot_ws/install/arduinobot_messages/lib/python3.12/site-packages/arduinobot_messages/srv/_euler_to_quaternion.py
[0.637s] -- Up-to-date: /home/adam-falkowski/arduinobot_ws/install/arduinobot_messages/lib/python3.12/site-packages/arduinobot_messages/_arduinobot_messages_s.ep.rosidl_typesupport_c.c
[0.637s] -- Up-to-date: /home/adam-falkowski/arduinobot_ws/install/arduinobot_messages/lib/python3.12/site-packages/arduinobot_messages/arduinobot_messages_s__rosidl_typesupport_introspection_c.so
[0.637s] -- Up-to-date: /home/adam-falkowski/arduinobot_ws/install/arduinobot_messages/lib/python3.12/site-packages/arduinobot_messages/action
[0.637s] -- Up-to-date: /home/adam-falkowski/arduinobot_ws/install/arduinobot_messages/lib/python3.12/site-packages/arduinobot_messages/action/_fibonacci.py
[0.637s] -- Up-to-date: /home/adam-falkowski/arduinobot_ws/install/arduinobot_messages/lib/python3.12/site-packages/arduinobot_messages/action/__init__.py
[0.637s] -- Up-to-date: /home/adam-falkowski/arduinobot_ws/install/arduinobot_messages/lib/python3.12/site-packages/arduinobot_messages/action/_fibonacci_s.c
[0.637s] -- Up-to-date: /home/adam-falkowski/arduinobot_ws/install/arduinobot_messages/lib/python3.12/site-packages/arduinobot_messages/_arduinobot_messages_s.ep.rosidl_typesupport_introspection_c.c
[0.637s] -- Up-to-date: /home/adam-falkowski/arduinobot_ws/install/arduinobot_messages/lib/python3.12/site-packages/arduinobot_messages/_arduinobot_messages_s.ep.rosidl_typesupport_fastrtps_c.c
[0.638s] -- Up-to-date: /home/adam-falkowski/arduinobot_ws/install/arduinobot_messages/lib/python3.12/site-packages/arduinobot_messages/__init__.py
[0.638s] -- Up-to-date: /home/adam-falkowski/arduinobot_ws/install/arduinobot_messages/lib/python3.12/site-packages/arduinobot_messages/arduinobot_messages_s__rosidl_typesupport_c.so
[0.638s] -- Up-to-date: /home/adam-falkowski/arduinobot_ws/install/arduinobot_messages/lib/python3.12/site-packages/arduinobot_messages/arduinobot_messages_s__rosidl_typesupport_fastrtps_c.so
[0.672s] Listing '/home/adam-falkowski/arduinobot_ws/install/arduinobot_messages/lib/python3.12/site-packages/arduinobot_messages'...
[0.673s] Listing '/home/adam-falkowski/arduinobot_ws/install/arduinobot_messages/lib/python3.12/site-packages/arduinobot_messages/action'...
[0.673s] Listing '/home/adam-falkowski/arduinobot_ws/install/arduinobot_messages/lib/python3.12/site-packages/arduinobot_messages/srv'...
[0.678s] -- Up-to-date: /home/adam-falkowski/arduinobot_ws/install/arduinobot_messages/lib/python3.12/site-packages/arduinobot_messages/arduinobot_messages_s__rosidl_typesupport_fastrtps_c.so
[0.679s] -- Up-to-date: /home/adam-falkowski/arduinobot_ws/install/arduinobot_messages/lib/python3.12/site-packages/arduinobot_messages/arduinobot_messages_s__rosidl_typesupport_introspection_c.so
[0.679s] -- Up-to-date: /home/adam-falkowski/arduinobot_ws/install/arduinobot_messages/lib/python3.12/site-packages/arduinobot_messages/arduinobot_messages_s__rosidl_typesupport_c.so
[0.680s] -- Up-to-date: /home/adam-falkowski/arduinobot_ws/install/arduinobot_messages/lib/libarduinobot_messages__rosidl_generator_py.so
[0.680s] -- Up-to-date: /home/adam-falkowski/arduinobot_ws/install/arduinobot_messages/share/arduinobot_messages/srv/AddTwoInts.idl
[0.681s] -- Up-to-date: /home/adam-falkowski/arduinobot_ws/install/arduinobot_messages/share/arduinobot_messages/srv/EulerToQuaternion.idl
[0.681s] -- Up-to-date: /home/adam-falkowski/arduinobot_ws/install/arduinobot_messages/share/arduinobot_messages/srv/QuaternionToEuler.idl
[0.681s] -- Up-to-date: /home/adam-falkowski/arduinobot_ws/install/arduinobot_messages/share/arduinobot_messages/action/Fibonacci.idl
[0.681s] -- Up-to-date: /home/adam-falkowski/arduinobot_ws/install/arduinobot_messages/share/arduinobot_messages/srv/AddTwoInts.srv
[0.681s] -- Up-to-date: /home/adam-falkowski/arduinobot_ws/install/arduinobot_messages/share/arduinobot_messages/srv/EulerToQuaternion.srv
[0.682s] -- Up-to-date: /home/adam-falkowski/arduinobot_ws/install/arduinobot_messages/share/arduinobot_messages/srv/QuaternionToEuler.srv
[0.682s] -- Up-to-date: /home/adam-falkowski/arduinobot_ws/install/arduinobot_messages/share/arduinobot_messages/action/Fibonacci.action
[0.682s] -- Up-to-date: /home/adam-falkowski/arduinobot_ws/install/arduinobot_messages/share/ament_index/resource_index/package_run_dependencies/arduinobot_messages
[0.682s] -- Up-to-date: /home/adam-falkowski/arduinobot_ws/install/arduinobot_messages/share/ament_index/resource_index/parent_prefix_path/arduinobot_messages
[0.682s] -- Up-to-date: /home/adam-falkowski/arduinobot_ws/install/arduinobot_messages/share/arduinobot_messages/environment/ament_prefix_path.sh
[0.682s] -- Up-to-date: /home/adam-falkowski/arduinobot_ws/install/arduinobot_messages/share/arduinobot_messages/environment/ament_prefix_path.dsv
[0.682s] -- Up-to-date: /home/adam-falkowski/arduinobot_ws/install/arduinobot_messages/share/arduinobot_messages/environment/path.sh
[0.682s] -- Up-to-date: /home/adam-falkowski/arduinobot_ws/install/arduinobot_messages/share/arduinobot_messages/environment/path.dsv
[0.683s] -- Up-to-date: /home/adam-falkowski/arduinobot_ws/install/arduinobot_messages/share/arduinobot_messages/local_setup.bash
[0.683s] -- Up-to-date: /home/adam-falkowski/arduinobot_ws/install/arduinobot_messages/share/arduinobot_messages/local_setup.sh
[0.683s] -- Up-to-date: /home/adam-falkowski/arduinobot_ws/install/arduinobot_messages/share/arduinobot_messages/local_setup.zsh
[0.683s] -- Up-to-date: /home/adam-falkowski/arduinobot_ws/install/arduinobot_messages/share/arduinobot_messages/local_setup.dsv
[0.683s] -- Installing: /home/adam-falkowski/arduinobot_ws/install/arduinobot_messages/share/arduinobot_messages/package.dsv
[0.683s] -- Up-to-date: /home/adam-falkowski/arduinobot_ws/install/arduinobot_messages/share/ament_index/resource_index/packages/arduinobot_messages
[0.683s] -- Up-to-date: /home/adam-falkowski/arduinobot_ws/install/arduinobot_messages/share/arduinobot_messages/cmake/export_arduinobot_messages__rosidl_generator_cExport.cmake
[0.683s] -- Up-to-date: /home/adam-falkowski/arduinobot_ws/install/arduinobot_messages/share/arduinobot_messages/cmake/export_arduinobot_messages__rosidl_generator_cExport-noconfig.cmake
[0.683s] -- Up-to-date: /home/adam-falkowski/arduinobot_ws/install/arduinobot_messages/share/arduinobot_messages/cmake/export_arduinobot_messages__rosidl_typesupport_fastrtps_cExport.cmake
[0.684s] -- Up-to-date: /home/adam-falkowski/arduinobot_ws/install/arduinobot_messages/share/arduinobot_messages/cmake/export_arduinobot_messages__rosidl_typesupport_fastrtps_cExport-noconfig.cmake
[0.684s] -- Up-to-date: /home/adam-falkowski/arduinobot_ws/install/arduinobot_messages/share/arduinobot_messages/cmake/export_arduinobot_messages__rosidl_generator_cppExport.cmake
[0.684s] -- Up-to-date: /home/adam-falkowski/arduinobot_ws/install/arduinobot_messages/share/arduinobot_messages/cmake/export_arduinobot_messages__rosidl_typesupport_fastrtps_cppExport.cmake
[0.684s] -- Up-to-date: /home/adam-falkowski/arduinobot_ws/install/arduinobot_messages/share/arduinobot_messages/cmake/export_arduinobot_messages__rosidl_typesupport_fastrtps_cppExport-noconfig.cmake
[0.684s] -- Up-to-date: /home/adam-falkowski/arduinobot_ws/install/arduinobot_messages/share/arduinobot_messages/cmake/arduinobot_messages__rosidl_typesupport_introspection_cExport.cmake
[0.684s] -- Up-to-date: /home/adam-falkowski/arduinobot_ws/install/arduinobot_messages/share/arduinobot_messages/cmake/arduinobot_messages__rosidl_typesupport_introspection_cExport-noconfig.cmake
[0.684s] -- Up-to-date: /home/adam-falkowski/arduinobot_ws/install/arduinobot_messages/share/arduinobot_messages/cmake/arduinobot_messages__rosidl_typesupport_cExport.cmake
[0.684s] -- Up-to-date: /home/adam-falkowski/arduinobot_ws/install/arduinobot_messages/share/arduinobot_messages/cmake/arduinobot_messages__rosidl_typesupport_cExport-noconfig.cmake
[0.684s] -- Up-to-date: /home/adam-falkowski/arduinobot_ws/install/arduinobot_messages/share/arduinobot_messages/cmake/arduinobot_messages__rosidl_typesupport_introspection_cppExport.cmake
[0.684s] -- Up-to-date: /home/adam-falkowski/arduinobot_ws/install/arduinobot_messages/share/arduinobot_messages/cmake/arduinobot_messages__rosidl_typesupport_introspection_cppExport-noconfig.cmake
[0.685s] -- Up-to-date: /home/adam-falkowski/arduinobot_ws/install/arduinobot_messages/share/arduinobot_messages/cmake/arduinobot_messages__rosidl_typesupport_cppExport.cmake
[0.685s] -- Up-to-date: /home/adam-falkowski/arduinobot_ws/install/arduinobot_messages/share/arduinobot_messages/cmake/arduinobot_messages__rosidl_typesupport_cppExport-noconfig.cmake
[0.685s] -- Up-to-date: /home/adam-falkowski/arduinobot_ws/install/arduinobot_messages/share/arduinobot_messages/cmake/export_arduinobot_messages__rosidl_generator_pyExport.cmake
[0.685s] -- Up-to-date: /home/adam-falkowski/arduinobot_ws/install/arduinobot_messages/share/arduinobot_messages/cmake/export_arduinobot_messages__rosidl_generator_pyExport-noconfig.cmake
[0.685s] -- Up-to-date: /home/adam-falkowski/arduinobot_ws/install/arduinobot_messages/share/arduinobot_messages/cmake/rosidl_cmake-extras.cmake
[0.685s] -- Up-to-date: /home/adam-falkowski/arduinobot_ws/install/arduinobot_messages/share/arduinobot_messages/cmake/ament_cmake_export_dependencies-extras.cmake
[0.685s] -- Up-to-date: /home/adam-falkowski/arduinobot_ws/install/arduinobot_messages/share/arduinobot_messages/cmake/ament_cmake_export_include_directories-extras.cmake
[0.685s] -- Up-to-date: /home/adam-falkowski/arduinobot_ws/install/arduinobot_messages/share/arduinobot_messages/cmake/ament_cmake_export_libraries-extras.cmake
[0.685s] -- Up-to-date: /home/adam-falkowski/arduinobot_ws/install/arduinobot_messages/share/arduinobot_messages/cmake/ament_cmake_export_targets-extras.cmake
[0.685s] -- Up-to-date: /home/adam-falkowski/arduinobot_ws/install/arduinobot_messages/share/arduinobot_messages/cmake/rosidl_cmake_export_typesupport_targets-extras.cmake
[0.686s] -- Up-to-date: /home/adam-falkowski/arduinobot_ws/install/arduinobot_messages/share/arduinobot_messages/cmake/rosidl_cmake_export_typesupport_libraries-extras.cmake
[0.686s] -- Up-to-date: /home/adam-falkowski/arduinobot_ws/install/arduinobot_messages/share/arduinobot_messages/cmake/arduinobot_messagesConfig.cmake
[0.686s] -- Up-to-date: /home/adam-falkowski/arduinobot_ws/install/arduinobot_messages/share/arduinobot_messages/cmake/arduinobot_messagesConfig-version.cmake
[0.686s] -- Up-to-date: /home/adam-falkowski/arduinobot_ws/install/arduinobot_messages/share/arduinobot_messages/package.xml
[0.688s] Invoked command in '/home/adam-falkowski/arduinobot_ws/build/arduinobot_messages' returned '0': CMAKE_PREFIX_PATH=${CMAKE_PREFIX_PATH}:/home/adam-falkowski/arduinobot_ws/install/arduinobot_py_examples:/opt/ros/jazzy DEBUGINFOD_URLS=https://debuginfod.ubuntu.com /usr/bin/cmake --install /home/adam-falkowski/arduinobot_ws/build/arduinobot_messages
