[0.048s] Invoking command in '/home/administrator/arduinobot_ws/build/arduinobot_controller': CMAKE_PREFIX_PATH=${CMAKE_PREFIX_PATH}:/opt/ros/jazzy DEBUGINFOD_URLS=https://debuginfod.ubuntu.com /usr/bin/cmake --build /home/administrator/arduinobot_ws/build/arduinobot_controller -- -j6 -l6
[0.465s] Invoked command in '/home/administrator/arduinobot_ws/build/arduinobot_controller' returned '0': CMAKE_PREFIX_PATH=${CMAKE_PREFIX_PATH}:/opt/ros/jazzy DEBUGINFOD_URLS=https://debuginfod.ubuntu.com /usr/bin/cmake --build /home/administrator/arduinobot_ws/build/arduinobot_controller -- -j6 -l6
[0.483s] Invoking command in '/home/administrator/arduinobot_ws/build/arduinobot_controller': CMAKE_PREFIX_PATH=${CMAKE_PREFIX_PATH}:/opt/ros/jazzy DEBUGINFOD_URLS=https://debuginfod.ubuntu.com /usr/bin/cmake --install /home/administrator/arduinobot_ws/build/arduinobot_controller
[0.497s] -- Install configuration: ""
[0.499s] -- Up-to-date: /home/administrator/arduinobot_ws/install/arduinobot_controller/share/arduinobot_controller/config
[0.500s] -- Up-to-date: /home/administrator/arduinobot_ws/install/arduinobot_controller/share/arduinobot_controller/config/arduinobot_controllers.yaml
[0.502s] -- Up-to-date: /home/administrator/arduinobot_ws/install/arduinobot_controller/share/ament_index/resource_index/package_run_dependencies/arduinobot_controller
[0.504s] -- Up-to-date: /home/administrator/arduinobot_ws/install/arduinobot_controller/share/ament_index/resource_index/parent_prefix_path/arduinobot_controller
[0.504s] -- Up-to-date: /home/administrator/arduinobot_ws/install/arduinobot_controller/share/arduinobot_controller/environment/ament_prefix_path.sh
[0.504s] -- Up-to-date: /home/administrator/arduinobot_ws/install/arduinobot_controller/share/arduinobot_controller/environment/ament_prefix_path.dsv
[0.504s] -- Up-to-date: /home/administrator/arduinobot_ws/install/arduinobot_controller/share/arduinobot_controller/environment/path.sh
[0.504s] -- Up-to-date: /home/administrator/arduinobot_ws/install/arduinobot_controller/share/arduinobot_controller/environment/path.dsv
[0.505s] -- Up-to-date: /home/administrator/arduinobot_ws/install/arduinobot_controller/share/arduinobot_controller/local_setup.bash
[0.513s] -- Up-to-date: /home/administrator/arduinobot_ws/install/arduinobot_controller/share/arduinobot_controller/local_setup.sh
[0.513s] -- Up-to-date: /home/administrator/arduinobot_ws/install/arduinobot_controller/share/arduinobot_controller/local_setup.zsh
[0.514s] -- Up-to-date: /home/administrator/arduinobot_ws/install/arduinobot_controller/share/arduinobot_controller/local_setup.dsv
[0.514s] -- Installing: /home/administrator/arduinobot_ws/install/arduinobot_controller/share/arduinobot_controller/package.dsv
[0.514s] -- Up-to-date: /home/administrator/arduinobot_ws/install/arduinobot_controller/share/ament_index/resource_index/packages/arduinobot_controller
[0.514s] -- Up-to-date: /home/administrator/arduinobot_ws/install/arduinobot_controller/share/arduinobot_controller/cmake/arduinobot_controllerConfig.cmake
[0.514s] -- Up-to-date: /home/administrator/arduinobot_ws/install/arduinobot_controller/share/arduinobot_controller/cmake/arduinobot_controllerConfig-version.cmake
[0.514s] -- Up-to-date: /home/administrator/arduinobot_ws/install/arduinobot_controller/share/arduinobot_controller/package.xml
[0.516s] Invoked command in '/home/administrator/arduinobot_ws/build/arduinobot_controller' returned '0': CMAKE_PREFIX_PATH=${CMAKE_PREFIX_PATH}:/opt/ros/jazzy DEBUGINFOD_URLS=https://debuginfod.ubuntu.com /usr/bin/cmake --install /home/administrator/arduinobot_ws/build/arduinobot_controller
