[0.731s] DEBUG:colcon:Command line arguments: ['/usr/bin/colcon', 'build']
[0.732s] DEBUG:colcon:Parsed command line arguments: Namespace(log_base=None, log_level=None, verb_name='build', build_base='build', install_base='install', merge_install=False, symlink_install=False, test_result_base=None, continue_on_error=False, executor='parallel', parallel_workers=1, event_handlers=None, ignore_user_meta=False, metas=['./colcon.meta'], base_paths=['.'], packages_ignore=None, packages_ignore_regex=None, paths=None, packages_up_to=None, packages_up_to_regex=None, packages_above=None, packages_above_and_dependencies=None, packages_above_depth=None, packages_select_by_dep=None, packages_skip_by_dep=None, packages_skip_up_to=None, packages_select_build_failed=False, packages_skip_build_finished=False, packages_select_test_failures=False, packages_skip_test_passed=False, packages_select=None, packages_skip=None, packages_select_regex=None, packages_skip_regex=None, packages_start=None, packages_end=None, allow_overriding=[], cmake_args=None, cmake_target=None, cmake_target_skip_unavailable=False, cmake_clean_cache=False, cmake_clean_first=False, cmake_force_configure=False, ament_cmake_args=None, catkin_cmake_args=None, catkin_skip_building_tests=False, mixin_files=None, mixin=None, verb_parser=<colcon_mixin.mixin.mixin_argument.MixinArgumentDecorator object at 0x7482da06f920>, verb_extension=<colcon_core.verb.build.BuildVerb object at 0x7482da193ec0>, main=<bound method BuildVerb.main of <colcon_core.verb.build.BuildVerb object at 0x7482da193ec0>>, mixin_verb=('build',))
[1.140s] Level 1:colcon.colcon_core.package_discovery:discover_packages(colcon_meta) check parameters
[1.141s] Level 1:colcon.colcon_core.package_discovery:discover_packages(recursive) check parameters
[1.141s] Level 1:colcon.colcon_core.package_discovery:discover_packages(ignore) check parameters
[1.141s] Level 1:colcon.colcon_core.package_discovery:discover_packages(path) check parameters
[1.141s] Level 1:colcon.colcon_core.package_discovery:discover_packages(colcon_meta) discover
[1.142s] Level 1:colcon.colcon_core.package_discovery:discover_packages(recursive) discover
[1.142s] INFO:colcon.colcon_core.package_discovery:Crawling recursively for packages in '/home/administrator/arduinobot_ws'
[1.143s] Level 1:colcon.colcon_core.package_identification:_identify(.) by extensions ['ignore', 'ignore_ament_install']
[1.146s] Level 1:colcon.colcon_core.package_identification:_identify(.) by extension 'ignore'
[1.147s] Level 1:colcon.colcon_core.package_identification:_identify(.) by extension 'ignore_ament_install'
[1.148s] Level 1:colcon.colcon_core.package_identification:_identify(.) by extensions ['colcon_pkg']
[1.148s] Level 1:colcon.colcon_core.package_identification:_identify(.) by extension 'colcon_pkg'
[1.148s] Level 1:colcon.colcon_core.package_identification:_identify(.) by extensions ['colcon_meta']
[1.148s] Level 1:colcon.colcon_core.package_identification:_identify(.) by extension 'colcon_meta'
[1.148s] Level 1:colcon.colcon_core.package_identification:_identify(.) by extensions ['ros']
[1.151s] Level 1:colcon.colcon_core.package_identification:_identify(.) by extension 'ros'
[1.279s] Level 1:colcon.colcon_core.package_identification:_identify(.) by extensions ['cmake', 'python']
[1.280s] Level 1:colcon.colcon_core.package_identification:_identify(.) by extension 'cmake'
[1.280s] Level 1:colcon.colcon_core.package_identification:_identify(.) by extension 'python'
[1.280s] Level 1:colcon.colcon_core.package_identification:_identify(.) by extensions ['python_setup_py']
[1.280s] Level 1:colcon.colcon_core.package_identification:_identify(.) by extension 'python_setup_py'
[1.281s] Level 1:colcon.colcon_core.package_identification:_identify(build) by extensions ['ignore', 'ignore_ament_install']
[1.281s] Level 1:colcon.colcon_core.package_identification:_identify(build) by extension 'ignore'
[1.281s] Level 1:colcon.colcon_core.package_identification:_identify(build) ignored
[1.281s] Level 1:colcon.colcon_core.package_identification:_identify(install) by extensions ['ignore', 'ignore_ament_install']
[1.285s] Level 1:colcon.colcon_core.package_identification:_identify(install) by extension 'ignore'
[1.285s] Level 1:colcon.colcon_core.package_identification:_identify(install) ignored
[1.286s] Level 1:colcon.colcon_core.package_identification:_identify(log) by extensions ['ignore', 'ignore_ament_install']
[1.291s] Level 1:colcon.colcon_core.package_identification:_identify(log) by extension 'ignore'
[1.291s] Level 1:colcon.colcon_core.package_identification:_identify(log) ignored
[1.291s] Level 1:colcon.colcon_core.package_identification:_identify(src) by extensions ['ignore', 'ignore_ament_install']
[1.293s] Level 1:colcon.colcon_core.package_identification:_identify(src) by extension 'ignore'
[1.293s] Level 1:colcon.colcon_core.package_identification:_identify(src) by extension 'ignore_ament_install'
[1.295s] Level 1:colcon.colcon_core.package_identification:_identify(src) by extensions ['colcon_pkg']
[1.295s] Level 1:colcon.colcon_core.package_identification:_identify(src) by extension 'colcon_pkg'
[1.296s] Level 1:colcon.colcon_core.package_identification:_identify(src) by extensions ['colcon_meta']
[1.297s] Level 1:colcon.colcon_core.package_identification:_identify(src) by extension 'colcon_meta'
[1.297s] Level 1:colcon.colcon_core.package_identification:_identify(src) by extensions ['ros']
[1.297s] Level 1:colcon.colcon_core.package_identification:_identify(src) by extension 'ros'
[1.298s] Level 1:colcon.colcon_core.package_identification:_identify(src) by extensions ['cmake', 'python']
[1.298s] Level 1:colcon.colcon_core.package_identification:_identify(src) by extension 'cmake'
[1.299s] Level 1:colcon.colcon_core.package_identification:_identify(src) by extension 'python'
[1.299s] Level 1:colcon.colcon_core.package_identification:_identify(src) by extensions ['python_setup_py']
[1.299s] Level 1:colcon.colcon_core.package_identification:_identify(src) by extension 'python_setup_py'
[1.300s] Level 1:colcon.colcon_core.package_identification:_identify(src/arduinobot_cpp_examples) by extensions ['ignore', 'ignore_ament_install']
[1.302s] Level 1:colcon.colcon_core.package_identification:_identify(src/arduinobot_cpp_examples) by extension 'ignore'
[1.303s] Level 1:colcon.colcon_core.package_identification:_identify(src/arduinobot_cpp_examples) by extension 'ignore_ament_install'
[1.303s] Level 1:colcon.colcon_core.package_identification:_identify(src/arduinobot_cpp_examples) by extensions ['colcon_pkg']
[1.303s] Level 1:colcon.colcon_core.package_identification:_identify(src/arduinobot_cpp_examples) by extension 'colcon_pkg'
[1.304s] Level 1:colcon.colcon_core.package_identification:_identify(src/arduinobot_cpp_examples) by extensions ['colcon_meta']
[1.304s] Level 1:colcon.colcon_core.package_identification:_identify(src/arduinobot_cpp_examples) by extension 'colcon_meta'
[1.305s] Level 1:colcon.colcon_core.package_identification:_identify(src/arduinobot_cpp_examples) by extensions ['ros']
[1.305s] Level 1:colcon.colcon_core.package_identification:_identify(src/arduinobot_cpp_examples) by extension 'ros'
[1.318s] DEBUG:colcon.colcon_core.package_identification:Package 'src/arduinobot_cpp_examples' with type 'ros.ament_cmake' and name 'arduinobot_cpp_exampled'
[1.320s] Level 1:colcon.colcon_core.package_identification:_identify(src/arduinobot_py_examples) by extensions ['ignore', 'ignore_ament_install']
[1.321s] Level 1:colcon.colcon_core.package_identification:_identify(src/arduinobot_py_examples) by extension 'ignore'
[1.321s] Level 1:colcon.colcon_core.package_identification:_identify(src/arduinobot_py_examples) by extension 'ignore_ament_install'
[1.322s] Level 1:colcon.colcon_core.package_identification:_identify(src/arduinobot_py_examples) by extensions ['colcon_pkg']
[1.323s] Level 1:colcon.colcon_core.package_identification:_identify(src/arduinobot_py_examples) by extension 'colcon_pkg'
[1.323s] Level 1:colcon.colcon_core.package_identification:_identify(src/arduinobot_py_examples) by extensions ['colcon_meta']
[1.323s] Level 1:colcon.colcon_core.package_identification:_identify(src/arduinobot_py_examples) by extension 'colcon_meta'
[1.323s] Level 1:colcon.colcon_core.package_identification:_identify(src/arduinobot_py_examples) by extensions ['ros']
[1.323s] Level 1:colcon.colcon_core.package_identification:_identify(src/arduinobot_py_examples) by extension 'ros'
[1.326s] DEBUG:colcon.colcon_core.package_identification:Package 'src/arduinobot_py_examples' with type 'ros.ament_python' and name 'arduinobot_py_examples'
[1.327s] Level 1:colcon.colcon_core.package_discovery:discover_packages(recursive) using defaults
[1.328s] Level 1:colcon.colcon_core.package_discovery:discover_packages(ignore) discover
[1.328s] Level 1:colcon.colcon_core.package_discovery:discover_packages(ignore) using defaults
[1.328s] Level 1:colcon.colcon_core.package_discovery:discover_packages(path) discover
[1.328s] Level 1:colcon.colcon_core.package_discovery:discover_packages(path) using defaults
[1.411s] Level 1:colcon.colcon_core.package_discovery:discover_packages(prefix_path) check parameters
[1.411s] Level 1:colcon.colcon_core.package_discovery:discover_packages(prefix_path) discover
[1.434s] DEBUG:colcon.colcon_installed_package_information.package_discovery:Found 419 installed packages in /opt/ros/jazzy
[1.444s] Level 1:colcon.colcon_core.package_discovery:discover_packages(prefix_path) using defaults
[2.089s] Level 5:colcon.colcon_core.verb:set package 'arduinobot_cpp_exampled' build argument 'cmake_args' from command line to 'None'
[2.090s] Level 5:colcon.colcon_core.verb:set package 'arduinobot_cpp_exampled' build argument 'cmake_target' from command line to 'None'
[2.091s] Level 5:colcon.colcon_core.verb:set package 'arduinobot_cpp_exampled' build argument 'cmake_target_skip_unavailable' from command line to 'False'
[2.091s] Level 5:colcon.colcon_core.verb:set package 'arduinobot_cpp_exampled' build argument 'cmake_clean_cache' from command line to 'False'
[2.091s] Level 5:colcon.colcon_core.verb:set package 'arduinobot_cpp_exampled' build argument 'cmake_clean_first' from command line to 'False'
[2.091s] Level 5:colcon.colcon_core.verb:set package 'arduinobot_cpp_exampled' build argument 'cmake_force_configure' from command line to 'False'
[2.091s] Level 5:colcon.colcon_core.verb:set package 'arduinobot_cpp_exampled' build argument 'ament_cmake_args' from command line to 'None'
[2.091s] Level 5:colcon.colcon_core.verb:set package 'arduinobot_cpp_exampled' build argument 'catkin_cmake_args' from command line to 'None'
[2.091s] Level 5:colcon.colcon_core.verb:set package 'arduinobot_cpp_exampled' build argument 'catkin_skip_building_tests' from command line to 'False'
[2.091s] DEBUG:colcon.colcon_core.verb:Building package 'arduinobot_cpp_exampled' with the following arguments: {'ament_cmake_args': None, 'build_base': '/home/administrator/arduinobot_ws/build/arduinobot_cpp_exampled', 'catkin_cmake_args': None, 'catkin_skip_building_tests': False, 'cmake_args': None, 'cmake_clean_cache': False, 'cmake_clean_first': False, 'cmake_force_configure': False, 'cmake_target': None, 'cmake_target_skip_unavailable': False, 'install_base': '/home/administrator/arduinobot_ws/install/arduinobot_cpp_exampled', 'merge_install': False, 'path': '/home/administrator/arduinobot_ws/src/arduinobot_cpp_examples', 'symlink_install': False, 'test_result_base': None}
[2.098s] Level 5:colcon.colcon_core.verb:set package 'arduinobot_py_examples' build argument 'cmake_args' from command line to 'None'
[2.109s] Level 5:colcon.colcon_core.verb:set package 'arduinobot_py_examples' build argument 'cmake_target' from command line to 'None'
[2.109s] Level 5:colcon.colcon_core.verb:set package 'arduinobot_py_examples' build argument 'cmake_target_skip_unavailable' from command line to 'False'
[2.109s] Level 5:colcon.colcon_core.verb:set package 'arduinobot_py_examples' build argument 'cmake_clean_cache' from command line to 'False'
[2.109s] Level 5:colcon.colcon_core.verb:set package 'arduinobot_py_examples' build argument 'cmake_clean_first' from command line to 'False'
[2.113s] Level 5:colcon.colcon_core.verb:set package 'arduinobot_py_examples' build argument 'cmake_force_configure' from command line to 'False'
[2.114s] Level 5:colcon.colcon_core.verb:set package 'arduinobot_py_examples' build argument 'ament_cmake_args' from command line to 'None'
[2.114s] Level 5:colcon.colcon_core.verb:set package 'arduinobot_py_examples' build argument 'catkin_cmake_args' from command line to 'None'
[2.114s] Level 5:colcon.colcon_core.verb:set package 'arduinobot_py_examples' build argument 'catkin_skip_building_tests' from command line to 'False'
[2.119s] DEBUG:colcon.colcon_core.verb:Building package 'arduinobot_py_examples' with the following arguments: {'ament_cmake_args': None, 'build_base': '/home/administrator/arduinobot_ws/build/arduinobot_py_examples', 'catkin_cmake_args': None, 'catkin_skip_building_tests': False, 'cmake_args': None, 'cmake_clean_cache': False, 'cmake_clean_first': False, 'cmake_force_configure': False, 'cmake_target': None, 'cmake_target_skip_unavailable': False, 'install_base': '/home/administrator/arduinobot_ws/install/arduinobot_py_examples', 'merge_install': False, 'path': '/home/administrator/arduinobot_ws/src/arduinobot_py_examples', 'symlink_install': False, 'test_result_base': None}
[2.120s] INFO:colcon.colcon_core.executor:Executing jobs using 'parallel' executor
[2.127s] DEBUG:colcon.colcon_parallel_executor.executor.parallel:run_until_complete
[2.138s] INFO:colcon.colcon_ros.task.ament_cmake.build:Building ROS package in '/home/administrator/arduinobot_ws/src/arduinobot_cpp_examples' with build type 'ament_cmake'
[2.138s] INFO:colcon.colcon_cmake.task.cmake.build:Building CMake package in '/home/administrator/arduinobot_ws/src/arduinobot_cpp_examples'
[2.169s] INFO:colcon.colcon_core.plugin_system:Skipping extension 'colcon_core.shell.bat': Not used on non-Windows systems
[2.174s] INFO:colcon.colcon_core.shell:Skip shell extension 'powershell' for command environment: Not usable outside of PowerShell
[2.183s] DEBUG:colcon.colcon_core.shell:Skip shell extension 'dsv' for command environment
[2.297s] DEBUG:colcon.colcon_core.event_handler.log_command:Invoking command in '/home/administrator/arduinobot_ws/build/arduinobot_cpp_exampled': CMAKE_PREFIX_PATH=${CMAKE_PREFIX_PATH}:/opt/ros/jazzy DEBUGINFOD_URLS=https://debuginfod.ubuntu.com /usr/bin/cmake --build /home/administrator/arduinobot_ws/build/arduinobot_cpp_exampled -- -j1 -l1
[2.779s] DEBUG:colcon.colcon_core.event_handler.log_command:Invoked command in '/home/administrator/arduinobot_ws/build/arduinobot_cpp_exampled' returned '0': CMAKE_PREFIX_PATH=${CMAKE_PREFIX_PATH}:/opt/ros/jazzy DEBUGINFOD_URLS=https://debuginfod.ubuntu.com /usr/bin/cmake --build /home/administrator/arduinobot_ws/build/arduinobot_cpp_exampled -- -j1 -l1
[2.909s] DEBUG:colcon.colcon_core.event_handler.log_command:Invoking command in '/home/administrator/arduinobot_ws/build/arduinobot_cpp_exampled': CMAKE_PREFIX_PATH=${CMAKE_PREFIX_PATH}:/opt/ros/jazzy DEBUGINFOD_URLS=https://debuginfod.ubuntu.com /usr/bin/cmake --install /home/administrator/arduinobot_ws/build/arduinobot_cpp_exampled
[3.010s] Level 1:colcon.colcon_core.environment:create_environment_scripts_only(arduinobot_cpp_exampled)
[3.021s] DEBUG:colcon.colcon_core.event_handler.log_command:Invoked command in '/home/administrator/arduinobot_ws/build/arduinobot_cpp_exampled' returned '0': CMAKE_PREFIX_PATH=${CMAKE_PREFIX_PATH}:/opt/ros/jazzy DEBUGINFOD_URLS=https://debuginfod.ubuntu.com /usr/bin/cmake --install /home/administrator/arduinobot_ws/build/arduinobot_cpp_exampled
[3.080s] Level 1:colcon.colcon_core.environment:checking '/home/administrator/arduinobot_ws/install/arduinobot_cpp_exampled' for CMake module files
[3.107s] Level 1:colcon.colcon_core.environment:checking '/home/administrator/arduinobot_ws/install/arduinobot_cpp_exampled' for CMake config files
[3.111s] Level 1:colcon.colcon_core.shell:create_environment_hook('arduinobot_cpp_exampled', 'cmake_prefix_path')
[3.122s] INFO:colcon.colcon_core.shell:Creating environment hook '/home/administrator/arduinobot_ws/install/arduinobot_cpp_exampled/share/arduinobot_cpp_exampled/hook/cmake_prefix_path.ps1'
[3.130s] INFO:colcon.colcon_core.shell:Creating environment descriptor '/home/administrator/arduinobot_ws/install/arduinobot_cpp_exampled/share/arduinobot_cpp_exampled/hook/cmake_prefix_path.dsv'
[3.149s] INFO:colcon.colcon_core.shell:Creating environment hook '/home/administrator/arduinobot_ws/install/arduinobot_cpp_exampled/share/arduinobot_cpp_exampled/hook/cmake_prefix_path.sh'
[3.173s] Level 1:colcon.colcon_core.environment:checking '/home/administrator/arduinobot_ws/install/arduinobot_cpp_exampled/bin'
[3.174s] Level 1:colcon.colcon_core.environment:checking '/home/administrator/arduinobot_ws/install/arduinobot_cpp_exampled/lib/pkgconfig/arduinobot_cpp_exampled.pc'
[3.182s] Level 1:colcon.colcon_core.environment:checking '/home/administrator/arduinobot_ws/install/arduinobot_cpp_exampled/lib/python3.12/site-packages'
[3.198s] Level 1:colcon.colcon_core.environment:checking '/home/administrator/arduinobot_ws/install/arduinobot_cpp_exampled/bin'
[3.209s] INFO:colcon.colcon_core.shell:Creating package script '/home/administrator/arduinobot_ws/install/arduinobot_cpp_exampled/share/arduinobot_cpp_exampled/package.ps1'
[3.245s] INFO:colcon.colcon_core.shell:Creating package descriptor '/home/administrator/arduinobot_ws/install/arduinobot_cpp_exampled/share/arduinobot_cpp_exampled/package.dsv'
[3.255s] INFO:colcon.colcon_core.shell:Creating package script '/home/administrator/arduinobot_ws/install/arduinobot_cpp_exampled/share/arduinobot_cpp_exampled/package.sh'
[3.268s] INFO:colcon.colcon_core.shell:Creating package script '/home/administrator/arduinobot_ws/install/arduinobot_cpp_exampled/share/arduinobot_cpp_exampled/package.bash'
[3.280s] INFO:colcon.colcon_core.shell:Creating package script '/home/administrator/arduinobot_ws/install/arduinobot_cpp_exampled/share/arduinobot_cpp_exampled/package.zsh'
[3.289s] Level 1:colcon.colcon_core.environment:create_file_with_runtime_dependencies(/home/administrator/arduinobot_ws/install/arduinobot_cpp_exampled/share/colcon-core/packages/arduinobot_cpp_exampled)
[3.295s] Level 1:colcon.colcon_core.environment:create_environment_scripts_only(arduinobot_cpp_exampled)
[3.298s] Level 1:colcon.colcon_core.environment:checking '/home/administrator/arduinobot_ws/install/arduinobot_cpp_exampled' for CMake module files
[3.313s] Level 1:colcon.colcon_core.environment:checking '/home/administrator/arduinobot_ws/install/arduinobot_cpp_exampled' for CMake config files
[3.325s] Level 1:colcon.colcon_core.shell:create_environment_hook('arduinobot_cpp_exampled', 'cmake_prefix_path')
[3.329s] INFO:colcon.colcon_core.shell:Creating environment hook '/home/administrator/arduinobot_ws/install/arduinobot_cpp_exampled/share/arduinobot_cpp_exampled/hook/cmake_prefix_path.ps1'
[3.346s] INFO:colcon.colcon_core.shell:Creating environment descriptor '/home/administrator/arduinobot_ws/install/arduinobot_cpp_exampled/share/arduinobot_cpp_exampled/hook/cmake_prefix_path.dsv'
[3.350s] INFO:colcon.colcon_core.shell:Creating environment hook '/home/administrator/arduinobot_ws/install/arduinobot_cpp_exampled/share/arduinobot_cpp_exampled/hook/cmake_prefix_path.sh'
[3.358s] Level 1:colcon.colcon_core.environment:checking '/home/administrator/arduinobot_ws/install/arduinobot_cpp_exampled/bin'
[3.359s] Level 1:colcon.colcon_core.environment:checking '/home/administrator/arduinobot_ws/install/arduinobot_cpp_exampled/lib/pkgconfig/arduinobot_cpp_exampled.pc'
[3.360s] Level 1:colcon.colcon_core.environment:checking '/home/administrator/arduinobot_ws/install/arduinobot_cpp_exampled/lib/python3.12/site-packages'
[3.367s] Level 1:colcon.colcon_core.environment:checking '/home/administrator/arduinobot_ws/install/arduinobot_cpp_exampled/bin'
[3.370s] INFO:colcon.colcon_core.shell:Creating package script '/home/administrator/arduinobot_ws/install/arduinobot_cpp_exampled/share/arduinobot_cpp_exampled/package.ps1'
[3.383s] INFO:colcon.colcon_core.shell:Creating package descriptor '/home/administrator/arduinobot_ws/install/arduinobot_cpp_exampled/share/arduinobot_cpp_exampled/package.dsv'
[3.402s] INFO:colcon.colcon_core.shell:Creating package script '/home/administrator/arduinobot_ws/install/arduinobot_cpp_exampled/share/arduinobot_cpp_exampled/package.sh'
[3.429s] INFO:colcon.colcon_core.shell:Creating package script '/home/administrator/arduinobot_ws/install/arduinobot_cpp_exampled/share/arduinobot_cpp_exampled/package.bash'
[3.451s] INFO:colcon.colcon_core.shell:Creating package script '/home/administrator/arduinobot_ws/install/arduinobot_cpp_exampled/share/arduinobot_cpp_exampled/package.zsh'
[3.463s] Level 1:colcon.colcon_core.environment:create_file_with_runtime_dependencies(/home/administrator/arduinobot_ws/install/arduinobot_cpp_exampled/share/colcon-core/packages/arduinobot_cpp_exampled)
[3.475s] INFO:colcon.colcon_ros.task.ament_python.build:Building ROS package in '/home/administrator/arduinobot_ws/src/arduinobot_py_examples' with build type 'ament_python'
[3.477s] Level 1:colcon.colcon_core.shell:create_environment_hook('arduinobot_py_examples', 'ament_prefix_path')
[3.478s] INFO:colcon.colcon_core.shell:Creating environment hook '/home/administrator/arduinobot_ws/install/arduinobot_py_examples/share/arduinobot_py_examples/hook/ament_prefix_path.ps1'
[3.489s] INFO:colcon.colcon_core.shell:Creating environment descriptor '/home/administrator/arduinobot_ws/install/arduinobot_py_examples/share/arduinobot_py_examples/hook/ament_prefix_path.dsv'
[3.492s] INFO:colcon.colcon_core.shell:Creating environment hook '/home/administrator/arduinobot_ws/install/arduinobot_py_examples/share/arduinobot_py_examples/hook/ament_prefix_path.sh'
[3.497s] INFO:colcon.colcon_core.shell:Skip shell extension 'powershell' for command environment: Not usable outside of PowerShell
[3.511s] DEBUG:colcon.colcon_core.shell:Skip shell extension 'dsv' for command environment
[8.222s] INFO:colcon.colcon_core.task.python.build:Building Python package in '/home/administrator/arduinobot_ws/src/arduinobot_py_examples'
[8.226s] INFO:colcon.colcon_core.shell:Skip shell extension 'powershell' for command environment: Not usable outside of PowerShell
[8.227s] DEBUG:colcon.colcon_core.shell:Skip shell extension 'dsv' for command environment
[15.686s] DEBUG:colcon.colcon_core.event_handler.log_command:Invoking command in '/home/administrator/arduinobot_ws/src/arduinobot_py_examples': DEBUGINFOD_URLS=https://debuginfod.ubuntu.com PYTHONPATH=/home/administrator/arduinobot_ws/build/arduinobot_py_examples/prefix_override:/usr/lib/python3/dist-packages/colcon_core/task/python/colcon_distutils_commands:/home/administrator/arduinobot_ws/install/arduinobot_py_examples/lib/python3.12/site-packages:${PYTHONPATH} /usr/bin/python3 -W ignore:setup.py install is deprecated -W ignore:easy_install command is deprecated setup.py egg_info --egg-base ../../build/arduinobot_py_examples build --build-base /home/administrator/arduinobot_ws/build/arduinobot_py_examples/build install --record /home/administrator/arduinobot_ws/build/arduinobot_py_examples/install.log --single-version-externally-managed install_data
[21.356s] Level 1:colcon.colcon_core.environment:checking '/home/administrator/arduinobot_ws/install/arduinobot_py_examples' for CMake module files
[21.360s] DEBUG:colcon.colcon_core.event_handler.log_command:Invoked command in '/home/administrator/arduinobot_ws/src/arduinobot_py_examples' returned '0': DEBUGINFOD_URLS=https://debuginfod.ubuntu.com PYTHONPATH=/home/administrator/arduinobot_ws/build/arduinobot_py_examples/prefix_override:/usr/lib/python3/dist-packages/colcon_core/task/python/colcon_distutils_commands:/home/administrator/arduinobot_ws/install/arduinobot_py_examples/lib/python3.12/site-packages:${PYTHONPATH} /usr/bin/python3 -W ignore:setup.py install is deprecated -W ignore:easy_install command is deprecated setup.py egg_info --egg-base ../../build/arduinobot_py_examples build --build-base /home/administrator/arduinobot_ws/build/arduinobot_py_examples/build install --record /home/administrator/arduinobot_ws/build/arduinobot_py_examples/install.log --single-version-externally-managed install_data
[21.373s] Level 1:colcon.colcon_core.environment:checking '/home/administrator/arduinobot_ws/install/arduinobot_py_examples' for CMake config files
[21.383s] Level 1:colcon.colcon_core.environment:checking '/home/administrator/arduinobot_ws/install/arduinobot_py_examples/lib'
[21.387s] Level 1:colcon.colcon_core.environment:checking '/home/administrator/arduinobot_ws/install/arduinobot_py_examples/bin'
[21.390s] Level 1:colcon.colcon_core.environment:checking '/home/administrator/arduinobot_ws/install/arduinobot_py_examples/lib/pkgconfig/arduinobot_py_examples.pc'
[21.394s] Level 1:colcon.colcon_core.environment:checking '/home/administrator/arduinobot_ws/install/arduinobot_py_examples/lib/python3.12/site-packages'
[21.395s] Level 1:colcon.colcon_core.shell:create_environment_hook('arduinobot_py_examples', 'pythonpath')
[21.395s] INFO:colcon.colcon_core.shell:Creating environment hook '/home/administrator/arduinobot_ws/install/arduinobot_py_examples/share/arduinobot_py_examples/hook/pythonpath.ps1'
[21.403s] INFO:colcon.colcon_core.shell:Creating environment descriptor '/home/administrator/arduinobot_ws/install/arduinobot_py_examples/share/arduinobot_py_examples/hook/pythonpath.dsv'
[21.410s] INFO:colcon.colcon_core.shell:Creating environment hook '/home/administrator/arduinobot_ws/install/arduinobot_py_examples/share/arduinobot_py_examples/hook/pythonpath.sh'
[21.418s] Level 1:colcon.colcon_core.environment:checking '/home/administrator/arduinobot_ws/install/arduinobot_py_examples/bin'
[21.418s] Level 1:colcon.colcon_core.environment:create_environment_scripts_only(arduinobot_py_examples)
[21.420s] INFO:colcon.colcon_core.shell:Creating package script '/home/administrator/arduinobot_ws/install/arduinobot_py_examples/share/arduinobot_py_examples/package.ps1'
[21.423s] INFO:colcon.colcon_core.shell:Creating package descriptor '/home/administrator/arduinobot_ws/install/arduinobot_py_examples/share/arduinobot_py_examples/package.dsv'
[21.428s] INFO:colcon.colcon_core.shell:Creating package script '/home/administrator/arduinobot_ws/install/arduinobot_py_examples/share/arduinobot_py_examples/package.sh'
[21.432s] INFO:colcon.colcon_core.shell:Creating package script '/home/administrator/arduinobot_ws/install/arduinobot_py_examples/share/arduinobot_py_examples/package.bash'
[21.436s] INFO:colcon.colcon_core.shell:Creating package script '/home/administrator/arduinobot_ws/install/arduinobot_py_examples/share/arduinobot_py_examples/package.zsh'
[21.440s] Level 1:colcon.colcon_core.environment:create_file_with_runtime_dependencies(/home/administrator/arduinobot_ws/install/arduinobot_py_examples/share/colcon-core/packages/arduinobot_py_examples)
[21.448s] DEBUG:colcon.colcon_parallel_executor.executor.parallel:closing loop
[21.449s] DEBUG:colcon.colcon_parallel_executor.executor.parallel:loop closed
[21.449s] DEBUG:colcon.colcon_parallel_executor.executor.parallel:run_until_complete finished with '0'
[21.452s] DEBUG:colcon.colcon_core.event_reactor:joining thread
[21.513s] INFO:colcon.colcon_core.plugin_system:Skipping extension 'colcon_notification.desktop_notification.terminal_notifier': Not used on non-Darwin systems
[21.516s] INFO:colcon.colcon_core.plugin_system:Skipping extension 'colcon_notification.desktop_notification.win32': Not used on non-Windows systems
[21.517s] INFO:colcon.colcon_notification.desktop_notification:Sending desktop notification using 'notify2'
[21.667s] DEBUG:colcon.colcon_core.event_reactor:joined thread
[21.668s] INFO:colcon.colcon_core.shell:Creating prefix script '/home/administrator/arduinobot_ws/install/local_setup.ps1'
[21.731s] INFO:colcon.colcon_core.shell:Creating prefix util module '/home/administrator/arduinobot_ws/install/_local_setup_util_ps1.py'
[21.801s] INFO:colcon.colcon_core.shell:Creating prefix chain script '/home/administrator/arduinobot_ws/install/setup.ps1'
[21.814s] INFO:colcon.colcon_core.shell:Creating prefix script '/home/administrator/arduinobot_ws/install/local_setup.sh'
[21.822s] INFO:colcon.colcon_core.shell:Creating prefix util module '/home/administrator/arduinobot_ws/install/_local_setup_util_sh.py'
[21.831s] INFO:colcon.colcon_core.shell:Creating prefix chain script '/home/administrator/arduinobot_ws/install/setup.sh'
[21.848s] INFO:colcon.colcon_core.shell:Creating prefix script '/home/administrator/arduinobot_ws/install/local_setup.bash'
[21.857s] INFO:colcon.colcon_core.shell:Creating prefix chain script '/home/administrator/arduinobot_ws/install/setup.bash'
[21.871s] INFO:colcon.colcon_core.shell:Creating prefix script '/home/administrator/arduinobot_ws/install/local_setup.zsh'
[21.884s] INFO:colcon.colcon_core.shell:Creating prefix chain script '/home/administrator/arduinobot_ws/install/setup.zsh'
