[0.141s] Invoking command in '/home/administrator/arduinobot_ws/build/arduinobot_cpp_exampled': CMAKE_PREFIX_PATH=${CMAKE_PREFIX_PATH}:/opt/ros/jazzy DEBUGINFOD_URLS=https://debuginfod.ubuntu.com /usr/bin/cmake --build /home/administrator/arduinobot_ws/build/arduinobot_cpp_exampled -- -j1 -l1
[0.502s] Invoked command in '/home/administrator/arduinobot_ws/build/arduinobot_cpp_exampled' returned '0': CMAKE_PREFIX_PATH=${CMAKE_PREFIX_PATH}:/opt/ros/jazzy DEBUGINFOD_URLS=https://debuginfod.ubuntu.com /usr/bin/cmake --build /home/administrator/arduinobot_ws/build/arduinobot_cpp_exampled -- -j1 -l1
[0.612s] Invoking command in '/home/administrator/arduinobot_ws/build/arduinobot_cpp_exampled': CMAKE_PREFIX_PATH=${CMAKE_PREFIX_PATH}:/opt/ros/jazzy DEBUGINFOD_URLS=https://debuginfod.ubuntu.com /usr/bin/cmake --install /home/administrator/arduinobot_ws/build/arduinobot_cpp_exampled
[0.689s] -- Install configuration: ""
[0.690s] -- Up-to-date: /home/administrator/arduinobot_ws/install/arduinobot_cpp_exampled/share/ament_index/resource_index/package_run_dependencies/arduinobot_cpp_exampled
[0.695s] -- Up-to-date: /home/administrator/arduinobot_ws/install/arduinobot_cpp_exampled/share/ament_index/resource_index/parent_prefix_path/arduinobot_cpp_exampled
[0.695s] -- Up-to-date: /home/administrator/arduinobot_ws/install/arduinobot_cpp_exampled/share/arduinobot_cpp_exampled/environment/ament_prefix_path.sh
[0.697s] -- Up-to-date: /home/administrator/arduinobot_ws/install/arduinobot_cpp_exampled/share/arduinobot_cpp_exampled/environment/ament_prefix_path.dsv
[0.698s] -- Up-to-date: /home/administrator/arduinobot_ws/install/arduinobot_cpp_exampled/share/arduinobot_cpp_exampled/environment/path.sh
[0.699s] -- Up-to-date: /home/administrator/arduinobot_ws/install/arduinobot_cpp_exampled/share/arduinobot_cpp_exampled/environment/path.dsv
[0.715s] -- Up-to-date: /home/administrator/arduinobot_ws/install/arduinobot_cpp_exampled/share/arduinobot_cpp_exampled/local_setup.bash
[0.716s] -- Up-to-date: /home/administrator/arduinobot_ws/install/arduinobot_cpp_exampled/share/arduinobot_cpp_exampled/local_setup.sh
[0.716s] -- Up-to-date: /home/administrator/arduinobot_ws/install/arduinobot_cpp_exampled/share/arduinobot_cpp_exampled/local_setup.zsh
[0.717s] -- Up-to-date: /home/administrator/arduinobot_ws/install/arduinobot_cpp_exampled/share/arduinobot_cpp_exampled/local_setup.dsv
[0.722s] -- Installing: /home/administrator/arduinobot_ws/install/arduinobot_cpp_exampled/share/arduinobot_cpp_exampled/package.dsv
[0.722s] -- Up-to-date: /home/administrator/arduinobot_ws/install/arduinobot_cpp_exampled/share/ament_index/resource_index/packages/arduinobot_cpp_exampled
[0.723s] -- Up-to-date: /home/administrator/arduinobot_ws/install/arduinobot_cpp_exampled/share/arduinobot_cpp_exampled/cmake/arduinobot_cpp_exampledConfig.cmake
[0.725s] -- Up-to-date: /home/administrator/arduinobot_ws/install/arduinobot_cpp_exampled/share/arduinobot_cpp_exampled/cmake/arduinobot_cpp_exampledConfig-version.cmake
[0.726s] -- Up-to-date: /home/administrator/arduinobot_ws/install/arduinobot_cpp_exampled/share/arduinobot_cpp_exampled/package.xml
[0.744s] Invoked command in '/home/administrator/arduinobot_ws/build/arduinobot_cpp_exampled' returned '0': CMAKE_PREFIX_PATH=${CMAKE_PREFIX_PATH}:/opt/ros/jazzy DEBUGINFOD_URLS=https://debuginfod.ubuntu.com /usr/bin/cmake --install /home/administrator/arduinobot_ws/build/arduinobot_cpp_exampled
