[0.047s] Invoking command in '/home/administrator/arduinobot_ws/src/build/arduinobot_controller': CMAKE_PREFIX_PATH=${CMAKE_PREFIX_PATH}:/opt/ros/jazzy DEBUGINFOD_URLS=https://debuginfod.ubuntu.com /usr/bin/cmake /home/administrator/arduinobot_ws/src/arduinobot_controller -DCMAKE_INSTALL_PREFIX=/home/administrator/arduinobot_ws/src/install/arduinobot_controller
[0.376s] -- The C compiler identification is GNU 13.3.0
[0.589s] -- The CXX compiler identification is GNU 13.3.0
[0.633s] -- Detecting C compiler ABI info
[0.855s] -- Detecting C compiler ABI info - done
[0.881s] -- Check for working C compiler: /usr/bin/cc - skipped
[0.881s] -- Detecting C compile features
[0.882s] -- Detecting C compile features - done
[0.896s] -- Detecting CXX compiler ABI info
[1.188s] -- Detecting CXX compiler ABI info - done
[1.219s] -- Check for working CXX compiler: /usr/bin/c++ - skipped
[1.222s] -- Detecting CXX compile features
[1.222s] -- Detecting CXX compile features - done
[1.257s] -- Found ament_cmake: 2.5.3 (/opt/ros/jazzy/share/ament_cmake/cmake)
[1.579s] -- Found Python3: /usr/bin/python3 (found version "3.12.3") found components: Interpreter 
[1.889s] -- Found ament_lint_auto: 0.17.1 (/opt/ros/jazzy/share/ament_lint_auto/cmake)
[2.151s] -- Added test 'lint_cmake' to check CMake code style
[2.157s] -- Added test 'xmllint' to check XML markup files
[2.160s] -- Configuring done (2.1s)
[2.164s] -- Generating done (0.0s)
[2.168s] -- Build files have been written to: /home/administrator/arduinobot_ws/src/build/arduinobot_controller
[2.181s] Invoked command in '/home/administrator/arduinobot_ws/src/build/arduinobot_controller' returned '0': CMAKE_PREFIX_PATH=${CMAKE_PREFIX_PATH}:/opt/ros/jazzy DEBUGINFOD_URLS=https://debuginfod.ubuntu.com /usr/bin/cmake /home/administrator/arduinobot_ws/src/arduinobot_controller -DCMAKE_INSTALL_PREFIX=/home/administrator/arduinobot_ws/src/install/arduinobot_controller
[2.183s] Invoking command in '/home/administrator/arduinobot_ws/src/build/arduinobot_controller': CMAKE_PREFIX_PATH=${CMAKE_PREFIX_PATH}:/opt/ros/jazzy DEBUGINFOD_URLS=https://debuginfod.ubuntu.com /usr/bin/cmake --build /home/administrator/arduinobot_ws/src/build/arduinobot_controller -- -j4 -l4
[2.268s] Invoked command in '/home/administrator/arduinobot_ws/src/build/arduinobot_controller' returned '0': CMAKE_PREFIX_PATH=${CMAKE_PREFIX_PATH}:/opt/ros/jazzy DEBUGINFOD_URLS=https://debuginfod.ubuntu.com /usr/bin/cmake --build /home/administrator/arduinobot_ws/src/build/arduinobot_controller -- -j4 -l4
[2.270s] Invoking command in '/home/administrator/arduinobot_ws/src/build/arduinobot_controller': CMAKE_PREFIX_PATH=${CMAKE_PREFIX_PATH}:/opt/ros/jazzy DEBUGINFOD_URLS=https://debuginfod.ubuntu.com /usr/bin/cmake --install /home/administrator/arduinobot_ws/src/build/arduinobot_controller
[2.282s] -- Install configuration: ""
[2.284s] -- Installing: /home/administrator/arduinobot_ws/src/install/arduinobot_controller/share/ament_index/resource_index/package_run_dependencies/arduinobot_controller
[2.284s] -- Installing: /home/administrator/arduinobot_ws/src/install/arduinobot_controller/share/ament_index/resource_index/parent_prefix_path/arduinobot_controller
[2.284s] -- Installing: /home/administrator/arduinobot_ws/src/install/arduinobot_controller/share/arduinobot_controller/environment/ament_prefix_path.sh
[2.285s] -- Installing: /home/administrator/arduinobot_ws/src/install/arduinobot_controller/share/arduinobot_controller/environment/ament_prefix_path.dsv
[2.285s] -- Installing: /home/administrator/arduinobot_ws/src/install/arduinobot_controller/share/arduinobot_controller/environment/path.sh
[2.285s] -- Installing: /home/administrator/arduinobot_ws/src/install/arduinobot_controller/share/arduinobot_controller/environment/path.dsv
[2.285s] -- Installing: /home/administrator/arduinobot_ws/src/install/arduinobot_controller/share/arduinobot_controller/local_setup.bash
[2.286s] -- Installing: /home/administrator/arduinobot_ws/src/install/arduinobot_controller/share/arduinobot_controller/local_setup.sh
[2.286s] -- Installing: /home/administrator/arduinobot_ws/src/install/arduinobot_controller/share/arduinobot_controller/local_setup.zsh
[2.286s] -- Installing: /home/administrator/arduinobot_ws/src/install/arduinobot_controller/share/arduinobot_controller/local_setup.dsv
[2.286s] -- Installing: /home/administrator/arduinobot_ws/src/install/arduinobot_controller/share/arduinobot_controller/package.dsv
[2.287s] -- Installing: /home/administrator/arduinobot_ws/src/install/arduinobot_controller/share/ament_index/resource_index/packages/arduinobot_controller
[2.287s] -- Installing: /home/administrator/arduinobot_ws/src/install/arduinobot_controller/share/arduinobot_controller/cmake/arduinobot_controllerConfig.cmake
[2.287s] -- Installing: /home/administrator/arduinobot_ws/src/install/arduinobot_controller/share/arduinobot_controller/cmake/arduinobot_controllerConfig-version.cmake
[2.287s] -- Installing: /home/administrator/arduinobot_ws/src/install/arduinobot_controller/share/arduinobot_controller/package.xml
[2.289s] Invoked command in '/home/administrator/arduinobot_ws/src/build/arduinobot_controller' returned '0': CMAKE_PREFIX_PATH=${CMAKE_PREFIX_PATH}:/opt/ros/jazzy DEBUGINFOD_URLS=https://debuginfod.ubuntu.com /usr/bin/cmake --install /home/administrator/arduinobot_ws/src/build/arduinobot_controller
