[0.029s] Invoking command in '/home/adam-falkowski/arduinobot_ws/build/arduinobot_controller': CMAKE_PREFIX_PATH=${CMAKE_PREFIX_PATH}:/opt/ros/jazzy DEBUGINFOD_URLS=https://debuginfod.ubuntu.com /usr/bin/cmake --build /home/adam-falkowski/arduinobot_ws/build/arduinobot_controller -- -j12 -l12
[0.295s] Invoked command in '/home/adam-falkowski/arduinobot_ws/build/arduinobot_controller' returned '0': CMAKE_PREFIX_PATH=${CMAKE_PREFIX_PATH}:/opt/ros/jazzy DEBUGINFOD_URLS=https://debuginfod.ubuntu.com /usr/bin/cmake --build /home/adam-falkowski/arduinobot_ws/build/arduinobot_controller -- -j12 -l12
[0.309s] Invoking command in '/home/adam-falkowski/arduinobot_ws/build/arduinobot_controller': CMAKE_PREFIX_PATH=${CMAKE_PREFIX_PATH}:/opt/ros/jazzy DEBUGINFOD_URLS=https://debuginfod.ubuntu.com /usr/bin/cmake --install /home/adam-falkowski/arduinobot_ws/build/arduinobot_controller
[0.321s] -- Install configuration: ""
[0.322s] -- Up-to-date: /home/adam-falkowski/arduinobot_ws/install/arduinobot_controller/share/arduinobot_controller/config
[0.322s] -- Up-to-date: /home/adam-falkowski/arduinobot_ws/install/arduinobot_controller/share/arduinobot_controller/config/arduinobot_controllers.yaml
[0.322s] -- Up-to-date: /home/adam-falkowski/arduinobot_ws/install/arduinobot_controller/share/arduinobot_controller/launch
[0.323s] -- Up-to-date: /home/adam-falkowski/arduinobot_ws/install/arduinobot_controller/share/arduinobot_controller/launch/controller.launch.py
[0.323s] -- Up-to-date: /home/adam-falkowski/arduinobot_ws/install/arduinobot_controller/share/ament_index/resource_index/package_run_dependencies/arduinobot_controller
[0.323s] -- Up-to-date: /home/adam-falkowski/arduinobot_ws/install/arduinobot_controller/share/ament_index/resource_index/parent_prefix_path/arduinobot_controller
[0.323s] -- Up-to-date: /home/adam-falkowski/arduinobot_ws/install/arduinobot_controller/share/arduinobot_controller/environment/ament_prefix_path.sh
[0.323s] -- Up-to-date: /home/adam-falkowski/arduinobot_ws/install/arduinobot_controller/share/arduinobot_controller/environment/ament_prefix_path.dsv
[0.324s] -- Up-to-date: /home/adam-falkowski/arduinobot_ws/install/arduinobot_controller/share/arduinobot_controller/environment/path.sh
[0.324s] -- Up-to-date: /home/adam-falkowski/arduinobot_ws/install/arduinobot_controller/share/arduinobot_controller/environment/path.dsv
[0.325s] -- Up-to-date: /home/adam-falkowski/arduinobot_ws/install/arduinobot_controller/share/arduinobot_controller/local_setup.bash
[0.325s] -- Up-to-date: /home/adam-falkowski/arduinobot_ws/install/arduinobot_controller/share/arduinobot_controller/local_setup.sh
[0.326s] -- Up-to-date: /home/adam-falkowski/arduinobot_ws/install/arduinobot_controller/share/arduinobot_controller/local_setup.zsh
[0.327s] -- Up-to-date: /home/adam-falkowski/arduinobot_ws/install/arduinobot_controller/share/arduinobot_controller/local_setup.dsv
[0.327s] -- Installing: /home/adam-falkowski/arduinobot_ws/install/arduinobot_controller/share/arduinobot_controller/package.dsv
[0.327s] -- Up-to-date: /home/adam-falkowski/arduinobot_ws/install/arduinobot_controller/share/ament_index/resource_index/packages/arduinobot_controller
[0.327s] -- Up-to-date: /home/adam-falkowski/arduinobot_ws/install/arduinobot_controller/share/arduinobot_controller/cmake/arduinobot_controllerConfig.cmake
[0.327s] -- Up-to-date: /home/adam-falkowski/arduinobot_ws/install/arduinobot_controller/share/arduinobot_controller/cmake/arduinobot_controllerConfig-version.cmake
[0.327s] -- Up-to-date: /home/adam-falkowski/arduinobot_ws/install/arduinobot_controller/share/arduinobot_controller/package.xml
[0.330s] Invoked command in '/home/adam-falkowski/arduinobot_ws/build/arduinobot_controller' returned '0': CMAKE_PREFIX_PATH=${CMAKE_PREFIX_PATH}:/opt/ros/jazzy DEBUGINFOD_URLS=https://debuginfod.ubuntu.com /usr/bin/cmake --install /home/adam-falkowski/arduinobot_ws/build/arduinobot_controller
