[0.019s] Invoking command in '/home/adam-falkowski/arduinobot_ws/build/arduinobot_moveit': CMAKE_PREFIX_PATH=${CMAKE_PREFIX_PATH}:/opt/ros/jazzy DEBUGINFOD_URLS=https://debuginfod.ubuntu.com /usr/bin/cmake /home/adam-falkowski/arduinobot_ws/src/arduinobot_moveit -DCMAKE_INSTALL_PREFIX=/home/adam-falkowski/arduinobot_ws/install/arduinobot_moveit
[0.149s] -- The C compiler identification is GNU 13.3.0
[0.345s] -- The CXX compiler identification is GNU 13.3.0
[0.391s] -- Detecting C compiler ABI info
[0.612s] -- Detecting C compiler ABI info - done
[0.638s] -- Check for working C compiler: /usr/bin/cc - skipped
[0.638s] -- Detecting C compile features
[0.639s] -- Detecting C compile features - done
[0.657s] -- Detecting CXX compiler ABI info
[0.848s] -- Detecting CXX compiler ABI info - done
[0.867s] -- Check for working CXX compiler: /usr/bin/c++ - skipped
[0.868s] -- Detecting CXX compile features
[0.869s] -- Detecting CXX compile features - done
[0.876s] -- Found ament_cmake: 2.5.3 (/opt/ros/jazzy/share/ament_cmake/cmake)
[1.240s] -- Found Python3: /usr/bin/python3 (found version "3.12.3") found components: Interpreter 
[1.592s] -- Found ament_lint_auto: 0.17.1 (/opt/ros/jazzy/share/ament_lint_auto/cmake)
[1.859s] -- Added test 'lint_cmake' to check CMake code style
[1.863s] -- Added test 'xmllint' to check XML markup files
[1.868s] -- Configuring done (1.8s)
[1.874s] -- Generating done (0.0s)
[1.879s] -- Build files have been written to: /home/adam-falkowski/arduinobot_ws/build/arduinobot_moveit
[1.953s] Invoked command in '/home/adam-falkowski/arduinobot_ws/build/arduinobot_moveit' returned '0': CMAKE_PREFIX_PATH=${CMAKE_PREFIX_PATH}:/opt/ros/jazzy DEBUGINFOD_URLS=https://debuginfod.ubuntu.com /usr/bin/cmake /home/adam-falkowski/arduinobot_ws/src/arduinobot_moveit -DCMAKE_INSTALL_PREFIX=/home/adam-falkowski/arduinobot_ws/install/arduinobot_moveit
[1.955s] Invoking command in '/home/adam-falkowski/arduinobot_ws/build/arduinobot_moveit': CMAKE_PREFIX_PATH=${CMAKE_PREFIX_PATH}:/opt/ros/jazzy DEBUGINFOD_URLS=https://debuginfod.ubuntu.com /usr/bin/cmake --build /home/adam-falkowski/arduinobot_ws/build/arduinobot_moveit -- -j12 -l12
[2.036s] Invoked command in '/home/adam-falkowski/arduinobot_ws/build/arduinobot_moveit' returned '0': CMAKE_PREFIX_PATH=${CMAKE_PREFIX_PATH}:/opt/ros/jazzy DEBUGINFOD_URLS=https://debuginfod.ubuntu.com /usr/bin/cmake --build /home/adam-falkowski/arduinobot_ws/build/arduinobot_moveit -- -j12 -l12
[2.039s] Invoking command in '/home/adam-falkowski/arduinobot_ws/build/arduinobot_moveit': CMAKE_PREFIX_PATH=${CMAKE_PREFIX_PATH}:/opt/ros/jazzy DEBUGINFOD_URLS=https://debuginfod.ubuntu.com /usr/bin/cmake --install /home/adam-falkowski/arduinobot_ws/build/arduinobot_moveit
[2.057s] -- Install configuration: ""
[2.058s] -- Installing: /home/adam-falkowski/arduinobot_ws/install/arduinobot_moveit/share/ament_index/resource_index/package_run_dependencies/arduinobot_moveit
[2.058s] -- Installing: /home/adam-falkowski/arduinobot_ws/install/arduinobot_moveit/share/ament_index/resource_index/parent_prefix_path/arduinobot_moveit
[2.059s] -- Installing: /home/adam-falkowski/arduinobot_ws/install/arduinobot_moveit/share/arduinobot_moveit/environment/ament_prefix_path.sh
[2.059s] -- Installing: /home/adam-falkowski/arduinobot_ws/install/arduinobot_moveit/share/arduinobot_moveit/environment/ament_prefix_path.dsv
[2.060s] -- Installing: /home/adam-falkowski/arduinobot_ws/install/arduinobot_moveit/share/arduinobot_moveit/environment/path.sh
[2.060s] -- Installing: /home/adam-falkowski/arduinobot_ws/install/arduinobot_moveit/share/arduinobot_moveit/environment/path.dsv
[2.060s] -- Installing: /home/adam-falkowski/arduinobot_ws/install/arduinobot_moveit/share/arduinobot_moveit/local_setup.bash
[2.061s] -- Installing: /home/adam-falkowski/arduinobot_ws/install/arduinobot_moveit/share/arduinobot_moveit/local_setup.sh
[2.061s] -- Installing: /home/adam-falkowski/arduinobot_ws/install/arduinobot_moveit/share/arduinobot_moveit/local_setup.zsh
[2.061s] -- Installing: /home/adam-falkowski/arduinobot_ws/install/arduinobot_moveit/share/arduinobot_moveit/local_setup.dsv
[2.062s] -- Installing: /home/adam-falkowski/arduinobot_ws/install/arduinobot_moveit/share/arduinobot_moveit/package.dsv
[2.063s] -- Installing: /home/adam-falkowski/arduinobot_ws/install/arduinobot_moveit/share/ament_index/resource_index/packages/arduinobot_moveit
[2.063s] -- Installing: /home/adam-falkowski/arduinobot_ws/install/arduinobot_moveit/share/arduinobot_moveit/cmake/arduinobot_moveitConfig.cmake
[2.063s] -- Installing: /home/adam-falkowski/arduinobot_ws/install/arduinobot_moveit/share/arduinobot_moveit/cmake/arduinobot_moveitConfig-version.cmake
[2.064s] -- Installing: /home/adam-falkowski/arduinobot_ws/install/arduinobot_moveit/share/arduinobot_moveit/package.xml
[2.071s] Invoked command in '/home/adam-falkowski/arduinobot_ws/build/arduinobot_moveit' returned '0': CMAKE_PREFIX_PATH=${CMAKE_PREFIX_PATH}:/opt/ros/jazzy DEBUGINFOD_URLS=https://debuginfod.ubuntu.com /usr/bin/cmake --install /home/adam-falkowski/arduinobot_ws/build/arduinobot_moveit
