[0.078s] Invoking command in '/home/administrator/arduinobot_ws/build/arduinobot_description': CMAKE_PREFIX_PATH=${CMAKE_PREFIX_PATH}:/opt/ros/jazzy DEBUGINFOD_URLS=https://debuginfod.ubuntu.com /usr/bin/cmake --build /home/administrator/arduinobot_ws/build/arduinobot_description -- -j4 -l4
[1.010s] Invoked command in '/home/administrator/arduinobot_ws/build/arduinobot_description' returned '0': CMAKE_PREFIX_PATH=${CMAKE_PREFIX_PATH}:/opt/ros/jazzy DEBUGINFOD_URLS=https://debuginfod.ubuntu.com /usr/bin/cmake --build /home/administrator/arduinobot_ws/build/arduinobot_description -- -j4 -l4
[1.048s] Invoking command in '/home/administrator/arduinobot_ws/build/arduinobot_description': CMAKE_PREFIX_PATH=${CMAKE_PREFIX_PATH}:/opt/ros/jazzy DEBUGINFOD_URLS=https://debuginfod.ubuntu.com /usr/bin/cmake --install /home/administrator/arduinobot_ws/build/arduinobot_description
[1.084s] -- Install configuration: ""
[1.085s] -- Up-to-date: /home/administrator/arduinobot_ws/install/arduinobot_description/share/arduinobot_description/launch
[1.085s] -- Up-to-date: /home/administrator/arduinobot_ws/install/arduinobot_description/share/arduinobot_description/launch/gazebo.launch.py
[1.085s] -- Up-to-date: /home/administrator/arduinobot_ws/install/arduinobot_description/share/arduinobot_description/launch/display.launch.py
[1.086s] -- Up-to-date: /home/administrator/arduinobot_ws/install/arduinobot_description/share/arduinobot_description/meshes
[1.086s] -- Up-to-date: /home/administrator/arduinobot_ws/install/arduinobot_description/share/arduinobot_description/meshes/pi_camera.STL
[1.086s] -- Up-to-date: /home/administrator/arduinobot_ws/install/arduinobot_description/share/arduinobot_description/meshes/claw_support.STL
[1.086s] -- Up-to-date: /home/administrator/arduinobot_ws/install/arduinobot_description/share/arduinobot_description/meshes/round_plate.STL
[1.086s] -- Up-to-date: /home/administrator/arduinobot_ws/install/arduinobot_description/share/arduinobot_description/meshes/triangular_link.STL
[1.093s] -- Up-to-date: /home/administrator/arduinobot_ws/install/arduinobot_description/share/arduinobot_description/meshes/basement.STL
[1.108s] -- Up-to-date: /home/administrator/arduinobot_ws/install/arduinobot_description/share/arduinobot_description/meshes/left_finger.STL
[1.108s] -- Up-to-date: /home/administrator/arduinobot_ws/install/arduinobot_description/share/arduinobot_description/meshes/base_plate.STL
[1.108s] -- Up-to-date: /home/administrator/arduinobot_ws/install/arduinobot_description/share/arduinobot_description/meshes/forward_drive_arm.STL
[1.108s] -- Up-to-date: /home/administrator/arduinobot_ws/install/arduinobot_description/share/arduinobot_description/meshes/plate.STL
[1.109s] -- Up-to-date: /home/administrator/arduinobot_ws/install/arduinobot_description/share/arduinobot_description/meshes/right_finger.STL
[1.109s] -- Up-to-date: /home/administrator/arduinobot_ws/install/arduinobot_description/share/arduinobot_description/meshes/servo_plate.STL
[1.111s] -- Up-to-date: /home/administrator/arduinobot_ws/install/arduinobot_description/share/arduinobot_description/meshes/link.STL
[1.111s] -- Up-to-date: /home/administrator/arduinobot_ws/install/arduinobot_description/share/arduinobot_description/meshes/vertical_drive_arm.STL
[1.111s] -- Up-to-date: /home/administrator/arduinobot_ws/install/arduinobot_description/share/arduinobot_description/meshes/horizontal_arm.STL
[1.112s] -- Up-to-date: /home/administrator/arduinobot_ws/install/arduinobot_description/share/arduinobot_description/urdf
[1.112s] -- Up-to-date: /home/administrator/arduinobot_ws/install/arduinobot_description/share/arduinobot_description/urdf/arduinobot_gazebo.xacro
[1.112s] -- Up-to-date: /home/administrator/arduinobot_ws/install/arduinobot_description/share/arduinobot_description/urdf/arduinobot_ros2_control.xacro
[1.113s] -- Up-to-date: /home/administrator/arduinobot_ws/install/arduinobot_description/share/arduinobot_description/urdf/arduinobot.urdf.xacro
[1.113s] -- Up-to-date: /home/administrator/arduinobot_ws/install/arduinobot_description/share/arduinobot_description/rviz
[1.113s] -- Up-to-date: /home/administrator/arduinobot_ws/install/arduinobot_description/share/arduinobot_description/rviz/display.rviz
[1.113s] -- Up-to-date: /home/administrator/arduinobot_ws/install/arduinobot_description/share/ament_index/resource_index/package_run_dependencies/arduinobot_description
[1.114s] -- Up-to-date: /home/administrator/arduinobot_ws/install/arduinobot_description/share/ament_index/resource_index/parent_prefix_path/arduinobot_description
[1.121s] -- Up-to-date: /home/administrator/arduinobot_ws/install/arduinobot_description/share/arduinobot_description/environment/ament_prefix_path.sh
[1.122s] -- Up-to-date: /home/administrator/arduinobot_ws/install/arduinobot_description/share/arduinobot_description/environment/ament_prefix_path.dsv
[1.122s] -- Up-to-date: /home/administrator/arduinobot_ws/install/arduinobot_description/share/arduinobot_description/environment/path.sh
[1.122s] -- Up-to-date: /home/administrator/arduinobot_ws/install/arduinobot_description/share/arduinobot_description/environment/path.dsv
[1.123s] -- Up-to-date: /home/administrator/arduinobot_ws/install/arduinobot_description/share/arduinobot_description/local_setup.bash
[1.123s] -- Up-to-date: /home/administrator/arduinobot_ws/install/arduinobot_description/share/arduinobot_description/local_setup.sh
[1.124s] -- Up-to-date: /home/administrator/arduinobot_ws/install/arduinobot_description/share/arduinobot_description/local_setup.zsh
[1.124s] -- Up-to-date: /home/administrator/arduinobot_ws/install/arduinobot_description/share/arduinobot_description/local_setup.dsv
[1.125s] -- Installing: /home/administrator/arduinobot_ws/install/arduinobot_description/share/arduinobot_description/package.dsv
[1.132s] -- Up-to-date: /home/administrator/arduinobot_ws/install/arduinobot_description/share/ament_index/resource_index/packages/arduinobot_description
[1.132s] -- Up-to-date: /home/administrator/arduinobot_ws/install/arduinobot_description/share/arduinobot_description/cmake/arduinobot_descriptionConfig.cmake
[1.132s] -- Up-to-date: /home/administrator/arduinobot_ws/install/arduinobot_description/share/arduinobot_description/cmake/arduinobot_descriptionConfig-version.cmake
[1.132s] -- Up-to-date: /home/administrator/arduinobot_ws/install/arduinobot_description/share/arduinobot_description/package.xml
[1.133s] Invoked command in '/home/administrator/arduinobot_ws/build/arduinobot_description' returned '0': CMAKE_PREFIX_PATH=${CMAKE_PREFIX_PATH}:/opt/ros/jazzy DEBUGINFOD_URLS=https://debuginfod.ubuntu.com /usr/bin/cmake --install /home/administrator/arduinobot_ws/build/arduinobot_description
