[0.059s] Invoking command in '/home/administrator/arduinobot_ws/build/arduinobot_description': CMAKE_PREFIX_PATH=${CMAKE_PREFIX_PATH}:/opt/ros/jazzy DEBUGINFOD_URLS=https://debuginfod.ubuntu.com /usr/bin/cmake /home/administrator/arduinobot_ws/src/arduinobot_description -DCMAKE_INSTALL_PREFIX=/home/administrator/arduinobot_ws/install/arduinobot_description
[0.503s] -- The C compiler identification is GNU 13.3.0
[0.988s] -- The CXX compiler identification is GNU 13.3.0
[1.135s] -- Detecting C compiler ABI info
[1.505s] -- Detecting C compiler ABI info - done
[1.582s] -- Check for working C compiler: /usr/bin/cc - skipped
[1.594s] -- Detecting C compile features
[1.598s] -- Detecting C compile features - done
[1.647s] -- Detecting CXX compiler ABI info
[2.901s] -- Detecting CXX compiler ABI info - done
[2.951s] -- Check for working CXX compiler: /usr/bin/c++ - skipped
[2.953s] -- Detecting CXX compile features
[2.957s] -- Detecting CXX compile features - done
[3.014s] -- Found ament_cmake: 2.5.2 (/opt/ros/jazzy/share/ament_cmake/cmake)
[3.566s] -- Found Python3: /usr/bin/python3 (found version "3.12.3") found components: Interpreter 
[4.135s] -- Found ament_lint_auto: 0.17.1 (/opt/ros/jazzy/share/ament_lint_auto/cmake)
[5.136s] -- Added test 'lint_cmake' to check CMake code style
[5.158s] -- Added test 'xmllint' to check XML markup files
[5.185s] -- Configuring done (5.1s)
[5.196s] -- Generating done (0.0s)
[5.209s] -- Build files have been written to: /home/administrator/arduinobot_ws/build/arduinobot_description
[5.231s] Invoked command in '/home/administrator/arduinobot_ws/build/arduinobot_description' returned '0': CMAKE_PREFIX_PATH=${CMAKE_PREFIX_PATH}:/opt/ros/jazzy DEBUGINFOD_URLS=https://debuginfod.ubuntu.com /usr/bin/cmake /home/administrator/arduinobot_ws/src/arduinobot_description -DCMAKE_INSTALL_PREFIX=/home/administrator/arduinobot_ws/install/arduinobot_description
[5.239s] Invoking command in '/home/administrator/arduinobot_ws/build/arduinobot_description': CMAKE_PREFIX_PATH=${CMAKE_PREFIX_PATH}:/opt/ros/jazzy DEBUGINFOD_URLS=https://debuginfod.ubuntu.com /usr/bin/cmake --build /home/administrator/arduinobot_ws/build/arduinobot_description -- -j1 -l1
[5.447s] Invoked command in '/home/administrator/arduinobot_ws/build/arduinobot_description' returned '0': CMAKE_PREFIX_PATH=${CMAKE_PREFIX_PATH}:/opt/ros/jazzy DEBUGINFOD_URLS=https://debuginfod.ubuntu.com /usr/bin/cmake --build /home/administrator/arduinobot_ws/build/arduinobot_description -- -j1 -l1
[5.453s] Invoking command in '/home/administrator/arduinobot_ws/build/arduinobot_description': CMAKE_PREFIX_PATH=${CMAKE_PREFIX_PATH}:/opt/ros/jazzy DEBUGINFOD_URLS=https://debuginfod.ubuntu.com /usr/bin/cmake --install /home/administrator/arduinobot_ws/build/arduinobot_description
[5.495s] -- Install configuration: ""
[5.502s] -- Installing: /home/administrator/arduinobot_ws/install/arduinobot_description/share/ament_index/resource_index/package_run_dependencies/arduinobot_description
[5.502s] -- Installing: /home/administrator/arduinobot_ws/install/arduinobot_description/share/ament_index/resource_index/parent_prefix_path/arduinobot_description
[5.512s] -- Installing: /home/administrator/arduinobot_ws/install/arduinobot_description/share/arduinobot_description/environment/ament_prefix_path.sh
[5.512s] -- Installing: /home/administrator/arduinobot_ws/install/arduinobot_description/share/arduinobot_description/environment/ament_prefix_path.dsv
[5.513s] -- Installing: /home/administrator/arduinobot_ws/install/arduinobot_description/share/arduinobot_description/environment/path.sh
[5.513s] -- Installing: /home/administrator/arduinobot_ws/install/arduinobot_description/share/arduinobot_description/environment/path.dsv
[5.513s] -- Installing: /home/administrator/arduinobot_ws/install/arduinobot_description/share/arduinobot_description/local_setup.bash
[5.516s] -- Installing: /home/administrator/arduinobot_ws/install/arduinobot_description/share/arduinobot_description/local_setup.sh
[5.525s] -- Installing: /home/administrator/arduinobot_ws/install/arduinobot_description/share/arduinobot_description/local_setup.zsh
[5.525s] -- Installing: /home/administrator/arduinobot_ws/install/arduinobot_description/share/arduinobot_description/local_setup.dsv
[5.525s] -- Installing: /home/administrator/arduinobot_ws/install/arduinobot_description/share/arduinobot_description/package.dsv
[5.527s] -- Installing: /home/administrator/arduinobot_ws/install/arduinobot_description/share/ament_index/resource_index/packages/arduinobot_description
[5.529s] -- Installing: /home/administrator/arduinobot_ws/install/arduinobot_description/share/arduinobot_description/cmake/arduinobot_descriptionConfig.cmake
[5.530s] -- Installing: /home/administrator/arduinobot_ws/install/arduinobot_description/share/arduinobot_description/cmake/arduinobot_descriptionConfig-version.cmake
[5.541s] -- Installing: /home/administrator/arduinobot_ws/install/arduinobot_description/share/arduinobot_description/package.xml
[5.556s] Invoked command in '/home/administrator/arduinobot_ws/build/arduinobot_description' returned '0': CMAKE_PREFIX_PATH=${CMAKE_PREFIX_PATH}:/opt/ros/jazzy DEBUGINFOD_URLS=https://debuginfod.ubuntu.com /usr/bin/cmake --install /home/administrator/arduinobot_ws/build/arduinobot_description
