[0.037s] Invoking command in '/home/adam-falkowski/arduinobot_ws/ROS2_Arduionobot/build/arduinobot_controller': CMAKE_PREFIX_PATH=${CMAKE_PREFIX_PATH}:/opt/ros/jazzy DEBUGINFOD_URLS=https://debuginfod.ubuntu.com /usr/bin/cmake --build /home/adam-falkowski/arduinobot_ws/ROS2_Arduionobot/build/arduinobot_controller -- -j12 -l12
[0.082s] -- Found ament_cmake: 2.5.3 (/opt/ros/jazzy/share/ament_cmake/cmake)
[0.474s] -- Found ament_lint_auto: 0.17.1 (/opt/ros/jazzy/share/ament_lint_auto/cmake)
[0.654s] -- Added test 'flake8' to check Python code syntax and style conventions
[0.654s] -- Configured 'flake8' exclude dirs and/or files: 
[0.655s] -- Added test 'lint_cmake' to check CMake code style
[0.656s] -- Added test 'pep257' to check Python code against some of the docstring style conventions in PEP 257
[0.658s] -- Added test 'xmllint' to check XML markup files
[0.660s] -- Configuring done (0.6s)
[0.666s] -- Generating done (0.0s)
[0.671s] -- Build files have been written to: /home/adam-falkowski/arduinobot_ws/ROS2_Arduionobot/build/arduinobot_controller
[0.715s] Invoked command in '/home/adam-falkowski/arduinobot_ws/ROS2_Arduionobot/build/arduinobot_controller' returned '0': CMAKE_PREFIX_PATH=${CMAKE_PREFIX_PATH}:/opt/ros/jazzy DEBUGINFOD_URLS=https://debuginfod.ubuntu.com /usr/bin/cmake --build /home/adam-falkowski/arduinobot_ws/ROS2_Arduionobot/build/arduinobot_controller -- -j12 -l12
[0.717s] Invoking command in '/home/adam-falkowski/arduinobot_ws/ROS2_Arduionobot/build/arduinobot_controller': CMAKE_PREFIX_PATH=${CMAKE_PREFIX_PATH}:/opt/ros/jazzy DEBUGINFOD_URLS=https://debuginfod.ubuntu.com /usr/bin/cmake --install /home/adam-falkowski/arduinobot_ws/ROS2_Arduionobot/build/arduinobot_controller
[0.734s] -- Install configuration: ""
[0.734s] -- Up-to-date: /home/adam-falkowski/arduinobot_ws/ROS2_Arduionobot/install/arduinobot_controller/share/arduinobot_controller/config
[0.734s] -- Up-to-date: /home/adam-falkowski/arduinobot_ws/ROS2_Arduionobot/install/arduinobot_controller/share/arduinobot_controller/config/arduinobot_controllers.yaml
[0.734s] -- Installing: /home/adam-falkowski/arduinobot_ws/ROS2_Arduionobot/install/arduinobot_controller/share/arduinobot_controller/launch
[0.735s] -- Installing: /home/adam-falkowski/arduinobot_ws/ROS2_Arduionobot/install/arduinobot_controller/share/arduinobot_controller/launch/controller.launch.py
[0.735s] -- Up-to-date: /home/adam-falkowski/arduinobot_ws/ROS2_Arduionobot/install/arduinobot_controller/share/ament_index/resource_index/package_run_dependencies/arduinobot_controller
[0.735s] -- Up-to-date: /home/adam-falkowski/arduinobot_ws/ROS2_Arduionobot/install/arduinobot_controller/share/ament_index/resource_index/parent_prefix_path/arduinobot_controller
[0.735s] -- Up-to-date: /home/adam-falkowski/arduinobot_ws/ROS2_Arduionobot/install/arduinobot_controller/share/arduinobot_controller/environment/ament_prefix_path.sh
[0.735s] -- Up-to-date: /home/adam-falkowski/arduinobot_ws/ROS2_Arduionobot/install/arduinobot_controller/share/arduinobot_controller/environment/ament_prefix_path.dsv
[0.736s] -- Up-to-date: /home/adam-falkowski/arduinobot_ws/ROS2_Arduionobot/install/arduinobot_controller/share/arduinobot_controller/environment/path.sh
[0.736s] -- Up-to-date: /home/adam-falkowski/arduinobot_ws/ROS2_Arduionobot/install/arduinobot_controller/share/arduinobot_controller/environment/path.dsv
[0.736s] -- Up-to-date: /home/adam-falkowski/arduinobot_ws/ROS2_Arduionobot/install/arduinobot_controller/share/arduinobot_controller/local_setup.bash
[0.736s] -- Up-to-date: /home/adam-falkowski/arduinobot_ws/ROS2_Arduionobot/install/arduinobot_controller/share/arduinobot_controller/local_setup.sh
[0.736s] -- Up-to-date: /home/adam-falkowski/arduinobot_ws/ROS2_Arduionobot/install/arduinobot_controller/share/arduinobot_controller/local_setup.zsh
[0.737s] -- Up-to-date: /home/adam-falkowski/arduinobot_ws/ROS2_Arduionobot/install/arduinobot_controller/share/arduinobot_controller/local_setup.dsv
[0.737s] -- Installing: /home/adam-falkowski/arduinobot_ws/ROS2_Arduionobot/install/arduinobot_controller/share/arduinobot_controller/package.dsv
[0.737s] -- Up-to-date: /home/adam-falkowski/arduinobot_ws/ROS2_Arduionobot/install/arduinobot_controller/share/ament_index/resource_index/packages/arduinobot_controller
[0.737s] -- Up-to-date: /home/adam-falkowski/arduinobot_ws/ROS2_Arduionobot/install/arduinobot_controller/share/arduinobot_controller/cmake/arduinobot_controllerConfig.cmake
[0.737s] -- Up-to-date: /home/adam-falkowski/arduinobot_ws/ROS2_Arduionobot/install/arduinobot_controller/share/arduinobot_controller/cmake/arduinobot_controllerConfig-version.cmake
[0.738s] -- Up-to-date: /home/adam-falkowski/arduinobot_ws/ROS2_Arduionobot/install/arduinobot_controller/share/arduinobot_controller/package.xml
[0.739s] Invoked command in '/home/adam-falkowski/arduinobot_ws/ROS2_Arduionobot/build/arduinobot_controller' returned '0': CMAKE_PREFIX_PATH=${CMAKE_PREFIX_PATH}:/opt/ros/jazzy DEBUGINFOD_URLS=https://debuginfod.ubuntu.com /usr/bin/cmake --install /home/adam-falkowski/arduinobot_ws/ROS2_Arduionobot/build/arduinobot_controller
