-- Found ament_cmake: 2.5.3 (/opt/ros/jazzy/share/ament_cmake/cmake)
-- Found Python3: /usr/bin/python3 (found version "3.12.3") found components: Interpreter 
-- Found std_msgs: 5.3.5 (/opt/ros/jazzy/share/std_msgs/cmake)
-- Found rosidl_generator_c: 4.6.5 (/opt/ros/jazzy/share/rosidl_generator_c/cmake)
-- Found rosidl_generator_cpp: 4.6.5 (/opt/ros/jazzy/share/rosidl_generator_cpp/cmake)
-- Using all available rosidl_typesupport_c: rosidl_typesupport_fastrtps_c;rosidl_typesupport_introspection_c
-- Using all available rosidl_typesupport_cpp: rosidl_typesupport_fastrtps_cpp;rosidl_typesupport_introspection_cpp
-- Found rosidl_default_generators: 1.6.0 (/opt/ros/jazzy/share/rosidl_default_generators/cmake)
-- Found rosidl_adapter: 4.6.5 (/opt/ros/jazzy/share/rosidl_adapter/cmake)
-- Found ament_cmake_ros: 0.12.0 (/opt/ros/jazzy/share/ament_cmake_ros/cmake)
-- Using all available rosidl_typesupport_c: rosidl_typesupport_fastrtps_c;rosidl_typesupport_introspection_c
-- Using all available rosidl_typesupport_cpp: rosidl_typesupport_fastrtps_cpp;rosidl_typesupport_introspection_cpp
-- Found python_cmake_module: 0.11.1 (/opt/ros/jazzy/share/python_cmake_module/cmake)
-- Found Python3: /usr/bin/python3 (found version "3.12.3") found components: Interpreter Development NumPy Development.Module Development.Embed 
-- Found ament_lint_auto: 0.17.1 (/opt/ros/jazzy/share/ament_lint_auto/cmake)
-- Added test 'lint_cmake' to check CMake code style
-- Added test 'xmllint' to check XML markup files
-- Configuring done (1.7s)
-- Generating done (0.1s)
-- Build files have been written to: /home/adam-falkowski/arduinobot_ws/build/arduinobot_messages
[  1%] [34m[1mGenerating type hashes for ROS interfaces[0m
[  1%] Built target ament_cmake_python_copy_arduinobot_messages
running egg_info
[  1%] Built target arduinobot_messages__rosidl_generator_type_description
writing arduinobot_messages.egg-info/PKG-INFO
writing dependency_links to arduinobot_messages.egg-info/dependency_links.txt
writing top-level names to arduinobot_messages.egg-info/top_level.txt
[  3%] [34m[1mGenerating C code for ROS interfaces[0m
[  5%] [34m[1mGenerating C++ code for ROS interfaces[0m
reading manifest file 'arduinobot_messages.egg-info/SOURCES.txt'
writing manifest file 'arduinobot_messages.egg-info/SOURCES.txt'
[  5%] Built target ament_cmake_python_build_arduinobot_messages_egg
[  5%] Built target arduinobot_messages__cpp
[  7%] [32mBuilding C object CMakeFiles/arduinobot_messages__rosidl_generator_c.dir/rosidl_generator_c/arduinobot_messages/srv/detail/add_two_ints__description.c.o[0m
[ 12%] [32mBuilding C object CMakeFiles/arduinobot_messages__rosidl_generator_c.dir/rosidl_generator_c/arduinobot_messages/srv/detail/add_two_ints__type_support.c.o[0m
[ 12%] [32mBuilding C object CMakeFiles/arduinobot_messages__rosidl_generator_c.dir/rosidl_generator_c/arduinobot_messages/srv/detail/add_two_ints__functions.c.o[0m
[ 12%] [32mBuilding C object CMakeFiles/arduinobot_messages__rosidl_generator_c.dir/rosidl_generator_c/arduinobot_messages/srv/detail/euler_to_quaternion__description.c.o[0m
[ 14%] [32mBuilding C object CMakeFiles/arduinobot_messages__rosidl_generator_c.dir/rosidl_generator_c/arduinobot_messages/srv/detail/euler_to_quaternion__type_support.c.o[0m
[ 16%] [32mBuilding C object CMakeFiles/arduinobot_messages__rosidl_generator_c.dir/rosidl_generator_c/arduinobot_messages/srv/detail/euler_to_quaternion__functions.c.o[0m
[ 18%] [32mBuilding C object CMakeFiles/arduinobot_messages__rosidl_generator_c.dir/rosidl_generator_c/arduinobot_messages/srv/detail/quaternion_to_euler__type_support.c.o[0m
[ 20%] [32mBuilding C object CMakeFiles/arduinobot_messages__rosidl_generator_c.dir/rosidl_generator_c/arduinobot_messages/srv/detail/quaternion_to_euler__description.c.o[0m
[ 22%] [32mBuilding C object CMakeFiles/arduinobot_messages__rosidl_generator_c.dir/rosidl_generator_c/arduinobot_messages/srv/detail/quaternion_to_euler__functions.c.o[0m
[ 24%] [32m[1mLinking C shared library libarduinobot_messages__rosidl_generator_c.so[0m
[ 24%] Built target arduinobot_messages__rosidl_generator_c
[ 27%] [34m[1mGenerating C++ type support dispatch for ROS interfaces[0m
[ 27%] [34m[1mGenerating C type support for eProsima Fast-RTPS[0m
[ 29%] [34m[1mGenerating C type support dispatch for ROS interfaces[0m
[ 31%] [34m[1mGenerating C introspection for ROS interfaces[0m
[ 33%] [34m[1mGenerating C++ introspection for ROS interfaces[0m
[ 35%] [34m[1mGenerating C++ type support for eProsima Fast-RTPS[0m
[ 37%] [32mBuilding CXX object CMakeFiles/arduinobot_messages__rosidl_typesupport_c.dir/rosidl_typesupport_c/arduinobot_messages/srv/quaternion_to_euler__type_support.cpp.o[0m
[ 38%] [32mBuilding CXX object CMakeFiles/arduinobot_messages__rosidl_typesupport_c.dir/rosidl_typesupport_c/arduinobot_messages/srv/euler_to_quaternion__type_support.cpp.o[0m
[ 40%] [32mBuilding CXX object CMakeFiles/arduinobot_messages__rosidl_typesupport_c.dir/rosidl_typesupport_c/arduinobot_messages/srv/add_two_ints__type_support.cpp.o[0m
[ 42%] [32m[1mLinking CXX shared library libarduinobot_messages__rosidl_typesupport_c.so[0m
[ 44%] [32mBuilding CXX object CMakeFiles/arduinobot_messages__rosidl_typesupport_introspection_cpp.dir/rosidl_typesupport_introspection_cpp/arduinobot_messages/srv/detail/add_two_ints__type_support.cpp.o[0m
[ 46%] [32mBuilding CXX object CMakeFiles/arduinobot_messages__rosidl_typesupport_introspection_cpp.dir/rosidl_typesupport_introspection_cpp/arduinobot_messages/srv/detail/euler_to_quaternion__type_support.cpp.o[0m
[ 48%] [32mBuilding CXX object CMakeFiles/arduinobot_messages__rosidl_typesupport_introspection_cpp.dir/rosidl_typesupport_introspection_cpp/arduinobot_messages/srv/detail/quaternion_to_euler__type_support.cpp.o[0m
[ 48%] Built target arduinobot_messages__rosidl_typesupport_c
[ 50%] [32mBuilding CXX object CMakeFiles/arduinobot_messages__rosidl_typesupport_cpp.dir/rosidl_typesupport_cpp/arduinobot_messages/srv/quaternion_to_euler__type_support.cpp.o[0m
[ 51%] [32mBuilding CXX object CMakeFiles/arduinobot_messages__rosidl_typesupport_cpp.dir/rosidl_typesupport_cpp/arduinobot_messages/srv/euler_to_quaternion__type_support.cpp.o[0m
[ 53%] [32mBuilding CXX object CMakeFiles/arduinobot_messages__rosidl_typesupport_cpp.dir/rosidl_typesupport_cpp/arduinobot_messages/srv/add_two_ints__type_support.cpp.o[0m
[ 55%] [32mBuilding C object CMakeFiles/arduinobot_messages__rosidl_typesupport_introspection_c.dir/rosidl_typesupport_introspection_c/arduinobot_messages/srv/detail/add_two_ints__type_support.c.o[0m
[ 57%] [32mBuilding C object CMakeFiles/arduinobot_messages__rosidl_typesupport_introspection_c.dir/rosidl_typesupport_introspection_c/arduinobot_messages/srv/detail/euler_to_quaternion__type_support.c.o[0m
[ 59%] [32mBuilding C object CMakeFiles/arduinobot_messages__rosidl_typesupport_introspection_c.dir/rosidl_typesupport_introspection_c/arduinobot_messages/srv/detail/quaternion_to_euler__type_support.c.o[0m
[ 61%] [32m[1mLinking C shared library libarduinobot_messages__rosidl_typesupport_introspection_c.so[0m
[ 61%] Built target arduinobot_messages__rosidl_typesupport_introspection_c
[ 64%] [32mBuilding CXX object CMakeFiles/arduinobot_messages__rosidl_typesupport_fastrtps_cpp.dir/rosidl_typesupport_fastrtps_cpp/arduinobot_messages/srv/detail/dds_fastrtps/add_two_ints__type_support.cpp.o[0m
[ 64%] [32mBuilding CXX object CMakeFiles/arduinobot_messages__rosidl_typesupport_fastrtps_cpp.dir/rosidl_typesupport_fastrtps_cpp/arduinobot_messages/srv/detail/dds_fastrtps/euler_to_quaternion__type_support.cpp.o[0m
[ 66%] [32mBuilding CXX object CMakeFiles/arduinobot_messages__rosidl_typesupport_fastrtps_cpp.dir/rosidl_typesupport_fastrtps_cpp/arduinobot_messages/srv/detail/dds_fastrtps/quaternion_to_euler__type_support.cpp.o[0m
[ 68%] [32mBuilding CXX object CMakeFiles/arduinobot_messages__rosidl_typesupport_fastrtps_c.dir/rosidl_typesupport_fastrtps_c/arduinobot_messages/srv/detail/add_two_ints__type_support_c.cpp.o[0m
[ 70%] [32mBuilding CXX object CMakeFiles/arduinobot_messages__rosidl_typesupport_fastrtps_c.dir/rosidl_typesupport_fastrtps_c/arduinobot_messages/srv/detail/euler_to_quaternion__type_support_c.cpp.o[0m
[ 72%] [32mBuilding CXX object CMakeFiles/arduinobot_messages__rosidl_typesupport_fastrtps_c.dir/rosidl_typesupport_fastrtps_c/arduinobot_messages/srv/detail/quaternion_to_euler__type_support_c.cpp.o[0m
[ 74%] [32m[1mLinking CXX shared library libarduinobot_messages__rosidl_typesupport_cpp.so[0m
[ 75%] [32m[1mLinking CXX shared library libarduinobot_messages__rosidl_typesupport_introspection_cpp.so[0m
[ 75%] Built target arduinobot_messages__rosidl_typesupport_introspection_cpp
[ 75%] Built target arduinobot_messages__rosidl_typesupport_cpp
[ 77%] [32m[1mLinking CXX shared library libarduinobot_messages__rosidl_typesupport_fastrtps_cpp.so[0m
[ 79%] [32m[1mLinking CXX shared library libarduinobot_messages__rosidl_typesupport_fastrtps_c.so[0m
[ 79%] Built target arduinobot_messages__rosidl_typesupport_fastrtps_c
[ 79%] Built target arduinobot_messages__rosidl_typesupport_fastrtps_cpp
[ 79%] Built target arduinobot_messages
[ 81%] [34m[1mGenerating Python code for ROS interfaces[0m
[ 81%] Built target arduinobot_messages__py
[ 87%] [32mBuilding C object CMakeFiles/arduinobot_messages__rosidl_generator_py.dir/rosidl_generator_py/arduinobot_messages/srv/_quaternion_to_euler_s.c.o[0m
[ 87%] [32mBuilding C object CMakeFiles/arduinobot_messages__rosidl_generator_py.dir/rosidl_generator_py/arduinobot_messages/srv/_add_two_ints_s.c.o[0m
[ 87%] [32mBuilding C object CMakeFiles/arduinobot_messages__rosidl_generator_py.dir/rosidl_generator_py/arduinobot_messages/srv/_euler_to_quaternion_s.c.o[0m
[ 88%] [32m[1mLinking C shared library libarduinobot_messages__rosidl_generator_py.so[0m
[ 88%] Built target arduinobot_messages__rosidl_generator_py
[ 92%] [32mBuilding C object CMakeFiles/arduinobot_messages_s__rosidl_typesupport_fastrtps_c.dir/rosidl_generator_py/arduinobot_messages/_arduinobot_messages_s.ep.rosidl_typesupport_fastrtps_c.c.o[0m
[ 92%] [32mBuilding C object CMakeFiles/arduinobot_messages_s__rosidl_typesupport_introspection_c.dir/rosidl_generator_py/arduinobot_messages/_arduinobot_messages_s.ep.rosidl_typesupport_introspection_c.c.o[0m
[ 94%] [32mBuilding C object CMakeFiles/arduinobot_messages_s__rosidl_typesupport_c.dir/rosidl_generator_py/arduinobot_messages/_arduinobot_messages_s.ep.rosidl_typesupport_c.c.o[0m
[ 96%] [32m[1mLinking C shared module rosidl_generator_py/arduinobot_messages/arduinobot_messages_s__rosidl_typesupport_c.so[0m
[ 98%] [32m[1mLinking C shared module rosidl_generator_py/arduinobot_messages/arduinobot_messages_s__rosidl_typesupport_introspection_c.so[0m
[100%] [32m[1mLinking C shared module rosidl_generator_py/arduinobot_messages/arduinobot_messages_s__rosidl_typesupport_fastrtps_c.so[0m
[100%] Built target arduinobot_messages_s__rosidl_typesupport_c
[100%] Built target arduinobot_messages_s__rosidl_typesupport_introspection_c
[100%] Built target arduinobot_messages_s__rosidl_typesupport_fastrtps_c
-- Install configuration: ""
-- Installing: /home/adam-falkowski/arduinobot_ws/install/arduinobot_messages/share/ament_index/resource_index/rosidl_interfaces/arduinobot_messages
-- Installing: /home/adam-falkowski/arduinobot_ws/install/arduinobot_messages/share/arduinobot_messages/srv/AddTwoInts.json
-- Installing: /home/adam-falkowski/arduinobot_ws/install/arduinobot_messages/share/arduinobot_messages/srv/EulerToQuaternion.json
-- Installing: /home/adam-falkowski/arduinobot_ws/install/arduinobot_messages/share/arduinobot_messages/srv/QuaternionToEuler.json
-- Up-to-date: /home/adam-falkowski/arduinobot_ws/install/arduinobot_messages/include/arduinobot_messages/arduinobot_messages
-- Up-to-date: /home/adam-falkowski/arduinobot_ws/install/arduinobot_messages/include/arduinobot_messages/arduinobot_messages/srv
-- Installing: /home/adam-falkowski/arduinobot_ws/install/arduinobot_messages/include/arduinobot_messages/arduinobot_messages/srv/add_two_ints.h
-- Up-to-date: /home/adam-falkowski/arduinobot_ws/install/arduinobot_messages/include/arduinobot_messages/arduinobot_messages/srv/detail
-- Installing: /home/adam-falkowski/arduinobot_ws/install/arduinobot_messages/include/arduinobot_messages/arduinobot_messages/srv/detail/euler_to_quaternion__type_support.c
-- Installing: /home/adam-falkowski/arduinobot_ws/install/arduinobot_messages/include/arduinobot_messages/arduinobot_messages/srv/detail/quaternion_to_euler__description.c
-- Installing: /home/adam-falkowski/arduinobot_ws/install/arduinobot_messages/include/arduinobot_messages/arduinobot_messages/srv/detail/euler_to_quaternion__type_support.h
-- Installing: /home/adam-falkowski/arduinobot_ws/install/arduinobot_messages/include/arduinobot_messages/arduinobot_messages/srv/detail/add_two_ints__functions.c
-- Installing: /home/adam-falkowski/arduinobot_ws/install/arduinobot_messages/include/arduinobot_messages/arduinobot_messages/srv/detail/euler_to_quaternion__functions.c
-- Installing: /home/adam-falkowski/arduinobot_ws/install/arduinobot_messages/include/arduinobot_messages/arduinobot_messages/srv/detail/euler_to_quaternion__struct.h
-- Installing: /home/adam-falkowski/arduinobot_ws/install/arduinobot_messages/include/arduinobot_messages/arduinobot_messages/srv/detail/quaternion_to_euler__struct.h
-- Installing: /home/adam-falkowski/arduinobot_ws/install/arduinobot_messages/include/arduinobot_messages/arduinobot_messages/srv/detail/add_two_ints__description.c
-- Installing: /home/adam-falkowski/arduinobot_ws/install/arduinobot_messages/include/arduinobot_messages/arduinobot_messages/srv/detail/quaternion_to_euler__type_support.h
-- Installing: /home/adam-falkowski/arduinobot_ws/install/arduinobot_messages/include/arduinobot_messages/arduinobot_messages/srv/detail/quaternion_to_euler__functions.h
-- Installing: /home/adam-falkowski/arduinobot_ws/install/arduinobot_messages/include/arduinobot_messages/arduinobot_messages/srv/detail/add_two_ints__struct.h
-- Installing: /home/adam-falkowski/arduinobot_ws/install/arduinobot_messages/include/arduinobot_messages/arduinobot_messages/srv/detail/quaternion_to_euler__functions.c
-- Installing: /home/adam-falkowski/arduinobot_ws/install/arduinobot_messages/include/arduinobot_messages/arduinobot_messages/srv/detail/add_two_ints__functions.h
-- Installing: /home/adam-falkowski/arduinobot_ws/install/arduinobot_messages/include/arduinobot_messages/arduinobot_messages/srv/detail/quaternion_to_euler__type_support.c
-- Installing: /home/adam-falkowski/arduinobot_ws/install/arduinobot_messages/include/arduinobot_messages/arduinobot_messages/srv/detail/euler_to_quaternion__functions.h
-- Installing: /home/adam-falkowski/arduinobot_ws/install/arduinobot_messages/include/arduinobot_messages/arduinobot_messages/srv/detail/add_two_ints__type_support.c
-- Installing: /home/adam-falkowski/arduinobot_ws/install/arduinobot_messages/include/arduinobot_messages/arduinobot_messages/srv/detail/euler_to_quaternion__description.c
-- Installing: /home/adam-falkowski/arduinobot_ws/install/arduinobot_messages/include/arduinobot_messages/arduinobot_messages/srv/detail/add_two_ints__type_support.h
-- Installing: /home/adam-falkowski/arduinobot_ws/install/arduinobot_messages/include/arduinobot_messages/arduinobot_messages/srv/euler_to_quaternion.h
-- Installing: /home/adam-falkowski/arduinobot_ws/install/arduinobot_messages/include/arduinobot_messages/arduinobot_messages/srv/quaternion_to_euler.h
-- Up-to-date: /home/adam-falkowski/arduinobot_ws/install/arduinobot_messages/include/arduinobot_messages/arduinobot_messages/msg
-- Up-to-date: /home/adam-falkowski/arduinobot_ws/install/arduinobot_messages/include/arduinobot_messages/arduinobot_messages/msg/rosidl_generator_c__visibility_control.h
-- Up-to-date: /home/adam-falkowski/arduinobot_ws/install/arduinobot_messages/share/arduinobot_messages/environment/library_path.sh
-- Up-to-date: /home/adam-falkowski/arduinobot_ws/install/arduinobot_messages/share/arduinobot_messages/environment/library_path.dsv
-- Installing: /home/adam-falkowski/arduinobot_ws/install/arduinobot_messages/lib/libarduinobot_messages__rosidl_generator_c.so
-- Set non-toolchain portion of runtime path of "/home/adam-falkowski/arduinobot_ws/install/arduinobot_messages/lib/libarduinobot_messages__rosidl_generator_c.so" to ""
-- Up-to-date: /home/adam-falkowski/arduinobot_ws/install/arduinobot_messages/include/arduinobot_messages/arduinobot_messages
-- Up-to-date: /home/adam-falkowski/arduinobot_ws/install/arduinobot_messages/include/arduinobot_messages/arduinobot_messages/srv
-- Up-to-date: /home/adam-falkowski/arduinobot_ws/install/arduinobot_messages/include/arduinobot_messages/arduinobot_messages/srv/detail
-- Installing: /home/adam-falkowski/arduinobot_ws/install/arduinobot_messages/include/arduinobot_messages/arduinobot_messages/srv/detail/add_two_ints__rosidl_typesupport_fastrtps_c.h
-- Installing: /home/adam-falkowski/arduinobot_ws/install/arduinobot_messages/include/arduinobot_messages/arduinobot_messages/srv/detail/quaternion_to_euler__rosidl_typesupport_fastrtps_c.h
-- Installing: /home/adam-falkowski/arduinobot_ws/install/arduinobot_messages/include/arduinobot_messages/arduinobot_messages/srv/detail/euler_to_quaternion__rosidl_typesupport_fastrtps_c.h
-- Up-to-date: /home/adam-falkowski/arduinobot_ws/install/arduinobot_messages/include/arduinobot_messages/arduinobot_messages/msg
-- Up-to-date: /home/adam-falkowski/arduinobot_ws/install/arduinobot_messages/include/arduinobot_messages/arduinobot_messages/msg/rosidl_typesupport_fastrtps_c__visibility_control.h
-- Installing: /home/adam-falkowski/arduinobot_ws/install/arduinobot_messages/lib/libarduinobot_messages__rosidl_typesupport_fastrtps_c.so
-- Set non-toolchain portion of runtime path of "/home/adam-falkowski/arduinobot_ws/install/arduinobot_messages/lib/libarduinobot_messages__rosidl_typesupport_fastrtps_c.so" to ""
-- Up-to-date: /home/adam-falkowski/arduinobot_ws/install/arduinobot_messages/include/arduinobot_messages/arduinobot_messages
-- Up-to-date: /home/adam-falkowski/arduinobot_ws/install/arduinobot_messages/include/arduinobot_messages/arduinobot_messages/srv
-- Installing: /home/adam-falkowski/arduinobot_ws/install/arduinobot_messages/include/arduinobot_messages/arduinobot_messages/srv/add_two_ints.hpp
-- Up-to-date: /home/adam-falkowski/arduinobot_ws/install/arduinobot_messages/include/arduinobot_messages/arduinobot_messages/srv/detail
-- Installing: /home/adam-falkowski/arduinobot_ws/install/arduinobot_messages/include/arduinobot_messages/arduinobot_messages/srv/detail/euler_to_quaternion__type_support.hpp
-- Installing: /home/adam-falkowski/arduinobot_ws/install/arduinobot_messages/include/arduinobot_messages/arduinobot_messages/srv/detail/add_two_ints__traits.hpp
-- Installing: /home/adam-falkowski/arduinobot_ws/install/arduinobot_messages/include/arduinobot_messages/arduinobot_messages/srv/detail/add_two_ints__builder.hpp
-- Installing: /home/adam-falkowski/arduinobot_ws/install/arduinobot_messages/include/arduinobot_messages/arduinobot_messages/srv/detail/quaternion_to_euler__type_support.hpp
-- Installing: /home/adam-falkowski/arduinobot_ws/install/arduinobot_messages/include/arduinobot_messages/arduinobot_messages/srv/detail/euler_to_quaternion__traits.hpp
-- Installing: /home/adam-falkowski/arduinobot_ws/install/arduinobot_messages/include/arduinobot_messages/arduinobot_messages/srv/detail/quaternion_to_euler__builder.hpp
-- Installing: /home/adam-falkowski/arduinobot_ws/install/arduinobot_messages/include/arduinobot_messages/arduinobot_messages/srv/detail/quaternion_to_euler__struct.hpp
-- Installing: /home/adam-falkowski/arduinobot_ws/install/arduinobot_messages/include/arduinobot_messages/arduinobot_messages/srv/detail/add_two_ints__struct.hpp
-- Installing: /home/adam-falkowski/arduinobot_ws/install/arduinobot_messages/include/arduinobot_messages/arduinobot_messages/srv/detail/add_two_ints__type_support.hpp
-- Installing: /home/adam-falkowski/arduinobot_ws/install/arduinobot_messages/include/arduinobot_messages/arduinobot_messages/srv/detail/euler_to_quaternion__builder.hpp
-- Installing: /home/adam-falkowski/arduinobot_ws/install/arduinobot_messages/include/arduinobot_messages/arduinobot_messages/srv/detail/quaternion_to_euler__traits.hpp
-- Installing: /home/adam-falkowski/arduinobot_ws/install/arduinobot_messages/include/arduinobot_messages/arduinobot_messages/srv/detail/euler_to_quaternion__struct.hpp
-- Installing: /home/adam-falkowski/arduinobot_ws/install/arduinobot_messages/include/arduinobot_messages/arduinobot_messages/srv/quaternion_to_euler.hpp
-- Installing: /home/adam-falkowski/arduinobot_ws/install/arduinobot_messages/include/arduinobot_messages/arduinobot_messages/srv/euler_to_quaternion.hpp
-- Up-to-date: /home/adam-falkowski/arduinobot_ws/install/arduinobot_messages/include/arduinobot_messages/arduinobot_messages/msg
-- Installing: /home/adam-falkowski/arduinobot_ws/install/arduinobot_messages/include/arduinobot_messages/arduinobot_messages/msg/rosidl_generator_cpp__visibility_control.hpp
-- Up-to-date: /home/adam-falkowski/arduinobot_ws/install/arduinobot_messages/include/arduinobot_messages/arduinobot_messages
-- Up-to-date: /home/adam-falkowski/arduinobot_ws/install/arduinobot_messages/include/arduinobot_messages/arduinobot_messages/srv
-- Up-to-date: /home/adam-falkowski/arduinobot_ws/install/arduinobot_messages/include/arduinobot_messages/arduinobot_messages/srv/detail
-- Up-to-date: /home/adam-falkowski/arduinobot_ws/install/arduinobot_messages/include/arduinobot_messages/arduinobot_messages/srv/detail/dds_fastrtps
-- Installing: /home/adam-falkowski/arduinobot_ws/install/arduinobot_messages/include/arduinobot_messages/arduinobot_messages/srv/detail/euler_to_quaternion__rosidl_typesupport_fastrtps_cpp.hpp
-- Installing: /home/adam-falkowski/arduinobot_ws/install/arduinobot_messages/include/arduinobot_messages/arduinobot_messages/srv/detail/quaternion_to_euler__rosidl_typesupport_fastrtps_cpp.hpp
-- Installing: /home/adam-falkowski/arduinobot_ws/install/arduinobot_messages/include/arduinobot_messages/arduinobot_messages/srv/detail/add_two_ints__rosidl_typesupport_fastrtps_cpp.hpp
-- Up-to-date: /home/adam-falkowski/arduinobot_ws/install/arduinobot_messages/include/arduinobot_messages/arduinobot_messages/msg
-- Up-to-date: /home/adam-falkowski/arduinobot_ws/install/arduinobot_messages/include/arduinobot_messages/arduinobot_messages/msg/rosidl_typesupport_fastrtps_cpp__visibility_control.h
-- Installing: /home/adam-falkowski/arduinobot_ws/install/arduinobot_messages/lib/libarduinobot_messages__rosidl_typesupport_fastrtps_cpp.so
-- Set non-toolchain portion of runtime path of "/home/adam-falkowski/arduinobot_ws/install/arduinobot_messages/lib/libarduinobot_messages__rosidl_typesupport_fastrtps_cpp.so" to ""
-- Up-to-date: /home/adam-falkowski/arduinobot_ws/install/arduinobot_messages/include/arduinobot_messages/arduinobot_messages
-- Up-to-date: /home/adam-falkowski/arduinobot_ws/install/arduinobot_messages/include/arduinobot_messages/arduinobot_messages/srv
-- Up-to-date: /home/adam-falkowski/arduinobot_ws/install/arduinobot_messages/include/arduinobot_messages/arduinobot_messages/srv/detail
-- Installing: /home/adam-falkowski/arduinobot_ws/install/arduinobot_messages/include/arduinobot_messages/arduinobot_messages/srv/detail/euler_to_quaternion__type_support.c
-- Installing: /home/adam-falkowski/arduinobot_ws/install/arduinobot_messages/include/arduinobot_messages/arduinobot_messages/srv/detail/quaternion_to_euler__rosidl_typesupport_introspection_c.h
-- Installing: /home/adam-falkowski/arduinobot_ws/install/arduinobot_messages/include/arduinobot_messages/arduinobot_messages/srv/detail/add_two_ints__rosidl_typesupport_introspection_c.h
-- Installing: /home/adam-falkowski/arduinobot_ws/install/arduinobot_messages/include/arduinobot_messages/arduinobot_messages/srv/detail/quaternion_to_euler__type_support.c
-- Installing: /home/adam-falkowski/arduinobot_ws/install/arduinobot_messages/include/arduinobot_messages/arduinobot_messages/srv/detail/add_two_ints__type_support.c
-- Installing: /home/adam-falkowski/arduinobot_ws/install/arduinobot_messages/include/arduinobot_messages/arduinobot_messages/srv/detail/euler_to_quaternion__rosidl_typesupport_introspection_c.h
-- Up-to-date: /home/adam-falkowski/arduinobot_ws/install/arduinobot_messages/include/arduinobot_messages/arduinobot_messages/msg
-- Up-to-date: /home/adam-falkowski/arduinobot_ws/install/arduinobot_messages/include/arduinobot_messages/arduinobot_messages/msg/rosidl_typesupport_introspection_c__visibility_control.h
-- Installing: /home/adam-falkowski/arduinobot_ws/install/arduinobot_messages/lib/libarduinobot_messages__rosidl_typesupport_introspection_c.so
-- Set non-toolchain portion of runtime path of "/home/adam-falkowski/arduinobot_ws/install/arduinobot_messages/lib/libarduinobot_messages__rosidl_typesupport_introspection_c.so" to ""
-- Installing: /home/adam-falkowski/arduinobot_ws/install/arduinobot_messages/lib/libarduinobot_messages__rosidl_typesupport_c.so
-- Set non-toolchain portion of runtime path of "/home/adam-falkowski/arduinobot_ws/install/arduinobot_messages/lib/libarduinobot_messages__rosidl_typesupport_c.so" to ""
-- Up-to-date: /home/adam-falkowski/arduinobot_ws/install/arduinobot_messages/include/arduinobot_messages/arduinobot_messages
-- Up-to-date: /home/adam-falkowski/arduinobot_ws/install/arduinobot_messages/include/arduinobot_messages/arduinobot_messages/srv
-- Up-to-date: /home/adam-falkowski/arduinobot_ws/install/arduinobot_messages/include/arduinobot_messages/arduinobot_messages/srv/detail
-- Installing: /home/adam-falkowski/arduinobot_ws/install/arduinobot_messages/include/arduinobot_messages/arduinobot_messages/srv/detail/euler_to_quaternion__rosidl_typesupport_introspection_cpp.hpp
-- Installing: /home/adam-falkowski/arduinobot_ws/install/arduinobot_messages/include/arduinobot_messages/arduinobot_messages/srv/detail/add_two_ints__type_support.cpp
-- Installing: /home/adam-falkowski/arduinobot_ws/install/arduinobot_messages/include/arduinobot_messages/arduinobot_messages/srv/detail/add_two_ints__rosidl_typesupport_introspection_cpp.hpp
-- Installing: /home/adam-falkowski/arduinobot_ws/install/arduinobot_messages/include/arduinobot_messages/arduinobot_messages/srv/detail/quaternion_to_euler__type_support.cpp
-- Installing: /home/adam-falkowski/arduinobot_ws/install/arduinobot_messages/include/arduinobot_messages/arduinobot_messages/srv/detail/euler_to_quaternion__type_support.cpp
-- Installing: /home/adam-falkowski/arduinobot_ws/install/arduinobot_messages/include/arduinobot_messages/arduinobot_messages/srv/detail/quaternion_to_euler__rosidl_typesupport_introspection_cpp.hpp
-- Installing: /home/adam-falkowski/arduinobot_ws/install/arduinobot_messages/lib/libarduinobot_messages__rosidl_typesupport_introspection_cpp.so
-- Set non-toolchain portion of runtime path of "/home/adam-falkowski/arduinobot_ws/install/arduinobot_messages/lib/libarduinobot_messages__rosidl_typesupport_introspection_cpp.so" to ""
-- Installing: /home/adam-falkowski/arduinobot_ws/install/arduinobot_messages/lib/libarduinobot_messages__rosidl_typesupport_cpp.so
-- Set non-toolchain portion of runtime path of "/home/adam-falkowski/arduinobot_ws/install/arduinobot_messages/lib/libarduinobot_messages__rosidl_typesupport_cpp.so" to ""
-- Up-to-date: /home/adam-falkowski/arduinobot_ws/install/arduinobot_messages/share/arduinobot_messages/environment/pythonpath.sh
-- Up-to-date: /home/adam-falkowski/arduinobot_ws/install/arduinobot_messages/share/arduinobot_messages/environment/pythonpath.dsv
-- Up-to-date: /home/adam-falkowski/arduinobot_ws/install/arduinobot_messages/lib/python3.12/site-packages/arduinobot_messages-0.0.0-py3.12.egg-info
-- Installing: /home/adam-falkowski/arduinobot_ws/install/arduinobot_messages/lib/python3.12/site-packages/arduinobot_messages-0.0.0-py3.12.egg-info/PKG-INFO
-- Installing: /home/adam-falkowski/arduinobot_ws/install/arduinobot_messages/lib/python3.12/site-packages/arduinobot_messages-0.0.0-py3.12.egg-info/SOURCES.txt
-- Installing: /home/adam-falkowski/arduinobot_ws/install/arduinobot_messages/lib/python3.12/site-packages/arduinobot_messages-0.0.0-py3.12.egg-info/top_level.txt
-- Installing: /home/adam-falkowski/arduinobot_ws/install/arduinobot_messages/lib/python3.12/site-packages/arduinobot_messages-0.0.0-py3.12.egg-info/dependency_links.txt
-- Up-to-date: /home/adam-falkowski/arduinobot_ws/install/arduinobot_messages/lib/python3.12/site-packages/arduinobot_messages
-- Up-to-date: /home/adam-falkowski/arduinobot_ws/install/arduinobot_messages/lib/python3.12/site-packages/arduinobot_messages/srv
-- Installing: /home/adam-falkowski/arduinobot_ws/install/arduinobot_messages/lib/python3.12/site-packages/arduinobot_messages/srv/_quaternion_to_euler.py
-- Installing: /home/adam-falkowski/arduinobot_ws/install/arduinobot_messages/lib/python3.12/site-packages/arduinobot_messages/srv/_quaternion_to_euler_s.c
-- Installing: /home/adam-falkowski/arduinobot_ws/install/arduinobot_messages/lib/python3.12/site-packages/arduinobot_messages/srv/__init__.py
-- Installing: /home/adam-falkowski/arduinobot_ws/install/arduinobot_messages/lib/python3.12/site-packages/arduinobot_messages/srv/_euler_to_quaternion_s.c
-- Installing: /home/adam-falkowski/arduinobot_ws/install/arduinobot_messages/lib/python3.12/site-packages/arduinobot_messages/srv/_add_two_ints.py
-- Installing: /home/adam-falkowski/arduinobot_ws/install/arduinobot_messages/lib/python3.12/site-packages/arduinobot_messages/srv/_add_two_ints_s.c
-- Installing: /home/adam-falkowski/arduinobot_ws/install/arduinobot_messages/lib/python3.12/site-packages/arduinobot_messages/srv/_euler_to_quaternion.py
-- Installing: /home/adam-falkowski/arduinobot_ws/install/arduinobot_messages/lib/python3.12/site-packages/arduinobot_messages/_arduinobot_messages_s.ep.rosidl_typesupport_c.c
-- Installing: /home/adam-falkowski/arduinobot_ws/install/arduinobot_messages/lib/python3.12/site-packages/arduinobot_messages/arduinobot_messages_s__rosidl_typesupport_introspection_c.so
-- Installing: /home/adam-falkowski/arduinobot_ws/install/arduinobot_messages/lib/python3.12/site-packages/arduinobot_messages/_arduinobot_messages_s.ep.rosidl_typesupport_introspection_c.c
-- Installing: /home/adam-falkowski/arduinobot_ws/install/arduinobot_messages/lib/python3.12/site-packages/arduinobot_messages/_arduinobot_messages_s.ep.rosidl_typesupport_fastrtps_c.c
-- Installing: /home/adam-falkowski/arduinobot_ws/install/arduinobot_messages/lib/python3.12/site-packages/arduinobot_messages/__init__.py
-- Installing: /home/adam-falkowski/arduinobot_ws/install/arduinobot_messages/lib/python3.12/site-packages/arduinobot_messages/arduinobot_messages_s__rosidl_typesupport_c.so
-- Installing: /home/adam-falkowski/arduinobot_ws/install/arduinobot_messages/lib/python3.12/site-packages/arduinobot_messages/arduinobot_messages_s__rosidl_typesupport_fastrtps_c.so
Listing '/home/adam-falkowski/arduinobot_ws/install/arduinobot_messages/lib/python3.12/site-packages/arduinobot_messages'...
Compiling '/home/adam-falkowski/arduinobot_ws/install/arduinobot_messages/lib/python3.12/site-packages/arduinobot_messages/__init__.py'...
Listing '/home/adam-falkowski/arduinobot_ws/install/arduinobot_messages/lib/python3.12/site-packages/arduinobot_messages/srv'...
Compiling '/home/adam-falkowski/arduinobot_ws/install/arduinobot_messages/lib/python3.12/site-packages/arduinobot_messages/srv/__init__.py'...
Compiling '/home/adam-falkowski/arduinobot_ws/install/arduinobot_messages/lib/python3.12/site-packages/arduinobot_messages/srv/_add_two_ints.py'...
Compiling '/home/adam-falkowski/arduinobot_ws/install/arduinobot_messages/lib/python3.12/site-packages/arduinobot_messages/srv/_euler_to_quaternion.py'...
Compiling '/home/adam-falkowski/arduinobot_ws/install/arduinobot_messages/lib/python3.12/site-packages/arduinobot_messages/srv/_quaternion_to_euler.py'...
-- Installing: /home/adam-falkowski/arduinobot_ws/install/arduinobot_messages/lib/python3.12/site-packages/arduinobot_messages/arduinobot_messages_s__rosidl_typesupport_fastrtps_c.so
-- Set non-toolchain portion of runtime path of "/home/adam-falkowski/arduinobot_ws/install/arduinobot_messages/lib/python3.12/site-packages/arduinobot_messages/arduinobot_messages_s__rosidl_typesupport_fastrtps_c.so" to ""
-- Installing: /home/adam-falkowski/arduinobot_ws/install/arduinobot_messages/lib/python3.12/site-packages/arduinobot_messages/arduinobot_messages_s__rosidl_typesupport_introspection_c.so
-- Set non-toolchain portion of runtime path of "/home/adam-falkowski/arduinobot_ws/install/arduinobot_messages/lib/python3.12/site-packages/arduinobot_messages/arduinobot_messages_s__rosidl_typesupport_introspection_c.so" to ""
-- Installing: /home/adam-falkowski/arduinobot_ws/install/arduinobot_messages/lib/python3.12/site-packages/arduinobot_messages/arduinobot_messages_s__rosidl_typesupport_c.so
-- Set non-toolchain portion of runtime path of "/home/adam-falkowski/arduinobot_ws/install/arduinobot_messages/lib/python3.12/site-packages/arduinobot_messages/arduinobot_messages_s__rosidl_typesupport_c.so" to ""
-- Installing: /home/adam-falkowski/arduinobot_ws/install/arduinobot_messages/lib/libarduinobot_messages__rosidl_generator_py.so
-- Set non-toolchain portion of runtime path of "/home/adam-falkowski/arduinobot_ws/install/arduinobot_messages/lib/libarduinobot_messages__rosidl_generator_py.so" to ""
-- Up-to-date: /home/adam-falkowski/arduinobot_ws/install/arduinobot_messages/share/arduinobot_messages/srv/AddTwoInts.idl
-- Installing: /home/adam-falkowski/arduinobot_ws/install/arduinobot_messages/share/arduinobot_messages/srv/EulerToQuaternion.idl
-- Installing: /home/adam-falkowski/arduinobot_ws/install/arduinobot_messages/share/arduinobot_messages/srv/QuaternionToEuler.idl
-- Up-to-date: /home/adam-falkowski/arduinobot_ws/install/arduinobot_messages/share/arduinobot_messages/srv/AddTwoInts.srv
-- Installing: /home/adam-falkowski/arduinobot_ws/install/arduinobot_messages/share/arduinobot_messages/srv/EulerToQuaternion.srv
-- Installing: /home/adam-falkowski/arduinobot_ws/install/arduinobot_messages/share/arduinobot_messages/srv/QuaternionToEuler.srv
-- Up-to-date: /home/adam-falkowski/arduinobot_ws/install/arduinobot_messages/share/ament_index/resource_index/package_run_dependencies/arduinobot_messages
-- Up-to-date: /home/adam-falkowski/arduinobot_ws/install/arduinobot_messages/share/ament_index/resource_index/parent_prefix_path/arduinobot_messages
-- Up-to-date: /home/adam-falkowski/arduinobot_ws/install/arduinobot_messages/share/arduinobot_messages/environment/ament_prefix_path.sh
-- Up-to-date: /home/adam-falkowski/arduinobot_ws/install/arduinobot_messages/share/arduinobot_messages/environment/ament_prefix_path.dsv
-- Up-to-date: /home/adam-falkowski/arduinobot_ws/install/arduinobot_messages/share/arduinobot_messages/environment/path.sh
-- Up-to-date: /home/adam-falkowski/arduinobot_ws/install/arduinobot_messages/share/arduinobot_messages/environment/path.dsv
-- Up-to-date: /home/adam-falkowski/arduinobot_ws/install/arduinobot_messages/share/arduinobot_messages/local_setup.bash
-- Up-to-date: /home/adam-falkowski/arduinobot_ws/install/arduinobot_messages/share/arduinobot_messages/local_setup.sh
-- Up-to-date: /home/adam-falkowski/arduinobot_ws/install/arduinobot_messages/share/arduinobot_messages/local_setup.zsh
-- Up-to-date: /home/adam-falkowski/arduinobot_ws/install/arduinobot_messages/share/arduinobot_messages/local_setup.dsv
-- Installing: /home/adam-falkowski/arduinobot_ws/install/arduinobot_messages/share/arduinobot_messages/package.dsv
-- Up-to-date: /home/adam-falkowski/arduinobot_ws/install/arduinobot_messages/share/ament_index/resource_index/packages/arduinobot_messages
-- Up-to-date: /home/adam-falkowski/arduinobot_ws/install/arduinobot_messages/share/arduinobot_messages/cmake/export_arduinobot_messages__rosidl_generator_cExport.cmake
-- Up-to-date: /home/adam-falkowski/arduinobot_ws/install/arduinobot_messages/share/arduinobot_messages/cmake/export_arduinobot_messages__rosidl_generator_cExport-noconfig.cmake
-- Up-to-date: /home/adam-falkowski/arduinobot_ws/install/arduinobot_messages/share/arduinobot_messages/cmake/export_arduinobot_messages__rosidl_typesupport_fastrtps_cExport.cmake
-- Up-to-date: /home/adam-falkowski/arduinobot_ws/install/arduinobot_messages/share/arduinobot_messages/cmake/export_arduinobot_messages__rosidl_typesupport_fastrtps_cExport-noconfig.cmake
-- Up-to-date: /home/adam-falkowski/arduinobot_ws/install/arduinobot_messages/share/arduinobot_messages/cmake/export_arduinobot_messages__rosidl_generator_cppExport.cmake
-- Up-to-date: /home/adam-falkowski/arduinobot_ws/install/arduinobot_messages/share/arduinobot_messages/cmake/export_arduinobot_messages__rosidl_typesupport_fastrtps_cppExport.cmake
-- Up-to-date: /home/adam-falkowski/arduinobot_ws/install/arduinobot_messages/share/arduinobot_messages/cmake/export_arduinobot_messages__rosidl_typesupport_fastrtps_cppExport-noconfig.cmake
-- Up-to-date: /home/adam-falkowski/arduinobot_ws/install/arduinobot_messages/share/arduinobot_messages/cmake/arduinobot_messages__rosidl_typesupport_introspection_cExport.cmake
-- Up-to-date: /home/adam-falkowski/arduinobot_ws/install/arduinobot_messages/share/arduinobot_messages/cmake/arduinobot_messages__rosidl_typesupport_introspection_cExport-noconfig.cmake
-- Up-to-date: /home/adam-falkowski/arduinobot_ws/install/arduinobot_messages/share/arduinobot_messages/cmake/arduinobot_messages__rosidl_typesupport_cExport.cmake
-- Up-to-date: /home/adam-falkowski/arduinobot_ws/install/arduinobot_messages/share/arduinobot_messages/cmake/arduinobot_messages__rosidl_typesupport_cExport-noconfig.cmake
-- Up-to-date: /home/adam-falkowski/arduinobot_ws/install/arduinobot_messages/share/arduinobot_messages/cmake/arduinobot_messages__rosidl_typesupport_introspection_cppExport.cmake
-- Up-to-date: /home/adam-falkowski/arduinobot_ws/install/arduinobot_messages/share/arduinobot_messages/cmake/arduinobot_messages__rosidl_typesupport_introspection_cppExport-noconfig.cmake
-- Up-to-date: /home/adam-falkowski/arduinobot_ws/install/arduinobot_messages/share/arduinobot_messages/cmake/arduinobot_messages__rosidl_typesupport_cppExport.cmake
-- Up-to-date: /home/adam-falkowski/arduinobot_ws/install/arduinobot_messages/share/arduinobot_messages/cmake/arduinobot_messages__rosidl_typesupport_cppExport-noconfig.cmake
-- Up-to-date: /home/adam-falkowski/arduinobot_ws/install/arduinobot_messages/share/arduinobot_messages/cmake/export_arduinobot_messages__rosidl_generator_pyExport.cmake
-- Up-to-date: /home/adam-falkowski/arduinobot_ws/install/arduinobot_messages/share/arduinobot_messages/cmake/export_arduinobot_messages__rosidl_generator_pyExport-noconfig.cmake
-- Installing: /home/adam-falkowski/arduinobot_ws/install/arduinobot_messages/share/arduinobot_messages/cmake/rosidl_cmake-extras.cmake
-- Installing: /home/adam-falkowski/arduinobot_ws/install/arduinobot_messages/share/arduinobot_messages/cmake/ament_cmake_export_dependencies-extras.cmake
-- Up-to-date: /home/adam-falkowski/arduinobot_ws/install/arduinobot_messages/share/arduinobot_messages/cmake/ament_cmake_export_include_directories-extras.cmake
-- Up-to-date: /home/adam-falkowski/arduinobot_ws/install/arduinobot_messages/share/arduinobot_messages/cmake/ament_cmake_export_libraries-extras.cmake
-- Up-to-date: /home/adam-falkowski/arduinobot_ws/install/arduinobot_messages/share/arduinobot_messages/cmake/ament_cmake_export_targets-extras.cmake
-- Up-to-date: /home/adam-falkowski/arduinobot_ws/install/arduinobot_messages/share/arduinobot_messages/cmake/rosidl_cmake_export_typesupport_targets-extras.cmake
-- Up-to-date: /home/adam-falkowski/arduinobot_ws/install/arduinobot_messages/share/arduinobot_messages/cmake/rosidl_cmake_export_typesupport_libraries-extras.cmake
-- Up-to-date: /home/adam-falkowski/arduinobot_ws/install/arduinobot_messages/share/arduinobot_messages/cmake/arduinobot_messagesConfig.cmake
-- Up-to-date: /home/adam-falkowski/arduinobot_ws/install/arduinobot_messages/share/arduinobot_messages/cmake/arduinobot_messagesConfig-version.cmake
-- Up-to-date: /home/adam-falkowski/arduinobot_ws/install/arduinobot_messages/share/arduinobot_messages/package.xml
