[0.103s] DEBUG:colcon:Command line arguments: ['/usr/bin/colcon', 'build']
[0.104s] DEBUG:colcon:Parsed command line arguments: Namespace(log_base=None, log_level=None, verb_name='build', build_base='build', install_base='install', merge_install=False, symlink_install=False, test_result_base=None, continue_on_error=False, executor='parallel', parallel_workers=12, event_handlers=None, ignore_user_meta=False, metas=['./colcon.meta'], base_paths=['.'], packages_ignore=None, packages_ignore_regex=None, paths=None, packages_up_to=None, packages_up_to_regex=None, packages_above=None, packages_above_and_dependencies=None, packages_above_depth=None, packages_select_by_dep=None, packages_skip_by_dep=None, packages_skip_up_to=None, packages_select_build_failed=False, packages_skip_build_finished=False, packages_select_test_failures=False, packages_skip_test_passed=False, packages_select=None, packages_skip=None, packages_select_regex=None, packages_skip_regex=None, packages_start=None, packages_end=None, allow_overriding=[], cmake_args=None, cmake_target=None, cmake_target_skip_unavailable=False, cmake_clean_cache=False, cmake_clean_first=False, cmake_force_configure=False, ament_cmake_args=None, catkin_cmake_args=None, catkin_skip_building_tests=False, mixin_files=None, mixin=None, verb_parser=<colcon_mixin.mixin.mixin_argument.MixinArgumentDecorator object at 0x7b1496db00e0>, verb_extension=<colcon_core.verb.build.BuildVerb object at 0x7b1496d83920>, main=<bound method BuildVerb.main of <colcon_core.verb.build.BuildVerb object at 0x7b1496d83920>>, mixin_verb=('build',))
[0.139s] Level 1:colcon.colcon_core.package_discovery:discover_packages(colcon_meta) check parameters
[0.139s] Level 1:colcon.colcon_core.package_discovery:discover_packages(recursive) check parameters
[0.139s] Level 1:colcon.colcon_core.package_discovery:discover_packages(ignore) check parameters
[0.139s] Level 1:colcon.colcon_core.package_discovery:discover_packages(path) check parameters
[0.139s] Level 1:colcon.colcon_core.package_discovery:discover_packages(colcon_meta) discover
[0.139s] Level 1:colcon.colcon_core.package_discovery:discover_packages(recursive) discover
[0.139s] INFO:colcon.colcon_core.package_discovery:Crawling recursively for packages in '/home/adam-falkowski/arduinobot_ws'
[0.139s] Level 1:colcon.colcon_core.package_identification:_identify(.) by extensions ['ignore', 'ignore_ament_install']
[0.139s] Level 1:colcon.colcon_core.package_identification:_identify(.) by extension 'ignore'
[0.139s] Level 1:colcon.colcon_core.package_identification:_identify(.) by extension 'ignore_ament_install'
[0.139s] Level 1:colcon.colcon_core.package_identification:_identify(.) by extensions ['colcon_pkg']
[0.139s] Level 1:colcon.colcon_core.package_identification:_identify(.) by extension 'colcon_pkg'
[0.139s] Level 1:colcon.colcon_core.package_identification:_identify(.) by extensions ['colcon_meta']
[0.139s] Level 1:colcon.colcon_core.package_identification:_identify(.) by extension 'colcon_meta'
[0.139s] Level 1:colcon.colcon_core.package_identification:_identify(.) by extensions ['ros']
[0.139s] Level 1:colcon.colcon_core.package_identification:_identify(.) by extension 'ros'
[0.162s] Level 1:colcon.colcon_core.package_identification:_identify(.) by extensions ['cmake', 'python']
[0.162s] Level 1:colcon.colcon_core.package_identification:_identify(.) by extension 'cmake'
[0.162s] Level 1:colcon.colcon_core.package_identification:_identify(.) by extension 'python'
[0.162s] Level 1:colcon.colcon_core.package_identification:_identify(.) by extensions ['python_setup_py']
[0.162s] Level 1:colcon.colcon_core.package_identification:_identify(.) by extension 'python_setup_py'
[0.162s] Level 1:colcon.colcon_core.package_identification:_identify(build) by extensions ['ignore', 'ignore_ament_install']
[0.162s] Level 1:colcon.colcon_core.package_identification:_identify(build) by extension 'ignore'
[0.162s] Level 1:colcon.colcon_core.package_identification:_identify(build) ignored
[0.162s] Level 1:colcon.colcon_core.package_identification:_identify(install) by extensions ['ignore', 'ignore_ament_install']
[0.162s] Level 1:colcon.colcon_core.package_identification:_identify(install) by extension 'ignore'
[0.163s] Level 1:colcon.colcon_core.package_identification:_identify(install) ignored
[0.163s] Level 1:colcon.colcon_core.package_identification:_identify(log) by extensions ['ignore', 'ignore_ament_install']
[0.163s] Level 1:colcon.colcon_core.package_identification:_identify(log) by extension 'ignore'
[0.163s] Level 1:colcon.colcon_core.package_identification:_identify(log) ignored
[0.163s] Level 1:colcon.colcon_core.package_identification:_identify(src) by extensions ['ignore', 'ignore_ament_install']
[0.163s] Level 1:colcon.colcon_core.package_identification:_identify(src) by extension 'ignore'
[0.163s] Level 1:colcon.colcon_core.package_identification:_identify(src) by extension 'ignore_ament_install'
[0.163s] Level 1:colcon.colcon_core.package_identification:_identify(src) by extensions ['colcon_pkg']
[0.163s] Level 1:colcon.colcon_core.package_identification:_identify(src) by extension 'colcon_pkg'
[0.163s] Level 1:colcon.colcon_core.package_identification:_identify(src) by extensions ['colcon_meta']
[0.163s] Level 1:colcon.colcon_core.package_identification:_identify(src) by extension 'colcon_meta'
[0.163s] Level 1:colcon.colcon_core.package_identification:_identify(src) by extensions ['ros']
[0.163s] Level 1:colcon.colcon_core.package_identification:_identify(src) by extension 'ros'
[0.164s] Level 1:colcon.colcon_core.package_identification:_identify(src) by extensions ['cmake', 'python']
[0.164s] Level 1:colcon.colcon_core.package_identification:_identify(src) by extension 'cmake'
[0.164s] Level 1:colcon.colcon_core.package_identification:_identify(src) by extension 'python'
[0.164s] Level 1:colcon.colcon_core.package_identification:_identify(src) by extensions ['python_setup_py']
[0.164s] Level 1:colcon.colcon_core.package_identification:_identify(src) by extension 'python_setup_py'
[0.164s] Level 1:colcon.colcon_core.package_identification:_identify(src/aduinobot_moveit) by extensions ['ignore', 'ignore_ament_install']
[0.164s] Level 1:colcon.colcon_core.package_identification:_identify(src/aduinobot_moveit) by extension 'ignore'
[0.164s] Level 1:colcon.colcon_core.package_identification:_identify(src/aduinobot_moveit) by extension 'ignore_ament_install'
[0.164s] Level 1:colcon.colcon_core.package_identification:_identify(src/aduinobot_moveit) by extensions ['colcon_pkg']
[0.164s] Level 1:colcon.colcon_core.package_identification:_identify(src/aduinobot_moveit) by extension 'colcon_pkg'
[0.164s] Level 1:colcon.colcon_core.package_identification:_identify(src/aduinobot_moveit) by extensions ['colcon_meta']
[0.164s] Level 1:colcon.colcon_core.package_identification:_identify(src/aduinobot_moveit) by extension 'colcon_meta'
[0.164s] Level 1:colcon.colcon_core.package_identification:_identify(src/aduinobot_moveit) by extensions ['ros']
[0.164s] Level 1:colcon.colcon_core.package_identification:_identify(src/aduinobot_moveit) by extension 'ros'
[0.166s] DEBUG:colcon.colcon_core.package_identification:Package 'src/aduinobot_moveit' with type 'ros.ament_cmake' and name 'aduinobot_moveit'
[0.166s] Level 1:colcon.colcon_core.package_identification:_identify(src/arduinobot_controller) by extensions ['ignore', 'ignore_ament_install']
[0.167s] Level 1:colcon.colcon_core.package_identification:_identify(src/arduinobot_controller) by extension 'ignore'
[0.167s] Level 1:colcon.colcon_core.package_identification:_identify(src/arduinobot_controller) by extension 'ignore_ament_install'
[0.167s] Level 1:colcon.colcon_core.package_identification:_identify(src/arduinobot_controller) by extensions ['colcon_pkg']
[0.167s] Level 1:colcon.colcon_core.package_identification:_identify(src/arduinobot_controller) by extension 'colcon_pkg'
[0.167s] Level 1:colcon.colcon_core.package_identification:_identify(src/arduinobot_controller) by extensions ['colcon_meta']
[0.167s] Level 1:colcon.colcon_core.package_identification:_identify(src/arduinobot_controller) by extension 'colcon_meta'
[0.167s] Level 1:colcon.colcon_core.package_identification:_identify(src/arduinobot_controller) by extensions ['ros']
[0.167s] Level 1:colcon.colcon_core.package_identification:_identify(src/arduinobot_controller) by extension 'ros'
[0.168s] DEBUG:colcon.colcon_core.package_identification:Package 'src/arduinobot_controller' with type 'ros.ament_cmake' and name 'arduinobot_controller'
[0.168s] Level 1:colcon.colcon_core.package_identification:_identify(src/arduinobot_description) by extensions ['ignore', 'ignore_ament_install']
[0.168s] Level 1:colcon.colcon_core.package_identification:_identify(src/arduinobot_description) by extension 'ignore'
[0.168s] Level 1:colcon.colcon_core.package_identification:_identify(src/arduinobot_description) by extension 'ignore_ament_install'
[0.168s] Level 1:colcon.colcon_core.package_identification:_identify(src/arduinobot_description) by extensions ['colcon_pkg']
[0.168s] Level 1:colcon.colcon_core.package_identification:_identify(src/arduinobot_description) by extension 'colcon_pkg'
[0.168s] Level 1:colcon.colcon_core.package_identification:_identify(src/arduinobot_description) by extensions ['colcon_meta']
[0.168s] Level 1:colcon.colcon_core.package_identification:_identify(src/arduinobot_description) by extension 'colcon_meta'
[0.168s] Level 1:colcon.colcon_core.package_identification:_identify(src/arduinobot_description) by extensions ['ros']
[0.168s] Level 1:colcon.colcon_core.package_identification:_identify(src/arduinobot_description) by extension 'ros'
[0.171s] DEBUG:colcon.colcon_core.package_identification:Package 'src/arduinobot_description' with type 'ros.ament_cmake' and name 'arduinobot_description'
[0.171s] Level 1:colcon.colcon_core.package_identification:_identify(src/arduinobot_messages) by extensions ['ignore', 'ignore_ament_install']
[0.171s] Level 1:colcon.colcon_core.package_identification:_identify(src/arduinobot_messages) by extension 'ignore'
[0.171s] Level 1:colcon.colcon_core.package_identification:_identify(src/arduinobot_messages) by extension 'ignore_ament_install'
[0.171s] Level 1:colcon.colcon_core.package_identification:_identify(src/arduinobot_messages) by extensions ['colcon_pkg']
[0.171s] Level 1:colcon.colcon_core.package_identification:_identify(src/arduinobot_messages) by extension 'colcon_pkg'
[0.171s] Level 1:colcon.colcon_core.package_identification:_identify(src/arduinobot_messages) by extensions ['colcon_meta']
[0.171s] Level 1:colcon.colcon_core.package_identification:_identify(src/arduinobot_messages) by extension 'colcon_meta'
[0.171s] Level 1:colcon.colcon_core.package_identification:_identify(src/arduinobot_messages) by extensions ['ros']
[0.171s] Level 1:colcon.colcon_core.package_identification:_identify(src/arduinobot_messages) by extension 'ros'
[0.172s] DEBUG:colcon.colcon_core.package_identification:Package 'src/arduinobot_messages' with type 'ros.ament_cmake' and name 'arduinobot_messages'
[0.172s] Level 1:colcon.colcon_core.package_identification:_identify(src/arduinobot_py_examples) by extensions ['ignore', 'ignore_ament_install']
[0.172s] Level 1:colcon.colcon_core.package_identification:_identify(src/arduinobot_py_examples) by extension 'ignore'
[0.172s] Level 1:colcon.colcon_core.package_identification:_identify(src/arduinobot_py_examples) by extension 'ignore_ament_install'
[0.172s] Level 1:colcon.colcon_core.package_identification:_identify(src/arduinobot_py_examples) by extensions ['colcon_pkg']
[0.172s] Level 1:colcon.colcon_core.package_identification:_identify(src/arduinobot_py_examples) by extension 'colcon_pkg'
[0.172s] Level 1:colcon.colcon_core.package_identification:_identify(src/arduinobot_py_examples) by extensions ['colcon_meta']
[0.172s] Level 1:colcon.colcon_core.package_identification:_identify(src/arduinobot_py_examples) by extension 'colcon_meta'
[0.173s] Level 1:colcon.colcon_core.package_identification:_identify(src/arduinobot_py_examples) by extensions ['ros']
[0.173s] Level 1:colcon.colcon_core.package_identification:_identify(src/arduinobot_py_examples) by extension 'ros'
[0.173s] DEBUG:colcon.colcon_core.package_identification:Package 'src/arduinobot_py_examples' with type 'ros.ament_python' and name 'arduinobot_py_examples'
[0.173s] Level 1:colcon.colcon_core.package_identification:_identify(src/arduinobot_utils) by extensions ['ignore', 'ignore_ament_install']
[0.173s] Level 1:colcon.colcon_core.package_identification:_identify(src/arduinobot_utils) by extension 'ignore'
[0.173s] Level 1:colcon.colcon_core.package_identification:_identify(src/arduinobot_utils) by extension 'ignore_ament_install'
[0.173s] Level 1:colcon.colcon_core.package_identification:_identify(src/arduinobot_utils) by extensions ['colcon_pkg']
[0.173s] Level 1:colcon.colcon_core.package_identification:_identify(src/arduinobot_utils) by extension 'colcon_pkg'
[0.173s] Level 1:colcon.colcon_core.package_identification:_identify(src/arduinobot_utils) by extensions ['colcon_meta']
[0.173s] Level 1:colcon.colcon_core.package_identification:_identify(src/arduinobot_utils) by extension 'colcon_meta'
[0.173s] Level 1:colcon.colcon_core.package_identification:_identify(src/arduinobot_utils) by extensions ['ros']
[0.174s] Level 1:colcon.colcon_core.package_identification:_identify(src/arduinobot_utils) by extension 'ros'
[0.174s] DEBUG:colcon.colcon_core.package_identification:Package 'src/arduinobot_utils' with type 'ros.ament_cmake' and name 'arduinobot_utils'
[0.174s] Level 1:colcon.colcon_core.package_identification:_identify(src/build) by extensions ['ignore', 'ignore_ament_install']
[0.174s] Level 1:colcon.colcon_core.package_identification:_identify(src/build) by extension 'ignore'
[0.174s] Level 1:colcon.colcon_core.package_identification:_identify(src/build) ignored
[0.174s] Level 1:colcon.colcon_core.package_identification:_identify(src/install) by extensions ['ignore', 'ignore_ament_install']
[0.174s] Level 1:colcon.colcon_core.package_identification:_identify(src/install) by extension 'ignore'
[0.174s] Level 1:colcon.colcon_core.package_identification:_identify(src/install) ignored
[0.175s] Level 1:colcon.colcon_core.package_identification:_identify(src/log) by extensions ['ignore', 'ignore_ament_install']
[0.175s] Level 1:colcon.colcon_core.package_identification:_identify(src/log) by extension 'ignore'
[0.175s] Level 1:colcon.colcon_core.package_identification:_identify(src/log) ignored
[0.175s] Level 1:colcon.colcon_core.package_discovery:discover_packages(recursive) using defaults
[0.175s] Level 1:colcon.colcon_core.package_discovery:discover_packages(ignore) discover
[0.175s] Level 1:colcon.colcon_core.package_discovery:discover_packages(ignore) using defaults
[0.175s] Level 1:colcon.colcon_core.package_discovery:discover_packages(path) discover
[0.175s] Level 1:colcon.colcon_core.package_discovery:discover_packages(path) using defaults
[0.192s] Level 1:colcon.colcon_core.package_discovery:discover_packages(prefix_path) check parameters
[0.192s] Level 1:colcon.colcon_core.package_discovery:discover_packages(prefix_path) discover
[0.193s] DEBUG:colcon.colcon_installed_package_information.package_discovery:Found 6 installed packages in /home/adam-falkowski/arduinobot_ws/install
[0.195s] DEBUG:colcon.colcon_installed_package_information.package_discovery:Found 420 installed packages in /opt/ros/jazzy
[0.197s] Level 1:colcon.colcon_core.package_discovery:discover_packages(prefix_path) using defaults
[0.260s] Level 5:colcon.colcon_core.verb:set package 'aduinobot_moveit' build argument 'cmake_args' from command line to 'None'
[0.260s] Level 5:colcon.colcon_core.verb:set package 'aduinobot_moveit' build argument 'cmake_target' from command line to 'None'
[0.260s] Level 5:colcon.colcon_core.verb:set package 'aduinobot_moveit' build argument 'cmake_target_skip_unavailable' from command line to 'False'
[0.260s] Level 5:colcon.colcon_core.verb:set package 'aduinobot_moveit' build argument 'cmake_clean_cache' from command line to 'False'
[0.260s] Level 5:colcon.colcon_core.verb:set package 'aduinobot_moveit' build argument 'cmake_clean_first' from command line to 'False'
[0.260s] Level 5:colcon.colcon_core.verb:set package 'aduinobot_moveit' build argument 'cmake_force_configure' from command line to 'False'
[0.260s] Level 5:colcon.colcon_core.verb:set package 'aduinobot_moveit' build argument 'ament_cmake_args' from command line to 'None'
[0.260s] Level 5:colcon.colcon_core.verb:set package 'aduinobot_moveit' build argument 'catkin_cmake_args' from command line to 'None'
[0.260s] Level 5:colcon.colcon_core.verb:set package 'aduinobot_moveit' build argument 'catkin_skip_building_tests' from command line to 'False'
[0.260s] DEBUG:colcon.colcon_core.verb:Building package 'aduinobot_moveit' with the following arguments: {'ament_cmake_args': None, 'build_base': '/home/adam-falkowski/arduinobot_ws/build/aduinobot_moveit', 'catkin_cmake_args': None, 'catkin_skip_building_tests': False, 'cmake_args': None, 'cmake_clean_cache': False, 'cmake_clean_first': False, 'cmake_force_configure': False, 'cmake_target': None, 'cmake_target_skip_unavailable': False, 'install_base': '/home/adam-falkowski/arduinobot_ws/install/aduinobot_moveit', 'merge_install': False, 'path': '/home/adam-falkowski/arduinobot_ws/src/aduinobot_moveit', 'symlink_install': False, 'test_result_base': None}
[0.261s] Level 5:colcon.colcon_core.verb:set package 'arduinobot_description' build argument 'cmake_args' from command line to 'None'
[0.261s] Level 5:colcon.colcon_core.verb:set package 'arduinobot_description' build argument 'cmake_target' from command line to 'None'
[0.261s] Level 5:colcon.colcon_core.verb:set package 'arduinobot_description' build argument 'cmake_target_skip_unavailable' from command line to 'False'
[0.261s] Level 5:colcon.colcon_core.verb:set package 'arduinobot_description' build argument 'cmake_clean_cache' from command line to 'False'
[0.261s] Level 5:colcon.colcon_core.verb:set package 'arduinobot_description' build argument 'cmake_clean_first' from command line to 'False'
[0.261s] Level 5:colcon.colcon_core.verb:set package 'arduinobot_description' build argument 'cmake_force_configure' from command line to 'False'
[0.261s] Level 5:colcon.colcon_core.verb:set package 'arduinobot_description' build argument 'ament_cmake_args' from command line to 'None'
[0.261s] Level 5:colcon.colcon_core.verb:set package 'arduinobot_description' build argument 'catkin_cmake_args' from command line to 'None'
[0.261s] Level 5:colcon.colcon_core.verb:set package 'arduinobot_description' build argument 'catkin_skip_building_tests' from command line to 'False'
[0.261s] DEBUG:colcon.colcon_core.verb:Building package 'arduinobot_description' with the following arguments: {'ament_cmake_args': None, 'build_base': '/home/adam-falkowski/arduinobot_ws/build/arduinobot_description', 'catkin_cmake_args': None, 'catkin_skip_building_tests': False, 'cmake_args': None, 'cmake_clean_cache': False, 'cmake_clean_first': False, 'cmake_force_configure': False, 'cmake_target': None, 'cmake_target_skip_unavailable': False, 'install_base': '/home/adam-falkowski/arduinobot_ws/install/arduinobot_description', 'merge_install': False, 'path': '/home/adam-falkowski/arduinobot_ws/src/arduinobot_description', 'symlink_install': False, 'test_result_base': None}
[0.261s] Level 5:colcon.colcon_core.verb:set package 'arduinobot_messages' build argument 'cmake_args' from command line to 'None'
[0.261s] Level 5:colcon.colcon_core.verb:set package 'arduinobot_messages' build argument 'cmake_target' from command line to 'None'
[0.261s] Level 5:colcon.colcon_core.verb:set package 'arduinobot_messages' build argument 'cmake_target_skip_unavailable' from command line to 'False'
[0.261s] Level 5:colcon.colcon_core.verb:set package 'arduinobot_messages' build argument 'cmake_clean_cache' from command line to 'False'
[0.261s] Level 5:colcon.colcon_core.verb:set package 'arduinobot_messages' build argument 'cmake_clean_first' from command line to 'False'
[0.261s] Level 5:colcon.colcon_core.verb:set package 'arduinobot_messages' build argument 'cmake_force_configure' from command line to 'False'
[0.261s] Level 5:colcon.colcon_core.verb:set package 'arduinobot_messages' build argument 'ament_cmake_args' from command line to 'None'
[0.261s] Level 5:colcon.colcon_core.verb:set package 'arduinobot_messages' build argument 'catkin_cmake_args' from command line to 'None'
[0.261s] Level 5:colcon.colcon_core.verb:set package 'arduinobot_messages' build argument 'catkin_skip_building_tests' from command line to 'False'
[0.261s] DEBUG:colcon.colcon_core.verb:Building package 'arduinobot_messages' with the following arguments: {'ament_cmake_args': None, 'build_base': '/home/adam-falkowski/arduinobot_ws/build/arduinobot_messages', 'catkin_cmake_args': None, 'catkin_skip_building_tests': False, 'cmake_args': None, 'cmake_clean_cache': False, 'cmake_clean_first': False, 'cmake_force_configure': False, 'cmake_target': None, 'cmake_target_skip_unavailable': False, 'install_base': '/home/adam-falkowski/arduinobot_ws/install/arduinobot_messages', 'merge_install': False, 'path': '/home/adam-falkowski/arduinobot_ws/src/arduinobot_messages', 'symlink_install': False, 'test_result_base': None}
[0.262s] Level 5:colcon.colcon_core.verb:set package 'arduinobot_controller' build argument 'cmake_args' from command line to 'None'
[0.262s] Level 5:colcon.colcon_core.verb:set package 'arduinobot_controller' build argument 'cmake_target' from command line to 'None'
[0.262s] Level 5:colcon.colcon_core.verb:set package 'arduinobot_controller' build argument 'cmake_target_skip_unavailable' from command line to 'False'
[0.262s] Level 5:colcon.colcon_core.verb:set package 'arduinobot_controller' build argument 'cmake_clean_cache' from command line to 'False'
[0.262s] Level 5:colcon.colcon_core.verb:set package 'arduinobot_controller' build argument 'cmake_clean_first' from command line to 'False'
[0.262s] Level 5:colcon.colcon_core.verb:set package 'arduinobot_controller' build argument 'cmake_force_configure' from command line to 'False'
[0.262s] Level 5:colcon.colcon_core.verb:set package 'arduinobot_controller' build argument 'ament_cmake_args' from command line to 'None'
[0.262s] Level 5:colcon.colcon_core.verb:set package 'arduinobot_controller' build argument 'catkin_cmake_args' from command line to 'None'
[0.262s] Level 5:colcon.colcon_core.verb:set package 'arduinobot_controller' build argument 'catkin_skip_building_tests' from command line to 'False'
[0.262s] DEBUG:colcon.colcon_core.verb:Building package 'arduinobot_controller' with the following arguments: {'ament_cmake_args': None, 'build_base': '/home/adam-falkowski/arduinobot_ws/build/arduinobot_controller', 'catkin_cmake_args': None, 'catkin_skip_building_tests': False, 'cmake_args': None, 'cmake_clean_cache': False, 'cmake_clean_first': False, 'cmake_force_configure': False, 'cmake_target': None, 'cmake_target_skip_unavailable': False, 'install_base': '/home/adam-falkowski/arduinobot_ws/install/arduinobot_controller', 'merge_install': False, 'path': '/home/adam-falkowski/arduinobot_ws/src/arduinobot_controller', 'symlink_install': False, 'test_result_base': None}
[0.262s] Level 5:colcon.colcon_core.verb:set package 'arduinobot_py_examples' build argument 'cmake_args' from command line to 'None'
[0.262s] Level 5:colcon.colcon_core.verb:set package 'arduinobot_py_examples' build argument 'cmake_target' from command line to 'None'
[0.262s] Level 5:colcon.colcon_core.verb:set package 'arduinobot_py_examples' build argument 'cmake_target_skip_unavailable' from command line to 'False'
[0.262s] Level 5:colcon.colcon_core.verb:set package 'arduinobot_py_examples' build argument 'cmake_clean_cache' from command line to 'False'
[0.262s] Level 5:colcon.colcon_core.verb:set package 'arduinobot_py_examples' build argument 'cmake_clean_first' from command line to 'False'
[0.262s] Level 5:colcon.colcon_core.verb:set package 'arduinobot_py_examples' build argument 'cmake_force_configure' from command line to 'False'
[0.262s] Level 5:colcon.colcon_core.verb:set package 'arduinobot_py_examples' build argument 'ament_cmake_args' from command line to 'None'
[0.262s] Level 5:colcon.colcon_core.verb:set package 'arduinobot_py_examples' build argument 'catkin_cmake_args' from command line to 'None'
[0.262s] Level 5:colcon.colcon_core.verb:set package 'arduinobot_py_examples' build argument 'catkin_skip_building_tests' from command line to 'False'
[0.262s] DEBUG:colcon.colcon_core.verb:Building package 'arduinobot_py_examples' with the following arguments: {'ament_cmake_args': None, 'build_base': '/home/adam-falkowski/arduinobot_ws/build/arduinobot_py_examples', 'catkin_cmake_args': None, 'catkin_skip_building_tests': False, 'cmake_args': None, 'cmake_clean_cache': False, 'cmake_clean_first': False, 'cmake_force_configure': False, 'cmake_target': None, 'cmake_target_skip_unavailable': False, 'install_base': '/home/adam-falkowski/arduinobot_ws/install/arduinobot_py_examples', 'merge_install': False, 'path': '/home/adam-falkowski/arduinobot_ws/src/arduinobot_py_examples', 'symlink_install': False, 'test_result_base': None}
[0.263s] Level 5:colcon.colcon_core.verb:set package 'arduinobot_utils' build argument 'cmake_args' from command line to 'None'
[0.263s] Level 5:colcon.colcon_core.verb:set package 'arduinobot_utils' build argument 'cmake_target' from command line to 'None'
[0.263s] Level 5:colcon.colcon_core.verb:set package 'arduinobot_utils' build argument 'cmake_target_skip_unavailable' from command line to 'False'
[0.263s] Level 5:colcon.colcon_core.verb:set package 'arduinobot_utils' build argument 'cmake_clean_cache' from command line to 'False'
[0.263s] Level 5:colcon.colcon_core.verb:set package 'arduinobot_utils' build argument 'cmake_clean_first' from command line to 'False'
[0.263s] Level 5:colcon.colcon_core.verb:set package 'arduinobot_utils' build argument 'cmake_force_configure' from command line to 'False'
[0.263s] Level 5:colcon.colcon_core.verb:set package 'arduinobot_utils' build argument 'ament_cmake_args' from command line to 'None'
[0.263s] Level 5:colcon.colcon_core.verb:set package 'arduinobot_utils' build argument 'catkin_cmake_args' from command line to 'None'
[0.263s] Level 5:colcon.colcon_core.verb:set package 'arduinobot_utils' build argument 'catkin_skip_building_tests' from command line to 'False'
[0.263s] DEBUG:colcon.colcon_core.verb:Building package 'arduinobot_utils' with the following arguments: {'ament_cmake_args': None, 'build_base': '/home/adam-falkowski/arduinobot_ws/build/arduinobot_utils', 'catkin_cmake_args': None, 'catkin_skip_building_tests': False, 'cmake_args': None, 'cmake_clean_cache': False, 'cmake_clean_first': False, 'cmake_force_configure': False, 'cmake_target': None, 'cmake_target_skip_unavailable': False, 'install_base': '/home/adam-falkowski/arduinobot_ws/install/arduinobot_utils', 'merge_install': False, 'path': '/home/adam-falkowski/arduinobot_ws/src/arduinobot_utils', 'symlink_install': False, 'test_result_base': None}
[0.263s] INFO:colcon.colcon_core.executor:Executing jobs using 'parallel' executor
[0.264s] DEBUG:colcon.colcon_parallel_executor.executor.parallel:run_until_complete
[0.264s] INFO:colcon.colcon_ros.task.ament_cmake.build:Building ROS package in '/home/adam-falkowski/arduinobot_ws/src/arduinobot_messages' with build type 'ament_cmake'
[0.264s] INFO:colcon.colcon_cmake.task.cmake.build:Building CMake package in '/home/adam-falkowski/arduinobot_ws/src/arduinobot_messages'
[0.267s] INFO:colcon.colcon_core.plugin_system:Skipping extension 'colcon_core.shell.bat': Not used on non-Windows systems
[0.267s] INFO:colcon.colcon_core.shell:Skip shell extension 'powershell' for command environment: Not usable outside of PowerShell
[0.267s] DEBUG:colcon.colcon_core.shell:Skip shell extension 'dsv' for command environment
[0.274s] INFO:colcon.colcon_ros.task.ament_cmake.build:Building ROS package in '/home/adam-falkowski/arduinobot_ws/src/arduinobot_description' with build type 'ament_cmake'
[0.274s] INFO:colcon.colcon_cmake.task.cmake.build:Building CMake package in '/home/adam-falkowski/arduinobot_ws/src/arduinobot_description'
[0.274s] INFO:colcon.colcon_core.shell:Skip shell extension 'powershell' for command environment: Not usable outside of PowerShell
[0.274s] DEBUG:colcon.colcon_core.shell:Skip shell extension 'dsv' for command environment
[0.281s] INFO:colcon.colcon_ros.task.ament_cmake.build:Building ROS package in '/home/adam-falkowski/arduinobot_ws/src/aduinobot_moveit' with build type 'ament_cmake'
[0.281s] INFO:colcon.colcon_cmake.task.cmake.build:Building CMake package in '/home/adam-falkowski/arduinobot_ws/src/aduinobot_moveit'
[0.281s] INFO:colcon.colcon_core.shell:Skip shell extension 'powershell' for command environment: Not usable outside of PowerShell
[0.281s] DEBUG:colcon.colcon_core.shell:Skip shell extension 'dsv' for command environment
[0.293s] DEBUG:colcon.colcon_core.event_handler.log_command:Invoking command in '/home/adam-falkowski/arduinobot_ws/build/arduinobot_messages': CMAKE_PREFIX_PATH=${CMAKE_PREFIX_PATH}:/home/adam-falkowski/arduinobot_ws/install/arduinobot_py_examples:/opt/ros/jazzy DEBUGINFOD_URLS=https://debuginfod.ubuntu.com /usr/bin/cmake --build /home/adam-falkowski/arduinobot_ws/build/arduinobot_messages -- -j12 -l12
[0.297s] DEBUG:colcon.colcon_core.event_handler.log_command:Invoking command in '/home/adam-falkowski/arduinobot_ws/build/arduinobot_description': CMAKE_PREFIX_PATH=${CMAKE_PREFIX_PATH}:/home/adam-falkowski/arduinobot_ws/install/arduinobot_py_examples:/opt/ros/jazzy DEBUGINFOD_URLS=https://debuginfod.ubuntu.com /usr/bin/cmake --build /home/adam-falkowski/arduinobot_ws/build/arduinobot_description -- -j12 -l12
[0.302s] DEBUG:colcon.colcon_core.event_handler.log_command:Invoking command in '/home/adam-falkowski/arduinobot_ws/build/aduinobot_moveit': CMAKE_PREFIX_PATH=${CMAKE_PREFIX_PATH}:/home/adam-falkowski/arduinobot_ws/install/arduinobot_py_examples:/opt/ros/jazzy DEBUGINFOD_URLS=https://debuginfod.ubuntu.com /usr/bin/cmake /home/adam-falkowski/arduinobot_ws/src/aduinobot_moveit -DCMAKE_INSTALL_PREFIX=/home/adam-falkowski/arduinobot_ws/install/aduinobot_moveit
[0.355s] DEBUG:colcon.colcon_core.event_handler.log_command:Invoked command in '/home/adam-falkowski/arduinobot_ws/build/arduinobot_description' returned '0': CMAKE_PREFIX_PATH=${CMAKE_PREFIX_PATH}:/home/adam-falkowski/arduinobot_ws/install/arduinobot_py_examples:/opt/ros/jazzy DEBUGINFOD_URLS=https://debuginfod.ubuntu.com /usr/bin/cmake --build /home/adam-falkowski/arduinobot_ws/build/arduinobot_description -- -j12 -l12
[0.371s] DEBUG:colcon.colcon_core.event_handler.log_command:Invoking command in '/home/adam-falkowski/arduinobot_ws/build/arduinobot_description': CMAKE_PREFIX_PATH=${CMAKE_PREFIX_PATH}:/home/adam-falkowski/arduinobot_ws/install/arduinobot_py_examples:/opt/ros/jazzy DEBUGINFOD_URLS=https://debuginfod.ubuntu.com /usr/bin/cmake --install /home/adam-falkowski/arduinobot_ws/build/arduinobot_description
[0.413s] Level 1:colcon.colcon_core.environment:create_environment_scripts_only(arduinobot_description)
[0.414s] DEBUG:colcon.colcon_core.event_handler.log_command:Invoked command in '/home/adam-falkowski/arduinobot_ws/build/arduinobot_description' returned '0': CMAKE_PREFIX_PATH=${CMAKE_PREFIX_PATH}:/home/adam-falkowski/arduinobot_ws/install/arduinobot_py_examples:/opt/ros/jazzy DEBUGINFOD_URLS=https://debuginfod.ubuntu.com /usr/bin/cmake --install /home/adam-falkowski/arduinobot_ws/build/arduinobot_description
[0.418s] Level 1:colcon.colcon_core.environment:checking '/home/adam-falkowski/arduinobot_ws/install/arduinobot_description' for CMake module files
[0.419s] Level 1:colcon.colcon_core.environment:checking '/home/adam-falkowski/arduinobot_ws/install/arduinobot_description' for CMake config files
[0.420s] Level 1:colcon.colcon_core.shell:create_environment_hook('arduinobot_description', 'cmake_prefix_path')
[0.420s] INFO:colcon.colcon_core.shell:Creating environment hook '/home/adam-falkowski/arduinobot_ws/install/arduinobot_description/share/arduinobot_description/hook/cmake_prefix_path.ps1'
[0.422s] INFO:colcon.colcon_core.shell:Creating environment descriptor '/home/adam-falkowski/arduinobot_ws/install/arduinobot_description/share/arduinobot_description/hook/cmake_prefix_path.dsv'
[0.423s] INFO:colcon.colcon_core.shell:Creating environment hook '/home/adam-falkowski/arduinobot_ws/install/arduinobot_description/share/arduinobot_description/hook/cmake_prefix_path.sh'
[0.424s] Level 1:colcon.colcon_core.environment:checking '/home/adam-falkowski/arduinobot_ws/install/arduinobot_description/bin'
[0.424s] Level 1:colcon.colcon_core.environment:checking '/home/adam-falkowski/arduinobot_ws/install/arduinobot_description/lib/pkgconfig/arduinobot_description.pc'
[0.425s] Level 1:colcon.colcon_core.environment:checking '/home/adam-falkowski/arduinobot_ws/install/arduinobot_description/lib/python3.12/site-packages'
[0.426s] Level 1:colcon.colcon_core.environment:checking '/home/adam-falkowski/arduinobot_ws/install/arduinobot_description/bin'
[0.426s] INFO:colcon.colcon_core.shell:Creating package script '/home/adam-falkowski/arduinobot_ws/install/arduinobot_description/share/arduinobot_description/package.ps1'
[0.428s] INFO:colcon.colcon_core.shell:Creating package descriptor '/home/adam-falkowski/arduinobot_ws/install/arduinobot_description/share/arduinobot_description/package.dsv'
[0.429s] INFO:colcon.colcon_core.shell:Creating package script '/home/adam-falkowski/arduinobot_ws/install/arduinobot_description/share/arduinobot_description/package.sh'
[0.431s] INFO:colcon.colcon_core.shell:Creating package script '/home/adam-falkowski/arduinobot_ws/install/arduinobot_description/share/arduinobot_description/package.bash'
[0.433s] INFO:colcon.colcon_core.shell:Creating package script '/home/adam-falkowski/arduinobot_ws/install/arduinobot_description/share/arduinobot_description/package.zsh'
[0.435s] Level 1:colcon.colcon_core.environment:create_file_with_runtime_dependencies(/home/adam-falkowski/arduinobot_ws/install/arduinobot_description/share/colcon-core/packages/arduinobot_description)
[0.436s] Level 1:colcon.colcon_core.environment:create_environment_scripts_only(arduinobot_description)
[0.437s] Level 1:colcon.colcon_core.environment:checking '/home/adam-falkowski/arduinobot_ws/install/arduinobot_description' for CMake module files
[0.438s] Level 1:colcon.colcon_core.environment:checking '/home/adam-falkowski/arduinobot_ws/install/arduinobot_description' for CMake config files
[0.439s] Level 1:colcon.colcon_core.shell:create_environment_hook('arduinobot_description', 'cmake_prefix_path')
[0.439s] INFO:colcon.colcon_core.shell:Creating environment hook '/home/adam-falkowski/arduinobot_ws/install/arduinobot_description/share/arduinobot_description/hook/cmake_prefix_path.ps1'
[0.440s] INFO:colcon.colcon_core.shell:Creating environment descriptor '/home/adam-falkowski/arduinobot_ws/install/arduinobot_description/share/arduinobot_description/hook/cmake_prefix_path.dsv'
[0.441s] INFO:colcon.colcon_core.shell:Creating environment hook '/home/adam-falkowski/arduinobot_ws/install/arduinobot_description/share/arduinobot_description/hook/cmake_prefix_path.sh'
[0.442s] Level 1:colcon.colcon_core.environment:checking '/home/adam-falkowski/arduinobot_ws/install/arduinobot_description/bin'
[0.442s] Level 1:colcon.colcon_core.environment:checking '/home/adam-falkowski/arduinobot_ws/install/arduinobot_description/lib/pkgconfig/arduinobot_description.pc'
[0.443s] Level 1:colcon.colcon_core.environment:checking '/home/adam-falkowski/arduinobot_ws/install/arduinobot_description/lib/python3.12/site-packages'
[0.443s] Level 1:colcon.colcon_core.environment:checking '/home/adam-falkowski/arduinobot_ws/install/arduinobot_description/bin'
[0.444s] INFO:colcon.colcon_core.shell:Creating package script '/home/adam-falkowski/arduinobot_ws/install/arduinobot_description/share/arduinobot_description/package.ps1'
[0.445s] INFO:colcon.colcon_core.shell:Creating package descriptor '/home/adam-falkowski/arduinobot_ws/install/arduinobot_description/share/arduinobot_description/package.dsv'
[0.446s] INFO:colcon.colcon_core.shell:Creating package script '/home/adam-falkowski/arduinobot_ws/install/arduinobot_description/share/arduinobot_description/package.sh'
[0.447s] INFO:colcon.colcon_core.shell:Creating package script '/home/adam-falkowski/arduinobot_ws/install/arduinobot_description/share/arduinobot_description/package.bash'
[0.448s] INFO:colcon.colcon_core.shell:Creating package script '/home/adam-falkowski/arduinobot_ws/install/arduinobot_description/share/arduinobot_description/package.zsh'
[0.449s] Level 1:colcon.colcon_core.environment:create_file_with_runtime_dependencies(/home/adam-falkowski/arduinobot_ws/install/arduinobot_description/share/colcon-core/packages/arduinobot_description)
[0.449s] INFO:colcon.colcon_ros.task.ament_cmake.build:Building ROS package in '/home/adam-falkowski/arduinobot_ws/src/arduinobot_controller' with build type 'ament_cmake'
[0.450s] INFO:colcon.colcon_cmake.task.cmake.build:Building CMake package in '/home/adam-falkowski/arduinobot_ws/src/arduinobot_controller'
[0.450s] INFO:colcon.colcon_core.shell:Skip shell extension 'powershell' for command environment: Not usable outside of PowerShell
[0.451s] DEBUG:colcon.colcon_core.shell:Skip shell extension 'dsv' for command environment
[0.473s] DEBUG:colcon.colcon_core.event_handler.log_command:Invoking command in '/home/adam-falkowski/arduinobot_ws/build/arduinobot_controller': CMAKE_PREFIX_PATH=/home/adam-falkowski/arduinobot_ws/install/arduinobot_description:/home/adam-falkowski/arduinobot_ws/install/arduinobot_utils:/home/adam-falkowski/arduinobot_ws/install/arduinobot_messages:/home/adam-falkowski/arduinobot_ws/install/arduinobot_controller:/home/adam-falkowski/arduinobot_ws/install/arduinobot_cpp_exampled:/opt/ros/jazzy/opt/gz_launch_vendor:/opt/ros/jazzy/opt/gz_sim_vendor:/opt/ros/jazzy/opt/gz_sensors_vendor:/opt/ros/jazzy/opt/gz_physics_vendor:/opt/ros/jazzy/opt/sdformat_vendor:/opt/ros/jazzy/opt/gz_gui_vendor:/opt/ros/jazzy/opt/gz_transport_vendor:/opt/ros/jazzy/opt/gz_rendering_vendor:/opt/ros/jazzy/opt/gz_plugin_vendor:/opt/ros/jazzy/opt/gz_fuel_tools_vendor:/opt/ros/jazzy/opt/gz_msgs_vendor:/opt/ros/jazzy/opt/gz_common_vendor:/opt/ros/jazzy/opt/gz_math_vendor:/opt/ros/jazzy/opt/gz_utils_vendor:/opt/ros/jazzy/opt/gz_tools_vendor:/opt/ros/jazzy/opt/gz_ogre_next_vendor:/opt/ros/jazzy/opt/gz_dartsim_vendor:/opt/ros/jazzy/opt/gz_cmake_vendor:/home/adam-falkowski/arduinobot_ws/install/arduinobot_py_examples:/opt/ros/jazzy DEBUGINFOD_URLS=https://debuginfod.ubuntu.com /usr/bin/cmake --build /home/adam-falkowski/arduinobot_ws/build/arduinobot_controller -- -j12 -l12
[0.538s] DEBUG:colcon.colcon_core.event_handler.log_command:Invoked command in '/home/adam-falkowski/arduinobot_ws/build/arduinobot_controller' returned '0': CMAKE_PREFIX_PATH=/home/adam-falkowski/arduinobot_ws/install/arduinobot_description:/home/adam-falkowski/arduinobot_ws/install/arduinobot_utils:/home/adam-falkowski/arduinobot_ws/install/arduinobot_messages:/home/adam-falkowski/arduinobot_ws/install/arduinobot_controller:/home/adam-falkowski/arduinobot_ws/install/arduinobot_cpp_exampled:/opt/ros/jazzy/opt/gz_launch_vendor:/opt/ros/jazzy/opt/gz_sim_vendor:/opt/ros/jazzy/opt/gz_sensors_vendor:/opt/ros/jazzy/opt/gz_physics_vendor:/opt/ros/jazzy/opt/sdformat_vendor:/opt/ros/jazzy/opt/gz_gui_vendor:/opt/ros/jazzy/opt/gz_transport_vendor:/opt/ros/jazzy/opt/gz_rendering_vendor:/opt/ros/jazzy/opt/gz_plugin_vendor:/opt/ros/jazzy/opt/gz_fuel_tools_vendor:/opt/ros/jazzy/opt/gz_msgs_vendor:/opt/ros/jazzy/opt/gz_common_vendor:/opt/ros/jazzy/opt/gz_math_vendor:/opt/ros/jazzy/opt/gz_utils_vendor:/opt/ros/jazzy/opt/gz_tools_vendor:/opt/ros/jazzy/opt/gz_ogre_next_vendor:/opt/ros/jazzy/opt/gz_dartsim_vendor:/opt/ros/jazzy/opt/gz_cmake_vendor:/home/adam-falkowski/arduinobot_ws/install/arduinobot_py_examples:/opt/ros/jazzy DEBUGINFOD_URLS=https://debuginfod.ubuntu.com /usr/bin/cmake --build /home/adam-falkowski/arduinobot_ws/build/arduinobot_controller -- -j12 -l12
[0.539s] DEBUG:colcon.colcon_core.event_handler.log_command:Invoking command in '/home/adam-falkowski/arduinobot_ws/build/arduinobot_controller': CMAKE_PREFIX_PATH=/home/adam-falkowski/arduinobot_ws/install/arduinobot_description:/home/adam-falkowski/arduinobot_ws/install/arduinobot_utils:/home/adam-falkowski/arduinobot_ws/install/arduinobot_messages:/home/adam-falkowski/arduinobot_ws/install/arduinobot_controller:/home/adam-falkowski/arduinobot_ws/install/arduinobot_cpp_exampled:/opt/ros/jazzy/opt/gz_launch_vendor:/opt/ros/jazzy/opt/gz_sim_vendor:/opt/ros/jazzy/opt/gz_sensors_vendor:/opt/ros/jazzy/opt/gz_physics_vendor:/opt/ros/jazzy/opt/sdformat_vendor:/opt/ros/jazzy/opt/gz_gui_vendor:/opt/ros/jazzy/opt/gz_transport_vendor:/opt/ros/jazzy/opt/gz_rendering_vendor:/opt/ros/jazzy/opt/gz_plugin_vendor:/opt/ros/jazzy/opt/gz_fuel_tools_vendor:/opt/ros/jazzy/opt/gz_msgs_vendor:/opt/ros/jazzy/opt/gz_common_vendor:/opt/ros/jazzy/opt/gz_math_vendor:/opt/ros/jazzy/opt/gz_utils_vendor:/opt/ros/jazzy/opt/gz_tools_vendor:/opt/ros/jazzy/opt/gz_ogre_next_vendor:/opt/ros/jazzy/opt/gz_dartsim_vendor:/opt/ros/jazzy/opt/gz_cmake_vendor:/home/adam-falkowski/arduinobot_ws/install/arduinobot_py_examples:/opt/ros/jazzy DEBUGINFOD_URLS=https://debuginfod.ubuntu.com /usr/bin/cmake --install /home/adam-falkowski/arduinobot_ws/build/arduinobot_controller
[0.582s] Level 1:colcon.colcon_core.environment:create_environment_scripts_only(arduinobot_controller)
[0.583s] Level 1:colcon.colcon_core.environment:checking '/home/adam-falkowski/arduinobot_ws/install/arduinobot_controller' for CMake module files
[0.584s] DEBUG:colcon.colcon_core.event_handler.log_command:Invoked command in '/home/adam-falkowski/arduinobot_ws/build/arduinobot_controller' returned '0': CMAKE_PREFIX_PATH=/home/adam-falkowski/arduinobot_ws/install/arduinobot_description:/home/adam-falkowski/arduinobot_ws/install/arduinobot_utils:/home/adam-falkowski/arduinobot_ws/install/arduinobot_messages:/home/adam-falkowski/arduinobot_ws/install/arduinobot_controller:/home/adam-falkowski/arduinobot_ws/install/arduinobot_cpp_exampled:/opt/ros/jazzy/opt/gz_launch_vendor:/opt/ros/jazzy/opt/gz_sim_vendor:/opt/ros/jazzy/opt/gz_sensors_vendor:/opt/ros/jazzy/opt/gz_physics_vendor:/opt/ros/jazzy/opt/sdformat_vendor:/opt/ros/jazzy/opt/gz_gui_vendor:/opt/ros/jazzy/opt/gz_transport_vendor:/opt/ros/jazzy/opt/gz_rendering_vendor:/opt/ros/jazzy/opt/gz_plugin_vendor:/opt/ros/jazzy/opt/gz_fuel_tools_vendor:/opt/ros/jazzy/opt/gz_msgs_vendor:/opt/ros/jazzy/opt/gz_common_vendor:/opt/ros/jazzy/opt/gz_math_vendor:/opt/ros/jazzy/opt/gz_utils_vendor:/opt/ros/jazzy/opt/gz_tools_vendor:/opt/ros/jazzy/opt/gz_ogre_next_vendor:/opt/ros/jazzy/opt/gz_dartsim_vendor:/opt/ros/jazzy/opt/gz_cmake_vendor:/home/adam-falkowski/arduinobot_ws/install/arduinobot_py_examples:/opt/ros/jazzy DEBUGINFOD_URLS=https://debuginfod.ubuntu.com /usr/bin/cmake --install /home/adam-falkowski/arduinobot_ws/build/arduinobot_controller
[0.585s] Level 1:colcon.colcon_core.environment:checking '/home/adam-falkowski/arduinobot_ws/install/arduinobot_controller' for CMake config files
[0.585s] Level 1:colcon.colcon_core.shell:create_environment_hook('arduinobot_controller', 'cmake_prefix_path')
[0.585s] INFO:colcon.colcon_core.shell:Creating environment hook '/home/adam-falkowski/arduinobot_ws/install/arduinobot_controller/share/arduinobot_controller/hook/cmake_prefix_path.ps1'
[0.586s] INFO:colcon.colcon_core.shell:Creating environment descriptor '/home/adam-falkowski/arduinobot_ws/install/arduinobot_controller/share/arduinobot_controller/hook/cmake_prefix_path.dsv'
[0.587s] INFO:colcon.colcon_core.shell:Creating environment hook '/home/adam-falkowski/arduinobot_ws/install/arduinobot_controller/share/arduinobot_controller/hook/cmake_prefix_path.sh'
[0.588s] Level 1:colcon.colcon_core.environment:checking '/home/adam-falkowski/arduinobot_ws/install/arduinobot_controller/bin'
[0.588s] Level 1:colcon.colcon_core.environment:checking '/home/adam-falkowski/arduinobot_ws/install/arduinobot_controller/lib/pkgconfig/arduinobot_controller.pc'
[0.589s] Level 1:colcon.colcon_core.environment:checking '/home/adam-falkowski/arduinobot_ws/install/arduinobot_controller/lib/python3.12/site-packages'
[0.589s] Level 1:colcon.colcon_core.environment:checking '/home/adam-falkowski/arduinobot_ws/install/arduinobot_controller/bin'
[0.590s] INFO:colcon.colcon_core.shell:Creating package script '/home/adam-falkowski/arduinobot_ws/install/arduinobot_controller/share/arduinobot_controller/package.ps1'
[0.591s] INFO:colcon.colcon_core.shell:Creating package descriptor '/home/adam-falkowski/arduinobot_ws/install/arduinobot_controller/share/arduinobot_controller/package.dsv'
[0.592s] INFO:colcon.colcon_core.shell:Creating package script '/home/adam-falkowski/arduinobot_ws/install/arduinobot_controller/share/arduinobot_controller/package.sh'
[0.593s] INFO:colcon.colcon_core.shell:Creating package script '/home/adam-falkowski/arduinobot_ws/install/arduinobot_controller/share/arduinobot_controller/package.bash'
[0.594s] INFO:colcon.colcon_core.shell:Creating package script '/home/adam-falkowski/arduinobot_ws/install/arduinobot_controller/share/arduinobot_controller/package.zsh'
[0.594s] Level 1:colcon.colcon_core.environment:create_file_with_runtime_dependencies(/home/adam-falkowski/arduinobot_ws/install/arduinobot_controller/share/colcon-core/packages/arduinobot_controller)
[0.596s] Level 1:colcon.colcon_core.environment:create_environment_scripts_only(arduinobot_controller)
[0.596s] Level 1:colcon.colcon_core.environment:checking '/home/adam-falkowski/arduinobot_ws/install/arduinobot_controller' for CMake module files
[0.598s] Level 1:colcon.colcon_core.environment:checking '/home/adam-falkowski/arduinobot_ws/install/arduinobot_controller' for CMake config files
[0.598s] Level 1:colcon.colcon_core.shell:create_environment_hook('arduinobot_controller', 'cmake_prefix_path')
[0.599s] INFO:colcon.colcon_core.shell:Creating environment hook '/home/adam-falkowski/arduinobot_ws/install/arduinobot_controller/share/arduinobot_controller/hook/cmake_prefix_path.ps1'
[0.600s] INFO:colcon.colcon_core.shell:Creating environment descriptor '/home/adam-falkowski/arduinobot_ws/install/arduinobot_controller/share/arduinobot_controller/hook/cmake_prefix_path.dsv'
[0.600s] INFO:colcon.colcon_core.shell:Creating environment hook '/home/adam-falkowski/arduinobot_ws/install/arduinobot_controller/share/arduinobot_controller/hook/cmake_prefix_path.sh'
[0.602s] Level 1:colcon.colcon_core.environment:checking '/home/adam-falkowski/arduinobot_ws/install/arduinobot_controller/bin'
[0.602s] Level 1:colcon.colcon_core.environment:checking '/home/adam-falkowski/arduinobot_ws/install/arduinobot_controller/lib/pkgconfig/arduinobot_controller.pc'
[0.602s] Level 1:colcon.colcon_core.environment:checking '/home/adam-falkowski/arduinobot_ws/install/arduinobot_controller/lib/python3.12/site-packages'
[0.603s] Level 1:colcon.colcon_core.environment:checking '/home/adam-falkowski/arduinobot_ws/install/arduinobot_controller/bin'
[0.603s] INFO:colcon.colcon_core.shell:Creating package script '/home/adam-falkowski/arduinobot_ws/install/arduinobot_controller/share/arduinobot_controller/package.ps1'
[0.604s] INFO:colcon.colcon_core.shell:Creating package descriptor '/home/adam-falkowski/arduinobot_ws/install/arduinobot_controller/share/arduinobot_controller/package.dsv'
[0.606s] INFO:colcon.colcon_core.shell:Creating package script '/home/adam-falkowski/arduinobot_ws/install/arduinobot_controller/share/arduinobot_controller/package.sh'
[0.607s] INFO:colcon.colcon_core.shell:Creating package script '/home/adam-falkowski/arduinobot_ws/install/arduinobot_controller/share/arduinobot_controller/package.bash'
[0.608s] INFO:colcon.colcon_core.shell:Creating package script '/home/adam-falkowski/arduinobot_ws/install/arduinobot_controller/share/arduinobot_controller/package.zsh'
[0.608s] Level 1:colcon.colcon_core.environment:create_file_with_runtime_dependencies(/home/adam-falkowski/arduinobot_ws/install/arduinobot_controller/share/colcon-core/packages/arduinobot_controller)
[0.958s] DEBUG:colcon.colcon_core.event_handler.log_command:Invoked command in '/home/adam-falkowski/arduinobot_ws/build/arduinobot_messages' returned '0': CMAKE_PREFIX_PATH=${CMAKE_PREFIX_PATH}:/home/adam-falkowski/arduinobot_ws/install/arduinobot_py_examples:/opt/ros/jazzy DEBUGINFOD_URLS=https://debuginfod.ubuntu.com /usr/bin/cmake --build /home/adam-falkowski/arduinobot_ws/build/arduinobot_messages -- -j12 -l12
[0.960s] DEBUG:colcon.colcon_core.event_handler.log_command:Invoking command in '/home/adam-falkowski/arduinobot_ws/build/arduinobot_messages': CMAKE_PREFIX_PATH=${CMAKE_PREFIX_PATH}:/home/adam-falkowski/arduinobot_ws/install/arduinobot_py_examples:/opt/ros/jazzy DEBUGINFOD_URLS=https://debuginfod.ubuntu.com /usr/bin/cmake --install /home/adam-falkowski/arduinobot_ws/build/arduinobot_messages
[1.043s] Level 1:colcon.colcon_core.environment:create_environment_scripts_only(arduinobot_messages)
[1.043s] Level 1:colcon.colcon_core.environment:checking '/home/adam-falkowski/arduinobot_ws/install/arduinobot_messages' for CMake module files
[1.044s] DEBUG:colcon.colcon_core.event_handler.log_command:Invoked command in '/home/adam-falkowski/arduinobot_ws/build/arduinobot_messages' returned '0': CMAKE_PREFIX_PATH=${CMAKE_PREFIX_PATH}:/home/adam-falkowski/arduinobot_ws/install/arduinobot_py_examples:/opt/ros/jazzy DEBUGINFOD_URLS=https://debuginfod.ubuntu.com /usr/bin/cmake --install /home/adam-falkowski/arduinobot_ws/build/arduinobot_messages
[1.046s] Level 1:colcon.colcon_core.environment:checking '/home/adam-falkowski/arduinobot_ws/install/arduinobot_messages' for CMake config files
[1.047s] Level 1:colcon.colcon_core.shell:create_environment_hook('arduinobot_messages', 'cmake_prefix_path')
[1.047s] INFO:colcon.colcon_core.shell:Creating environment hook '/home/adam-falkowski/arduinobot_ws/install/arduinobot_messages/share/arduinobot_messages/hook/cmake_prefix_path.ps1'
[1.048s] INFO:colcon.colcon_core.shell:Creating environment descriptor '/home/adam-falkowski/arduinobot_ws/install/arduinobot_messages/share/arduinobot_messages/hook/cmake_prefix_path.dsv'
[1.049s] INFO:colcon.colcon_core.shell:Creating environment hook '/home/adam-falkowski/arduinobot_ws/install/arduinobot_messages/share/arduinobot_messages/hook/cmake_prefix_path.sh'
[1.050s] Level 1:colcon.colcon_core.environment:checking '/home/adam-falkowski/arduinobot_ws/install/arduinobot_messages/lib'
[1.050s] Level 1:colcon.colcon_core.shell:create_environment_hook('arduinobot_messages', 'ld_library_path_lib')
[1.051s] INFO:colcon.colcon_core.shell:Creating environment hook '/home/adam-falkowski/arduinobot_ws/install/arduinobot_messages/share/arduinobot_messages/hook/ld_library_path_lib.ps1'
[1.051s] INFO:colcon.colcon_core.shell:Creating environment descriptor '/home/adam-falkowski/arduinobot_ws/install/arduinobot_messages/share/arduinobot_messages/hook/ld_library_path_lib.dsv'
[1.052s] INFO:colcon.colcon_core.shell:Creating environment hook '/home/adam-falkowski/arduinobot_ws/install/arduinobot_messages/share/arduinobot_messages/hook/ld_library_path_lib.sh'
[1.053s] Level 1:colcon.colcon_core.environment:checking '/home/adam-falkowski/arduinobot_ws/install/arduinobot_messages/bin'
[1.053s] Level 1:colcon.colcon_core.environment:checking '/home/adam-falkowski/arduinobot_ws/install/arduinobot_messages/lib/pkgconfig/arduinobot_messages.pc'
[1.053s] Level 1:colcon.colcon_core.environment:checking '/home/adam-falkowski/arduinobot_ws/install/arduinobot_messages/lib/python3.12/site-packages'
[1.054s] Level 1:colcon.colcon_core.shell:create_environment_hook('arduinobot_messages', 'pythonpath')
[1.054s] INFO:colcon.colcon_core.shell:Creating environment hook '/home/adam-falkowski/arduinobot_ws/install/arduinobot_messages/share/arduinobot_messages/hook/pythonpath.ps1'
[1.055s] INFO:colcon.colcon_core.shell:Creating environment descriptor '/home/adam-falkowski/arduinobot_ws/install/arduinobot_messages/share/arduinobot_messages/hook/pythonpath.dsv'
[1.055s] INFO:colcon.colcon_core.shell:Creating environment hook '/home/adam-falkowski/arduinobot_ws/install/arduinobot_messages/share/arduinobot_messages/hook/pythonpath.sh'
[1.056s] Level 1:colcon.colcon_core.environment:checking '/home/adam-falkowski/arduinobot_ws/install/arduinobot_messages/bin'
[1.057s] INFO:colcon.colcon_core.shell:Creating package script '/home/adam-falkowski/arduinobot_ws/install/arduinobot_messages/share/arduinobot_messages/package.ps1'
[1.057s] INFO:colcon.colcon_core.shell:Creating package descriptor '/home/adam-falkowski/arduinobot_ws/install/arduinobot_messages/share/arduinobot_messages/package.dsv'
[1.058s] INFO:colcon.colcon_core.shell:Creating package script '/home/adam-falkowski/arduinobot_ws/install/arduinobot_messages/share/arduinobot_messages/package.sh'
[1.058s] INFO:colcon.colcon_core.shell:Creating package script '/home/adam-falkowski/arduinobot_ws/install/arduinobot_messages/share/arduinobot_messages/package.bash'
[1.059s] INFO:colcon.colcon_core.shell:Creating package script '/home/adam-falkowski/arduinobot_ws/install/arduinobot_messages/share/arduinobot_messages/package.zsh'
[1.059s] Level 1:colcon.colcon_core.environment:create_file_with_runtime_dependencies(/home/adam-falkowski/arduinobot_ws/install/arduinobot_messages/share/colcon-core/packages/arduinobot_messages)
[1.060s] Level 1:colcon.colcon_core.environment:create_environment_scripts_only(arduinobot_messages)
[1.060s] Level 1:colcon.colcon_core.environment:checking '/home/adam-falkowski/arduinobot_ws/install/arduinobot_messages' for CMake module files
[1.061s] Level 1:colcon.colcon_core.environment:checking '/home/adam-falkowski/arduinobot_ws/install/arduinobot_messages' for CMake config files
[1.062s] Level 1:colcon.colcon_core.shell:create_environment_hook('arduinobot_messages', 'cmake_prefix_path')
[1.062s] INFO:colcon.colcon_core.shell:Creating environment hook '/home/adam-falkowski/arduinobot_ws/install/arduinobot_messages/share/arduinobot_messages/hook/cmake_prefix_path.ps1'
[1.062s] INFO:colcon.colcon_core.shell:Creating environment descriptor '/home/adam-falkowski/arduinobot_ws/install/arduinobot_messages/share/arduinobot_messages/hook/cmake_prefix_path.dsv'
[1.063s] INFO:colcon.colcon_core.shell:Creating environment hook '/home/adam-falkowski/arduinobot_ws/install/arduinobot_messages/share/arduinobot_messages/hook/cmake_prefix_path.sh'
[1.063s] Level 1:colcon.colcon_core.environment:checking '/home/adam-falkowski/arduinobot_ws/install/arduinobot_messages/lib'
[1.063s] Level 1:colcon.colcon_core.shell:create_environment_hook('arduinobot_messages', 'ld_library_path_lib')
[1.064s] INFO:colcon.colcon_core.shell:Creating environment hook '/home/adam-falkowski/arduinobot_ws/install/arduinobot_messages/share/arduinobot_messages/hook/ld_library_path_lib.ps1'
[1.064s] INFO:colcon.colcon_core.shell:Creating environment descriptor '/home/adam-falkowski/arduinobot_ws/install/arduinobot_messages/share/arduinobot_messages/hook/ld_library_path_lib.dsv'
[1.064s] INFO:colcon.colcon_core.shell:Creating environment hook '/home/adam-falkowski/arduinobot_ws/install/arduinobot_messages/share/arduinobot_messages/hook/ld_library_path_lib.sh'
[1.065s] Level 1:colcon.colcon_core.environment:checking '/home/adam-falkowski/arduinobot_ws/install/arduinobot_messages/bin'
[1.065s] Level 1:colcon.colcon_core.environment:checking '/home/adam-falkowski/arduinobot_ws/install/arduinobot_messages/lib/pkgconfig/arduinobot_messages.pc'
[1.066s] Level 1:colcon.colcon_core.environment:checking '/home/adam-falkowski/arduinobot_ws/install/arduinobot_messages/lib/python3.12/site-packages'
[1.066s] Level 1:colcon.colcon_core.shell:create_environment_hook('arduinobot_messages', 'pythonpath')
[1.066s] INFO:colcon.colcon_core.shell:Creating environment hook '/home/adam-falkowski/arduinobot_ws/install/arduinobot_messages/share/arduinobot_messages/hook/pythonpath.ps1'
[1.067s] INFO:colcon.colcon_core.shell:Creating environment descriptor '/home/adam-falkowski/arduinobot_ws/install/arduinobot_messages/share/arduinobot_messages/hook/pythonpath.dsv'
[1.067s] INFO:colcon.colcon_core.shell:Creating environment hook '/home/adam-falkowski/arduinobot_ws/install/arduinobot_messages/share/arduinobot_messages/hook/pythonpath.sh'
[1.068s] Level 1:colcon.colcon_core.environment:checking '/home/adam-falkowski/arduinobot_ws/install/arduinobot_messages/bin'
[1.069s] INFO:colcon.colcon_core.shell:Creating package script '/home/adam-falkowski/arduinobot_ws/install/arduinobot_messages/share/arduinobot_messages/package.ps1'
[1.070s] INFO:colcon.colcon_core.shell:Creating package descriptor '/home/adam-falkowski/arduinobot_ws/install/arduinobot_messages/share/arduinobot_messages/package.dsv'
[1.071s] INFO:colcon.colcon_core.shell:Creating package script '/home/adam-falkowski/arduinobot_ws/install/arduinobot_messages/share/arduinobot_messages/package.sh'
[1.071s] INFO:colcon.colcon_core.shell:Creating package script '/home/adam-falkowski/arduinobot_ws/install/arduinobot_messages/share/arduinobot_messages/package.bash'
[1.072s] INFO:colcon.colcon_core.shell:Creating package script '/home/adam-falkowski/arduinobot_ws/install/arduinobot_messages/share/arduinobot_messages/package.zsh'
[1.072s] Level 1:colcon.colcon_core.environment:create_file_with_runtime_dependencies(/home/adam-falkowski/arduinobot_ws/install/arduinobot_messages/share/colcon-core/packages/arduinobot_messages)
[1.073s] INFO:colcon.colcon_ros.task.ament_python.build:Building ROS package in '/home/adam-falkowski/arduinobot_ws/src/arduinobot_py_examples' with build type 'ament_python'
[1.073s] Level 1:colcon.colcon_core.shell:create_environment_hook('arduinobot_py_examples', 'ament_prefix_path')
[1.073s] INFO:colcon.colcon_core.shell:Creating environment hook '/home/adam-falkowski/arduinobot_ws/install/arduinobot_py_examples/share/arduinobot_py_examples/hook/ament_prefix_path.ps1'
[1.074s] INFO:colcon.colcon_core.shell:Creating environment descriptor '/home/adam-falkowski/arduinobot_ws/install/arduinobot_py_examples/share/arduinobot_py_examples/hook/ament_prefix_path.dsv'
[1.075s] INFO:colcon.colcon_core.shell:Creating environment hook '/home/adam-falkowski/arduinobot_ws/install/arduinobot_py_examples/share/arduinobot_py_examples/hook/ament_prefix_path.sh'
[1.075s] INFO:colcon.colcon_core.shell:Skip shell extension 'powershell' for command environment: Not usable outside of PowerShell
[1.076s] DEBUG:colcon.colcon_core.shell:Skip shell extension 'dsv' for command environment
[1.081s] INFO:colcon.colcon_ros.task.ament_cmake.build:Building ROS package in '/home/adam-falkowski/arduinobot_ws/src/arduinobot_utils' with build type 'ament_cmake'
[1.081s] INFO:colcon.colcon_cmake.task.cmake.build:Building CMake package in '/home/adam-falkowski/arduinobot_ws/src/arduinobot_utils'
[1.081s] INFO:colcon.colcon_core.shell:Skip shell extension 'powershell' for command environment: Not usable outside of PowerShell
[1.081s] DEBUG:colcon.colcon_core.shell:Skip shell extension 'dsv' for command environment
[1.371s] INFO:colcon.colcon_core.task.python.build:Building Python package in '/home/adam-falkowski/arduinobot_ws/src/arduinobot_py_examples'
[1.372s] INFO:colcon.colcon_core.shell:Skip shell extension 'powershell' for command environment: Not usable outside of PowerShell
[1.372s] DEBUG:colcon.colcon_core.shell:Skip shell extension 'dsv' for command environment
[1.387s] DEBUG:colcon.colcon_core.event_handler.log_command:Invoking command in '/home/adam-falkowski/arduinobot_ws/build/arduinobot_utils': CMAKE_PREFIX_PATH=/home/adam-falkowski/arduinobot_ws/install/arduinobot_messages:/home/adam-falkowski/arduinobot_ws/install/arduinobot_utils:/home/adam-falkowski/arduinobot_ws/install/arduinobot_controller:/home/adam-falkowski/arduinobot_ws/install/arduinobot_description:/home/adam-falkowski/arduinobot_ws/install/arduinobot_cpp_exampled:/opt/ros/jazzy/opt/gz_launch_vendor:/opt/ros/jazzy/opt/gz_sim_vendor:/opt/ros/jazzy/opt/gz_sensors_vendor:/opt/ros/jazzy/opt/gz_physics_vendor:/opt/ros/jazzy/opt/sdformat_vendor:/opt/ros/jazzy/opt/gz_gui_vendor:/opt/ros/jazzy/opt/gz_transport_vendor:/opt/ros/jazzy/opt/gz_rendering_vendor:/opt/ros/jazzy/opt/gz_plugin_vendor:/opt/ros/jazzy/opt/gz_fuel_tools_vendor:/opt/ros/jazzy/opt/gz_msgs_vendor:/opt/ros/jazzy/opt/gz_common_vendor:/opt/ros/jazzy/opt/gz_math_vendor:/opt/ros/jazzy/opt/gz_utils_vendor:/opt/ros/jazzy/opt/gz_tools_vendor:/opt/ros/jazzy/opt/gz_ogre_next_vendor:/opt/ros/jazzy/opt/gz_dartsim_vendor:/opt/ros/jazzy/opt/gz_cmake_vendor:/home/adam-falkowski/arduinobot_ws/install/arduinobot_py_examples:/opt/ros/jazzy DEBUGINFOD_URLS=https://debuginfod.ubuntu.com PYTHONPATH=/home/adam-falkowski/arduinobot_ws/install/arduinobot_messages/lib/python3.12/site-packages:/home/adam-falkowski/arduinobot_ws/install/arduinobot_utils/lib/python3.12/site-packages:/home/adam-falkowski/arduinobot_ws/install/arduinobot_py_examples/lib/python3.12/site-packages:/opt/ros/jazzy/lib/python3.12/site-packages /usr/bin/cmake --build /home/adam-falkowski/arduinobot_ws/build/arduinobot_utils -- -j12 -l12
[1.437s] DEBUG:colcon.colcon_core.event_handler.log_command:Invoked command in '/home/adam-falkowski/arduinobot_ws/build/aduinobot_moveit' returned '0': CMAKE_PREFIX_PATH=${CMAKE_PREFIX_PATH}:/home/adam-falkowski/arduinobot_ws/install/arduinobot_py_examples:/opt/ros/jazzy DEBUGINFOD_URLS=https://debuginfod.ubuntu.com /usr/bin/cmake /home/adam-falkowski/arduinobot_ws/src/aduinobot_moveit -DCMAKE_INSTALL_PREFIX=/home/adam-falkowski/arduinobot_ws/install/aduinobot_moveit
[1.438s] DEBUG:colcon.colcon_core.event_handler.log_command:Invoking command in '/home/adam-falkowski/arduinobot_ws/build/aduinobot_moveit': CMAKE_PREFIX_PATH=${CMAKE_PREFIX_PATH}:/home/adam-falkowski/arduinobot_ws/install/arduinobot_py_examples:/opt/ros/jazzy DEBUGINFOD_URLS=https://debuginfod.ubuntu.com /usr/bin/cmake --build /home/adam-falkowski/arduinobot_ws/build/aduinobot_moveit -- -j12 -l12
[1.498s] DEBUG:colcon.colcon_core.event_handler.log_command:Invoked command in '/home/adam-falkowski/arduinobot_ws/build/aduinobot_moveit' returned '0': CMAKE_PREFIX_PATH=${CMAKE_PREFIX_PATH}:/home/adam-falkowski/arduinobot_ws/install/arduinobot_py_examples:/opt/ros/jazzy DEBUGINFOD_URLS=https://debuginfod.ubuntu.com /usr/bin/cmake --build /home/adam-falkowski/arduinobot_ws/build/aduinobot_moveit -- -j12 -l12
[1.500s] DEBUG:colcon.colcon_core.event_handler.log_command:Invoking command in '/home/adam-falkowski/arduinobot_ws/build/aduinobot_moveit': CMAKE_PREFIX_PATH=${CMAKE_PREFIX_PATH}:/home/adam-falkowski/arduinobot_ws/install/arduinobot_py_examples:/opt/ros/jazzy DEBUGINFOD_URLS=https://debuginfod.ubuntu.com /usr/bin/cmake --install /home/adam-falkowski/arduinobot_ws/build/aduinobot_moveit
[1.517s] Level 1:colcon.colcon_core.environment:create_environment_scripts_only(aduinobot_moveit)
[1.517s] Level 1:colcon.colcon_core.environment:checking '/home/adam-falkowski/arduinobot_ws/install/aduinobot_moveit' for CMake module files
[1.518s] DEBUG:colcon.colcon_core.event_handler.log_command:Invoked command in '/home/adam-falkowski/arduinobot_ws/build/aduinobot_moveit' returned '0': CMAKE_PREFIX_PATH=${CMAKE_PREFIX_PATH}:/home/adam-falkowski/arduinobot_ws/install/arduinobot_py_examples:/opt/ros/jazzy DEBUGINFOD_URLS=https://debuginfod.ubuntu.com /usr/bin/cmake --install /home/adam-falkowski/arduinobot_ws/build/aduinobot_moveit
[1.518s] Level 1:colcon.colcon_core.environment:checking '/home/adam-falkowski/arduinobot_ws/install/aduinobot_moveit' for CMake config files
[1.519s] Level 1:colcon.colcon_core.shell:create_environment_hook('aduinobot_moveit', 'cmake_prefix_path')
[1.519s] INFO:colcon.colcon_core.shell:Creating environment hook '/home/adam-falkowski/arduinobot_ws/install/aduinobot_moveit/share/aduinobot_moveit/hook/cmake_prefix_path.ps1'
[1.519s] INFO:colcon.colcon_core.shell:Creating environment descriptor '/home/adam-falkowski/arduinobot_ws/install/aduinobot_moveit/share/aduinobot_moveit/hook/cmake_prefix_path.dsv'
[1.520s] INFO:colcon.colcon_core.shell:Creating environment hook '/home/adam-falkowski/arduinobot_ws/install/aduinobot_moveit/share/aduinobot_moveit/hook/cmake_prefix_path.sh'
[1.520s] Level 1:colcon.colcon_core.environment:checking '/home/adam-falkowski/arduinobot_ws/install/aduinobot_moveit/bin'
[1.520s] Level 1:colcon.colcon_core.environment:checking '/home/adam-falkowski/arduinobot_ws/install/aduinobot_moveit/lib/pkgconfig/aduinobot_moveit.pc'
[1.521s] Level 1:colcon.colcon_core.environment:checking '/home/adam-falkowski/arduinobot_ws/install/aduinobot_moveit/lib/python3.12/site-packages'
[1.521s] Level 1:colcon.colcon_core.environment:checking '/home/adam-falkowski/arduinobot_ws/install/aduinobot_moveit/bin'
[1.521s] INFO:colcon.colcon_core.shell:Creating package script '/home/adam-falkowski/arduinobot_ws/install/aduinobot_moveit/share/aduinobot_moveit/package.ps1'
[1.522s] INFO:colcon.colcon_core.shell:Creating package descriptor '/home/adam-falkowski/arduinobot_ws/install/aduinobot_moveit/share/aduinobot_moveit/package.dsv'
[1.522s] INFO:colcon.colcon_core.shell:Creating package script '/home/adam-falkowski/arduinobot_ws/install/aduinobot_moveit/share/aduinobot_moveit/package.sh'
[1.523s] INFO:colcon.colcon_core.shell:Creating package script '/home/adam-falkowski/arduinobot_ws/install/aduinobot_moveit/share/aduinobot_moveit/package.bash'
[1.523s] INFO:colcon.colcon_core.shell:Creating package script '/home/adam-falkowski/arduinobot_ws/install/aduinobot_moveit/share/aduinobot_moveit/package.zsh'
[1.524s] Level 1:colcon.colcon_core.environment:create_file_with_runtime_dependencies(/home/adam-falkowski/arduinobot_ws/install/aduinobot_moveit/share/colcon-core/packages/aduinobot_moveit)
[1.524s] Level 1:colcon.colcon_core.environment:create_environment_scripts_only(aduinobot_moveit)
[1.524s] Level 1:colcon.colcon_core.environment:checking '/home/adam-falkowski/arduinobot_ws/install/aduinobot_moveit' for CMake module files
[1.525s] Level 1:colcon.colcon_core.environment:checking '/home/adam-falkowski/arduinobot_ws/install/aduinobot_moveit' for CMake config files
[1.525s] Level 1:colcon.colcon_core.shell:create_environment_hook('aduinobot_moveit', 'cmake_prefix_path')
[1.525s] INFO:colcon.colcon_core.shell:Creating environment hook '/home/adam-falkowski/arduinobot_ws/install/aduinobot_moveit/share/aduinobot_moveit/hook/cmake_prefix_path.ps1'
[1.526s] INFO:colcon.colcon_core.shell:Creating environment descriptor '/home/adam-falkowski/arduinobot_ws/install/aduinobot_moveit/share/aduinobot_moveit/hook/cmake_prefix_path.dsv'
[1.526s] INFO:colcon.colcon_core.shell:Creating environment hook '/home/adam-falkowski/arduinobot_ws/install/aduinobot_moveit/share/aduinobot_moveit/hook/cmake_prefix_path.sh'
[1.527s] Level 1:colcon.colcon_core.environment:checking '/home/adam-falkowski/arduinobot_ws/install/aduinobot_moveit/bin'
[1.527s] Level 1:colcon.colcon_core.environment:checking '/home/adam-falkowski/arduinobot_ws/install/aduinobot_moveit/lib/pkgconfig/aduinobot_moveit.pc'
[1.527s] Level 1:colcon.colcon_core.environment:checking '/home/adam-falkowski/arduinobot_ws/install/aduinobot_moveit/lib/python3.12/site-packages'
[1.528s] Level 1:colcon.colcon_core.environment:checking '/home/adam-falkowski/arduinobot_ws/install/aduinobot_moveit/bin'
[1.528s] INFO:colcon.colcon_core.shell:Creating package script '/home/adam-falkowski/arduinobot_ws/install/aduinobot_moveit/share/aduinobot_moveit/package.ps1'
[1.529s] INFO:colcon.colcon_core.shell:Creating package descriptor '/home/adam-falkowski/arduinobot_ws/install/aduinobot_moveit/share/aduinobot_moveit/package.dsv'
[1.529s] INFO:colcon.colcon_core.shell:Creating package script '/home/adam-falkowski/arduinobot_ws/install/aduinobot_moveit/share/aduinobot_moveit/package.sh'
[1.530s] INFO:colcon.colcon_core.shell:Creating package script '/home/adam-falkowski/arduinobot_ws/install/aduinobot_moveit/share/aduinobot_moveit/package.bash'
[1.530s] INFO:colcon.colcon_core.shell:Creating package script '/home/adam-falkowski/arduinobot_ws/install/aduinobot_moveit/share/aduinobot_moveit/package.zsh'
[1.531s] Level 1:colcon.colcon_core.environment:create_file_with_runtime_dependencies(/home/adam-falkowski/arduinobot_ws/install/aduinobot_moveit/share/colcon-core/packages/aduinobot_moveit)
[1.978s] DEBUG:colcon.colcon_core.event_handler.log_command:Invoked command in '/home/adam-falkowski/arduinobot_ws/build/arduinobot_utils' returned '0': CMAKE_PREFIX_PATH=/home/adam-falkowski/arduinobot_ws/install/arduinobot_messages:/home/adam-falkowski/arduinobot_ws/install/arduinobot_utils:/home/adam-falkowski/arduinobot_ws/install/arduinobot_controller:/home/adam-falkowski/arduinobot_ws/install/arduinobot_description:/home/adam-falkowski/arduinobot_ws/install/arduinobot_cpp_exampled:/opt/ros/jazzy/opt/gz_launch_vendor:/opt/ros/jazzy/opt/gz_sim_vendor:/opt/ros/jazzy/opt/gz_sensors_vendor:/opt/ros/jazzy/opt/gz_physics_vendor:/opt/ros/jazzy/opt/sdformat_vendor:/opt/ros/jazzy/opt/gz_gui_vendor:/opt/ros/jazzy/opt/gz_transport_vendor:/opt/ros/jazzy/opt/gz_rendering_vendor:/opt/ros/jazzy/opt/gz_plugin_vendor:/opt/ros/jazzy/opt/gz_fuel_tools_vendor:/opt/ros/jazzy/opt/gz_msgs_vendor:/opt/ros/jazzy/opt/gz_common_vendor:/opt/ros/jazzy/opt/gz_math_vendor:/opt/ros/jazzy/opt/gz_utils_vendor:/opt/ros/jazzy/opt/gz_tools_vendor:/opt/ros/jazzy/opt/gz_ogre_next_vendor:/opt/ros/jazzy/opt/gz_dartsim_vendor:/opt/ros/jazzy/opt/gz_cmake_vendor:/home/adam-falkowski/arduinobot_ws/install/arduinobot_py_examples:/opt/ros/jazzy DEBUGINFOD_URLS=https://debuginfod.ubuntu.com PYTHONPATH=/home/adam-falkowski/arduinobot_ws/install/arduinobot_messages/lib/python3.12/site-packages:/home/adam-falkowski/arduinobot_ws/install/arduinobot_utils/lib/python3.12/site-packages:/home/adam-falkowski/arduinobot_ws/install/arduinobot_py_examples/lib/python3.12/site-packages:/opt/ros/jazzy/lib/python3.12/site-packages /usr/bin/cmake --build /home/adam-falkowski/arduinobot_ws/build/arduinobot_utils -- -j12 -l12
[1.980s] DEBUG:colcon.colcon_core.event_handler.log_command:Invoking command in '/home/adam-falkowski/arduinobot_ws/build/arduinobot_utils': CMAKE_PREFIX_PATH=/home/adam-falkowski/arduinobot_ws/install/arduinobot_messages:/home/adam-falkowski/arduinobot_ws/install/arduinobot_utils:/home/adam-falkowski/arduinobot_ws/install/arduinobot_controller:/home/adam-falkowski/arduinobot_ws/install/arduinobot_description:/home/adam-falkowski/arduinobot_ws/install/arduinobot_cpp_exampled:/opt/ros/jazzy/opt/gz_launch_vendor:/opt/ros/jazzy/opt/gz_sim_vendor:/opt/ros/jazzy/opt/gz_sensors_vendor:/opt/ros/jazzy/opt/gz_physics_vendor:/opt/ros/jazzy/opt/sdformat_vendor:/opt/ros/jazzy/opt/gz_gui_vendor:/opt/ros/jazzy/opt/gz_transport_vendor:/opt/ros/jazzy/opt/gz_rendering_vendor:/opt/ros/jazzy/opt/gz_plugin_vendor:/opt/ros/jazzy/opt/gz_fuel_tools_vendor:/opt/ros/jazzy/opt/gz_msgs_vendor:/opt/ros/jazzy/opt/gz_common_vendor:/opt/ros/jazzy/opt/gz_math_vendor:/opt/ros/jazzy/opt/gz_utils_vendor:/opt/ros/jazzy/opt/gz_tools_vendor:/opt/ros/jazzy/opt/gz_ogre_next_vendor:/opt/ros/jazzy/opt/gz_dartsim_vendor:/opt/ros/jazzy/opt/gz_cmake_vendor:/home/adam-falkowski/arduinobot_ws/install/arduinobot_py_examples:/opt/ros/jazzy DEBUGINFOD_URLS=https://debuginfod.ubuntu.com PYTHONPATH=/home/adam-falkowski/arduinobot_ws/install/arduinobot_messages/lib/python3.12/site-packages:/home/adam-falkowski/arduinobot_ws/install/arduinobot_utils/lib/python3.12/site-packages:/home/adam-falkowski/arduinobot_ws/install/arduinobot_py_examples/lib/python3.12/site-packages:/opt/ros/jazzy/lib/python3.12/site-packages /usr/bin/cmake --install /home/adam-falkowski/arduinobot_ws/build/arduinobot_utils
[2.067s] Level 1:colcon.colcon_core.environment:create_environment_scripts_only(arduinobot_utils)
[2.067s] Level 1:colcon.colcon_core.environment:checking '/home/adam-falkowski/arduinobot_ws/install/arduinobot_utils' for CMake module files
[2.068s] DEBUG:colcon.colcon_core.event_handler.log_command:Invoked command in '/home/adam-falkowski/arduinobot_ws/build/arduinobot_utils' returned '0': CMAKE_PREFIX_PATH=/home/adam-falkowski/arduinobot_ws/install/arduinobot_messages:/home/adam-falkowski/arduinobot_ws/install/arduinobot_utils:/home/adam-falkowski/arduinobot_ws/install/arduinobot_controller:/home/adam-falkowski/arduinobot_ws/install/arduinobot_description:/home/adam-falkowski/arduinobot_ws/install/arduinobot_cpp_exampled:/opt/ros/jazzy/opt/gz_launch_vendor:/opt/ros/jazzy/opt/gz_sim_vendor:/opt/ros/jazzy/opt/gz_sensors_vendor:/opt/ros/jazzy/opt/gz_physics_vendor:/opt/ros/jazzy/opt/sdformat_vendor:/opt/ros/jazzy/opt/gz_gui_vendor:/opt/ros/jazzy/opt/gz_transport_vendor:/opt/ros/jazzy/opt/gz_rendering_vendor:/opt/ros/jazzy/opt/gz_plugin_vendor:/opt/ros/jazzy/opt/gz_fuel_tools_vendor:/opt/ros/jazzy/opt/gz_msgs_vendor:/opt/ros/jazzy/opt/gz_common_vendor:/opt/ros/jazzy/opt/gz_math_vendor:/opt/ros/jazzy/opt/gz_utils_vendor:/opt/ros/jazzy/opt/gz_tools_vendor:/opt/ros/jazzy/opt/gz_ogre_next_vendor:/opt/ros/jazzy/opt/gz_dartsim_vendor:/opt/ros/jazzy/opt/gz_cmake_vendor:/home/adam-falkowski/arduinobot_ws/install/arduinobot_py_examples:/opt/ros/jazzy DEBUGINFOD_URLS=https://debuginfod.ubuntu.com PYTHONPATH=/home/adam-falkowski/arduinobot_ws/install/arduinobot_messages/lib/python3.12/site-packages:/home/adam-falkowski/arduinobot_ws/install/arduinobot_utils/lib/python3.12/site-packages:/home/adam-falkowski/arduinobot_ws/install/arduinobot_py_examples/lib/python3.12/site-packages:/opt/ros/jazzy/lib/python3.12/site-packages /usr/bin/cmake --install /home/adam-falkowski/arduinobot_ws/build/arduinobot_utils
[2.069s] Level 1:colcon.colcon_core.environment:checking '/home/adam-falkowski/arduinobot_ws/install/arduinobot_utils' for CMake config files
[2.069s] Level 1:colcon.colcon_core.shell:create_environment_hook('arduinobot_utils', 'cmake_prefix_path')
[2.070s] INFO:colcon.colcon_core.shell:Creating environment hook '/home/adam-falkowski/arduinobot_ws/install/arduinobot_utils/share/arduinobot_utils/hook/cmake_prefix_path.ps1'
[2.071s] INFO:colcon.colcon_core.shell:Creating environment descriptor '/home/adam-falkowski/arduinobot_ws/install/arduinobot_utils/share/arduinobot_utils/hook/cmake_prefix_path.dsv'
[2.072s] INFO:colcon.colcon_core.shell:Creating environment hook '/home/adam-falkowski/arduinobot_ws/install/arduinobot_utils/share/arduinobot_utils/hook/cmake_prefix_path.sh'
[2.073s] Level 1:colcon.colcon_core.environment:checking '/home/adam-falkowski/arduinobot_ws/install/arduinobot_utils/lib'
[2.074s] Level 1:colcon.colcon_core.environment:checking '/home/adam-falkowski/arduinobot_ws/install/arduinobot_utils/bin'
[2.074s] Level 1:colcon.colcon_core.environment:checking '/home/adam-falkowski/arduinobot_ws/install/arduinobot_utils/lib/pkgconfig/arduinobot_utils.pc'
[2.074s] Level 1:colcon.colcon_core.environment:checking '/home/adam-falkowski/arduinobot_ws/install/arduinobot_utils/lib/python3.12/site-packages'
[2.075s] Level 1:colcon.colcon_core.shell:create_environment_hook('arduinobot_utils', 'pythonpath')
[2.076s] INFO:colcon.colcon_core.shell:Creating environment hook '/home/adam-falkowski/arduinobot_ws/install/arduinobot_utils/share/arduinobot_utils/hook/pythonpath.ps1'
[2.077s] INFO:colcon.colcon_core.shell:Creating environment descriptor '/home/adam-falkowski/arduinobot_ws/install/arduinobot_utils/share/arduinobot_utils/hook/pythonpath.dsv'
[2.078s] INFO:colcon.colcon_core.shell:Creating environment hook '/home/adam-falkowski/arduinobot_ws/install/arduinobot_utils/share/arduinobot_utils/hook/pythonpath.sh'
[2.079s] Level 1:colcon.colcon_core.environment:checking '/home/adam-falkowski/arduinobot_ws/install/arduinobot_utils/bin'
[2.080s] INFO:colcon.colcon_core.shell:Creating package script '/home/adam-falkowski/arduinobot_ws/install/arduinobot_utils/share/arduinobot_utils/package.ps1'
[2.081s] INFO:colcon.colcon_core.shell:Creating package descriptor '/home/adam-falkowski/arduinobot_ws/install/arduinobot_utils/share/arduinobot_utils/package.dsv'
[2.081s] INFO:colcon.colcon_core.shell:Creating package script '/home/adam-falkowski/arduinobot_ws/install/arduinobot_utils/share/arduinobot_utils/package.sh'
[2.082s] INFO:colcon.colcon_core.shell:Creating package script '/home/adam-falkowski/arduinobot_ws/install/arduinobot_utils/share/arduinobot_utils/package.bash'
[2.082s] INFO:colcon.colcon_core.shell:Creating package script '/home/adam-falkowski/arduinobot_ws/install/arduinobot_utils/share/arduinobot_utils/package.zsh'
[2.083s] Level 1:colcon.colcon_core.environment:create_file_with_runtime_dependencies(/home/adam-falkowski/arduinobot_ws/install/arduinobot_utils/share/colcon-core/packages/arduinobot_utils)
[2.083s] Level 1:colcon.colcon_core.environment:create_environment_scripts_only(arduinobot_utils)
[2.084s] Level 1:colcon.colcon_core.environment:checking '/home/adam-falkowski/arduinobot_ws/install/arduinobot_utils' for CMake module files
[2.085s] Level 1:colcon.colcon_core.environment:checking '/home/adam-falkowski/arduinobot_ws/install/arduinobot_utils' for CMake config files
[2.085s] Level 1:colcon.colcon_core.shell:create_environment_hook('arduinobot_utils', 'cmake_prefix_path')
[2.085s] INFO:colcon.colcon_core.shell:Creating environment hook '/home/adam-falkowski/arduinobot_ws/install/arduinobot_utils/share/arduinobot_utils/hook/cmake_prefix_path.ps1'
[2.086s] INFO:colcon.colcon_core.shell:Creating environment descriptor '/home/adam-falkowski/arduinobot_ws/install/arduinobot_utils/share/arduinobot_utils/hook/cmake_prefix_path.dsv'
[2.086s] INFO:colcon.colcon_core.shell:Creating environment hook '/home/adam-falkowski/arduinobot_ws/install/arduinobot_utils/share/arduinobot_utils/hook/cmake_prefix_path.sh'
[2.087s] Level 1:colcon.colcon_core.environment:checking '/home/adam-falkowski/arduinobot_ws/install/arduinobot_utils/lib'
[2.087s] Level 1:colcon.colcon_core.environment:checking '/home/adam-falkowski/arduinobot_ws/install/arduinobot_utils/bin'
[2.087s] Level 1:colcon.colcon_core.environment:checking '/home/adam-falkowski/arduinobot_ws/install/arduinobot_utils/lib/pkgconfig/arduinobot_utils.pc'
[2.087s] Level 1:colcon.colcon_core.environment:checking '/home/adam-falkowski/arduinobot_ws/install/arduinobot_utils/lib/python3.12/site-packages'
[2.088s] Level 1:colcon.colcon_core.shell:create_environment_hook('arduinobot_utils', 'pythonpath')
[2.088s] INFO:colcon.colcon_core.shell:Creating environment hook '/home/adam-falkowski/arduinobot_ws/install/arduinobot_utils/share/arduinobot_utils/hook/pythonpath.ps1'
[2.088s] INFO:colcon.colcon_core.shell:Creating environment descriptor '/home/adam-falkowski/arduinobot_ws/install/arduinobot_utils/share/arduinobot_utils/hook/pythonpath.dsv'
[2.089s] INFO:colcon.colcon_core.shell:Creating environment hook '/home/adam-falkowski/arduinobot_ws/install/arduinobot_utils/share/arduinobot_utils/hook/pythonpath.sh'
[2.090s] Level 1:colcon.colcon_core.environment:checking '/home/adam-falkowski/arduinobot_ws/install/arduinobot_utils/bin'
[2.091s] INFO:colcon.colcon_core.shell:Creating package script '/home/adam-falkowski/arduinobot_ws/install/arduinobot_utils/share/arduinobot_utils/package.ps1'
[2.092s] INFO:colcon.colcon_core.shell:Creating package descriptor '/home/adam-falkowski/arduinobot_ws/install/arduinobot_utils/share/arduinobot_utils/package.dsv'
[2.093s] INFO:colcon.colcon_core.shell:Creating package script '/home/adam-falkowski/arduinobot_ws/install/arduinobot_utils/share/arduinobot_utils/package.sh'
[2.094s] INFO:colcon.colcon_core.shell:Creating package script '/home/adam-falkowski/arduinobot_ws/install/arduinobot_utils/share/arduinobot_utils/package.bash'
[2.094s] INFO:colcon.colcon_core.shell:Creating package script '/home/adam-falkowski/arduinobot_ws/install/arduinobot_utils/share/arduinobot_utils/package.zsh'
[2.095s] Level 1:colcon.colcon_core.environment:create_file_with_runtime_dependencies(/home/adam-falkowski/arduinobot_ws/install/arduinobot_utils/share/colcon-core/packages/arduinobot_utils)
[2.330s] DEBUG:colcon.colcon_core.event_handler.log_command:Invoking command in '/home/adam-falkowski/arduinobot_ws/src/arduinobot_py_examples': CMAKE_PREFIX_PATH=/home/adam-falkowski/arduinobot_ws/install/arduinobot_messages:/home/adam-falkowski/arduinobot_ws/install/arduinobot_utils:/home/adam-falkowski/arduinobot_ws/install/arduinobot_controller:/home/adam-falkowski/arduinobot_ws/install/arduinobot_description:/home/adam-falkowski/arduinobot_ws/install/arduinobot_cpp_exampled:/opt/ros/jazzy/opt/gz_launch_vendor:/opt/ros/jazzy/opt/gz_sim_vendor:/opt/ros/jazzy/opt/gz_sensors_vendor:/opt/ros/jazzy/opt/gz_physics_vendor:/opt/ros/jazzy/opt/sdformat_vendor:/opt/ros/jazzy/opt/gz_gui_vendor:/opt/ros/jazzy/opt/gz_transport_vendor:/opt/ros/jazzy/opt/gz_rendering_vendor:/opt/ros/jazzy/opt/gz_plugin_vendor:/opt/ros/jazzy/opt/gz_fuel_tools_vendor:/opt/ros/jazzy/opt/gz_msgs_vendor:/opt/ros/jazzy/opt/gz_common_vendor:/opt/ros/jazzy/opt/gz_math_vendor:/opt/ros/jazzy/opt/gz_utils_vendor:/opt/ros/jazzy/opt/gz_tools_vendor:/opt/ros/jazzy/opt/gz_ogre_next_vendor:/opt/ros/jazzy/opt/gz_dartsim_vendor:/opt/ros/jazzy/opt/gz_cmake_vendor DEBUGINFOD_URLS=https://debuginfod.ubuntu.com PYTHONPATH=/home/adam-falkowski/arduinobot_ws/build/arduinobot_py_examples/prefix_override:/usr/lib/python3/dist-packages/colcon_core/task/python/colcon_distutils_commands:/home/adam-falkowski/arduinobot_ws/install/arduinobot_py_examples/lib/python3.12/site-packages:/home/adam-falkowski/arduinobot_ws/install/arduinobot_messages/lib/python3.12/site-packages:/home/adam-falkowski/arduinobot_ws/install/arduinobot_utils/lib/python3.12/site-packages:/home/adam-falkowski/arduinobot_ws/install/arduinobot_py_examples/lib/python3.12/site-packages:/opt/ros/jazzy/lib/python3.12/site-packages /usr/bin/python3 -W ignore:setup.py install is deprecated -W ignore:easy_install command is deprecated setup.py egg_info --egg-base ../../build/arduinobot_py_examples build --build-base /home/adam-falkowski/arduinobot_ws/build/arduinobot_py_examples/build install --record /home/adam-falkowski/arduinobot_ws/build/arduinobot_py_examples/install.log --single-version-externally-managed install_data
[3.242s] Level 1:colcon.colcon_core.environment:checking '/home/adam-falkowski/arduinobot_ws/install/arduinobot_py_examples' for CMake module files
[3.242s] DEBUG:colcon.colcon_core.event_handler.log_command:Invoked command in '/home/adam-falkowski/arduinobot_ws/src/arduinobot_py_examples' returned '0': CMAKE_PREFIX_PATH=/home/adam-falkowski/arduinobot_ws/install/arduinobot_messages:/home/adam-falkowski/arduinobot_ws/install/arduinobot_utils:/home/adam-falkowski/arduinobot_ws/install/arduinobot_controller:/home/adam-falkowski/arduinobot_ws/install/arduinobot_description:/home/adam-falkowski/arduinobot_ws/install/arduinobot_cpp_exampled:/opt/ros/jazzy/opt/gz_launch_vendor:/opt/ros/jazzy/opt/gz_sim_vendor:/opt/ros/jazzy/opt/gz_sensors_vendor:/opt/ros/jazzy/opt/gz_physics_vendor:/opt/ros/jazzy/opt/sdformat_vendor:/opt/ros/jazzy/opt/gz_gui_vendor:/opt/ros/jazzy/opt/gz_transport_vendor:/opt/ros/jazzy/opt/gz_rendering_vendor:/opt/ros/jazzy/opt/gz_plugin_vendor:/opt/ros/jazzy/opt/gz_fuel_tools_vendor:/opt/ros/jazzy/opt/gz_msgs_vendor:/opt/ros/jazzy/opt/gz_common_vendor:/opt/ros/jazzy/opt/gz_math_vendor:/opt/ros/jazzy/opt/gz_utils_vendor:/opt/ros/jazzy/opt/gz_tools_vendor:/opt/ros/jazzy/opt/gz_ogre_next_vendor:/opt/ros/jazzy/opt/gz_dartsim_vendor:/opt/ros/jazzy/opt/gz_cmake_vendor DEBUGINFOD_URLS=https://debuginfod.ubuntu.com PYTHONPATH=/home/adam-falkowski/arduinobot_ws/build/arduinobot_py_examples/prefix_override:/usr/lib/python3/dist-packages/colcon_core/task/python/colcon_distutils_commands:/home/adam-falkowski/arduinobot_ws/install/arduinobot_py_examples/lib/python3.12/site-packages:/home/adam-falkowski/arduinobot_ws/install/arduinobot_messages/lib/python3.12/site-packages:/home/adam-falkowski/arduinobot_ws/install/arduinobot_utils/lib/python3.12/site-packages:/home/adam-falkowski/arduinobot_ws/install/arduinobot_py_examples/lib/python3.12/site-packages:/opt/ros/jazzy/lib/python3.12/site-packages /usr/bin/python3 -W ignore:setup.py install is deprecated -W ignore:easy_install command is deprecated setup.py egg_info --egg-base ../../build/arduinobot_py_examples build --build-base /home/adam-falkowski/arduinobot_ws/build/arduinobot_py_examples/build install --record /home/adam-falkowski/arduinobot_ws/build/arduinobot_py_examples/install.log --single-version-externally-managed install_data
[3.243s] Level 1:colcon.colcon_core.environment:checking '/home/adam-falkowski/arduinobot_ws/install/arduinobot_py_examples' for CMake config files
[3.243s] Level 1:colcon.colcon_core.environment:checking '/home/adam-falkowski/arduinobot_ws/install/arduinobot_py_examples/lib'
[3.243s] Level 1:colcon.colcon_core.environment:checking '/home/adam-falkowski/arduinobot_ws/install/arduinobot_py_examples/bin'
[3.244s] Level 1:colcon.colcon_core.environment:checking '/home/adam-falkowski/arduinobot_ws/install/arduinobot_py_examples/lib/pkgconfig/arduinobot_py_examples.pc'
[3.244s] Level 1:colcon.colcon_core.environment:checking '/home/adam-falkowski/arduinobot_ws/install/arduinobot_py_examples/lib/python3.12/site-packages'
[3.244s] Level 1:colcon.colcon_core.shell:create_environment_hook('arduinobot_py_examples', 'pythonpath')
[3.244s] INFO:colcon.colcon_core.shell:Creating environment hook '/home/adam-falkowski/arduinobot_ws/install/arduinobot_py_examples/share/arduinobot_py_examples/hook/pythonpath.ps1'
[3.245s] INFO:colcon.colcon_core.shell:Creating environment descriptor '/home/adam-falkowski/arduinobot_ws/install/arduinobot_py_examples/share/arduinobot_py_examples/hook/pythonpath.dsv'
[3.245s] INFO:colcon.colcon_core.shell:Creating environment hook '/home/adam-falkowski/arduinobot_ws/install/arduinobot_py_examples/share/arduinobot_py_examples/hook/pythonpath.sh'
[3.246s] Level 1:colcon.colcon_core.environment:checking '/home/adam-falkowski/arduinobot_ws/install/arduinobot_py_examples/bin'
[3.246s] Level 1:colcon.colcon_core.environment:create_environment_scripts_only(arduinobot_py_examples)
[3.246s] INFO:colcon.colcon_core.shell:Creating package script '/home/adam-falkowski/arduinobot_ws/install/arduinobot_py_examples/share/arduinobot_py_examples/package.ps1'
[3.247s] INFO:colcon.colcon_core.shell:Creating package descriptor '/home/adam-falkowski/arduinobot_ws/install/arduinobot_py_examples/share/arduinobot_py_examples/package.dsv'
[3.247s] INFO:colcon.colcon_core.shell:Creating package script '/home/adam-falkowski/arduinobot_ws/install/arduinobot_py_examples/share/arduinobot_py_examples/package.sh'
[3.248s] INFO:colcon.colcon_core.shell:Creating package script '/home/adam-falkowski/arduinobot_ws/install/arduinobot_py_examples/share/arduinobot_py_examples/package.bash'
[3.248s] INFO:colcon.colcon_core.shell:Creating package script '/home/adam-falkowski/arduinobot_ws/install/arduinobot_py_examples/share/arduinobot_py_examples/package.zsh'
[3.249s] Level 1:colcon.colcon_core.environment:create_file_with_runtime_dependencies(/home/adam-falkowski/arduinobot_ws/install/arduinobot_py_examples/share/colcon-core/packages/arduinobot_py_examples)
[3.249s] DEBUG:colcon.colcon_parallel_executor.executor.parallel:closing loop
[3.249s] DEBUG:colcon.colcon_parallel_executor.executor.parallel:loop closed
[3.250s] DEBUG:colcon.colcon_parallel_executor.executor.parallel:run_until_complete finished with '0'
[3.250s] DEBUG:colcon.colcon_core.event_reactor:joining thread
[3.276s] INFO:colcon.colcon_core.plugin_system:Skipping extension 'colcon_notification.desktop_notification.terminal_notifier': Not used on non-Darwin systems
[3.276s] INFO:colcon.colcon_core.plugin_system:Skipping extension 'colcon_notification.desktop_notification.win32': Not used on non-Windows systems
[3.276s] INFO:colcon.colcon_notification.desktop_notification:Sending desktop notification using 'notify2'
[3.309s] DEBUG:colcon.colcon_core.event_reactor:joined thread
[3.309s] INFO:colcon.colcon_core.shell:Creating prefix script '/home/adam-falkowski/arduinobot_ws/install/local_setup.ps1'
[3.310s] INFO:colcon.colcon_core.shell:Creating prefix util module '/home/adam-falkowski/arduinobot_ws/install/_local_setup_util_ps1.py'
[3.312s] INFO:colcon.colcon_core.shell:Creating prefix chain script '/home/adam-falkowski/arduinobot_ws/install/setup.ps1'
[3.313s] INFO:colcon.colcon_core.shell:Creating prefix script '/home/adam-falkowski/arduinobot_ws/install/local_setup.sh'
[3.314s] INFO:colcon.colcon_core.shell:Creating prefix util module '/home/adam-falkowski/arduinobot_ws/install/_local_setup_util_sh.py'
[3.316s] INFO:colcon.colcon_core.shell:Creating prefix chain script '/home/adam-falkowski/arduinobot_ws/install/setup.sh'
[3.317s] INFO:colcon.colcon_core.shell:Creating prefix script '/home/adam-falkowski/arduinobot_ws/install/local_setup.bash'
[3.318s] INFO:colcon.colcon_core.shell:Creating prefix chain script '/home/adam-falkowski/arduinobot_ws/install/setup.bash'
[3.320s] INFO:colcon.colcon_core.shell:Creating prefix script '/home/adam-falkowski/arduinobot_ws/install/local_setup.zsh'
[3.321s] INFO:colcon.colcon_core.shell:Creating prefix chain script '/home/adam-falkowski/arduinobot_ws/install/setup.zsh'
