[0.021s] Invoking command in '/home/adam-falkowski/arduinobot_ws/build/arduinobot_description': CMAKE_PREFIX_PATH=${CMAKE_PREFIX_PATH}:/opt/ros/jazzy DEBUGINFOD_URLS=https://debuginfod.ubuntu.com /usr/bin/cmake /home/adam-falkowski/arduinobot_ws/src/arduinobot_description -DCMAKE_INSTALL_PREFIX=/home/adam-falkowski/arduinobot_ws/install/arduinobot_description
[0.099s] -- The C compiler identification is GNU 13.3.0
[0.182s] -- The CXX compiler identification is GNU 13.3.0
[0.208s] -- Detecting C compiler ABI info
[0.325s] -- Detecting C compiler ABI info - done
[0.346s] -- Check for working C compiler: /usr/bin/cc - skipped
[0.347s] -- Detecting C compile features
[0.347s] -- Detecting C compile features - done
[0.360s] -- Detecting CXX compiler ABI info
[0.504s] -- Detecting CXX compiler ABI info - done
[0.522s] -- Check for working CXX compiler: /usr/bin/c++ - skipped
[0.523s] -- Detecting CXX compile features
[0.524s] -- Detecting CXX compile features - done
[0.531s] -- Found ament_cmake: 2.5.3 (/opt/ros/jazzy/share/ament_cmake/cmake)
[0.732s] -- Found Python3: /usr/bin/python3 (found version "3.12.3") found components: Interpreter 
[0.894s] -- Found ament_lint_auto: 0.17.1 (/opt/ros/jazzy/share/ament_lint_auto/cmake)
[1.063s] -- Added test 'copyright' to check source files copyright and LICENSE
[1.067s] -- Added test 'flake8' to check Python code syntax and style conventions
[1.067s] -- Configured 'flake8' exclude dirs and/or files: 
[1.068s] -- Added test 'lint_cmake' to check CMake code style
[1.069s] -- Added test 'pep257' to check Python code against some of the docstring style conventions in PEP 257
[1.072s] -- Added test 'xmllint' to check XML markup files
[1.074s] -- Configuring done (1.0s)
[1.078s] -- Generating done (0.0s)
[1.081s] -- Build files have been written to: /home/adam-falkowski/arduinobot_ws/build/arduinobot_description
[1.086s] Invoked command in '/home/adam-falkowski/arduinobot_ws/build/arduinobot_description' returned '0': CMAKE_PREFIX_PATH=${CMAKE_PREFIX_PATH}:/opt/ros/jazzy DEBUGINFOD_URLS=https://debuginfod.ubuntu.com /usr/bin/cmake /home/adam-falkowski/arduinobot_ws/src/arduinobot_description -DCMAKE_INSTALL_PREFIX=/home/adam-falkowski/arduinobot_ws/install/arduinobot_description
[1.088s] Invoking command in '/home/adam-falkowski/arduinobot_ws/build/arduinobot_description': CMAKE_PREFIX_PATH=${CMAKE_PREFIX_PATH}:/opt/ros/jazzy DEBUGINFOD_URLS=https://debuginfod.ubuntu.com /usr/bin/cmake --build /home/adam-falkowski/arduinobot_ws/build/arduinobot_description -- -j12 -l12
[1.143s] Invoked command in '/home/adam-falkowski/arduinobot_ws/build/arduinobot_description' returned '0': CMAKE_PREFIX_PATH=${CMAKE_PREFIX_PATH}:/opt/ros/jazzy DEBUGINFOD_URLS=https://debuginfod.ubuntu.com /usr/bin/cmake --build /home/adam-falkowski/arduinobot_ws/build/arduinobot_description -- -j12 -l12
[1.145s] Invoking command in '/home/adam-falkowski/arduinobot_ws/build/arduinobot_description': CMAKE_PREFIX_PATH=${CMAKE_PREFIX_PATH}:/opt/ros/jazzy DEBUGINFOD_URLS=https://debuginfod.ubuntu.com /usr/bin/cmake --install /home/adam-falkowski/arduinobot_ws/build/arduinobot_description
[1.156s] -- Install configuration: ""
[1.156s] -- Up-to-date: /home/adam-falkowski/arduinobot_ws/install/arduinobot_description/share/arduinobot_description/launch
[1.156s] -- Up-to-date: /home/adam-falkowski/arduinobot_ws/install/arduinobot_description/share/arduinobot_description/launch/gazebo.launch.py
[1.157s] -- Up-to-date: /home/adam-falkowski/arduinobot_ws/install/arduinobot_description/share/arduinobot_description/launch/display.launch.py
[1.157s] -- Up-to-date: /home/adam-falkowski/arduinobot_ws/install/arduinobot_description/share/arduinobot_description/meshes
[1.157s] -- Up-to-date: /home/adam-falkowski/arduinobot_ws/install/arduinobot_description/share/arduinobot_description/meshes/vertical_drive_arm.STL
[1.157s] -- Up-to-date: /home/adam-falkowski/arduinobot_ws/install/arduinobot_description/share/arduinobot_description/meshes/right_finger.STL
[1.157s] -- Up-to-date: /home/adam-falkowski/arduinobot_ws/install/arduinobot_description/share/arduinobot_description/meshes/left_finger.STL
[1.158s] -- Up-to-date: /home/adam-falkowski/arduinobot_ws/install/arduinobot_description/share/arduinobot_description/meshes/servo_plate.STL
[1.158s] -- Up-to-date: /home/adam-falkowski/arduinobot_ws/install/arduinobot_description/share/arduinobot_description/meshes/claw_support.STL
[1.158s] -- Up-to-date: /home/adam-falkowski/arduinobot_ws/install/arduinobot_description/share/arduinobot_description/meshes/link.STL
[1.158s] -- Up-to-date: /home/adam-falkowski/arduinobot_ws/install/arduinobot_description/share/arduinobot_description/meshes/round_plate.STL
[1.158s] -- Up-to-date: /home/adam-falkowski/arduinobot_ws/install/arduinobot_description/share/arduinobot_description/meshes/base_plate.STL
[1.159s] -- Up-to-date: /home/adam-falkowski/arduinobot_ws/install/arduinobot_description/share/arduinobot_description/meshes/forward_drive_arm.STL
[1.159s] -- Up-to-date: /home/adam-falkowski/arduinobot_ws/install/arduinobot_description/share/arduinobot_description/meshes/basement.STL
[1.159s] -- Up-to-date: /home/adam-falkowski/arduinobot_ws/install/arduinobot_description/share/arduinobot_description/meshes/pi_camera.STL
[1.159s] -- Up-to-date: /home/adam-falkowski/arduinobot_ws/install/arduinobot_description/share/arduinobot_description/meshes/horizontal_arm.STL
[1.159s] -- Up-to-date: /home/adam-falkowski/arduinobot_ws/install/arduinobot_description/share/arduinobot_description/meshes/triangular_link.STL
[1.159s] -- Up-to-date: /home/adam-falkowski/arduinobot_ws/install/arduinobot_description/share/arduinobot_description/meshes/plate.STL
[1.160s] -- Up-to-date: /home/adam-falkowski/arduinobot_ws/install/arduinobot_description/share/arduinobot_description/urdf
[1.160s] -- Up-to-date: /home/adam-falkowski/arduinobot_ws/install/arduinobot_description/share/arduinobot_description/urdf/arduinobot_ros2_control.xacro
[1.160s] -- Up-to-date: /home/adam-falkowski/arduinobot_ws/install/arduinobot_description/share/arduinobot_description/urdf/arduinobot.urdf.xacro
[1.160s] -- Up-to-date: /home/adam-falkowski/arduinobot_ws/install/arduinobot_description/share/arduinobot_description/urdf/arduinobot_gazebo.xacro
[1.160s] -- Up-to-date: /home/adam-falkowski/arduinobot_ws/install/arduinobot_description/share/arduinobot_description/rviz
[1.160s] -- Up-to-date: /home/adam-falkowski/arduinobot_ws/install/arduinobot_description/share/arduinobot_description/rviz/display.rviz
[1.161s] -- Installing: /home/adam-falkowski/arduinobot_ws/install/arduinobot_description/share/ament_index/resource_index/package_run_dependencies/arduinobot_description
[1.161s] -- Installing: /home/adam-falkowski/arduinobot_ws/install/arduinobot_description/share/ament_index/resource_index/parent_prefix_path/arduinobot_description
[1.161s] -- Up-to-date: /home/adam-falkowski/arduinobot_ws/install/arduinobot_description/share/arduinobot_description/environment/ament_prefix_path.sh
[1.161s] -- Installing: /home/adam-falkowski/arduinobot_ws/install/arduinobot_description/share/arduinobot_description/environment/ament_prefix_path.dsv
[1.162s] -- Up-to-date: /home/adam-falkowski/arduinobot_ws/install/arduinobot_description/share/arduinobot_description/environment/path.sh
[1.163s] -- Installing: /home/adam-falkowski/arduinobot_ws/install/arduinobot_description/share/arduinobot_description/environment/path.dsv
[1.163s] -- Installing: /home/adam-falkowski/arduinobot_ws/install/arduinobot_description/share/arduinobot_description/local_setup.bash
[1.163s] -- Installing: /home/adam-falkowski/arduinobot_ws/install/arduinobot_description/share/arduinobot_description/local_setup.sh
[1.164s] -- Installing: /home/adam-falkowski/arduinobot_ws/install/arduinobot_description/share/arduinobot_description/local_setup.zsh
[1.164s] -- Installing: /home/adam-falkowski/arduinobot_ws/install/arduinobot_description/share/arduinobot_description/local_setup.dsv
[1.164s] -- Installing: /home/adam-falkowski/arduinobot_ws/install/arduinobot_description/share/arduinobot_description/package.dsv
[1.164s] -- Installing: /home/adam-falkowski/arduinobot_ws/install/arduinobot_description/share/ament_index/resource_index/packages/arduinobot_description
[1.164s] -- Installing: /home/adam-falkowski/arduinobot_ws/install/arduinobot_description/share/arduinobot_description/cmake/arduinobot_descriptionConfig.cmake
[1.165s] -- Installing: /home/adam-falkowski/arduinobot_ws/install/arduinobot_description/share/arduinobot_description/cmake/arduinobot_descriptionConfig-version.cmake
[1.165s] -- Up-to-date: /home/adam-falkowski/arduinobot_ws/install/arduinobot_description/share/arduinobot_description/package.xml
[1.166s] Invoked command in '/home/adam-falkowski/arduinobot_ws/build/arduinobot_description' returned '0': CMAKE_PREFIX_PATH=${CMAKE_PREFIX_PATH}:/opt/ros/jazzy DEBUGINFOD_URLS=https://debuginfod.ubuntu.com /usr/bin/cmake --install /home/adam-falkowski/arduinobot_ws/build/arduinobot_description
