[0.159s] Invoking command in '/home/administrator/arduinobot_ws/build/arduinobot_cpp_exampled': CMAKE_PREFIX_PATH=${CMAKE_PREFIX_PATH}:/opt/ros/jazzy DEBUGINFOD_URLS=https://debuginfod.ubuntu.com /usr/bin/cmake --build /home/administrator/arduinobot_ws/build/arduinobot_cpp_exampled -- -j1 -l1
[0.579s] Invoked command in '/home/administrator/arduinobot_ws/build/arduinobot_cpp_exampled' returned '0': CMAKE_PREFIX_PATH=${CMAKE_PREFIX_PATH}:/opt/ros/jazzy DEBUGINFOD_URLS=https://debuginfod.ubuntu.com /usr/bin/cmake --build /home/administrator/arduinobot_ws/build/arduinobot_cpp_exampled -- -j1 -l1
[0.607s] Invoking command in '/home/administrator/arduinobot_ws/build/arduinobot_cpp_exampled': CMAKE_PREFIX_PATH=${CMAKE_PREFIX_PATH}:/opt/ros/jazzy DEBUGINFOD_URLS=https://debuginfod.ubuntu.com /usr/bin/cmake --install /home/administrator/arduinobot_ws/build/arduinobot_cpp_exampled
[0.670s] -- Install configuration: ""
[0.682s] -- Up-to-date: /home/administrator/arduinobot_ws/install/arduinobot_cpp_exampled/share/ament_index/resource_index/package_run_dependencies/arduinobot_cpp_exampled
[0.683s] -- Up-to-date: /home/administrator/arduinobot_ws/install/arduinobot_cpp_exampled/share/ament_index/resource_index/parent_prefix_path/arduinobot_cpp_exampled
[0.683s] -- Up-to-date: /home/administrator/arduinobot_ws/install/arduinobot_cpp_exampled/share/arduinobot_cpp_exampled/environment/ament_prefix_path.sh
[0.683s] -- Up-to-date: /home/administrator/arduinobot_ws/install/arduinobot_cpp_exampled/share/arduinobot_cpp_exampled/environment/ament_prefix_path.dsv
[0.687s] -- Up-to-date: /home/administrator/arduinobot_ws/install/arduinobot_cpp_exampled/share/arduinobot_cpp_exampled/environment/path.sh
[0.688s] -- Up-to-date: /home/administrator/arduinobot_ws/install/arduinobot_cpp_exampled/share/arduinobot_cpp_exampled/environment/path.dsv
[0.688s] -- Up-to-date: /home/administrator/arduinobot_ws/install/arduinobot_cpp_exampled/share/arduinobot_cpp_exampled/local_setup.bash
[0.688s] -- Up-to-date: /home/administrator/arduinobot_ws/install/arduinobot_cpp_exampled/share/arduinobot_cpp_exampled/local_setup.sh
[0.693s] -- Up-to-date: /home/administrator/arduinobot_ws/install/arduinobot_cpp_exampled/share/arduinobot_cpp_exampled/local_setup.zsh
[0.694s] -- Up-to-date: /home/administrator/arduinobot_ws/install/arduinobot_cpp_exampled/share/arduinobot_cpp_exampled/local_setup.dsv
[0.694s] -- Installing: /home/administrator/arduinobot_ws/install/arduinobot_cpp_exampled/share/arduinobot_cpp_exampled/package.dsv
[0.699s] -- Up-to-date: /home/administrator/arduinobot_ws/install/arduinobot_cpp_exampled/share/ament_index/resource_index/packages/arduinobot_cpp_exampled
[0.700s] -- Up-to-date: /home/administrator/arduinobot_ws/install/arduinobot_cpp_exampled/share/arduinobot_cpp_exampled/cmake/arduinobot_cpp_exampledConfig.cmake
[0.700s] -- Up-to-date: /home/administrator/arduinobot_ws/install/arduinobot_cpp_exampled/share/arduinobot_cpp_exampled/cmake/arduinobot_cpp_exampledConfig-version.cmake
[0.707s] -- Up-to-date: /home/administrator/arduinobot_ws/install/arduinobot_cpp_exampled/share/arduinobot_cpp_exampled/package.xml
[0.711s] Invoked command in '/home/administrator/arduinobot_ws/build/arduinobot_cpp_exampled' returned '0': CMAKE_PREFIX_PATH=${CMAKE_PREFIX_PATH}:/opt/ros/jazzy DEBUGINFOD_URLS=https://debuginfod.ubuntu.com /usr/bin/cmake --install /home/administrator/arduinobot_ws/build/arduinobot_cpp_exampled
