[0.257s] Invoking command in '/home/adam-falkowski/arduinobot_ws/build/arduinobot_utils': CMAKE_PREFIX_PATH=/home/adam-falkowski/arduinobot_ws/install/arduinobot_messages:/home/adam-falkowski/arduinobot_ws/install/arduinobot_utils:/home/adam-falkowski/arduinobot_ws/install/arduinobot_moveit:/home/adam-falkowski/arduinobot_ws/install/arduinobot_controller:/home/adam-falkowski/arduinobot_ws/install/arduinobot_description:/home/adam-falkowski/arduinobot_ws/install/arduinobot_cpp_exampled:/home/adam-falkowski/arduinobot_ws/install/aduinobot_moveit:/opt/ros/jazzy/opt/gz_launch_vendor:/opt/ros/jazzy/opt/gz_sim_vendor:/opt/ros/jazzy/opt/gz_sensors_vendor:/opt/ros/jazzy/opt/gz_physics_vendor:/opt/ros/jazzy/opt/sdformat_vendor:/opt/ros/jazzy/opt/gz_gui_vendor:/opt/ros/jazzy/opt/gz_transport_vendor:/opt/ros/jazzy/opt/gz_rendering_vendor:/opt/ros/jazzy/opt/gz_plugin_vendor:/opt/ros/jazzy/opt/gz_fuel_tools_vendor:/opt/ros/jazzy/opt/gz_msgs_vendor:/opt/ros/jazzy/opt/gz_common_vendor:/opt/ros/jazzy/opt/gz_math_vendor:/opt/ros/jazzy/opt/gz_utils_vendor:/opt/ros/jazzy/opt/gz_tools_vendor:/opt/ros/jazzy/opt/gz_ogre_next_vendor:/opt/ros/jazzy/opt/gz_dartsim_vendor:/opt/ros/jazzy/opt/gz_cmake_vendor:/home/adam-falkowski/arduinobot_ws/install/arduinobot_py_examples:/opt/ros/jazzy DEBUGINFOD_URLS=https://debuginfod.ubuntu.com PYTHONPATH=/home/adam-falkowski/arduinobot_ws/install/arduinobot_messages/lib/python3.12/site-packages:/home/adam-falkowski/arduinobot_ws/install/arduinobot_utils/lib/python3.12/site-packages:/home/adam-falkowski/arduinobot_ws/install/arduinobot_py_examples/lib/python3.12/site-packages:/opt/ros/jazzy/lib/python3.12/site-packages /usr/bin/cmake --build /home/adam-falkowski/arduinobot_ws/build/arduinobot_utils -- -j12 -l12
[0.332s] Built target ament_cmake_python_copy_arduinobot_utils
[0.608s] running egg_info
[0.641s] writing arduinobot_utils.egg-info/PKG-INFO
[0.641s] writing dependency_links to arduinobot_utils.egg-info/dependency_links.txt
[0.641s] writing top-level names to arduinobot_utils.egg-info/top_level.txt
[0.745s] reading manifest file 'arduinobot_utils.egg-info/SOURCES.txt'
[0.746s] writing manifest file 'arduinobot_utils.egg-info/SOURCES.txt'
[0.781s] Built target ament_cmake_python_build_arduinobot_utils_egg
[0.796s] Invoked command in '/home/adam-falkowski/arduinobot_ws/build/arduinobot_utils' returned '0': CMAKE_PREFIX_PATH=/home/adam-falkowski/arduinobot_ws/install/arduinobot_messages:/home/adam-falkowski/arduinobot_ws/install/arduinobot_utils:/home/adam-falkowski/arduinobot_ws/install/arduinobot_moveit:/home/adam-falkowski/arduinobot_ws/install/arduinobot_controller:/home/adam-falkowski/arduinobot_ws/install/arduinobot_description:/home/adam-falkowski/arduinobot_ws/install/arduinobot_cpp_exampled:/home/adam-falkowski/arduinobot_ws/install/aduinobot_moveit:/opt/ros/jazzy/opt/gz_launch_vendor:/opt/ros/jazzy/opt/gz_sim_vendor:/opt/ros/jazzy/opt/gz_sensors_vendor:/opt/ros/jazzy/opt/gz_physics_vendor:/opt/ros/jazzy/opt/sdformat_vendor:/opt/ros/jazzy/opt/gz_gui_vendor:/opt/ros/jazzy/opt/gz_transport_vendor:/opt/ros/jazzy/opt/gz_rendering_vendor:/opt/ros/jazzy/opt/gz_plugin_vendor:/opt/ros/jazzy/opt/gz_fuel_tools_vendor:/opt/ros/jazzy/opt/gz_msgs_vendor:/opt/ros/jazzy/opt/gz_common_vendor:/opt/ros/jazzy/opt/gz_math_vendor:/opt/ros/jazzy/opt/gz_utils_vendor:/opt/ros/jazzy/opt/gz_tools_vendor:/opt/ros/jazzy/opt/gz_ogre_next_vendor:/opt/ros/jazzy/opt/gz_dartsim_vendor:/opt/ros/jazzy/opt/gz_cmake_vendor:/home/adam-falkowski/arduinobot_ws/install/arduinobot_py_examples:/opt/ros/jazzy DEBUGINFOD_URLS=https://debuginfod.ubuntu.com PYTHONPATH=/home/adam-falkowski/arduinobot_ws/install/arduinobot_messages/lib/python3.12/site-packages:/home/adam-falkowski/arduinobot_ws/install/arduinobot_utils/lib/python3.12/site-packages:/home/adam-falkowski/arduinobot_ws/install/arduinobot_py_examples/lib/python3.12/site-packages:/opt/ros/jazzy/lib/python3.12/site-packages /usr/bin/cmake --build /home/adam-falkowski/arduinobot_ws/build/arduinobot_utils -- -j12 -l12
[0.798s] Invoking command in '/home/adam-falkowski/arduinobot_ws/build/arduinobot_utils': CMAKE_PREFIX_PATH=/home/adam-falkowski/arduinobot_ws/install/arduinobot_messages:/home/adam-falkowski/arduinobot_ws/install/arduinobot_utils:/home/adam-falkowski/arduinobot_ws/install/arduinobot_moveit:/home/adam-falkowski/arduinobot_ws/install/arduinobot_controller:/home/adam-falkowski/arduinobot_ws/install/arduinobot_description:/home/adam-falkowski/arduinobot_ws/install/arduinobot_cpp_exampled:/home/adam-falkowski/arduinobot_ws/install/aduinobot_moveit:/opt/ros/jazzy/opt/gz_launch_vendor:/opt/ros/jazzy/opt/gz_sim_vendor:/opt/ros/jazzy/opt/gz_sensors_vendor:/opt/ros/jazzy/opt/gz_physics_vendor:/opt/ros/jazzy/opt/sdformat_vendor:/opt/ros/jazzy/opt/gz_gui_vendor:/opt/ros/jazzy/opt/gz_transport_vendor:/opt/ros/jazzy/opt/gz_rendering_vendor:/opt/ros/jazzy/opt/gz_plugin_vendor:/opt/ros/jazzy/opt/gz_fuel_tools_vendor:/opt/ros/jazzy/opt/gz_msgs_vendor:/opt/ros/jazzy/opt/gz_common_vendor:/opt/ros/jazzy/opt/gz_math_vendor:/opt/ros/jazzy/opt/gz_utils_vendor:/opt/ros/jazzy/opt/gz_tools_vendor:/opt/ros/jazzy/opt/gz_ogre_next_vendor:/opt/ros/jazzy/opt/gz_dartsim_vendor:/opt/ros/jazzy/opt/gz_cmake_vendor:/home/adam-falkowski/arduinobot_ws/install/arduinobot_py_examples:/opt/ros/jazzy DEBUGINFOD_URLS=https://debuginfod.ubuntu.com PYTHONPATH=/home/adam-falkowski/arduinobot_ws/install/arduinobot_messages/lib/python3.12/site-packages:/home/adam-falkowski/arduinobot_ws/install/arduinobot_utils/lib/python3.12/site-packages:/home/adam-falkowski/arduinobot_ws/install/arduinobot_py_examples/lib/python3.12/site-packages:/opt/ros/jazzy/lib/python3.12/site-packages /usr/bin/cmake --install /home/adam-falkowski/arduinobot_ws/build/arduinobot_utils
[0.809s] -- Install configuration: ""
[0.809s] -- Up-to-date: /home/adam-falkowski/arduinobot_ws/install/arduinobot_utils/share/arduinobot_utils/environment/pythonpath.sh
[0.809s] -- Up-to-date: /home/adam-falkowski/arduinobot_ws/install/arduinobot_utils/share/arduinobot_utils/environment/pythonpath.dsv
[0.810s] -- Up-to-date: /home/adam-falkowski/arduinobot_ws/install/arduinobot_utils/lib/python3.12/site-packages/arduinobot_utils-0.0.0-py3.12.egg-info
[0.810s] -- Installing: /home/adam-falkowski/arduinobot_ws/install/arduinobot_utils/lib/python3.12/site-packages/arduinobot_utils-0.0.0-py3.12.egg-info/PKG-INFO
[0.810s] -- Installing: /home/adam-falkowski/arduinobot_ws/install/arduinobot_utils/lib/python3.12/site-packages/arduinobot_utils-0.0.0-py3.12.egg-info/SOURCES.txt
[0.810s] -- Installing: /home/adam-falkowski/arduinobot_ws/install/arduinobot_utils/lib/python3.12/site-packages/arduinobot_utils-0.0.0-py3.12.egg-info/top_level.txt
[0.811s] -- Installing: /home/adam-falkowski/arduinobot_ws/install/arduinobot_utils/lib/python3.12/site-packages/arduinobot_utils-0.0.0-py3.12.egg-info/dependency_links.txt
[0.811s] -- Up-to-date: /home/adam-falkowski/arduinobot_ws/install/arduinobot_utils/lib/python3.12/site-packages/arduinobot_utils
[0.811s] -- Up-to-date: /home/adam-falkowski/arduinobot_ws/install/arduinobot_utils/lib/python3.12/site-packages/arduinobot_utils/__init__.py
[0.811s] -- Up-to-date: /home/adam-falkowski/arduinobot_ws/install/arduinobot_utils/lib/python3.12/site-packages/arduinobot_utils/angle_conversion.py
[0.849s] Listing '/home/adam-falkowski/arduinobot_ws/install/arduinobot_utils/lib/python3.12/site-packages/arduinobot_utils'...
[0.856s] -- Up-to-date: /home/adam-falkowski/arduinobot_ws/install/arduinobot_utils/lib/arduinobot_utils/angle_conversion.py
[0.856s] -- Up-to-date: /home/adam-falkowski/arduinobot_ws/install/arduinobot_utils/share/ament_index/resource_index/package_run_dependencies/arduinobot_utils
[0.856s] -- Up-to-date: /home/adam-falkowski/arduinobot_ws/install/arduinobot_utils/share/ament_index/resource_index/parent_prefix_path/arduinobot_utils
[0.857s] -- Up-to-date: /home/adam-falkowski/arduinobot_ws/install/arduinobot_utils/share/arduinobot_utils/environment/ament_prefix_path.sh
[0.857s] -- Up-to-date: /home/adam-falkowski/arduinobot_ws/install/arduinobot_utils/share/arduinobot_utils/environment/ament_prefix_path.dsv
[0.857s] -- Up-to-date: /home/adam-falkowski/arduinobot_ws/install/arduinobot_utils/share/arduinobot_utils/environment/path.sh
[0.857s] -- Up-to-date: /home/adam-falkowski/arduinobot_ws/install/arduinobot_utils/share/arduinobot_utils/environment/path.dsv
[0.857s] -- Up-to-date: /home/adam-falkowski/arduinobot_ws/install/arduinobot_utils/share/arduinobot_utils/local_setup.bash
[0.858s] -- Up-to-date: /home/adam-falkowski/arduinobot_ws/install/arduinobot_utils/share/arduinobot_utils/local_setup.sh
[0.858s] -- Up-to-date: /home/adam-falkowski/arduinobot_ws/install/arduinobot_utils/share/arduinobot_utils/local_setup.zsh
[0.858s] -- Up-to-date: /home/adam-falkowski/arduinobot_ws/install/arduinobot_utils/share/arduinobot_utils/local_setup.dsv
[0.858s] -- Installing: /home/adam-falkowski/arduinobot_ws/install/arduinobot_utils/share/arduinobot_utils/package.dsv
[0.858s] -- Up-to-date: /home/adam-falkowski/arduinobot_ws/install/arduinobot_utils/share/ament_index/resource_index/packages/arduinobot_utils
[0.858s] -- Up-to-date: /home/adam-falkowski/arduinobot_ws/install/arduinobot_utils/share/arduinobot_utils/cmake/arduinobot_utilsConfig.cmake
[0.859s] -- Up-to-date: /home/adam-falkowski/arduinobot_ws/install/arduinobot_utils/share/arduinobot_utils/cmake/arduinobot_utilsConfig-version.cmake
[0.859s] -- Up-to-date: /home/adam-falkowski/arduinobot_ws/install/arduinobot_utils/share/arduinobot_utils/package.xml
[0.861s] Invoked command in '/home/adam-falkowski/arduinobot_ws/build/arduinobot_utils' returned '0': CMAKE_PREFIX_PATH=/home/adam-falkowski/arduinobot_ws/install/arduinobot_messages:/home/adam-falkowski/arduinobot_ws/install/arduinobot_utils:/home/adam-falkowski/arduinobot_ws/install/arduinobot_moveit:/home/adam-falkowski/arduinobot_ws/install/arduinobot_controller:/home/adam-falkowski/arduinobot_ws/install/arduinobot_description:/home/adam-falkowski/arduinobot_ws/install/arduinobot_cpp_exampled:/home/adam-falkowski/arduinobot_ws/install/aduinobot_moveit:/opt/ros/jazzy/opt/gz_launch_vendor:/opt/ros/jazzy/opt/gz_sim_vendor:/opt/ros/jazzy/opt/gz_sensors_vendor:/opt/ros/jazzy/opt/gz_physics_vendor:/opt/ros/jazzy/opt/sdformat_vendor:/opt/ros/jazzy/opt/gz_gui_vendor:/opt/ros/jazzy/opt/gz_transport_vendor:/opt/ros/jazzy/opt/gz_rendering_vendor:/opt/ros/jazzy/opt/gz_plugin_vendor:/opt/ros/jazzy/opt/gz_fuel_tools_vendor:/opt/ros/jazzy/opt/gz_msgs_vendor:/opt/ros/jazzy/opt/gz_common_vendor:/opt/ros/jazzy/opt/gz_math_vendor:/opt/ros/jazzy/opt/gz_utils_vendor:/opt/ros/jazzy/opt/gz_tools_vendor:/opt/ros/jazzy/opt/gz_ogre_next_vendor:/opt/ros/jazzy/opt/gz_dartsim_vendor:/opt/ros/jazzy/opt/gz_cmake_vendor:/home/adam-falkowski/arduinobot_ws/install/arduinobot_py_examples:/opt/ros/jazzy DEBUGINFOD_URLS=https://debuginfod.ubuntu.com PYTHONPATH=/home/adam-falkowski/arduinobot_ws/install/arduinobot_messages/lib/python3.12/site-packages:/home/adam-falkowski/arduinobot_ws/install/arduinobot_utils/lib/python3.12/site-packages:/home/adam-falkowski/arduinobot_ws/install/arduinobot_py_examples/lib/python3.12/site-packages:/opt/ros/jazzy/lib/python3.12/site-packages /usr/bin/cmake --install /home/adam-falkowski/arduinobot_ws/build/arduinobot_utils
