[0.031s] Invoking command in '/home/administrator/arduinobot_ws/src/build/arduinobot_description': CMAKE_PREFIX_PATH=${CMAKE_PREFIX_PATH}:/opt/ros/jazzy DEBUGINFOD_URLS=https://debuginfod.ubuntu.com /usr/bin/cmake /home/administrator/arduinobot_ws/src/arduinobot_description -DCMAKE_INSTALL_PREFIX=/home/administrator/arduinobot_ws/src/install/arduinobot_description
[0.350s] -- The C compiler identification is GNU 13.3.0
[0.566s] -- The CXX compiler identification is GNU 13.3.0
[0.608s] -- Detecting C compiler ABI info
[0.823s] -- Detecting C compiler ABI info - done
[0.848s] -- Check for working C compiler: /usr/bin/cc - skipped
[0.849s] -- Detecting C compile features
[0.851s] -- Detecting C compile features - done
[0.874s] -- Detecting CXX compiler ABI info
[1.192s] -- Detecting CXX compiler ABI info - done
[1.222s] -- Check for working CXX compiler: /usr/bin/c++ - skipped
[1.222s] -- Detecting CXX compile features
[1.223s] -- Detecting CXX compile features - done
[1.234s] -- Found ament_cmake: 2.5.3 (/opt/ros/jazzy/share/ament_cmake/cmake)
[1.563s] -- Found Python3: /usr/bin/python3 (found version "3.12.3") found components: Interpreter 
[1.867s] -- Found ament_lint_auto: 0.17.1 (/opt/ros/jazzy/share/ament_lint_auto/cmake)
[2.117s] -- Added test 'flake8' to check Python code syntax and style conventions
[2.117s] -- Configured 'flake8' exclude dirs and/or files: 
[2.119s] -- Added test 'lint_cmake' to check CMake code style
[2.129s] -- Added test 'pep257' to check Python code against some of the docstring style conventions in PEP 257
[2.130s] -- Added test 'xmllint' to check XML markup files
[2.137s] -- Configuring done (2.1s)
[2.141s] -- Generating done (0.0s)
[2.146s] -- Build files have been written to: /home/administrator/arduinobot_ws/src/build/arduinobot_description
[2.155s] Invoked command in '/home/administrator/arduinobot_ws/src/build/arduinobot_description' returned '0': CMAKE_PREFIX_PATH=${CMAKE_PREFIX_PATH}:/opt/ros/jazzy DEBUGINFOD_URLS=https://debuginfod.ubuntu.com /usr/bin/cmake /home/administrator/arduinobot_ws/src/arduinobot_description -DCMAKE_INSTALL_PREFIX=/home/administrator/arduinobot_ws/src/install/arduinobot_description
[2.157s] Invoking command in '/home/administrator/arduinobot_ws/src/build/arduinobot_description': CMAKE_PREFIX_PATH=${CMAKE_PREFIX_PATH}:/opt/ros/jazzy DEBUGINFOD_URLS=https://debuginfod.ubuntu.com /usr/bin/cmake --build /home/administrator/arduinobot_ws/src/build/arduinobot_description -- -j4 -l4
[2.225s] Invoked command in '/home/administrator/arduinobot_ws/src/build/arduinobot_description' returned '0': CMAKE_PREFIX_PATH=${CMAKE_PREFIX_PATH}:/opt/ros/jazzy DEBUGINFOD_URLS=https://debuginfod.ubuntu.com /usr/bin/cmake --build /home/administrator/arduinobot_ws/src/build/arduinobot_description -- -j4 -l4
[2.242s] Invoking command in '/home/administrator/arduinobot_ws/src/build/arduinobot_description': CMAKE_PREFIX_PATH=${CMAKE_PREFIX_PATH}:/opt/ros/jazzy DEBUGINFOD_URLS=https://debuginfod.ubuntu.com /usr/bin/cmake --install /home/administrator/arduinobot_ws/src/build/arduinobot_description
[2.260s] -- Install configuration: ""
[2.260s] -- Installing: /home/administrator/arduinobot_ws/src/install/arduinobot_description/share/arduinobot_description/meshes
[2.265s] -- Installing: /home/administrator/arduinobot_ws/src/install/arduinobot_description/share/arduinobot_description/meshes/pi_camera.STL
[2.265s] -- Installing: /home/administrator/arduinobot_ws/src/install/arduinobot_description/share/arduinobot_description/meshes/claw_support.STL
[2.267s] -- Installing: /home/administrator/arduinobot_ws/src/install/arduinobot_description/share/arduinobot_description/meshes/round_plate.STL
[2.269s] -- Installing: /home/administrator/arduinobot_ws/src/install/arduinobot_description/share/arduinobot_description/meshes/triangular_link.STL
[2.274s] -- Installing: /home/administrator/arduinobot_ws/src/install/arduinobot_description/share/arduinobot_description/meshes/basement.STL
[2.280s] -- Installing: /home/administrator/arduinobot_ws/src/install/arduinobot_description/share/arduinobot_description/meshes/left_finger.STL
[2.280s] -- Installing: /home/administrator/arduinobot_ws/src/install/arduinobot_description/share/arduinobot_description/meshes/base_plate.STL
[2.293s] -- Installing: /home/administrator/arduinobot_ws/src/install/arduinobot_description/share/arduinobot_description/meshes/forward_drive_arm.STL
[2.301s] -- Installing: /home/administrator/arduinobot_ws/src/install/arduinobot_description/share/arduinobot_description/meshes/plate.STL
[2.309s] -- Installing: /home/administrator/arduinobot_ws/src/install/arduinobot_description/share/arduinobot_description/meshes/right_finger.STL
[2.310s] -- Installing: /home/administrator/arduinobot_ws/src/install/arduinobot_description/share/arduinobot_description/meshes/servo_plate.STL
[2.311s] -- Installing: /home/administrator/arduinobot_ws/src/install/arduinobot_description/share/arduinobot_description/meshes/link.STL
[2.314s] -- Installing: /home/administrator/arduinobot_ws/src/install/arduinobot_description/share/arduinobot_description/meshes/vertical_drive_arm.STL
[2.330s] -- Installing: /home/administrator/arduinobot_ws/src/install/arduinobot_description/share/arduinobot_description/meshes/horizontal_arm.STL
[2.351s] -- Installing: /home/administrator/arduinobot_ws/src/install/arduinobot_description/share/arduinobot_description/urdf
[2.351s] -- Installing: /home/administrator/arduinobot_ws/src/install/arduinobot_description/share/arduinobot_description/urdf/arduinobot_gazebo.xacro
[2.352s] -- Installing: /home/administrator/arduinobot_ws/src/install/arduinobot_description/share/arduinobot_description/urdf/arduinobot_ros2_control.xacro
[2.352s] -- Installing: /home/administrator/arduinobot_ws/src/install/arduinobot_description/share/arduinobot_description/urdf/arduinobot.urdf.xacro
[2.353s] -- Installing: /home/administrator/arduinobot_ws/src/install/arduinobot_description/share/arduinobot_description/launch
[2.353s] -- Installing: /home/administrator/arduinobot_ws/src/install/arduinobot_description/share/arduinobot_description/launch/gazebo.launch.py
[2.353s] -- Installing: /home/administrator/arduinobot_ws/src/install/arduinobot_description/share/arduinobot_description/launch/display.launch.py
[2.353s] -- Installing: /home/administrator/arduinobot_ws/src/install/arduinobot_description/share/arduinobot_description/rviz
[2.353s] -- Installing: /home/administrator/arduinobot_ws/src/install/arduinobot_description/share/arduinobot_description/rviz/display.rviz
[2.363s] -- Installing: /home/administrator/arduinobot_ws/src/install/arduinobot_description/share/ament_index/resource_index/package_run_dependencies/arduinobot_description
[2.363s] -- Installing: /home/administrator/arduinobot_ws/src/install/arduinobot_description/share/ament_index/resource_index/parent_prefix_path/arduinobot_description
[2.364s] -- Installing: /home/administrator/arduinobot_ws/src/install/arduinobot_description/share/arduinobot_description/environment/ament_prefix_path.sh
[2.365s] -- Installing: /home/administrator/arduinobot_ws/src/install/arduinobot_description/share/arduinobot_description/environment/ament_prefix_path.dsv
[2.367s] -- Installing: /home/administrator/arduinobot_ws/src/install/arduinobot_description/share/arduinobot_description/environment/path.sh
[2.371s] -- Installing: /home/administrator/arduinobot_ws/src/install/arduinobot_description/share/arduinobot_description/environment/path.dsv
[2.371s] -- Installing: /home/administrator/arduinobot_ws/src/install/arduinobot_description/share/arduinobot_description/local_setup.bash
[2.371s] -- Installing: /home/administrator/arduinobot_ws/src/install/arduinobot_description/share/arduinobot_description/local_setup.sh
[2.371s] -- Installing: /home/administrator/arduinobot_ws/src/install/arduinobot_description/share/arduinobot_description/local_setup.zsh
[2.372s] -- Installing: /home/administrator/arduinobot_ws/src/install/arduinobot_description/share/arduinobot_description/local_setup.dsv
[2.372s] -- Installing: /home/administrator/arduinobot_ws/src/install/arduinobot_description/share/arduinobot_description/package.dsv
[2.372s] -- Installing: /home/administrator/arduinobot_ws/src/install/arduinobot_description/share/ament_index/resource_index/packages/arduinobot_description
[2.372s] -- Installing: /home/administrator/arduinobot_ws/src/install/arduinobot_description/share/arduinobot_description/cmake/arduinobot_descriptionConfig.cmake
[2.372s] -- Installing: /home/administrator/arduinobot_ws/src/install/arduinobot_description/share/arduinobot_description/cmake/arduinobot_descriptionConfig-version.cmake
[2.372s] -- Installing: /home/administrator/arduinobot_ws/src/install/arduinobot_description/share/arduinobot_description/package.xml
[2.378s] Invoked command in '/home/administrator/arduinobot_ws/src/build/arduinobot_description' returned '0': CMAKE_PREFIX_PATH=${CMAKE_PREFIX_PATH}:/opt/ros/jazzy DEBUGINFOD_URLS=https://debuginfod.ubuntu.com /usr/bin/cmake --install /home/administrator/arduinobot_ws/src/build/arduinobot_description
