[1.225s] Invoking command in '/home/adam-falkowski/arduinobot_ws/ROS2_Arduionobot/src/arduinobot_py_examples': DEBUGINFOD_URLS=https://debuginfod.ubuntu.com PYTHONPATH=/home/adam-falkowski/arduinobot_ws/ROS2_Arduionobot/build/arduinobot_py_examples/prefix_override:/usr/lib/python3/dist-packages/colcon_core/task/python/colcon_distutils_commands:/home/adam-falkowski/arduinobot_ws/ROS2_Arduionobot/install/arduinobot_py_examples/lib/python3.12/site-packages:${PYTHONPATH} /usr/bin/python3 -W ignore:setup.py install is deprecated -W ignore:easy_install command is deprecated setup.py egg_info --egg-base ../../build/arduinobot_py_examples build --build-base /home/adam-falkowski/arduinobot_ws/ROS2_Arduionobot/build/arduinobot_py_examples/build install --record /home/adam-falkowski/arduinobot_ws/ROS2_Arduionobot/build/arduinobot_py_examples/install.log --single-version-externally-managed install_data
[1.545s] running egg_info
[1.546s] creating ../../build/arduinobot_py_examples/arduinobot_py_examples.egg-info
[1.568s] writing ../../build/arduinobot_py_examples/arduinobot_py_examples.egg-info/PKG-INFO
[1.568s] writing dependency_links to ../../build/arduinobot_py_examples/arduinobot_py_examples.egg-info/dependency_links.txt
[1.568s] writing entry points to ../../build/arduinobot_py_examples/arduinobot_py_examples.egg-info/entry_points.txt
[1.568s] writing requirements to ../../build/arduinobot_py_examples/arduinobot_py_examples.egg-info/requires.txt
[1.568s] writing top-level names to ../../build/arduinobot_py_examples/arduinobot_py_examples.egg-info/top_level.txt
[1.569s] writing manifest file '../../build/arduinobot_py_examples/arduinobot_py_examples.egg-info/SOURCES.txt'
[1.615s] reading manifest file '../../build/arduinobot_py_examples/arduinobot_py_examples.egg-info/SOURCES.txt'
[1.616s] writing manifest file '../../build/arduinobot_py_examples/arduinobot_py_examples.egg-info/SOURCES.txt'
[1.616s] running build
[1.616s] running build_py
[1.617s] creating /home/adam-falkowski/arduinobot_ws/ROS2_Arduionobot/build/arduinobot_py_examples/build
[1.617s] creating /home/adam-falkowski/arduinobot_ws/ROS2_Arduionobot/build/arduinobot_py_examples/build/lib
[1.617s] creating /home/adam-falkowski/arduinobot_ws/ROS2_Arduionobot/build/arduinobot_py_examples/build/lib/arduinobot_py_examples
[1.617s] copying arduinobot_py_examples/simple_subscriber.py -> /home/adam-falkowski/arduinobot_ws/ROS2_Arduionobot/build/arduinobot_py_examples/build/lib/arduinobot_py_examples
[1.617s] copying arduinobot_py_examples/__init__.py -> /home/adam-falkowski/arduinobot_ws/ROS2_Arduionobot/build/arduinobot_py_examples/build/lib/arduinobot_py_examples
[1.618s] copying arduinobot_py_examples/simple_parameter.py -> /home/adam-falkowski/arduinobot_ws/ROS2_Arduionobot/build/arduinobot_py_examples/build/lib/arduinobot_py_examples
[1.618s] copying arduinobot_py_examples/simple_publisher.py -> /home/adam-falkowski/arduinobot_ws/ROS2_Arduionobot/build/arduinobot_py_examples/build/lib/arduinobot_py_examples
[1.618s] running install
[1.624s] running install_lib
[1.645s] running install_data
[1.646s] running install_egg_info
[1.668s] removing '/home/adam-falkowski/arduinobot_ws/ROS2_Arduionobot/install/arduinobot_py_examples/lib/python3.12/site-packages/arduinobot_py_examples-0.0.0-py3.12.egg-info' (and everything under it)
[1.668s] Copying ../../build/arduinobot_py_examples/arduinobot_py_examples.egg-info to /home/adam-falkowski/arduinobot_ws/ROS2_Arduionobot/install/arduinobot_py_examples/lib/python3.12/site-packages/arduinobot_py_examples-0.0.0-py3.12.egg-info
[1.669s] running install_scripts
[1.833s] Installing simple_parameter script to /home/adam-falkowski/arduinobot_ws/ROS2_Arduionobot/install/arduinobot_py_examples/lib/arduinobot_py_examples
[1.833s] Installing simple_publisher script to /home/adam-falkowski/arduinobot_ws/ROS2_Arduionobot/install/arduinobot_py_examples/lib/arduinobot_py_examples
[1.833s] Installing simple_subscriber script to /home/adam-falkowski/arduinobot_ws/ROS2_Arduionobot/install/arduinobot_py_examples/lib/arduinobot_py_examples
[1.834s] writing list of installed files to '/home/adam-falkowski/arduinobot_ws/ROS2_Arduionobot/build/arduinobot_py_examples/install.log'
[1.861s] Invoked command in '/home/adam-falkowski/arduinobot_ws/ROS2_Arduionobot/src/arduinobot_py_examples' returned '0': DEBUGINFOD_URLS=https://debuginfod.ubuntu.com PYTHONPATH=/home/adam-falkowski/arduinobot_ws/ROS2_Arduionobot/build/arduinobot_py_examples/prefix_override:/usr/lib/python3/dist-packages/colcon_core/task/python/colcon_distutils_commands:/home/adam-falkowski/arduinobot_ws/ROS2_Arduionobot/install/arduinobot_py_examples/lib/python3.12/site-packages:${PYTHONPATH} /usr/bin/python3 -W ignore:setup.py install is deprecated -W ignore:easy_install command is deprecated setup.py egg_info --egg-base ../../build/arduinobot_py_examples build --build-base /home/adam-falkowski/arduinobot_ws/ROS2_Arduionobot/build/arduinobot_py_examples/build install --record /home/adam-falkowski/arduinobot_ws/ROS2_Arduionobot/build/arduinobot_py_examples/install.log --single-version-externally-managed install_data
