[0.162s] DEBUG:colcon:Command line arguments: ['/usr/bin/colcon', 'build']
[0.162s] DEBUG:colcon:Parsed command line arguments: Namespace(log_base=None, log_level=None, verb_name='build', build_base='build', install_base='install', merge_install=False, symlink_install=False, test_result_base=None, continue_on_error=False, executor='parallel', parallel_workers=1, event_handlers=None, ignore_user_meta=False, metas=['./colcon.meta'], base_paths=['.'], packages_ignore=None, packages_ignore_regex=None, paths=None, packages_up_to=None, packages_up_to_regex=None, packages_above=None, packages_above_and_dependencies=None, packages_above_depth=None, packages_select_by_dep=None, packages_skip_by_dep=None, packages_skip_up_to=None, packages_select_build_failed=False, packages_skip_build_finished=False, packages_select_test_failures=False, packages_skip_test_passed=False, packages_select=None, packages_skip=None, packages_select_regex=None, packages_skip_regex=None, packages_start=None, packages_end=None, allow_overriding=[], cmake_args=None, cmake_target=None, cmake_target_skip_unavailable=False, cmake_clean_cache=False, cmake_clean_first=False, cmake_force_configure=False, ament_cmake_args=None, catkin_cmake_args=None, catkin_skip_building_tests=False, mixin_files=None, mixin=None, verb_parser=<colcon_mixin.mixin.mixin_argument.MixinArgumentDecorator object at 0x7e57e196b8c0>, verb_extension=<colcon_core.verb.build.BuildVerb object at 0x7e57e235ac00>, main=<bound method BuildVerb.main of <colcon_core.verb.build.BuildVerb object at 0x7e57e235ac00>>, mixin_verb=('build',))
[0.229s] Level 1:colcon.colcon_core.package_discovery:discover_packages(colcon_meta) check parameters
[0.229s] Level 1:colcon.colcon_core.package_discovery:discover_packages(recursive) check parameters
[0.230s] Level 1:colcon.colcon_core.package_discovery:discover_packages(ignore) check parameters
[0.230s] Level 1:colcon.colcon_core.package_discovery:discover_packages(path) check parameters
[0.230s] Level 1:colcon.colcon_core.package_discovery:discover_packages(colcon_meta) discover
[0.230s] Level 1:colcon.colcon_core.package_discovery:discover_packages(recursive) discover
[0.230s] INFO:colcon.colcon_core.package_discovery:Crawling recursively for packages in '/home/administrator/arduinobot_ws'
[0.230s] Level 1:colcon.colcon_core.package_identification:_identify(.) by extensions ['ignore', 'ignore_ament_install']
[0.231s] Level 1:colcon.colcon_core.package_identification:_identify(.) by extension 'ignore'
[0.231s] Level 1:colcon.colcon_core.package_identification:_identify(.) by extension 'ignore_ament_install'
[0.231s] Level 1:colcon.colcon_core.package_identification:_identify(.) by extensions ['colcon_pkg']
[0.231s] Level 1:colcon.colcon_core.package_identification:_identify(.) by extension 'colcon_pkg'
[0.231s] Level 1:colcon.colcon_core.package_identification:_identify(.) by extensions ['colcon_meta']
[0.231s] Level 1:colcon.colcon_core.package_identification:_identify(.) by extension 'colcon_meta'
[0.231s] Level 1:colcon.colcon_core.package_identification:_identify(.) by extensions ['ros']
[0.231s] Level 1:colcon.colcon_core.package_identification:_identify(.) by extension 'ros'
[0.281s] Level 1:colcon.colcon_core.package_identification:_identify(.) by extensions ['cmake', 'python']
[0.282s] Level 1:colcon.colcon_core.package_identification:_identify(.) by extension 'cmake'
[0.282s] Level 1:colcon.colcon_core.package_identification:_identify(.) by extension 'python'
[0.282s] Level 1:colcon.colcon_core.package_identification:_identify(.) by extensions ['python_setup_py']
[0.282s] Level 1:colcon.colcon_core.package_identification:_identify(.) by extension 'python_setup_py'
[0.283s] Level 1:colcon.colcon_core.package_identification:_identify(build) by extensions ['ignore', 'ignore_ament_install']
[0.283s] Level 1:colcon.colcon_core.package_identification:_identify(build) by extension 'ignore'
[0.283s] Level 1:colcon.colcon_core.package_identification:_identify(build) ignored
[0.283s] Level 1:colcon.colcon_core.package_identification:_identify(install) by extensions ['ignore', 'ignore_ament_install']
[0.283s] Level 1:colcon.colcon_core.package_identification:_identify(install) by extension 'ignore'
[0.283s] Level 1:colcon.colcon_core.package_identification:_identify(install) ignored
[0.283s] Level 1:colcon.colcon_core.package_identification:_identify(log) by extensions ['ignore', 'ignore_ament_install']
[0.283s] Level 1:colcon.colcon_core.package_identification:_identify(log) by extension 'ignore'
[0.283s] Level 1:colcon.colcon_core.package_identification:_identify(log) ignored
[0.283s] Level 1:colcon.colcon_core.package_identification:_identify(src) by extensions ['ignore', 'ignore_ament_install']
[0.284s] Level 1:colcon.colcon_core.package_identification:_identify(src) by extension 'ignore'
[0.284s] Level 1:colcon.colcon_core.package_identification:_identify(src) by extension 'ignore_ament_install'
[0.284s] Level 1:colcon.colcon_core.package_identification:_identify(src) by extensions ['colcon_pkg']
[0.284s] Level 1:colcon.colcon_core.package_identification:_identify(src) by extension 'colcon_pkg'
[0.284s] Level 1:colcon.colcon_core.package_identification:_identify(src) by extensions ['colcon_meta']
[0.284s] Level 1:colcon.colcon_core.package_identification:_identify(src) by extension 'colcon_meta'
[0.284s] Level 1:colcon.colcon_core.package_identification:_identify(src) by extensions ['ros']
[0.284s] Level 1:colcon.colcon_core.package_identification:_identify(src) by extension 'ros'
[0.284s] Level 1:colcon.colcon_core.package_identification:_identify(src) by extensions ['cmake', 'python']
[0.284s] Level 1:colcon.colcon_core.package_identification:_identify(src) by extension 'cmake'
[0.284s] Level 1:colcon.colcon_core.package_identification:_identify(src) by extension 'python'
[0.284s] Level 1:colcon.colcon_core.package_identification:_identify(src) by extensions ['python_setup_py']
[0.284s] Level 1:colcon.colcon_core.package_identification:_identify(src) by extension 'python_setup_py'
[0.284s] Level 1:colcon.colcon_core.package_identification:_identify(src/arduinobot_cpp_examples) by extensions ['ignore', 'ignore_ament_install']
[0.284s] Level 1:colcon.colcon_core.package_identification:_identify(src/arduinobot_cpp_examples) by extension 'ignore'
[0.284s] Level 1:colcon.colcon_core.package_identification:_identify(src/arduinobot_cpp_examples) by extension 'ignore_ament_install'
[0.285s] Level 1:colcon.colcon_core.package_identification:_identify(src/arduinobot_cpp_examples) by extensions ['colcon_pkg']
[0.285s] Level 1:colcon.colcon_core.package_identification:_identify(src/arduinobot_cpp_examples) by extension 'colcon_pkg'
[0.285s] Level 1:colcon.colcon_core.package_identification:_identify(src/arduinobot_cpp_examples) by extensions ['colcon_meta']
[0.285s] Level 1:colcon.colcon_core.package_identification:_identify(src/arduinobot_cpp_examples) by extension 'colcon_meta'
[0.285s] Level 1:colcon.colcon_core.package_identification:_identify(src/arduinobot_cpp_examples) by extensions ['ros']
[0.285s] Level 1:colcon.colcon_core.package_identification:_identify(src/arduinobot_cpp_examples) by extension 'ros'
[0.288s] DEBUG:colcon.colcon_core.package_identification:Package 'src/arduinobot_cpp_examples' with type 'ros.ament_cmake' and name 'arduinobot_cpp_exampled'
[0.288s] Level 1:colcon.colcon_core.package_identification:_identify(src/arduinobot_description) by extensions ['ignore', 'ignore_ament_install']
[0.289s] Level 1:colcon.colcon_core.package_identification:_identify(src/arduinobot_description) by extension 'ignore'
[0.289s] Level 1:colcon.colcon_core.package_identification:_identify(src/arduinobot_description) by extension 'ignore_ament_install'
[0.289s] Level 1:colcon.colcon_core.package_identification:_identify(src/arduinobot_description) by extensions ['colcon_pkg']
[0.290s] Level 1:colcon.colcon_core.package_identification:_identify(src/arduinobot_description) by extension 'colcon_pkg'
[0.290s] Level 1:colcon.colcon_core.package_identification:_identify(src/arduinobot_description) by extensions ['colcon_meta']
[0.290s] Level 1:colcon.colcon_core.package_identification:_identify(src/arduinobot_description) by extension 'colcon_meta'
[0.290s] Level 1:colcon.colcon_core.package_identification:_identify(src/arduinobot_description) by extensions ['ros']
[0.290s] Level 1:colcon.colcon_core.package_identification:_identify(src/arduinobot_description) by extension 'ros'
[0.290s] DEBUG:colcon.colcon_core.package_identification:Package 'src/arduinobot_description' with type 'ros.ament_cmake' and name 'arduinobot_description'
[0.291s] Level 1:colcon.colcon_core.package_identification:_identify(src/arduinobot_py_examples) by extensions ['ignore', 'ignore_ament_install']
[0.291s] Level 1:colcon.colcon_core.package_identification:_identify(src/arduinobot_py_examples) by extension 'ignore'
[0.291s] Level 1:colcon.colcon_core.package_identification:_identify(src/arduinobot_py_examples) by extension 'ignore_ament_install'
[0.291s] Level 1:colcon.colcon_core.package_identification:_identify(src/arduinobot_py_examples) by extensions ['colcon_pkg']
[0.291s] Level 1:colcon.colcon_core.package_identification:_identify(src/arduinobot_py_examples) by extension 'colcon_pkg'
[0.292s] Level 1:colcon.colcon_core.package_identification:_identify(src/arduinobot_py_examples) by extensions ['colcon_meta']
[0.292s] Level 1:colcon.colcon_core.package_identification:_identify(src/arduinobot_py_examples) by extension 'colcon_meta'
[0.292s] Level 1:colcon.colcon_core.package_identification:_identify(src/arduinobot_py_examples) by extensions ['ros']
[0.292s] Level 1:colcon.colcon_core.package_identification:_identify(src/arduinobot_py_examples) by extension 'ros'
[0.293s] DEBUG:colcon.colcon_core.package_identification:Package 'src/arduinobot_py_examples' with type 'ros.ament_python' and name 'arduinobot_py_examples'
[0.293s] Level 1:colcon.colcon_core.package_discovery:discover_packages(recursive) using defaults
[0.293s] Level 1:colcon.colcon_core.package_discovery:discover_packages(ignore) discover
[0.294s] Level 1:colcon.colcon_core.package_discovery:discover_packages(ignore) using defaults
[0.294s] Level 1:colcon.colcon_core.package_discovery:discover_packages(path) discover
[0.294s] Level 1:colcon.colcon_core.package_discovery:discover_packages(path) using defaults
[0.319s] Level 1:colcon.colcon_core.package_discovery:discover_packages(prefix_path) check parameters
[0.320s] Level 1:colcon.colcon_core.package_discovery:discover_packages(prefix_path) discover
[0.328s] DEBUG:colcon.colcon_installed_package_information.package_discovery:Found 427 installed packages in /opt/ros/jazzy
[0.331s] Level 1:colcon.colcon_core.package_discovery:discover_packages(prefix_path) using defaults
[0.442s] Level 5:colcon.colcon_core.verb:set package 'arduinobot_cpp_exampled' build argument 'cmake_args' from command line to 'None'
[0.443s] Level 5:colcon.colcon_core.verb:set package 'arduinobot_cpp_exampled' build argument 'cmake_target' from command line to 'None'
[0.443s] Level 5:colcon.colcon_core.verb:set package 'arduinobot_cpp_exampled' build argument 'cmake_target_skip_unavailable' from command line to 'False'
[0.443s] Level 5:colcon.colcon_core.verb:set package 'arduinobot_cpp_exampled' build argument 'cmake_clean_cache' from command line to 'False'
[0.443s] Level 5:colcon.colcon_core.verb:set package 'arduinobot_cpp_exampled' build argument 'cmake_clean_first' from command line to 'False'
[0.443s] Level 5:colcon.colcon_core.verb:set package 'arduinobot_cpp_exampled' build argument 'cmake_force_configure' from command line to 'False'
[0.443s] Level 5:colcon.colcon_core.verb:set package 'arduinobot_cpp_exampled' build argument 'ament_cmake_args' from command line to 'None'
[0.443s] Level 5:colcon.colcon_core.verb:set package 'arduinobot_cpp_exampled' build argument 'catkin_cmake_args' from command line to 'None'
[0.443s] Level 5:colcon.colcon_core.verb:set package 'arduinobot_cpp_exampled' build argument 'catkin_skip_building_tests' from command line to 'False'
[0.446s] DEBUG:colcon.colcon_core.verb:Building package 'arduinobot_cpp_exampled' with the following arguments: {'ament_cmake_args': None, 'build_base': '/home/administrator/arduinobot_ws/build/arduinobot_cpp_exampled', 'catkin_cmake_args': None, 'catkin_skip_building_tests': False, 'cmake_args': None, 'cmake_clean_cache': False, 'cmake_clean_first': False, 'cmake_force_configure': False, 'cmake_target': None, 'cmake_target_skip_unavailable': False, 'install_base': '/home/administrator/arduinobot_ws/install/arduinobot_cpp_exampled', 'merge_install': False, 'path': '/home/administrator/arduinobot_ws/src/arduinobot_cpp_examples', 'symlink_install': False, 'test_result_base': None}
[0.447s] Level 5:colcon.colcon_core.verb:set package 'arduinobot_description' build argument 'cmake_args' from command line to 'None'
[0.447s] Level 5:colcon.colcon_core.verb:set package 'arduinobot_description' build argument 'cmake_target' from command line to 'None'
[0.447s] Level 5:colcon.colcon_core.verb:set package 'arduinobot_description' build argument 'cmake_target_skip_unavailable' from command line to 'False'
[0.447s] Level 5:colcon.colcon_core.verb:set package 'arduinobot_description' build argument 'cmake_clean_cache' from command line to 'False'
[0.447s] Level 5:colcon.colcon_core.verb:set package 'arduinobot_description' build argument 'cmake_clean_first' from command line to 'False'
[0.447s] Level 5:colcon.colcon_core.verb:set package 'arduinobot_description' build argument 'cmake_force_configure' from command line to 'False'
[0.448s] Level 5:colcon.colcon_core.verb:set package 'arduinobot_description' build argument 'ament_cmake_args' from command line to 'None'
[0.448s] Level 5:colcon.colcon_core.verb:set package 'arduinobot_description' build argument 'catkin_cmake_args' from command line to 'None'
[0.448s] Level 5:colcon.colcon_core.verb:set package 'arduinobot_description' build argument 'catkin_skip_building_tests' from command line to 'False'
[0.448s] DEBUG:colcon.colcon_core.verb:Building package 'arduinobot_description' with the following arguments: {'ament_cmake_args': None, 'build_base': '/home/administrator/arduinobot_ws/build/arduinobot_description', 'catkin_cmake_args': None, 'catkin_skip_building_tests': False, 'cmake_args': None, 'cmake_clean_cache': False, 'cmake_clean_first': False, 'cmake_force_configure': False, 'cmake_target': None, 'cmake_target_skip_unavailable': False, 'install_base': '/home/administrator/arduinobot_ws/install/arduinobot_description', 'merge_install': False, 'path': '/home/administrator/arduinobot_ws/src/arduinobot_description', 'symlink_install': False, 'test_result_base': None}
[0.448s] Level 5:colcon.colcon_core.verb:set package 'arduinobot_py_examples' build argument 'cmake_args' from command line to 'None'
[0.448s] Level 5:colcon.colcon_core.verb:set package 'arduinobot_py_examples' build argument 'cmake_target' from command line to 'None'
[0.448s] Level 5:colcon.colcon_core.verb:set package 'arduinobot_py_examples' build argument 'cmake_target_skip_unavailable' from command line to 'False'
[0.448s] Level 5:colcon.colcon_core.verb:set package 'arduinobot_py_examples' build argument 'cmake_clean_cache' from command line to 'False'
[0.448s] Level 5:colcon.colcon_core.verb:set package 'arduinobot_py_examples' build argument 'cmake_clean_first' from command line to 'False'
[0.449s] Level 5:colcon.colcon_core.verb:set package 'arduinobot_py_examples' build argument 'cmake_force_configure' from command line to 'False'
[0.449s] Level 5:colcon.colcon_core.verb:set package 'arduinobot_py_examples' build argument 'ament_cmake_args' from command line to 'None'
[0.449s] Level 5:colcon.colcon_core.verb:set package 'arduinobot_py_examples' build argument 'catkin_cmake_args' from command line to 'None'
[0.449s] Level 5:colcon.colcon_core.verb:set package 'arduinobot_py_examples' build argument 'catkin_skip_building_tests' from command line to 'False'
[0.449s] DEBUG:colcon.colcon_core.verb:Building package 'arduinobot_py_examples' with the following arguments: {'ament_cmake_args': None, 'build_base': '/home/administrator/arduinobot_ws/build/arduinobot_py_examples', 'catkin_cmake_args': None, 'catkin_skip_building_tests': False, 'cmake_args': None, 'cmake_clean_cache': False, 'cmake_clean_first': False, 'cmake_force_configure': False, 'cmake_target': None, 'cmake_target_skip_unavailable': False, 'install_base': '/home/administrator/arduinobot_ws/install/arduinobot_py_examples', 'merge_install': False, 'path': '/home/administrator/arduinobot_ws/src/arduinobot_py_examples', 'symlink_install': False, 'test_result_base': None}
[0.449s] INFO:colcon.colcon_core.executor:Executing jobs using 'parallel' executor
[0.454s] DEBUG:colcon.colcon_parallel_executor.executor.parallel:run_until_complete
[0.454s] INFO:colcon.colcon_ros.task.ament_cmake.build:Building ROS package in '/home/administrator/arduinobot_ws/src/arduinobot_cpp_examples' with build type 'ament_cmake'
[0.456s] INFO:colcon.colcon_cmake.task.cmake.build:Building CMake package in '/home/administrator/arduinobot_ws/src/arduinobot_cpp_examples'
[0.459s] INFO:colcon.colcon_core.plugin_system:Skipping extension 'colcon_core.shell.bat': Not used on non-Windows systems
[0.466s] INFO:colcon.colcon_core.shell:Skip shell extension 'powershell' for command environment: Not usable outside of PowerShell
[0.466s] DEBUG:colcon.colcon_core.shell:Skip shell extension 'dsv' for command environment
[0.482s] DEBUG:colcon.colcon_core.event_handler.log_command:Invoking command in '/home/administrator/arduinobot_ws/build/arduinobot_cpp_exampled': CMAKE_PREFIX_PATH=${CMAKE_PREFIX_PATH}:/opt/ros/jazzy DEBUGINFOD_URLS=https://debuginfod.ubuntu.com /usr/bin/cmake --build /home/administrator/arduinobot_ws/build/arduinobot_cpp_exampled -- -j1 -l1
[0.569s] DEBUG:colcon.colcon_core.event_handler.log_command:Invoked command in '/home/administrator/arduinobot_ws/build/arduinobot_cpp_exampled' returned '0': CMAKE_PREFIX_PATH=${CMAKE_PREFIX_PATH}:/opt/ros/jazzy DEBUGINFOD_URLS=https://debuginfod.ubuntu.com /usr/bin/cmake --build /home/administrator/arduinobot_ws/build/arduinobot_cpp_exampled -- -j1 -l1
[0.586s] DEBUG:colcon.colcon_core.event_handler.log_command:Invoking command in '/home/administrator/arduinobot_ws/build/arduinobot_cpp_exampled': CMAKE_PREFIX_PATH=${CMAKE_PREFIX_PATH}:/opt/ros/jazzy DEBUGINFOD_URLS=https://debuginfod.ubuntu.com /usr/bin/cmake --install /home/administrator/arduinobot_ws/build/arduinobot_cpp_exampled
[0.603s] Level 1:colcon.colcon_core.environment:create_environment_scripts_only(arduinobot_cpp_exampled)
[0.611s] Level 1:colcon.colcon_core.environment:checking '/home/administrator/arduinobot_ws/install/arduinobot_cpp_exampled' for CMake module files
[0.611s] DEBUG:colcon.colcon_core.event_handler.log_command:Invoked command in '/home/administrator/arduinobot_ws/build/arduinobot_cpp_exampled' returned '0': CMAKE_PREFIX_PATH=${CMAKE_PREFIX_PATH}:/opt/ros/jazzy DEBUGINFOD_URLS=https://debuginfod.ubuntu.com /usr/bin/cmake --install /home/administrator/arduinobot_ws/build/arduinobot_cpp_exampled
[0.613s] Level 1:colcon.colcon_core.environment:checking '/home/administrator/arduinobot_ws/install/arduinobot_cpp_exampled' for CMake config files
[0.614s] Level 1:colcon.colcon_core.shell:create_environment_hook('arduinobot_cpp_exampled', 'cmake_prefix_path')
[0.615s] INFO:colcon.colcon_core.shell:Creating environment hook '/home/administrator/arduinobot_ws/install/arduinobot_cpp_exampled/share/arduinobot_cpp_exampled/hook/cmake_prefix_path.ps1'
[0.615s] INFO:colcon.colcon_core.shell:Creating environment descriptor '/home/administrator/arduinobot_ws/install/arduinobot_cpp_exampled/share/arduinobot_cpp_exampled/hook/cmake_prefix_path.dsv'
[0.619s] INFO:colcon.colcon_core.shell:Creating environment hook '/home/administrator/arduinobot_ws/install/arduinobot_cpp_exampled/share/arduinobot_cpp_exampled/hook/cmake_prefix_path.sh'
[0.621s] Level 1:colcon.colcon_core.environment:checking '/home/administrator/arduinobot_ws/install/arduinobot_cpp_exampled/bin'
[0.621s] Level 1:colcon.colcon_core.environment:checking '/home/administrator/arduinobot_ws/install/arduinobot_cpp_exampled/lib/pkgconfig/arduinobot_cpp_exampled.pc'
[0.621s] Level 1:colcon.colcon_core.environment:checking '/home/administrator/arduinobot_ws/install/arduinobot_cpp_exampled/lib/python3.12/site-packages'
[0.621s] Level 1:colcon.colcon_core.environment:checking '/home/administrator/arduinobot_ws/install/arduinobot_cpp_exampled/bin'
[0.622s] INFO:colcon.colcon_core.shell:Creating package script '/home/administrator/arduinobot_ws/install/arduinobot_cpp_exampled/share/arduinobot_cpp_exampled/package.ps1'
[0.625s] INFO:colcon.colcon_core.shell:Creating package descriptor '/home/administrator/arduinobot_ws/install/arduinobot_cpp_exampled/share/arduinobot_cpp_exampled/package.dsv'
[0.627s] INFO:colcon.colcon_core.shell:Creating package script '/home/administrator/arduinobot_ws/install/arduinobot_cpp_exampled/share/arduinobot_cpp_exampled/package.sh'
[0.628s] INFO:colcon.colcon_core.shell:Creating package script '/home/administrator/arduinobot_ws/install/arduinobot_cpp_exampled/share/arduinobot_cpp_exampled/package.bash'
[0.631s] INFO:colcon.colcon_core.shell:Creating package script '/home/administrator/arduinobot_ws/install/arduinobot_cpp_exampled/share/arduinobot_cpp_exampled/package.zsh'
[0.632s] Level 1:colcon.colcon_core.environment:create_file_with_runtime_dependencies(/home/administrator/arduinobot_ws/install/arduinobot_cpp_exampled/share/colcon-core/packages/arduinobot_cpp_exampled)
[0.632s] Level 1:colcon.colcon_core.environment:create_environment_scripts_only(arduinobot_cpp_exampled)
[0.633s] Level 1:colcon.colcon_core.environment:checking '/home/administrator/arduinobot_ws/install/arduinobot_cpp_exampled' for CMake module files
[0.633s] Level 1:colcon.colcon_core.environment:checking '/home/administrator/arduinobot_ws/install/arduinobot_cpp_exampled' for CMake config files
[0.634s] Level 1:colcon.colcon_core.shell:create_environment_hook('arduinobot_cpp_exampled', 'cmake_prefix_path')
[0.634s] INFO:colcon.colcon_core.shell:Creating environment hook '/home/administrator/arduinobot_ws/install/arduinobot_cpp_exampled/share/arduinobot_cpp_exampled/hook/cmake_prefix_path.ps1'
[0.636s] INFO:colcon.colcon_core.shell:Creating environment descriptor '/home/administrator/arduinobot_ws/install/arduinobot_cpp_exampled/share/arduinobot_cpp_exampled/hook/cmake_prefix_path.dsv'
[0.637s] INFO:colcon.colcon_core.shell:Creating environment hook '/home/administrator/arduinobot_ws/install/arduinobot_cpp_exampled/share/arduinobot_cpp_exampled/hook/cmake_prefix_path.sh'
[0.639s] Level 1:colcon.colcon_core.environment:checking '/home/administrator/arduinobot_ws/install/arduinobot_cpp_exampled/bin'
[0.639s] Level 1:colcon.colcon_core.environment:checking '/home/administrator/arduinobot_ws/install/arduinobot_cpp_exampled/lib/pkgconfig/arduinobot_cpp_exampled.pc'
[0.639s] Level 1:colcon.colcon_core.environment:checking '/home/administrator/arduinobot_ws/install/arduinobot_cpp_exampled/lib/python3.12/site-packages'
[0.639s] Level 1:colcon.colcon_core.environment:checking '/home/administrator/arduinobot_ws/install/arduinobot_cpp_exampled/bin'
[0.640s] INFO:colcon.colcon_core.shell:Creating package script '/home/administrator/arduinobot_ws/install/arduinobot_cpp_exampled/share/arduinobot_cpp_exampled/package.ps1'
[0.642s] INFO:colcon.colcon_core.shell:Creating package descriptor '/home/administrator/arduinobot_ws/install/arduinobot_cpp_exampled/share/arduinobot_cpp_exampled/package.dsv'
[0.643s] INFO:colcon.colcon_core.shell:Creating package script '/home/administrator/arduinobot_ws/install/arduinobot_cpp_exampled/share/arduinobot_cpp_exampled/package.sh'
[0.643s] INFO:colcon.colcon_core.shell:Creating package script '/home/administrator/arduinobot_ws/install/arduinobot_cpp_exampled/share/arduinobot_cpp_exampled/package.bash'
[0.646s] INFO:colcon.colcon_core.shell:Creating package script '/home/administrator/arduinobot_ws/install/arduinobot_cpp_exampled/share/arduinobot_cpp_exampled/package.zsh'
[0.647s] Level 1:colcon.colcon_core.environment:create_file_with_runtime_dependencies(/home/administrator/arduinobot_ws/install/arduinobot_cpp_exampled/share/colcon-core/packages/arduinobot_cpp_exampled)
[0.650s] INFO:colcon.colcon_ros.task.ament_cmake.build:Building ROS package in '/home/administrator/arduinobot_ws/src/arduinobot_description' with build type 'ament_cmake'
[0.650s] INFO:colcon.colcon_cmake.task.cmake.build:Building CMake package in '/home/administrator/arduinobot_ws/src/arduinobot_description'
[0.651s] INFO:colcon.colcon_core.shell:Skip shell extension 'powershell' for command environment: Not usable outside of PowerShell
[0.651s] DEBUG:colcon.colcon_core.shell:Skip shell extension 'dsv' for command environment
[0.674s] DEBUG:colcon.colcon_core.event_handler.log_command:Invoking command in '/home/administrator/arduinobot_ws/build/arduinobot_description': CMAKE_PREFIX_PATH=${CMAKE_PREFIX_PATH}:/opt/ros/jazzy DEBUGINFOD_URLS=https://debuginfod.ubuntu.com /usr/bin/cmake --build /home/administrator/arduinobot_ws/build/arduinobot_description -- -j1 -l1
[0.737s] DEBUG:colcon.colcon_core.event_handler.log_command:Invoked command in '/home/administrator/arduinobot_ws/build/arduinobot_description' returned '0': CMAKE_PREFIX_PATH=${CMAKE_PREFIX_PATH}:/opt/ros/jazzy DEBUGINFOD_URLS=https://debuginfod.ubuntu.com /usr/bin/cmake --build /home/administrator/arduinobot_ws/build/arduinobot_description -- -j1 -l1
[0.739s] DEBUG:colcon.colcon_core.event_handler.log_command:Invoking command in '/home/administrator/arduinobot_ws/build/arduinobot_description': CMAKE_PREFIX_PATH=${CMAKE_PREFIX_PATH}:/opt/ros/jazzy DEBUGINFOD_URLS=https://debuginfod.ubuntu.com /usr/bin/cmake --install /home/administrator/arduinobot_ws/build/arduinobot_description
[0.796s] Level 1:colcon.colcon_core.environment:create_environment_scripts_only(arduinobot_description)
[0.796s] Level 1:colcon.colcon_core.environment:checking '/home/administrator/arduinobot_ws/install/arduinobot_description' for CMake module files
[0.801s] Level 1:colcon.colcon_core.environment:checking '/home/administrator/arduinobot_ws/install/arduinobot_description' for CMake config files
[0.802s] Level 1:colcon.colcon_core.shell:create_environment_hook('arduinobot_description', 'cmake_prefix_path')
[0.802s] INFO:colcon.colcon_core.shell:Creating environment hook '/home/administrator/arduinobot_ws/install/arduinobot_description/share/arduinobot_description/hook/cmake_prefix_path.ps1'
[0.803s] INFO:colcon.colcon_core.shell:Creating environment descriptor '/home/administrator/arduinobot_ws/install/arduinobot_description/share/arduinobot_description/hook/cmake_prefix_path.dsv'
[0.807s] INFO:colcon.colcon_core.shell:Creating environment hook '/home/administrator/arduinobot_ws/install/arduinobot_description/share/arduinobot_description/hook/cmake_prefix_path.sh'
[0.811s] Level 1:colcon.colcon_core.environment:checking '/home/administrator/arduinobot_ws/install/arduinobot_description/bin'
[0.811s] Level 1:colcon.colcon_core.environment:checking '/home/administrator/arduinobot_ws/install/arduinobot_description/lib/pkgconfig/arduinobot_description.pc'
[0.812s] Level 1:colcon.colcon_core.environment:checking '/home/administrator/arduinobot_ws/install/arduinobot_description/lib/python3.12/site-packages'
[0.812s] Level 1:colcon.colcon_core.environment:checking '/home/administrator/arduinobot_ws/install/arduinobot_description/bin'
[0.813s] INFO:colcon.colcon_core.shell:Creating package script '/home/administrator/arduinobot_ws/install/arduinobot_description/share/arduinobot_description/package.ps1'
[0.817s] INFO:colcon.colcon_core.shell:Creating package descriptor '/home/administrator/arduinobot_ws/install/arduinobot_description/share/arduinobot_description/package.dsv'
[0.818s] DEBUG:colcon.colcon_core.event_handler.log_command:Invoked command in '/home/administrator/arduinobot_ws/build/arduinobot_description' returned '0': CMAKE_PREFIX_PATH=${CMAKE_PREFIX_PATH}:/opt/ros/jazzy DEBUGINFOD_URLS=https://debuginfod.ubuntu.com /usr/bin/cmake --install /home/administrator/arduinobot_ws/build/arduinobot_description
[0.819s] INFO:colcon.colcon_core.shell:Creating package script '/home/administrator/arduinobot_ws/install/arduinobot_description/share/arduinobot_description/package.sh'
[0.824s] INFO:colcon.colcon_core.shell:Creating package script '/home/administrator/arduinobot_ws/install/arduinobot_description/share/arduinobot_description/package.bash'
[0.827s] INFO:colcon.colcon_core.shell:Creating package script '/home/administrator/arduinobot_ws/install/arduinobot_description/share/arduinobot_description/package.zsh'
[0.828s] Level 1:colcon.colcon_core.environment:create_file_with_runtime_dependencies(/home/administrator/arduinobot_ws/install/arduinobot_description/share/colcon-core/packages/arduinobot_description)
[0.829s] Level 1:colcon.colcon_core.environment:create_environment_scripts_only(arduinobot_description)
[0.830s] Level 1:colcon.colcon_core.environment:checking '/home/administrator/arduinobot_ws/install/arduinobot_description' for CMake module files
[0.830s] Level 1:colcon.colcon_core.environment:checking '/home/administrator/arduinobot_ws/install/arduinobot_description' for CMake config files
[0.831s] Level 1:colcon.colcon_core.shell:create_environment_hook('arduinobot_description', 'cmake_prefix_path')
[0.835s] INFO:colcon.colcon_core.shell:Creating environment hook '/home/administrator/arduinobot_ws/install/arduinobot_description/share/arduinobot_description/hook/cmake_prefix_path.ps1'
[0.836s] INFO:colcon.colcon_core.shell:Creating environment descriptor '/home/administrator/arduinobot_ws/install/arduinobot_description/share/arduinobot_description/hook/cmake_prefix_path.dsv'
[0.836s] INFO:colcon.colcon_core.shell:Creating environment hook '/home/administrator/arduinobot_ws/install/arduinobot_description/share/arduinobot_description/hook/cmake_prefix_path.sh'
[0.839s] Level 1:colcon.colcon_core.environment:checking '/home/administrator/arduinobot_ws/install/arduinobot_description/bin'
[0.839s] Level 1:colcon.colcon_core.environment:checking '/home/administrator/arduinobot_ws/install/arduinobot_description/lib/pkgconfig/arduinobot_description.pc'
[0.839s] Level 1:colcon.colcon_core.environment:checking '/home/administrator/arduinobot_ws/install/arduinobot_description/lib/python3.12/site-packages'
[0.840s] Level 1:colcon.colcon_core.environment:checking '/home/administrator/arduinobot_ws/install/arduinobot_description/bin'
[0.840s] INFO:colcon.colcon_core.shell:Creating package script '/home/administrator/arduinobot_ws/install/arduinobot_description/share/arduinobot_description/package.ps1'
[0.840s] INFO:colcon.colcon_core.shell:Creating package descriptor '/home/administrator/arduinobot_ws/install/arduinobot_description/share/arduinobot_description/package.dsv'
[0.844s] INFO:colcon.colcon_core.shell:Creating package script '/home/administrator/arduinobot_ws/install/arduinobot_description/share/arduinobot_description/package.sh'
[0.844s] INFO:colcon.colcon_core.shell:Creating package script '/home/administrator/arduinobot_ws/install/arduinobot_description/share/arduinobot_description/package.bash'
[0.845s] INFO:colcon.colcon_core.shell:Creating package script '/home/administrator/arduinobot_ws/install/arduinobot_description/share/arduinobot_description/package.zsh'
[0.847s] Level 1:colcon.colcon_core.environment:create_file_with_runtime_dependencies(/home/administrator/arduinobot_ws/install/arduinobot_description/share/colcon-core/packages/arduinobot_description)
[0.851s] INFO:colcon.colcon_ros.task.ament_python.build:Building ROS package in '/home/administrator/arduinobot_ws/src/arduinobot_py_examples' with build type 'ament_python'
[0.851s] Level 1:colcon.colcon_core.shell:create_environment_hook('arduinobot_py_examples', 'ament_prefix_path')
[0.851s] INFO:colcon.colcon_core.shell:Creating environment hook '/home/administrator/arduinobot_ws/install/arduinobot_py_examples/share/arduinobot_py_examples/hook/ament_prefix_path.ps1'
[0.852s] INFO:colcon.colcon_core.shell:Creating environment descriptor '/home/administrator/arduinobot_ws/install/arduinobot_py_examples/share/arduinobot_py_examples/hook/ament_prefix_path.dsv'
[0.852s] INFO:colcon.colcon_core.shell:Creating environment hook '/home/administrator/arduinobot_ws/install/arduinobot_py_examples/share/arduinobot_py_examples/hook/ament_prefix_path.sh'
[0.859s] INFO:colcon.colcon_core.shell:Skip shell extension 'powershell' for command environment: Not usable outside of PowerShell
[0.859s] DEBUG:colcon.colcon_core.shell:Skip shell extension 'dsv' for command environment
[1.466s] INFO:colcon.colcon_core.task.python.build:Building Python package in '/home/administrator/arduinobot_ws/src/arduinobot_py_examples'
[1.467s] INFO:colcon.colcon_core.shell:Skip shell extension 'powershell' for command environment: Not usable outside of PowerShell
[1.467s] DEBUG:colcon.colcon_core.shell:Skip shell extension 'dsv' for command environment
[2.809s] DEBUG:colcon.colcon_core.event_handler.log_command:Invoking command in '/home/administrator/arduinobot_ws/src/arduinobot_py_examples': DEBUGINFOD_URLS=https://debuginfod.ubuntu.com PYTHONPATH=/home/administrator/arduinobot_ws/build/arduinobot_py_examples/prefix_override:/usr/lib/python3/dist-packages/colcon_core/task/python/colcon_distutils_commands:/home/administrator/arduinobot_ws/install/arduinobot_py_examples/lib/python3.12/site-packages:${PYTHONPATH} /usr/bin/python3 -W ignore:setup.py install is deprecated -W ignore:easy_install command is deprecated setup.py egg_info --egg-base ../../build/arduinobot_py_examples build --build-base /home/administrator/arduinobot_ws/build/arduinobot_py_examples/build install --record /home/administrator/arduinobot_ws/build/arduinobot_py_examples/install.log --single-version-externally-managed install_data
[3.997s] Level 1:colcon.colcon_core.environment:checking '/home/administrator/arduinobot_ws/install/arduinobot_py_examples' for CMake module files
[3.997s] DEBUG:colcon.colcon_core.event_handler.log_command:Invoked command in '/home/administrator/arduinobot_ws/src/arduinobot_py_examples' returned '0': DEBUGINFOD_URLS=https://debuginfod.ubuntu.com PYTHONPATH=/home/administrator/arduinobot_ws/build/arduinobot_py_examples/prefix_override:/usr/lib/python3/dist-packages/colcon_core/task/python/colcon_distutils_commands:/home/administrator/arduinobot_ws/install/arduinobot_py_examples/lib/python3.12/site-packages:${PYTHONPATH} /usr/bin/python3 -W ignore:setup.py install is deprecated -W ignore:easy_install command is deprecated setup.py egg_info --egg-base ../../build/arduinobot_py_examples build --build-base /home/administrator/arduinobot_ws/build/arduinobot_py_examples/build install --record /home/administrator/arduinobot_ws/build/arduinobot_py_examples/install.log --single-version-externally-managed install_data
[3.999s] Level 1:colcon.colcon_core.environment:checking '/home/administrator/arduinobot_ws/install/arduinobot_py_examples' for CMake config files
[4.000s] Level 1:colcon.colcon_core.environment:checking '/home/administrator/arduinobot_ws/install/arduinobot_py_examples/lib'
[4.000s] Level 1:colcon.colcon_core.environment:checking '/home/administrator/arduinobot_ws/install/arduinobot_py_examples/bin'
[4.000s] Level 1:colcon.colcon_core.environment:checking '/home/administrator/arduinobot_ws/install/arduinobot_py_examples/lib/pkgconfig/arduinobot_py_examples.pc'
[4.000s] Level 1:colcon.colcon_core.environment:checking '/home/administrator/arduinobot_ws/install/arduinobot_py_examples/lib/python3.12/site-packages'
[4.001s] Level 1:colcon.colcon_core.shell:create_environment_hook('arduinobot_py_examples', 'pythonpath')
[4.001s] INFO:colcon.colcon_core.shell:Creating environment hook '/home/administrator/arduinobot_ws/install/arduinobot_py_examples/share/arduinobot_py_examples/hook/pythonpath.ps1'
[4.002s] INFO:colcon.colcon_core.shell:Creating environment descriptor '/home/administrator/arduinobot_ws/install/arduinobot_py_examples/share/arduinobot_py_examples/hook/pythonpath.dsv'
[4.003s] INFO:colcon.colcon_core.shell:Creating environment hook '/home/administrator/arduinobot_ws/install/arduinobot_py_examples/share/arduinobot_py_examples/hook/pythonpath.sh'
[4.005s] Level 1:colcon.colcon_core.environment:checking '/home/administrator/arduinobot_ws/install/arduinobot_py_examples/bin'
[4.006s] Level 1:colcon.colcon_core.environment:create_environment_scripts_only(arduinobot_py_examples)
[4.006s] INFO:colcon.colcon_core.shell:Creating package script '/home/administrator/arduinobot_ws/install/arduinobot_py_examples/share/arduinobot_py_examples/package.ps1'
[4.007s] INFO:colcon.colcon_core.shell:Creating package descriptor '/home/administrator/arduinobot_ws/install/arduinobot_py_examples/share/arduinobot_py_examples/package.dsv'
[4.009s] INFO:colcon.colcon_core.shell:Creating package script '/home/administrator/arduinobot_ws/install/arduinobot_py_examples/share/arduinobot_py_examples/package.sh'
[4.011s] INFO:colcon.colcon_core.shell:Creating package script '/home/administrator/arduinobot_ws/install/arduinobot_py_examples/share/arduinobot_py_examples/package.bash'
[4.012s] INFO:colcon.colcon_core.shell:Creating package script '/home/administrator/arduinobot_ws/install/arduinobot_py_examples/share/arduinobot_py_examples/package.zsh'
[4.013s] Level 1:colcon.colcon_core.environment:create_file_with_runtime_dependencies(/home/administrator/arduinobot_ws/install/arduinobot_py_examples/share/colcon-core/packages/arduinobot_py_examples)
[4.017s] DEBUG:colcon.colcon_parallel_executor.executor.parallel:closing loop
[4.017s] DEBUG:colcon.colcon_parallel_executor.executor.parallel:loop closed
[4.017s] DEBUG:colcon.colcon_parallel_executor.executor.parallel:run_until_complete finished with '0'
[4.017s] DEBUG:colcon.colcon_core.event_reactor:joining thread
[4.030s] INFO:colcon.colcon_core.plugin_system:Skipping extension 'colcon_notification.desktop_notification.terminal_notifier': Not used on non-Darwin systems
[4.033s] INFO:colcon.colcon_core.plugin_system:Skipping extension 'colcon_notification.desktop_notification.win32': Not used on non-Windows systems
[4.033s] INFO:colcon.colcon_notification.desktop_notification:Sending desktop notification using 'notify2'
[4.063s] DEBUG:colcon.colcon_core.event_reactor:joined thread
[4.064s] INFO:colcon.colcon_core.shell:Creating prefix script '/home/administrator/arduinobot_ws/install/local_setup.ps1'
[4.070s] INFO:colcon.colcon_core.shell:Creating prefix util module '/home/administrator/arduinobot_ws/install/_local_setup_util_ps1.py'
[4.078s] INFO:colcon.colcon_core.shell:Creating prefix chain script '/home/administrator/arduinobot_ws/install/setup.ps1'
[4.083s] INFO:colcon.colcon_core.shell:Creating prefix script '/home/administrator/arduinobot_ws/install/local_setup.sh'
[4.086s] INFO:colcon.colcon_core.shell:Creating prefix util module '/home/administrator/arduinobot_ws/install/_local_setup_util_sh.py'
[4.087s] INFO:colcon.colcon_core.shell:Creating prefix chain script '/home/administrator/arduinobot_ws/install/setup.sh'
[4.091s] INFO:colcon.colcon_core.shell:Creating prefix script '/home/administrator/arduinobot_ws/install/local_setup.bash'
[4.095s] INFO:colcon.colcon_core.shell:Creating prefix chain script '/home/administrator/arduinobot_ws/install/setup.bash'
[4.100s] INFO:colcon.colcon_core.shell:Creating prefix script '/home/administrator/arduinobot_ws/install/local_setup.zsh'
[4.101s] INFO:colcon.colcon_core.shell:Creating prefix chain script '/home/administrator/arduinobot_ws/install/setup.zsh'
