[0.080s] Invoking command in '/home/administrator/arduinobot_ws/build/arduinobot_description': CMAKE_PREFIX_PATH=${CMAKE_PREFIX_PATH}:/opt/ros/jazzy DEBUGINFOD_URLS=https://debuginfod.ubuntu.com /usr/bin/cmake --build /home/administrator/arduinobot_ws/build/arduinobot_description -- -j1 -l1
[0.332s] Invoked command in '/home/administrator/arduinobot_ws/build/arduinobot_description' returned '0': CMAKE_PREFIX_PATH=${CMAKE_PREFIX_PATH}:/opt/ros/jazzy DEBUGINFOD_URLS=https://debuginfod.ubuntu.com /usr/bin/cmake --build /home/administrator/arduinobot_ws/build/arduinobot_description -- -j1 -l1
[0.346s] Invoking command in '/home/administrator/arduinobot_ws/build/arduinobot_description': CMAKE_PREFIX_PATH=${CMAKE_PREFIX_PATH}:/opt/ros/jazzy DEBUGINFOD_URLS=https://debuginfod.ubuntu.com /usr/bin/cmake --install /home/administrator/arduinobot_ws/build/arduinobot_description
[0.391s] -- Install configuration: ""
[0.395s] -- Up-to-date: /home/administrator/arduinobot_ws/install/arduinobot_description/share/arduinobot_description/meshes
[0.396s] -- Up-to-date: /home/administrator/arduinobot_ws/install/arduinobot_description/share/arduinobot_description/meshes/forward_drive_arm.STL
[0.396s] -- Up-to-date: /home/administrator/arduinobot_ws/install/arduinobot_description/share/arduinobot_description/meshes/servo_plate.STL
[0.396s] -- Up-to-date: /home/administrator/arduinobot_ws/install/arduinobot_description/share/arduinobot_description/meshes/left_finger.STL
[0.409s] -- Up-to-date: /home/administrator/arduinobot_ws/install/arduinobot_description/share/arduinobot_description/meshes/plate.STL
[0.409s] -- Up-to-date: /home/administrator/arduinobot_ws/install/arduinobot_description/share/arduinobot_description/meshes/basement.STL
[0.410s] -- Up-to-date: /home/administrator/arduinobot_ws/install/arduinobot_description/share/arduinobot_description/meshes/pi_camera.STL
[0.410s] -- Up-to-date: /home/administrator/arduinobot_ws/install/arduinobot_description/share/arduinobot_description/meshes/link.STL
[0.410s] -- Up-to-date: /home/administrator/arduinobot_ws/install/arduinobot_description/share/arduinobot_description/meshes/claw_support.STL
[0.410s] -- Up-to-date: /home/administrator/arduinobot_ws/install/arduinobot_description/share/arduinobot_description/meshes/base_plate.STL
[0.422s] -- Up-to-date: /home/administrator/arduinobot_ws/install/arduinobot_description/share/arduinobot_description/meshes/round_plate.STL
[0.422s] -- Up-to-date: /home/administrator/arduinobot_ws/install/arduinobot_description/share/arduinobot_description/meshes/vertical_drive_arm.STL
[0.426s] -- Up-to-date: /home/administrator/arduinobot_ws/install/arduinobot_description/share/arduinobot_description/meshes/right_finger.STL
[0.426s] -- Up-to-date: /home/administrator/arduinobot_ws/install/arduinobot_description/share/arduinobot_description/meshes/triangular_link.STL
[0.430s] -- Up-to-date: /home/administrator/arduinobot_ws/install/arduinobot_description/share/arduinobot_description/meshes/horizontal_arm.STL
[0.430s] -- Up-to-date: /home/administrator/arduinobot_ws/install/arduinobot_description/share/arduinobot_description/urdf
[0.434s] -- Installing: /home/administrator/arduinobot_ws/install/arduinobot_description/share/arduinobot_description/urdf/arduinobot.urdf.xacro
[0.436s] -- Up-to-date: /home/administrator/arduinobot_ws/install/arduinobot_description/share/arduinobot_description/launch
[0.436s] -- Up-to-date: /home/administrator/arduinobot_ws/install/arduinobot_description/share/arduinobot_description/launch/display.launch.py
[0.436s] -- Up-to-date: /home/administrator/arduinobot_ws/install/arduinobot_description/share/arduinobot_description/rviz
[0.437s] -- Up-to-date: /home/administrator/arduinobot_ws/install/arduinobot_description/share/arduinobot_description/rviz/display.rviz
[0.441s] -- Up-to-date: /home/administrator/arduinobot_ws/install/arduinobot_description/share/ament_index/resource_index/package_run_dependencies/arduinobot_description
[0.441s] -- Up-to-date: /home/administrator/arduinobot_ws/install/arduinobot_description/share/ament_index/resource_index/parent_prefix_path/arduinobot_description
[0.442s] -- Up-to-date: /home/administrator/arduinobot_ws/install/arduinobot_description/share/arduinobot_description/environment/ament_prefix_path.sh
[0.442s] -- Up-to-date: /home/administrator/arduinobot_ws/install/arduinobot_description/share/arduinobot_description/environment/ament_prefix_path.dsv
[0.442s] -- Up-to-date: /home/administrator/arduinobot_ws/install/arduinobot_description/share/arduinobot_description/environment/path.sh
[0.443s] -- Up-to-date: /home/administrator/arduinobot_ws/install/arduinobot_description/share/arduinobot_description/environment/path.dsv
[0.445s] -- Up-to-date: /home/administrator/arduinobot_ws/install/arduinobot_description/share/arduinobot_description/local_setup.bash
[0.445s] -- Up-to-date: /home/administrator/arduinobot_ws/install/arduinobot_description/share/arduinobot_description/local_setup.sh
[0.446s] -- Up-to-date: /home/administrator/arduinobot_ws/install/arduinobot_description/share/arduinobot_description/local_setup.zsh
[0.446s] -- Up-to-date: /home/administrator/arduinobot_ws/install/arduinobot_description/share/arduinobot_description/local_setup.dsv
[0.446s] -- Installing: /home/administrator/arduinobot_ws/install/arduinobot_description/share/arduinobot_description/package.dsv
[0.446s] -- Up-to-date: /home/administrator/arduinobot_ws/install/arduinobot_description/share/ament_index/resource_index/packages/arduinobot_description
[0.447s] -- Up-to-date: /home/administrator/arduinobot_ws/install/arduinobot_description/share/arduinobot_description/cmake/arduinobot_descriptionConfig.cmake
[0.455s] -- Up-to-date: /home/administrator/arduinobot_ws/install/arduinobot_description/share/arduinobot_description/cmake/arduinobot_descriptionConfig-version.cmake
[0.456s] -- Up-to-date: /home/administrator/arduinobot_ws/install/arduinobot_description/share/arduinobot_description/package.xml
[0.456s] Invoked command in '/home/administrator/arduinobot_ws/build/arduinobot_description' returned '0': CMAKE_PREFIX_PATH=${CMAKE_PREFIX_PATH}:/opt/ros/jazzy DEBUGINFOD_URLS=https://debuginfod.ubuntu.com /usr/bin/cmake --install /home/administrator/arduinobot_ws/build/arduinobot_description
