[0.012s] Invoking command in '/home/adam-falkowski/arduinobot_ws/build/arduinobot_messages': CMAKE_PREFIX_PATH=${CMAKE_PREFIX_PATH}:/opt/ros/jazzy DEBUGINFOD_URLS=https://debuginfod.ubuntu.com /usr/bin/cmake --build /home/adam-falkowski/arduinobot_ws/build/arduinobot_messages -- -j12 -l12
[0.122s] [  2%] Built target arduinobot_messages__rosidl_generator_type_description
[0.160s] [  2%] Built target ament_cmake_python_copy_arduinobot_messages
[0.200s] [  5%] Built target arduinobot_messages__cpp
[0.204s] [ 20%] Built target arduinobot_messages__rosidl_generator_c
[0.259s] [ 35%] Built target arduinobot_messages__rosidl_typesupport_fastrtps_c
[0.260s] [ 38%] Built target arduinobot_messages__rosidl_typesupport_introspection_c
[0.261s] [ 47%] Built target arduinobot_messages__rosidl_typesupport_fastrtps_cpp
[0.265s] [ 55%] Built target arduinobot_messages__rosidl_typesupport_cpp
[0.266s] [ 64%] Built target arduinobot_messages__rosidl_typesupport_c
[0.273s] [ 73%] Built target arduinobot_messages__rosidl_typesupport_introspection_cpp
[0.320s] [ 73%] Built target arduinobot_messages
[0.366s] [ 76%] Built target arduinobot_messages__py
[0.417s] [ 82%] Built target arduinobot_messages__rosidl_generator_py
[0.455s] [ 94%] Built target arduinobot_messages_s__rosidl_typesupport_c
[0.455s] [ 94%] Built target arduinobot_messages_s__rosidl_typesupport_fastrtps_c
[0.456s] [100%] Built target arduinobot_messages_s__rosidl_typesupport_introspection_c
[0.581s] running egg_info
[0.611s] writing arduinobot_messages.egg-info/PKG-INFO
[0.611s] writing dependency_links to arduinobot_messages.egg-info/dependency_links.txt
[0.612s] writing top-level names to arduinobot_messages.egg-info/top_level.txt
[0.682s] reading manifest file 'arduinobot_messages.egg-info/SOURCES.txt'
[0.683s] writing manifest file 'arduinobot_messages.egg-info/SOURCES.txt'
[0.710s] [100%] Built target ament_cmake_python_build_arduinobot_messages_egg
[0.723s] Invoked command in '/home/adam-falkowski/arduinobot_ws/build/arduinobot_messages' returned '0': CMAKE_PREFIX_PATH=${CMAKE_PREFIX_PATH}:/opt/ros/jazzy DEBUGINFOD_URLS=https://debuginfod.ubuntu.com /usr/bin/cmake --build /home/adam-falkowski/arduinobot_ws/build/arduinobot_messages -- -j12 -l12
[0.724s] Invoking command in '/home/adam-falkowski/arduinobot_ws/build/arduinobot_messages': CMAKE_PREFIX_PATH=${CMAKE_PREFIX_PATH}:/opt/ros/jazzy DEBUGINFOD_URLS=https://debuginfod.ubuntu.com /usr/bin/cmake --install /home/adam-falkowski/arduinobot_ws/build/arduinobot_messages
[0.735s] -- Install configuration: ""
[0.735s] -- Up-to-date: /home/adam-falkowski/arduinobot_ws/install/arduinobot_messages/share/ament_index/resource_index/rosidl_interfaces/arduinobot_messages
[0.735s] -- Up-to-date: /home/adam-falkowski/arduinobot_ws/install/arduinobot_messages/share/arduinobot_messages/srv/AddTwoInts.json
[0.735s] -- Up-to-date: /home/adam-falkowski/arduinobot_ws/install/arduinobot_messages/include/arduinobot_messages/arduinobot_messages
[0.735s] -- Up-to-date: /home/adam-falkowski/arduinobot_ws/install/arduinobot_messages/include/arduinobot_messages/arduinobot_messages/srv
[0.736s] -- Up-to-date: /home/adam-falkowski/arduinobot_ws/install/arduinobot_messages/include/arduinobot_messages/arduinobot_messages/srv/add_two_ints.h
[0.736s] -- Up-to-date: /home/adam-falkowski/arduinobot_ws/install/arduinobot_messages/include/arduinobot_messages/arduinobot_messages/srv/detail
[0.736s] -- Up-to-date: /home/adam-falkowski/arduinobot_ws/install/arduinobot_messages/include/arduinobot_messages/arduinobot_messages/srv/detail/add_two_ints__functions.c
[0.736s] -- Up-to-date: /home/adam-falkowski/arduinobot_ws/install/arduinobot_messages/include/arduinobot_messages/arduinobot_messages/srv/detail/add_two_ints__description.c
[0.736s] -- Up-to-date: /home/adam-falkowski/arduinobot_ws/install/arduinobot_messages/include/arduinobot_messages/arduinobot_messages/srv/detail/add_two_ints__struct.h
[0.736s] -- Up-to-date: /home/adam-falkowski/arduinobot_ws/install/arduinobot_messages/include/arduinobot_messages/arduinobot_messages/srv/detail/add_two_ints__functions.h
[0.736s] -- Up-to-date: /home/adam-falkowski/arduinobot_ws/install/arduinobot_messages/include/arduinobot_messages/arduinobot_messages/srv/detail/add_two_ints__type_support.c
[0.736s] -- Up-to-date: /home/adam-falkowski/arduinobot_ws/install/arduinobot_messages/include/arduinobot_messages/arduinobot_messages/srv/detail/add_two_ints__type_support.h
[0.736s] -- Up-to-date: /home/adam-falkowski/arduinobot_ws/install/arduinobot_messages/include/arduinobot_messages/arduinobot_messages/msg
[0.737s] -- Up-to-date: /home/adam-falkowski/arduinobot_ws/install/arduinobot_messages/include/arduinobot_messages/arduinobot_messages/msg/rosidl_generator_c__visibility_control.h
[0.737s] -- Up-to-date: /home/adam-falkowski/arduinobot_ws/install/arduinobot_messages/share/arduinobot_messages/environment/library_path.sh
[0.737s] -- Up-to-date: /home/adam-falkowski/arduinobot_ws/install/arduinobot_messages/share/arduinobot_messages/environment/library_path.dsv
[0.737s] -- Up-to-date: /home/adam-falkowski/arduinobot_ws/install/arduinobot_messages/lib/libarduinobot_messages__rosidl_generator_c.so
[0.737s] -- Up-to-date: /home/adam-falkowski/arduinobot_ws/install/arduinobot_messages/include/arduinobot_messages/arduinobot_messages
[0.737s] -- Up-to-date: /home/adam-falkowski/arduinobot_ws/install/arduinobot_messages/include/arduinobot_messages/arduinobot_messages/srv
[0.738s] -- Up-to-date: /home/adam-falkowski/arduinobot_ws/install/arduinobot_messages/include/arduinobot_messages/arduinobot_messages/srv/detail
[0.738s] -- Up-to-date: /home/adam-falkowski/arduinobot_ws/install/arduinobot_messages/include/arduinobot_messages/arduinobot_messages/srv/detail/add_two_ints__rosidl_typesupport_fastrtps_c.h
[0.738s] -- Up-to-date: /home/adam-falkowski/arduinobot_ws/install/arduinobot_messages/include/arduinobot_messages/arduinobot_messages/msg
[0.738s] -- Up-to-date: /home/adam-falkowski/arduinobot_ws/install/arduinobot_messages/include/arduinobot_messages/arduinobot_messages/msg/rosidl_typesupport_fastrtps_c__visibility_control.h
[0.738s] -- Up-to-date: /home/adam-falkowski/arduinobot_ws/install/arduinobot_messages/lib/libarduinobot_messages__rosidl_typesupport_fastrtps_c.so
[0.738s] -- Up-to-date: /home/adam-falkowski/arduinobot_ws/install/arduinobot_messages/include/arduinobot_messages/arduinobot_messages
[0.738s] -- Up-to-date: /home/adam-falkowski/arduinobot_ws/install/arduinobot_messages/include/arduinobot_messages/arduinobot_messages/srv
[0.738s] -- Up-to-date: /home/adam-falkowski/arduinobot_ws/install/arduinobot_messages/include/arduinobot_messages/arduinobot_messages/srv/add_two_ints.hpp
[0.739s] -- Up-to-date: /home/adam-falkowski/arduinobot_ws/install/arduinobot_messages/include/arduinobot_messages/arduinobot_messages/srv/detail
[0.739s] -- Up-to-date: /home/adam-falkowski/arduinobot_ws/install/arduinobot_messages/include/arduinobot_messages/arduinobot_messages/srv/detail/add_two_ints__traits.hpp
[0.739s] -- Up-to-date: /home/adam-falkowski/arduinobot_ws/install/arduinobot_messages/include/arduinobot_messages/arduinobot_messages/srv/detail/add_two_ints__builder.hpp
[0.739s] -- Up-to-date: /home/adam-falkowski/arduinobot_ws/install/arduinobot_messages/include/arduinobot_messages/arduinobot_messages/srv/detail/add_two_ints__struct.hpp
[0.739s] -- Up-to-date: /home/adam-falkowski/arduinobot_ws/install/arduinobot_messages/include/arduinobot_messages/arduinobot_messages/srv/detail/add_two_ints__type_support.hpp
[0.739s] -- Up-to-date: /home/adam-falkowski/arduinobot_ws/install/arduinobot_messages/include/arduinobot_messages/arduinobot_messages/msg
[0.740s] -- Up-to-date: /home/adam-falkowski/arduinobot_ws/install/arduinobot_messages/include/arduinobot_messages/arduinobot_messages/msg/rosidl_generator_cpp__visibility_control.hpp
[0.740s] -- Up-to-date: /home/adam-falkowski/arduinobot_ws/install/arduinobot_messages/include/arduinobot_messages/arduinobot_messages
[0.740s] -- Up-to-date: /home/adam-falkowski/arduinobot_ws/install/arduinobot_messages/include/arduinobot_messages/arduinobot_messages/srv
[0.740s] -- Up-to-date: /home/adam-falkowski/arduinobot_ws/install/arduinobot_messages/include/arduinobot_messages/arduinobot_messages/srv/detail
[0.740s] -- Up-to-date: /home/adam-falkowski/arduinobot_ws/install/arduinobot_messages/include/arduinobot_messages/arduinobot_messages/srv/detail/dds_fastrtps
[0.740s] -- Up-to-date: /home/adam-falkowski/arduinobot_ws/install/arduinobot_messages/include/arduinobot_messages/arduinobot_messages/srv/detail/add_two_ints__rosidl_typesupport_fastrtps_cpp.hpp
[0.740s] -- Up-to-date: /home/adam-falkowski/arduinobot_ws/install/arduinobot_messages/include/arduinobot_messages/arduinobot_messages/msg
[0.740s] -- Up-to-date: /home/adam-falkowski/arduinobot_ws/install/arduinobot_messages/include/arduinobot_messages/arduinobot_messages/msg/rosidl_typesupport_fastrtps_cpp__visibility_control.h
[0.740s] -- Up-to-date: /home/adam-falkowski/arduinobot_ws/install/arduinobot_messages/lib/libarduinobot_messages__rosidl_typesupport_fastrtps_cpp.so
[0.740s] -- Up-to-date: /home/adam-falkowski/arduinobot_ws/install/arduinobot_messages/include/arduinobot_messages/arduinobot_messages
[0.741s] -- Up-to-date: /home/adam-falkowski/arduinobot_ws/install/arduinobot_messages/include/arduinobot_messages/arduinobot_messages/srv
[0.741s] -- Up-to-date: /home/adam-falkowski/arduinobot_ws/install/arduinobot_messages/include/arduinobot_messages/arduinobot_messages/srv/detail
[0.741s] -- Up-to-date: /home/adam-falkowski/arduinobot_ws/install/arduinobot_messages/include/arduinobot_messages/arduinobot_messages/srv/detail/add_two_ints__rosidl_typesupport_introspection_c.h
[0.741s] -- Up-to-date: /home/adam-falkowski/arduinobot_ws/install/arduinobot_messages/include/arduinobot_messages/arduinobot_messages/srv/detail/add_two_ints__type_support.c
[0.741s] -- Up-to-date: /home/adam-falkowski/arduinobot_ws/install/arduinobot_messages/include/arduinobot_messages/arduinobot_messages/msg
[0.741s] -- Up-to-date: /home/adam-falkowski/arduinobot_ws/install/arduinobot_messages/include/arduinobot_messages/arduinobot_messages/msg/rosidl_typesupport_introspection_c__visibility_control.h
[0.741s] -- Up-to-date: /home/adam-falkowski/arduinobot_ws/install/arduinobot_messages/lib/libarduinobot_messages__rosidl_typesupport_introspection_c.so
[0.741s] -- Up-to-date: /home/adam-falkowski/arduinobot_ws/install/arduinobot_messages/lib/libarduinobot_messages__rosidl_typesupport_c.so
[0.741s] -- Up-to-date: /home/adam-falkowski/arduinobot_ws/install/arduinobot_messages/include/arduinobot_messages/arduinobot_messages
[0.741s] -- Up-to-date: /home/adam-falkowski/arduinobot_ws/install/arduinobot_messages/include/arduinobot_messages/arduinobot_messages/srv
[0.742s] -- Up-to-date: /home/adam-falkowski/arduinobot_ws/install/arduinobot_messages/include/arduinobot_messages/arduinobot_messages/srv/detail
[0.742s] -- Up-to-date: /home/adam-falkowski/arduinobot_ws/install/arduinobot_messages/include/arduinobot_messages/arduinobot_messages/srv/detail/add_two_ints__type_support.cpp
[0.742s] -- Up-to-date: /home/adam-falkowski/arduinobot_ws/install/arduinobot_messages/include/arduinobot_messages/arduinobot_messages/srv/detail/add_two_ints__rosidl_typesupport_introspection_cpp.hpp
[0.742s] -- Up-to-date: /home/adam-falkowski/arduinobot_ws/install/arduinobot_messages/lib/libarduinobot_messages__rosidl_typesupport_introspection_cpp.so
[0.742s] -- Up-to-date: /home/adam-falkowski/arduinobot_ws/install/arduinobot_messages/lib/libarduinobot_messages__rosidl_typesupport_cpp.so
[0.742s] -- Up-to-date: /home/adam-falkowski/arduinobot_ws/install/arduinobot_messages/share/arduinobot_messages/environment/pythonpath.sh
[0.742s] -- Up-to-date: /home/adam-falkowski/arduinobot_ws/install/arduinobot_messages/share/arduinobot_messages/environment/pythonpath.dsv
[0.742s] -- Up-to-date: /home/adam-falkowski/arduinobot_ws/install/arduinobot_messages/lib/python3.12/site-packages/arduinobot_messages-0.0.0-py3.12.egg-info
[0.742s] -- Installing: /home/adam-falkowski/arduinobot_ws/install/arduinobot_messages/lib/python3.12/site-packages/arduinobot_messages-0.0.0-py3.12.egg-info/PKG-INFO
[0.742s] -- Installing: /home/adam-falkowski/arduinobot_ws/install/arduinobot_messages/lib/python3.12/site-packages/arduinobot_messages-0.0.0-py3.12.egg-info/SOURCES.txt
[0.743s] -- Installing: /home/adam-falkowski/arduinobot_ws/install/arduinobot_messages/lib/python3.12/site-packages/arduinobot_messages-0.0.0-py3.12.egg-info/top_level.txt
[0.743s] -- Installing: /home/adam-falkowski/arduinobot_ws/install/arduinobot_messages/lib/python3.12/site-packages/arduinobot_messages-0.0.0-py3.12.egg-info/dependency_links.txt
[0.743s] -- Up-to-date: /home/adam-falkowski/arduinobot_ws/install/arduinobot_messages/lib/python3.12/site-packages/arduinobot_messages
[0.743s] -- Up-to-date: /home/adam-falkowski/arduinobot_ws/install/arduinobot_messages/lib/python3.12/site-packages/arduinobot_messages/srv
[0.743s] -- Up-to-date: /home/adam-falkowski/arduinobot_ws/install/arduinobot_messages/lib/python3.12/site-packages/arduinobot_messages/srv/__init__.py
[0.743s] -- Up-to-date: /home/adam-falkowski/arduinobot_ws/install/arduinobot_messages/lib/python3.12/site-packages/arduinobot_messages/srv/_add_two_ints.py
[0.743s] -- Up-to-date: /home/adam-falkowski/arduinobot_ws/install/arduinobot_messages/lib/python3.12/site-packages/arduinobot_messages/srv/_add_two_ints_s.c
[0.744s] -- Up-to-date: /home/adam-falkowski/arduinobot_ws/install/arduinobot_messages/lib/python3.12/site-packages/arduinobot_messages/_arduinobot_messages_s.ep.rosidl_typesupport_c.c
[0.744s] -- Up-to-date: /home/adam-falkowski/arduinobot_ws/install/arduinobot_messages/lib/python3.12/site-packages/arduinobot_messages/arduinobot_messages_s__rosidl_typesupport_introspection_c.so
[0.744s] -- Up-to-date: /home/adam-falkowski/arduinobot_ws/install/arduinobot_messages/lib/python3.12/site-packages/arduinobot_messages/_arduinobot_messages_s.ep.rosidl_typesupport_introspection_c.c
[0.744s] -- Up-to-date: /home/adam-falkowski/arduinobot_ws/install/arduinobot_messages/lib/python3.12/site-packages/arduinobot_messages/_arduinobot_messages_s.ep.rosidl_typesupport_fastrtps_c.c
[0.744s] -- Up-to-date: /home/adam-falkowski/arduinobot_ws/install/arduinobot_messages/lib/python3.12/site-packages/arduinobot_messages/__init__.py
[0.744s] -- Up-to-date: /home/adam-falkowski/arduinobot_ws/install/arduinobot_messages/lib/python3.12/site-packages/arduinobot_messages/arduinobot_messages_s__rosidl_typesupport_c.so
[0.744s] -- Up-to-date: /home/adam-falkowski/arduinobot_ws/install/arduinobot_messages/lib/python3.12/site-packages/arduinobot_messages/arduinobot_messages_s__rosidl_typesupport_fastrtps_c.so
[0.782s] Listing '/home/adam-falkowski/arduinobot_ws/install/arduinobot_messages/lib/python3.12/site-packages/arduinobot_messages'...
[0.783s] Listing '/home/adam-falkowski/arduinobot_ws/install/arduinobot_messages/lib/python3.12/site-packages/arduinobot_messages/srv'...
[0.789s] -- Up-to-date: /home/adam-falkowski/arduinobot_ws/install/arduinobot_messages/lib/python3.12/site-packages/arduinobot_messages/arduinobot_messages_s__rosidl_typesupport_fastrtps_c.so
[0.790s] -- Up-to-date: /home/adam-falkowski/arduinobot_ws/install/arduinobot_messages/lib/python3.12/site-packages/arduinobot_messages/arduinobot_messages_s__rosidl_typesupport_introspection_c.so
[0.790s] -- Up-to-date: /home/adam-falkowski/arduinobot_ws/install/arduinobot_messages/lib/python3.12/site-packages/arduinobot_messages/arduinobot_messages_s__rosidl_typesupport_c.so
[0.791s] -- Up-to-date: /home/adam-falkowski/arduinobot_ws/install/arduinobot_messages/lib/libarduinobot_messages__rosidl_generator_py.so
[0.791s] -- Up-to-date: /home/adam-falkowski/arduinobot_ws/install/arduinobot_messages/share/arduinobot_messages/srv/AddTwoInts.idl
[0.791s] -- Up-to-date: /home/adam-falkowski/arduinobot_ws/install/arduinobot_messages/share/arduinobot_messages/srv/AddTwoInts.srv
[0.791s] -- Up-to-date: /home/adam-falkowski/arduinobot_ws/install/arduinobot_messages/share/ament_index/resource_index/package_run_dependencies/arduinobot_messages
[0.792s] -- Up-to-date: /home/adam-falkowski/arduinobot_ws/install/arduinobot_messages/share/ament_index/resource_index/parent_prefix_path/arduinobot_messages
[0.792s] -- Up-to-date: /home/adam-falkowski/arduinobot_ws/install/arduinobot_messages/share/arduinobot_messages/environment/ament_prefix_path.sh
[0.792s] -- Up-to-date: /home/adam-falkowski/arduinobot_ws/install/arduinobot_messages/share/arduinobot_messages/environment/ament_prefix_path.dsv
[0.792s] -- Up-to-date: /home/adam-falkowski/arduinobot_ws/install/arduinobot_messages/share/arduinobot_messages/environment/path.sh
[0.792s] -- Up-to-date: /home/adam-falkowski/arduinobot_ws/install/arduinobot_messages/share/arduinobot_messages/environment/path.dsv
[0.792s] -- Up-to-date: /home/adam-falkowski/arduinobot_ws/install/arduinobot_messages/share/arduinobot_messages/local_setup.bash
[0.793s] -- Up-to-date: /home/adam-falkowski/arduinobot_ws/install/arduinobot_messages/share/arduinobot_messages/local_setup.sh
[0.793s] -- Up-to-date: /home/adam-falkowski/arduinobot_ws/install/arduinobot_messages/share/arduinobot_messages/local_setup.zsh
[0.793s] -- Up-to-date: /home/adam-falkowski/arduinobot_ws/install/arduinobot_messages/share/arduinobot_messages/local_setup.dsv
[0.793s] -- Installing: /home/adam-falkowski/arduinobot_ws/install/arduinobot_messages/share/arduinobot_messages/package.dsv
[0.793s] -- Up-to-date: /home/adam-falkowski/arduinobot_ws/install/arduinobot_messages/share/ament_index/resource_index/packages/arduinobot_messages
[0.793s] -- Up-to-date: /home/adam-falkowski/arduinobot_ws/install/arduinobot_messages/share/arduinobot_messages/cmake/export_arduinobot_messages__rosidl_generator_cExport.cmake
[0.794s] -- Up-to-date: /home/adam-falkowski/arduinobot_ws/install/arduinobot_messages/share/arduinobot_messages/cmake/export_arduinobot_messages__rosidl_generator_cExport-noconfig.cmake
[0.794s] -- Up-to-date: /home/adam-falkowski/arduinobot_ws/install/arduinobot_messages/share/arduinobot_messages/cmake/export_arduinobot_messages__rosidl_typesupport_fastrtps_cExport.cmake
[0.794s] -- Up-to-date: /home/adam-falkowski/arduinobot_ws/install/arduinobot_messages/share/arduinobot_messages/cmake/export_arduinobot_messages__rosidl_typesupport_fastrtps_cExport-noconfig.cmake
[0.794s] -- Up-to-date: /home/adam-falkowski/arduinobot_ws/install/arduinobot_messages/share/arduinobot_messages/cmake/export_arduinobot_messages__rosidl_generator_cppExport.cmake
[0.795s] -- Up-to-date: /home/adam-falkowski/arduinobot_ws/install/arduinobot_messages/share/arduinobot_messages/cmake/export_arduinobot_messages__rosidl_typesupport_fastrtps_cppExport.cmake
[0.795s] -- Up-to-date: /home/adam-falkowski/arduinobot_ws/install/arduinobot_messages/share/arduinobot_messages/cmake/export_arduinobot_messages__rosidl_typesupport_fastrtps_cppExport-noconfig.cmake
[0.795s] -- Up-to-date: /home/adam-falkowski/arduinobot_ws/install/arduinobot_messages/share/arduinobot_messages/cmake/arduinobot_messages__rosidl_typesupport_introspection_cExport.cmake
[0.795s] -- Up-to-date: /home/adam-falkowski/arduinobot_ws/install/arduinobot_messages/share/arduinobot_messages/cmake/arduinobot_messages__rosidl_typesupport_introspection_cExport-noconfig.cmake
[0.795s] -- Up-to-date: /home/adam-falkowski/arduinobot_ws/install/arduinobot_messages/share/arduinobot_messages/cmake/arduinobot_messages__rosidl_typesupport_cExport.cmake
[0.795s] -- Up-to-date: /home/adam-falkowski/arduinobot_ws/install/arduinobot_messages/share/arduinobot_messages/cmake/arduinobot_messages__rosidl_typesupport_cExport-noconfig.cmake
[0.796s] -- Up-to-date: /home/adam-falkowski/arduinobot_ws/install/arduinobot_messages/share/arduinobot_messages/cmake/arduinobot_messages__rosidl_typesupport_introspection_cppExport.cmake
[0.796s] -- Up-to-date: /home/adam-falkowski/arduinobot_ws/install/arduinobot_messages/share/arduinobot_messages/cmake/arduinobot_messages__rosidl_typesupport_introspection_cppExport-noconfig.cmake
[0.796s] -- Up-to-date: /home/adam-falkowski/arduinobot_ws/install/arduinobot_messages/share/arduinobot_messages/cmake/arduinobot_messages__rosidl_typesupport_cppExport.cmake
[0.796s] -- Up-to-date: /home/adam-falkowski/arduinobot_ws/install/arduinobot_messages/share/arduinobot_messages/cmake/arduinobot_messages__rosidl_typesupport_cppExport-noconfig.cmake
[0.796s] -- Up-to-date: /home/adam-falkowski/arduinobot_ws/install/arduinobot_messages/share/arduinobot_messages/cmake/export_arduinobot_messages__rosidl_generator_pyExport.cmake
[0.797s] -- Up-to-date: /home/adam-falkowski/arduinobot_ws/install/arduinobot_messages/share/arduinobot_messages/cmake/export_arduinobot_messages__rosidl_generator_pyExport-noconfig.cmake
[0.797s] -- Up-to-date: /home/adam-falkowski/arduinobot_ws/install/arduinobot_messages/share/arduinobot_messages/cmake/rosidl_cmake-extras.cmake
[0.797s] -- Up-to-date: /home/adam-falkowski/arduinobot_ws/install/arduinobot_messages/share/arduinobot_messages/cmake/ament_cmake_export_dependencies-extras.cmake
[0.797s] -- Up-to-date: /home/adam-falkowski/arduinobot_ws/install/arduinobot_messages/share/arduinobot_messages/cmake/ament_cmake_export_include_directories-extras.cmake
[0.797s] -- Up-to-date: /home/adam-falkowski/arduinobot_ws/install/arduinobot_messages/share/arduinobot_messages/cmake/ament_cmake_export_libraries-extras.cmake
[0.797s] -- Up-to-date: /home/adam-falkowski/arduinobot_ws/install/arduinobot_messages/share/arduinobot_messages/cmake/ament_cmake_export_targets-extras.cmake
[0.797s] -- Up-to-date: /home/adam-falkowski/arduinobot_ws/install/arduinobot_messages/share/arduinobot_messages/cmake/rosidl_cmake_export_typesupport_targets-extras.cmake
[0.797s] -- Up-to-date: /home/adam-falkowski/arduinobot_ws/install/arduinobot_messages/share/arduinobot_messages/cmake/rosidl_cmake_export_typesupport_libraries-extras.cmake
[0.797s] -- Up-to-date: /home/adam-falkowski/arduinobot_ws/install/arduinobot_messages/share/arduinobot_messages/cmake/arduinobot_messagesConfig.cmake
[0.797s] -- Up-to-date: /home/adam-falkowski/arduinobot_ws/install/arduinobot_messages/share/arduinobot_messages/cmake/arduinobot_messagesConfig-version.cmake
[0.797s] -- Up-to-date: /home/adam-falkowski/arduinobot_ws/install/arduinobot_messages/share/arduinobot_messages/package.xml
[0.799s] Invoked command in '/home/adam-falkowski/arduinobot_ws/build/arduinobot_messages' returned '0': CMAKE_PREFIX_PATH=${CMAKE_PREFIX_PATH}:/opt/ros/jazzy DEBUGINFOD_URLS=https://debuginfod.ubuntu.com /usr/bin/cmake --install /home/adam-falkowski/arduinobot_ws/build/arduinobot_messages
