-- The C compiler identification is GNU 13.3.0
-- The CXX compiler identification is GNU 13.3.0
-- Detecting C compiler ABI info
-- Detecting C compiler ABI info - done
-- Check for working C compiler: /usr/bin/cc - skipped
-- Detecting C compile features
-- Detecting C compile features - done
-- Detecting CXX compiler ABI info
-- Detecting CXX compiler ABI info - done
-- Check for working CXX compiler: /usr/bin/c++ - skipped
-- Detecting CXX compile features
-- Detecting CXX compile features - done
-- Found ament_cmake: 2.5.3 (/opt/ros/jazzy/share/ament_cmake/cmake)
-- Found Python3: /usr/bin/python3 (found version "3.12.3") found components: Interpreter 
-- Override CMake install command with custom implementation using symlinks instead of copying resources
-- Found ament_lint_auto: 0.17.1 (/opt/ros/jazzy/share/ament_lint_auto/cmake)
-- Added test 'copyright' to check source files copyright and LICENSE
-- Added test 'flake8' to check Python code syntax and style conventions
-- Configured 'flake8' exclude dirs and/or files: 
-- Added test 'lint_cmake' to check CMake code style
-- Added test 'pep257' to check Python code against some of the docstring style conventions in PEP 257
-- Added test 'xmllint' to check XML markup files
-- Configuring done (1.0s)
-- Generating done (0.0s)
-- Build files have been written to: /home/adam-falkowski/arduinobot_ws/build/arduinobot_description
-- Install configuration: ""
-- Execute custom install script
-- Symlinking: /home/adam-falkowski/arduinobot_ws/install/arduinobot_description/share/arduinobot_description/launch/display.launch.py
-- Symlinking: /home/adam-falkowski/arduinobot_ws/install/arduinobot_description/share/arduinobot_description/launch/gazebo.launch.py
-- Symlinking: /home/adam-falkowski/arduinobot_ws/install/arduinobot_description/share/arduinobot_description/meshes/base_plate.STL
-- Symlinking: /home/adam-falkowski/arduinobot_ws/install/arduinobot_description/share/arduinobot_description/meshes/basement.STL
-- Symlinking: /home/adam-falkowski/arduinobot_ws/install/arduinobot_description/share/arduinobot_description/meshes/claw_support.STL
-- Symlinking: /home/adam-falkowski/arduinobot_ws/install/arduinobot_description/share/arduinobot_description/meshes/forward_drive_arm.STL
-- Symlinking: /home/adam-falkowski/arduinobot_ws/install/arduinobot_description/share/arduinobot_description/meshes/horizontal_arm.STL
-- Symlinking: /home/adam-falkowski/arduinobot_ws/install/arduinobot_description/share/arduinobot_description/meshes/left_finger.STL
-- Symlinking: /home/adam-falkowski/arduinobot_ws/install/arduinobot_description/share/arduinobot_description/meshes/link.STL
-- Symlinking: /home/adam-falkowski/arduinobot_ws/install/arduinobot_description/share/arduinobot_description/meshes/pi_camera.STL
-- Symlinking: /home/adam-falkowski/arduinobot_ws/install/arduinobot_description/share/arduinobot_description/meshes/plate.STL
-- Symlinking: /home/adam-falkowski/arduinobot_ws/install/arduinobot_description/share/arduinobot_description/meshes/right_finger.STL
-- Symlinking: /home/adam-falkowski/arduinobot_ws/install/arduinobot_description/share/arduinobot_description/meshes/round_plate.STL
-- Symlinking: /home/adam-falkowski/arduinobot_ws/install/arduinobot_description/share/arduinobot_description/meshes/servo_plate.STL
-- Symlinking: /home/adam-falkowski/arduinobot_ws/install/arduinobot_description/share/arduinobot_description/meshes/triangular_link.STL
-- Symlinking: /home/adam-falkowski/arduinobot_ws/install/arduinobot_description/share/arduinobot_description/meshes/vertical_drive_arm.STL
-- Symlinking: /home/adam-falkowski/arduinobot_ws/install/arduinobot_description/share/arduinobot_description/urdf/arduinobot.urdf.xacro
-- Symlinking: /home/adam-falkowski/arduinobot_ws/install/arduinobot_description/share/arduinobot_description/urdf/arduinobot_gazebo.xacro
-- Symlinking: /home/adam-falkowski/arduinobot_ws/install/arduinobot_description/share/arduinobot_description/urdf/arduinobot_ros2_control.xacro
-- Symlinking: /home/adam-falkowski/arduinobot_ws/install/arduinobot_description/share/arduinobot_description/rviz/display.rviz
-- Symlinking: /home/adam-falkowski/arduinobot_ws/install/arduinobot_description/share/ament_index/resource_index/package_run_dependencies/arduinobot_description
-- Symlinking: /home/adam-falkowski/arduinobot_ws/install/arduinobot_description/share/ament_index/resource_index/parent_prefix_path/arduinobot_description
-- Symlinking: /home/adam-falkowski/arduinobot_ws/install/arduinobot_description/share/arduinobot_description/environment/ament_prefix_path.sh
-- Symlinking: /home/adam-falkowski/arduinobot_ws/install/arduinobot_description/share/arduinobot_description/environment/ament_prefix_path.dsv
-- Symlinking: /home/adam-falkowski/arduinobot_ws/install/arduinobot_description/share/arduinobot_description/environment/path.sh
-- Symlinking: /home/adam-falkowski/arduinobot_ws/install/arduinobot_description/share/arduinobot_description/environment/path.dsv
-- Symlinking: /home/adam-falkowski/arduinobot_ws/install/arduinobot_description/share/arduinobot_description/local_setup.bash
-- Symlinking: /home/adam-falkowski/arduinobot_ws/install/arduinobot_description/share/arduinobot_description/local_setup.sh
-- Symlinking: /home/adam-falkowski/arduinobot_ws/install/arduinobot_description/share/arduinobot_description/local_setup.zsh
-- Symlinking: /home/adam-falkowski/arduinobot_ws/install/arduinobot_description/share/arduinobot_description/local_setup.dsv
-- Symlinking: /home/adam-falkowski/arduinobot_ws/install/arduinobot_description/share/arduinobot_description/package.dsv
-- Symlinking: /home/adam-falkowski/arduinobot_ws/install/arduinobot_description/share/ament_index/resource_index/packages/arduinobot_description
-- Symlinking: /home/adam-falkowski/arduinobot_ws/install/arduinobot_description/share/arduinobot_description/cmake/arduinobot_descriptionConfig.cmake
-- Symlinking: /home/adam-falkowski/arduinobot_ws/install/arduinobot_description/share/arduinobot_description/cmake/arduinobot_descriptionConfig-version.cmake
-- Symlinking: /home/adam-falkowski/arduinobot_ws/install/arduinobot_description/share/arduinobot_description/package.xml
