[0.013s] Invoking command in '/home/adam-falkowski/arduinobot_ws/build/aduinobot_moveit': CMAKE_PREFIX_PATH=${CMAKE_PREFIX_PATH}:/opt/ros/jazzy DEBUGINFOD_URLS=https://debuginfod.ubuntu.com /usr/bin/cmake /home/adam-falkowski/arduinobot_ws/src/arduinobot_moveit -DCMAKE_INSTALL_PREFIX=/home/adam-falkowski/arduinobot_ws/install/aduinobot_moveit
[0.068s] -- The C compiler identification is GNU 13.3.0
[0.127s] -- The CXX compiler identification is GNU 13.3.0
[0.143s] -- Detecting C compiler ABI info
[0.230s] -- Detecting C compiler ABI info - done
[0.247s] -- Check for working C compiler: /usr/bin/cc - skipped
[0.247s] -- Detecting C compile features
[0.247s] -- Detecting C compile features - done
[0.256s] -- Detecting CXX compiler ABI info
[0.354s] -- Detecting CXX compiler ABI info - done
[0.364s] -- Check for working CXX compiler: /usr/bin/c++ - skipped
[0.364s] -- Detecting CXX compile features
[0.365s] -- Detecting CXX compile features - done
[0.369s] -- Found ament_cmake: 2.5.3 (/opt/ros/jazzy/share/ament_cmake/cmake)
[0.525s] -- Found Python3: /usr/bin/python3 (found version "3.12.3") found components: Interpreter 
[0.677s] -- Found ament_lint_auto: 0.17.1 (/opt/ros/jazzy/share/ament_lint_auto/cmake)
[0.791s] -- Added test 'flake8' to check Python code syntax and style conventions
[0.791s] -- Configured 'flake8' exclude dirs and/or files: 
[0.792s] -- Added test 'lint_cmake' to check CMake code style
[0.793s] -- Added test 'pep257' to check Python code against some of the docstring style conventions in PEP 257
[0.795s] -- Added test 'xmllint' to check XML markup files
[0.797s] -- Configuring done (0.8s)
[0.800s] -- Generating done (0.0s)
[0.802s] -- Build files have been written to: /home/adam-falkowski/arduinobot_ws/build/aduinobot_moveit
[0.807s] Invoked command in '/home/adam-falkowski/arduinobot_ws/build/aduinobot_moveit' returned '0': CMAKE_PREFIX_PATH=${CMAKE_PREFIX_PATH}:/opt/ros/jazzy DEBUGINFOD_URLS=https://debuginfod.ubuntu.com /usr/bin/cmake /home/adam-falkowski/arduinobot_ws/src/arduinobot_moveit -DCMAKE_INSTALL_PREFIX=/home/adam-falkowski/arduinobot_ws/install/aduinobot_moveit
[0.808s] Invoking command in '/home/adam-falkowski/arduinobot_ws/build/aduinobot_moveit': CMAKE_PREFIX_PATH=${CMAKE_PREFIX_PATH}:/opt/ros/jazzy DEBUGINFOD_URLS=https://debuginfod.ubuntu.com /usr/bin/cmake --build /home/adam-falkowski/arduinobot_ws/build/aduinobot_moveit -- -j12 -l12
[0.850s] Invoked command in '/home/adam-falkowski/arduinobot_ws/build/aduinobot_moveit' returned '0': CMAKE_PREFIX_PATH=${CMAKE_PREFIX_PATH}:/opt/ros/jazzy DEBUGINFOD_URLS=https://debuginfod.ubuntu.com /usr/bin/cmake --build /home/adam-falkowski/arduinobot_ws/build/aduinobot_moveit -- -j12 -l12
[0.861s] Invoking command in '/home/adam-falkowski/arduinobot_ws/build/aduinobot_moveit': CMAKE_PREFIX_PATH=${CMAKE_PREFIX_PATH}:/opt/ros/jazzy DEBUGINFOD_URLS=https://debuginfod.ubuntu.com /usr/bin/cmake --install /home/adam-falkowski/arduinobot_ws/build/aduinobot_moveit
[0.869s] -- Install configuration: ""
[0.869s] -- Up-to-date: /home/adam-falkowski/arduinobot_ws/install/aduinobot_moveit/share/aduinobot_moveit/config
[0.870s] -- Up-to-date: /home/adam-falkowski/arduinobot_ws/install/aduinobot_moveit/share/aduinobot_moveit/config/movit_controllers.yaml
[0.870s] -- Up-to-date: /home/adam-falkowski/arduinobot_ws/install/aduinobot_moveit/share/aduinobot_moveit/config/joint_limits.yaml
[0.870s] -- Up-to-date: /home/adam-falkowski/arduinobot_ws/install/aduinobot_moveit/share/aduinobot_moveit/config/kinematic.yaml
[0.870s] -- Up-to-date: /home/adam-falkowski/arduinobot_ws/install/aduinobot_moveit/share/aduinobot_moveit/config/pliz_cartesian_limits.yaml
[0.870s] -- Up-to-date: /home/adam-falkowski/arduinobot_ws/install/aduinobot_moveit/share/aduinobot_moveit/config/initial_positions.yaml
[0.870s] -- Up-to-date: /home/adam-falkowski/arduinobot_ws/install/aduinobot_moveit/share/aduinobot_moveit/config/arduinobot.srdf
[0.870s] -- Up-to-date: /home/adam-falkowski/arduinobot_ws/install/aduinobot_moveit/share/aduinobot_moveit/launch
[0.870s] -- Up-to-date: /home/adam-falkowski/arduinobot_ws/install/aduinobot_moveit/share/aduinobot_moveit/launch/moveit.launch.py
[0.870s] -- Installing: /home/adam-falkowski/arduinobot_ws/install/aduinobot_moveit/share/ament_index/resource_index/package_run_dependencies/aduinobot_moveit
[0.871s] -- Installing: /home/adam-falkowski/arduinobot_ws/install/aduinobot_moveit/share/ament_index/resource_index/parent_prefix_path/aduinobot_moveit
[0.871s] -- Up-to-date: /home/adam-falkowski/arduinobot_ws/install/aduinobot_moveit/share/aduinobot_moveit/environment/ament_prefix_path.sh
[0.871s] -- Installing: /home/adam-falkowski/arduinobot_ws/install/aduinobot_moveit/share/aduinobot_moveit/environment/ament_prefix_path.dsv
[0.871s] -- Up-to-date: /home/adam-falkowski/arduinobot_ws/install/aduinobot_moveit/share/aduinobot_moveit/environment/path.sh
[0.871s] -- Installing: /home/adam-falkowski/arduinobot_ws/install/aduinobot_moveit/share/aduinobot_moveit/environment/path.dsv
[0.871s] -- Installing: /home/adam-falkowski/arduinobot_ws/install/aduinobot_moveit/share/aduinobot_moveit/local_setup.bash
[0.871s] -- Installing: /home/adam-falkowski/arduinobot_ws/install/aduinobot_moveit/share/aduinobot_moveit/local_setup.sh
[0.871s] -- Installing: /home/adam-falkowski/arduinobot_ws/install/aduinobot_moveit/share/aduinobot_moveit/local_setup.zsh
[0.871s] -- Installing: /home/adam-falkowski/arduinobot_ws/install/aduinobot_moveit/share/aduinobot_moveit/local_setup.dsv
[0.872s] -- Installing: /home/adam-falkowski/arduinobot_ws/install/aduinobot_moveit/share/aduinobot_moveit/package.dsv
[0.872s] -- Installing: /home/adam-falkowski/arduinobot_ws/install/aduinobot_moveit/share/ament_index/resource_index/packages/aduinobot_moveit
[0.872s] -- Installing: /home/adam-falkowski/arduinobot_ws/install/aduinobot_moveit/share/aduinobot_moveit/cmake/aduinobot_moveitConfig.cmake
[0.872s] -- Installing: /home/adam-falkowski/arduinobot_ws/install/aduinobot_moveit/share/aduinobot_moveit/cmake/aduinobot_moveitConfig-version.cmake
[0.872s] -- Installing: /home/adam-falkowski/arduinobot_ws/install/aduinobot_moveit/share/aduinobot_moveit/package.xml
[0.874s] Invoked command in '/home/adam-falkowski/arduinobot_ws/build/aduinobot_moveit' returned '0': CMAKE_PREFIX_PATH=${CMAKE_PREFIX_PATH}:/opt/ros/jazzy DEBUGINFOD_URLS=https://debuginfod.ubuntu.com /usr/bin/cmake --install /home/adam-falkowski/arduinobot_ws/build/aduinobot_moveit
