[0.917s] Invoking command in '/home/adam-falkowski/arduinobot_ws/src/arduinobot_py_examples': AMENT_PREFIX_PATH=/home/adam-falkowski/arduinobot_ws/install/arduinobot_messages:${AMENT_PREFIX_PATH} CMAKE_PREFIX_PATH=/home/adam-falkowski/arduinobot_ws/install/arduinobot_messages:${CMAKE_PREFIX_PATH} DEBUGINFOD_URLS=https://debuginfod.ubuntu.com LD_LIBRARY_PATH=/home/adam-falkowski/arduinobot_ws/install/arduinobot_messages/lib:${LD_LIBRARY_PATH} PYTHONPATH=/home/adam-falkowski/arduinobot_ws/build/arduinobot_py_examples/prefix_override:/usr/lib/python3/dist-packages/colcon_core/task/python/colcon_distutils_commands:/home/adam-falkowski/arduinobot_ws/install/arduinobot_py_examples/lib/python3.12/site-packages:/home/adam-falkowski/arduinobot_ws/install/arduinobot_messages/lib/python3.12/site-packages:${PYTHONPATH} /usr/bin/python3 -W ignore:setup.py install is deprecated -W ignore:easy_install command is deprecated setup.py egg_info --egg-base ../../build/arduinobot_py_examples build --build-base /home/adam-falkowski/arduinobot_ws/build/arduinobot_py_examples/build install --record /home/adam-falkowski/arduinobot_ws/build/arduinobot_py_examples/install.log --single-version-externally-managed install_data
[1.197s] running egg_info
[1.218s] writing ../../build/arduinobot_py_examples/arduinobot_py_examples.egg-info/PKG-INFO
[1.218s] writing dependency_links to ../../build/arduinobot_py_examples/arduinobot_py_examples.egg-info/dependency_links.txt
[1.219s] writing entry points to ../../build/arduinobot_py_examples/arduinobot_py_examples.egg-info/entry_points.txt
[1.219s] writing requirements to ../../build/arduinobot_py_examples/arduinobot_py_examples.egg-info/requires.txt
[1.219s] writing top-level names to ../../build/arduinobot_py_examples/arduinobot_py_examples.egg-info/top_level.txt
[1.266s] reading manifest file '../../build/arduinobot_py_examples/arduinobot_py_examples.egg-info/SOURCES.txt'
[1.267s] writing manifest file '../../build/arduinobot_py_examples/arduinobot_py_examples.egg-info/SOURCES.txt'
[1.267s] running build
[1.268s] running build_py
[1.268s] running install
[1.274s] running install_lib
[1.296s] running install_data
[1.296s] running install_egg_info
[1.319s] removing '/home/adam-falkowski/arduinobot_ws/install/arduinobot_py_examples/lib/python3.12/site-packages/arduinobot_py_examples-0.0.0-py3.12.egg-info' (and everything under it)
[1.319s] Copying ../../build/arduinobot_py_examples/arduinobot_py_examples.egg-info to /home/adam-falkowski/arduinobot_ws/install/arduinobot_py_examples/lib/python3.12/site-packages/arduinobot_py_examples-0.0.0-py3.12.egg-info
[1.320s] running install_scripts
[1.465s] Installing simple_parameter script to /home/adam-falkowski/arduinobot_ws/install/arduinobot_py_examples/lib/arduinobot_py_examples
[1.465s] Installing simple_publisher script to /home/adam-falkowski/arduinobot_ws/install/arduinobot_py_examples/lib/arduinobot_py_examples
[1.465s] Installing simple_service_server script to /home/adam-falkowski/arduinobot_ws/install/arduinobot_py_examples/lib/arduinobot_py_examples
[1.465s] Installing simple_subscriber script to /home/adam-falkowski/arduinobot_ws/install/arduinobot_py_examples/lib/arduinobot_py_examples
[1.466s] writing list of installed files to '/home/adam-falkowski/arduinobot_ws/build/arduinobot_py_examples/install.log'
[1.489s] Invoked command in '/home/adam-falkowski/arduinobot_ws/src/arduinobot_py_examples' returned '0': AMENT_PREFIX_PATH=/home/adam-falkowski/arduinobot_ws/install/arduinobot_messages:${AMENT_PREFIX_PATH} CMAKE_PREFIX_PATH=/home/adam-falkowski/arduinobot_ws/install/arduinobot_messages:${CMAKE_PREFIX_PATH} DEBUGINFOD_URLS=https://debuginfod.ubuntu.com LD_LIBRARY_PATH=/home/adam-falkowski/arduinobot_ws/install/arduinobot_messages/lib:${LD_LIBRARY_PATH} PYTHONPATH=/home/adam-falkowski/arduinobot_ws/build/arduinobot_py_examples/prefix_override:/usr/lib/python3/dist-packages/colcon_core/task/python/colcon_distutils_commands:/home/adam-falkowski/arduinobot_ws/install/arduinobot_py_examples/lib/python3.12/site-packages:/home/adam-falkowski/arduinobot_ws/install/arduinobot_messages/lib/python3.12/site-packages:${PYTHONPATH} /usr/bin/python3 -W ignore:setup.py install is deprecated -W ignore:easy_install command is deprecated setup.py egg_info --egg-base ../../build/arduinobot_py_examples build --build-base /home/adam-falkowski/arduinobot_ws/build/arduinobot_py_examples/build install --record /home/adam-falkowski/arduinobot_ws/build/arduinobot_py_examples/install.log --single-version-externally-managed install_data
