[0.025s] Invoking command in '/home/adam-falkowski/arduinobot_ws/build/arduinobot_description': CMAKE_PREFIX_PATH=${CMAKE_PREFIX_PATH}:/opt/ros/jazzy DEBUGINFOD_URLS=https://debuginfod.ubuntu.com /usr/bin/cmake /home/adam-falkowski/arduinobot_ws/src/arduinobot_description -DCMAKE_INSTALL_PREFIX=/home/adam-falkowski/arduinobot_ws/install/arduinobot_description
[0.069s] -- Found ament_cmake: 2.5.3 (/opt/ros/jazzy/share/ament_cmake/cmake)
[0.317s] -- Override CMake install command with custom implementation using symlinks instead of copying resources
[0.332s] -- Found ament_lint_auto: 0.17.1 (/opt/ros/jazzy/share/ament_lint_auto/cmake)
[0.439s] -- Added test 'copyright' to check source files copyright and LICENSE
[0.443s] -- Added test 'flake8' to check Python code syntax and style conventions
[0.443s] -- Configured 'flake8' exclude dirs and/or files: 
[0.444s] -- Added test 'lint_cmake' to check CMake code style
[0.445s] -- Added test 'pep257' to check Python code against some of the docstring style conventions in PEP 257
[0.446s] -- Added test 'xmllint' to check XML markup files
[0.448s] -- Configuring done (0.4s)
[0.457s] -- Generating done (0.0s)
[0.459s] -- Build files have been written to: /home/adam-falkowski/arduinobot_ws/build/arduinobot_description
[0.463s] Invoked command in '/home/adam-falkowski/arduinobot_ws/build/arduinobot_description' returned '0': CMAKE_PREFIX_PATH=${CMAKE_PREFIX_PATH}:/opt/ros/jazzy DEBUGINFOD_URLS=https://debuginfod.ubuntu.com /usr/bin/cmake /home/adam-falkowski/arduinobot_ws/src/arduinobot_description -DCMAKE_INSTALL_PREFIX=/home/adam-falkowski/arduinobot_ws/install/arduinobot_description
[0.464s] Invoking command in '/home/adam-falkowski/arduinobot_ws/build/arduinobot_description': CMAKE_PREFIX_PATH=${CMAKE_PREFIX_PATH}:/opt/ros/jazzy DEBUGINFOD_URLS=https://debuginfod.ubuntu.com /usr/bin/cmake --build /home/adam-falkowski/arduinobot_ws/build/arduinobot_description -- -j12 -l12
[0.537s] Invoked command in '/home/adam-falkowski/arduinobot_ws/build/arduinobot_description' returned '0': CMAKE_PREFIX_PATH=${CMAKE_PREFIX_PATH}:/opt/ros/jazzy DEBUGINFOD_URLS=https://debuginfod.ubuntu.com /usr/bin/cmake --build /home/adam-falkowski/arduinobot_ws/build/arduinobot_description -- -j12 -l12
[0.549s] Invoking command in '/home/adam-falkowski/arduinobot_ws/build/arduinobot_description': CMAKE_PREFIX_PATH=${CMAKE_PREFIX_PATH}:/opt/ros/jazzy DEBUGINFOD_URLS=https://debuginfod.ubuntu.com /usr/bin/cmake --install /home/adam-falkowski/arduinobot_ws/build/arduinobot_description
[0.559s] -- Install configuration: ""
[0.559s] -- Execute custom install script
[0.560s] -- Up-to-date symlink: /home/adam-falkowski/arduinobot_ws/install/arduinobot_description/share/arduinobot_description/launch/display.launch.py
[0.560s] -- Up-to-date symlink: /home/adam-falkowski/arduinobot_ws/install/arduinobot_description/share/arduinobot_description/launch/gazebo.launch.py
[0.561s] -- Up-to-date symlink: /home/adam-falkowski/arduinobot_ws/install/arduinobot_description/share/arduinobot_description/meshes/base_plate.STL
[0.561s] -- Up-to-date symlink: /home/adam-falkowski/arduinobot_ws/install/arduinobot_description/share/arduinobot_description/meshes/basement.STL
[0.561s] -- Up-to-date symlink: /home/adam-falkowski/arduinobot_ws/install/arduinobot_description/share/arduinobot_description/meshes/claw_support.STL
[0.562s] -- Up-to-date symlink: /home/adam-falkowski/arduinobot_ws/install/arduinobot_description/share/arduinobot_description/meshes/forward_drive_arm.STL
[0.562s] -- Up-to-date symlink: /home/adam-falkowski/arduinobot_ws/install/arduinobot_description/share/arduinobot_description/meshes/horizontal_arm.STL
[0.562s] -- Up-to-date symlink: /home/adam-falkowski/arduinobot_ws/install/arduinobot_description/share/arduinobot_description/meshes/left_finger.STL
[0.562s] -- Up-to-date symlink: /home/adam-falkowski/arduinobot_ws/install/arduinobot_description/share/arduinobot_description/meshes/link.STL
[0.562s] -- Up-to-date symlink: /home/adam-falkowski/arduinobot_ws/install/arduinobot_description/share/arduinobot_description/meshes/pi_camera.STL
[0.563s] -- Up-to-date symlink: /home/adam-falkowski/arduinobot_ws/install/arduinobot_description/share/arduinobot_description/meshes/plate.STL
[0.563s] -- Up-to-date symlink: /home/adam-falkowski/arduinobot_ws/install/arduinobot_description/share/arduinobot_description/meshes/right_finger.STL
[0.563s] -- Up-to-date symlink: /home/adam-falkowski/arduinobot_ws/install/arduinobot_description/share/arduinobot_description/meshes/round_plate.STL
[0.563s] -- Up-to-date symlink: /home/adam-falkowski/arduinobot_ws/install/arduinobot_description/share/arduinobot_description/meshes/servo_plate.STL
[0.563s] -- Up-to-date symlink: /home/adam-falkowski/arduinobot_ws/install/arduinobot_description/share/arduinobot_description/meshes/triangular_link.STL
[0.564s] -- Up-to-date symlink: /home/adam-falkowski/arduinobot_ws/install/arduinobot_description/share/arduinobot_description/meshes/vertical_drive_arm.STL
[0.564s] -- Up-to-date symlink: /home/adam-falkowski/arduinobot_ws/install/arduinobot_description/share/arduinobot_description/urdf/arduinobot.urdf.xacro
[0.564s] -- Up-to-date symlink: /home/adam-falkowski/arduinobot_ws/install/arduinobot_description/share/arduinobot_description/urdf/arduinobot_gazebo.xacro
[0.565s] -- Up-to-date symlink: /home/adam-falkowski/arduinobot_ws/install/arduinobot_description/share/arduinobot_description/urdf/arduinobot_ros2_control.xacro
[0.565s] -- Up-to-date symlink: /home/adam-falkowski/arduinobot_ws/install/arduinobot_description/share/arduinobot_description/rviz/display.rviz
[0.566s] -- Up-to-date symlink: /home/adam-falkowski/arduinobot_ws/install/arduinobot_description/share/ament_index/resource_index/package_run_dependencies/arduinobot_description
[0.566s] -- Up-to-date symlink: /home/adam-falkowski/arduinobot_ws/install/arduinobot_description/share/ament_index/resource_index/parent_prefix_path/arduinobot_description
[0.566s] -- Up-to-date symlink: /home/adam-falkowski/arduinobot_ws/install/arduinobot_description/share/arduinobot_description/environment/ament_prefix_path.sh
[0.566s] -- Up-to-date symlink: /home/adam-falkowski/arduinobot_ws/install/arduinobot_description/share/arduinobot_description/environment/ament_prefix_path.dsv
[0.567s] -- Up-to-date symlink: /home/adam-falkowski/arduinobot_ws/install/arduinobot_description/share/arduinobot_description/environment/path.sh
[0.567s] -- Up-to-date symlink: /home/adam-falkowski/arduinobot_ws/install/arduinobot_description/share/arduinobot_description/environment/path.dsv
[0.567s] -- Up-to-date symlink: /home/adam-falkowski/arduinobot_ws/install/arduinobot_description/share/arduinobot_description/local_setup.bash
[0.567s] -- Up-to-date symlink: /home/adam-falkowski/arduinobot_ws/install/arduinobot_description/share/arduinobot_description/local_setup.sh
[0.568s] -- Up-to-date symlink: /home/adam-falkowski/arduinobot_ws/install/arduinobot_description/share/arduinobot_description/local_setup.zsh
[0.568s] -- Up-to-date symlink: /home/adam-falkowski/arduinobot_ws/install/arduinobot_description/share/arduinobot_description/local_setup.dsv
[0.568s] -- Symlinking: /home/adam-falkowski/arduinobot_ws/install/arduinobot_description/share/arduinobot_description/package.dsv
[0.579s] -- Up-to-date symlink: /home/adam-falkowski/arduinobot_ws/install/arduinobot_description/share/ament_index/resource_index/packages/arduinobot_description
[0.580s] -- Up-to-date symlink: /home/adam-falkowski/arduinobot_ws/install/arduinobot_description/share/arduinobot_description/cmake/arduinobot_descriptionConfig.cmake
[0.580s] -- Up-to-date symlink: /home/adam-falkowski/arduinobot_ws/install/arduinobot_description/share/arduinobot_description/cmake/arduinobot_descriptionConfig-version.cmake
[0.580s] -- Up-to-date symlink: /home/adam-falkowski/arduinobot_ws/install/arduinobot_description/share/arduinobot_description/package.xml
[0.582s] Invoked command in '/home/adam-falkowski/arduinobot_ws/build/arduinobot_description' returned '0': CMAKE_PREFIX_PATH=${CMAKE_PREFIX_PATH}:/opt/ros/jazzy DEBUGINFOD_URLS=https://debuginfod.ubuntu.com /usr/bin/cmake --install /home/adam-falkowski/arduinobot_ws/build/arduinobot_description
