[2.306s] DEBUG:colcon:Command line arguments: ['/usr/bin/colcon', 'build']
[2.307s] DEBUG:colcon:Parsed command line arguments: Namespace(log_base=None, log_level=None, verb_name='build', build_base='build', install_base='install', merge_install=False, symlink_install=False, test_result_base=None, continue_on_error=False, executor='parallel', parallel_workers=4, event_handlers=None, ignore_user_meta=False, metas=['./colcon.meta'], base_paths=['.'], packages_ignore=None, packages_ignore_regex=None, paths=None, packages_up_to=None, packages_up_to_regex=None, packages_above=None, packages_above_and_dependencies=None, packages_above_depth=None, packages_select_by_dep=None, packages_skip_by_dep=None, packages_skip_up_to=None, packages_select_build_failed=False, packages_skip_build_finished=False, packages_select_test_failures=False, packages_skip_test_passed=False, packages_select=None, packages_skip=None, packages_select_regex=None, packages_skip_regex=None, packages_start=None, packages_end=None, allow_overriding=[], cmake_args=None, cmake_target=None, cmake_target_skip_unavailable=False, cmake_clean_cache=False, cmake_clean_first=False, cmake_force_configure=False, ament_cmake_args=None, catkin_cmake_args=None, catkin_skip_building_tests=False, mixin_files=None, mixin=None, verb_parser=<colcon_mixin.mixin.mixin_argument.MixinArgumentDecorator object at 0x71aee1b63b90>, verb_extension=<colcon_core.verb.build.BuildVerb object at 0x71aee1b635c0>, main=<bound method BuildVerb.main of <colcon_core.verb.build.BuildVerb object at 0x71aee1b635c0>>, mixin_verb=('build',))
[3.004s] Level 1:colcon.colcon_core.package_discovery:discover_packages(colcon_meta) check parameters
[3.004s] Level 1:colcon.colcon_core.package_discovery:discover_packages(recursive) check parameters
[3.005s] Level 1:colcon.colcon_core.package_discovery:discover_packages(ignore) check parameters
[3.005s] Level 1:colcon.colcon_core.package_discovery:discover_packages(path) check parameters
[3.005s] Level 1:colcon.colcon_core.package_discovery:discover_packages(colcon_meta) discover
[3.005s] Level 1:colcon.colcon_core.package_discovery:discover_packages(recursive) discover
[3.005s] INFO:colcon.colcon_core.package_discovery:Crawling recursively for packages in '/home/administrator/arduinobot_ws'
[3.005s] Level 1:colcon.colcon_core.package_identification:_identify(.) by extensions ['ignore', 'ignore_ament_install']
[3.006s] Level 1:colcon.colcon_core.package_identification:_identify(.) by extension 'ignore'
[3.012s] Level 1:colcon.colcon_core.package_identification:_identify(.) by extension 'ignore_ament_install'
[3.013s] Level 1:colcon.colcon_core.package_identification:_identify(.) by extensions ['colcon_pkg']
[3.013s] Level 1:colcon.colcon_core.package_identification:_identify(.) by extension 'colcon_pkg'
[3.013s] Level 1:colcon.colcon_core.package_identification:_identify(.) by extensions ['colcon_meta']
[3.013s] Level 1:colcon.colcon_core.package_identification:_identify(.) by extension 'colcon_meta'
[3.013s] Level 1:colcon.colcon_core.package_identification:_identify(.) by extensions ['ros']
[3.013s] Level 1:colcon.colcon_core.package_identification:_identify(.) by extension 'ros'
[3.617s] Level 1:colcon.colcon_core.package_identification:_identify(.) by extensions ['cmake', 'python']
[3.617s] Level 1:colcon.colcon_core.package_identification:_identify(.) by extension 'cmake'
[3.617s] Level 1:colcon.colcon_core.package_identification:_identify(.) by extension 'python'
[3.617s] Level 1:colcon.colcon_core.package_identification:_identify(.) by extensions ['python_setup_py']
[3.617s] Level 1:colcon.colcon_core.package_identification:_identify(.) by extension 'python_setup_py'
[3.617s] Level 1:colcon.colcon_core.package_identification:_identify(build) by extensions ['ignore', 'ignore_ament_install']
[3.618s] Level 1:colcon.colcon_core.package_identification:_identify(build) by extension 'ignore'
[3.618s] Level 1:colcon.colcon_core.package_identification:_identify(build) ignored
[3.618s] Level 1:colcon.colcon_core.package_identification:_identify(install) by extensions ['ignore', 'ignore_ament_install']
[3.618s] Level 1:colcon.colcon_core.package_identification:_identify(install) by extension 'ignore'
[3.618s] Level 1:colcon.colcon_core.package_identification:_identify(install) ignored
[3.618s] Level 1:colcon.colcon_core.package_identification:_identify(log) by extensions ['ignore', 'ignore_ament_install']
[3.619s] Level 1:colcon.colcon_core.package_identification:_identify(log) by extension 'ignore'
[3.619s] Level 1:colcon.colcon_core.package_identification:_identify(log) ignored
[3.619s] Level 1:colcon.colcon_core.package_identification:_identify(src) by extensions ['ignore', 'ignore_ament_install']
[3.619s] Level 1:colcon.colcon_core.package_identification:_identify(src) by extension 'ignore'
[3.619s] Level 1:colcon.colcon_core.package_identification:_identify(src) by extension 'ignore_ament_install'
[3.620s] Level 1:colcon.colcon_core.package_identification:_identify(src) by extensions ['colcon_pkg']
[3.620s] Level 1:colcon.colcon_core.package_identification:_identify(src) by extension 'colcon_pkg'
[3.620s] Level 1:colcon.colcon_core.package_identification:_identify(src) by extensions ['colcon_meta']
[3.620s] Level 1:colcon.colcon_core.package_identification:_identify(src) by extension 'colcon_meta'
[3.620s] Level 1:colcon.colcon_core.package_identification:_identify(src) by extensions ['ros']
[3.620s] Level 1:colcon.colcon_core.package_identification:_identify(src) by extension 'ros'
[3.623s] Level 1:colcon.colcon_core.package_identification:_identify(src) by extensions ['cmake', 'python']
[3.624s] Level 1:colcon.colcon_core.package_identification:_identify(src) by extension 'cmake'
[3.625s] Level 1:colcon.colcon_core.package_identification:_identify(src) by extension 'python'
[3.625s] Level 1:colcon.colcon_core.package_identification:_identify(src) by extensions ['python_setup_py']
[3.625s] Level 1:colcon.colcon_core.package_identification:_identify(src) by extension 'python_setup_py'
[3.625s] Level 1:colcon.colcon_core.package_identification:_identify(src/arduinobot_controller) by extensions ['ignore', 'ignore_ament_install']
[3.626s] Level 1:colcon.colcon_core.package_identification:_identify(src/arduinobot_controller) by extension 'ignore'
[3.626s] Level 1:colcon.colcon_core.package_identification:_identify(src/arduinobot_controller) by extension 'ignore_ament_install'
[3.626s] Level 1:colcon.colcon_core.package_identification:_identify(src/arduinobot_controller) by extensions ['colcon_pkg']
[3.626s] Level 1:colcon.colcon_core.package_identification:_identify(src/arduinobot_controller) by extension 'colcon_pkg'
[3.626s] Level 1:colcon.colcon_core.package_identification:_identify(src/arduinobot_controller) by extensions ['colcon_meta']
[3.626s] Level 1:colcon.colcon_core.package_identification:_identify(src/arduinobot_controller) by extension 'colcon_meta'
[3.626s] Level 1:colcon.colcon_core.package_identification:_identify(src/arduinobot_controller) by extensions ['ros']
[3.635s] Level 1:colcon.colcon_core.package_identification:_identify(src/arduinobot_controller) by extension 'ros'
[3.654s] DEBUG:colcon.colcon_core.package_identification:Package 'src/arduinobot_controller' with type 'ros.ament_cmake' and name 'arduinobot_controller'
[3.654s] Level 1:colcon.colcon_core.package_identification:_identify(src/arduinobot_description) by extensions ['ignore', 'ignore_ament_install']
[3.654s] Level 1:colcon.colcon_core.package_identification:_identify(src/arduinobot_description) by extension 'ignore'
[3.654s] Level 1:colcon.colcon_core.package_identification:_identify(src/arduinobot_description) by extension 'ignore_ament_install'
[3.655s] Level 1:colcon.colcon_core.package_identification:_identify(src/arduinobot_description) by extensions ['colcon_pkg']
[3.655s] Level 1:colcon.colcon_core.package_identification:_identify(src/arduinobot_description) by extension 'colcon_pkg'
[3.655s] Level 1:colcon.colcon_core.package_identification:_identify(src/arduinobot_description) by extensions ['colcon_meta']
[3.655s] Level 1:colcon.colcon_core.package_identification:_identify(src/arduinobot_description) by extension 'colcon_meta'
[3.655s] Level 1:colcon.colcon_core.package_identification:_identify(src/arduinobot_description) by extensions ['ros']
[3.655s] Level 1:colcon.colcon_core.package_identification:_identify(src/arduinobot_description) by extension 'ros'
[3.723s] DEBUG:colcon.colcon_core.package_identification:Package 'src/arduinobot_description' with type 'ros.ament_cmake' and name 'arduinobot_description'
[3.723s] Level 1:colcon.colcon_core.package_identification:_identify(src/arduinobot_py_examples) by extensions ['ignore', 'ignore_ament_install']
[3.723s] Level 1:colcon.colcon_core.package_identification:_identify(src/arduinobot_py_examples) by extension 'ignore'
[3.724s] Level 1:colcon.colcon_core.package_identification:_identify(src/arduinobot_py_examples) by extension 'ignore_ament_install'
[3.724s] Level 1:colcon.colcon_core.package_identification:_identify(src/arduinobot_py_examples) by extensions ['colcon_pkg']
[3.724s] Level 1:colcon.colcon_core.package_identification:_identify(src/arduinobot_py_examples) by extension 'colcon_pkg'
[3.724s] Level 1:colcon.colcon_core.package_identification:_identify(src/arduinobot_py_examples) by extensions ['colcon_meta']
[3.724s] Level 1:colcon.colcon_core.package_identification:_identify(src/arduinobot_py_examples) by extension 'colcon_meta'
[3.725s] Level 1:colcon.colcon_core.package_identification:_identify(src/arduinobot_py_examples) by extensions ['ros']
[3.726s] Level 1:colcon.colcon_core.package_identification:_identify(src/arduinobot_py_examples) by extension 'ros'
[3.740s] DEBUG:colcon.colcon_core.package_identification:Package 'src/arduinobot_py_examples' with type 'ros.ament_python' and name 'arduinobot_py_examples'
[3.749s] Level 1:colcon.colcon_core.package_identification:_identify(src/build) by extensions ['ignore', 'ignore_ament_install']
[3.750s] Level 1:colcon.colcon_core.package_identification:_identify(src/build) by extension 'ignore'
[3.750s] Level 1:colcon.colcon_core.package_identification:_identify(src/build) ignored
[3.750s] Level 1:colcon.colcon_core.package_identification:_identify(src/install) by extensions ['ignore', 'ignore_ament_install']
[3.751s] Level 1:colcon.colcon_core.package_identification:_identify(src/install) by extension 'ignore'
[3.751s] Level 1:colcon.colcon_core.package_identification:_identify(src/install) ignored
[3.751s] Level 1:colcon.colcon_core.package_identification:_identify(src/log) by extensions ['ignore', 'ignore_ament_install']
[3.751s] Level 1:colcon.colcon_core.package_identification:_identify(src/log) by extension 'ignore'
[3.752s] Level 1:colcon.colcon_core.package_identification:_identify(src/log) ignored
[3.752s] Level 1:colcon.colcon_core.package_discovery:discover_packages(recursive) using defaults
[3.752s] Level 1:colcon.colcon_core.package_discovery:discover_packages(ignore) discover
[3.752s] Level 1:colcon.colcon_core.package_discovery:discover_packages(ignore) using defaults
[3.752s] Level 1:colcon.colcon_core.package_discovery:discover_packages(path) discover
[3.752s] Level 1:colcon.colcon_core.package_discovery:discover_packages(path) using defaults
[3.899s] Level 1:colcon.colcon_core.package_discovery:discover_packages(prefix_path) check parameters
[3.899s] Level 1:colcon.colcon_core.package_discovery:discover_packages(prefix_path) discover
[4.029s] DEBUG:colcon.colcon_installed_package_information.package_discovery:Found 419 installed packages in /opt/ros/jazzy
[4.080s] Level 1:colcon.colcon_core.package_discovery:discover_packages(prefix_path) using defaults
[5.273s] Level 5:colcon.colcon_core.verb:set package 'arduinobot_controller' build argument 'cmake_args' from command line to 'None'
[5.273s] Level 5:colcon.colcon_core.verb:set package 'arduinobot_controller' build argument 'cmake_target' from command line to 'None'
[5.273s] Level 5:colcon.colcon_core.verb:set package 'arduinobot_controller' build argument 'cmake_target_skip_unavailable' from command line to 'False'
[5.274s] Level 5:colcon.colcon_core.verb:set package 'arduinobot_controller' build argument 'cmake_clean_cache' from command line to 'False'
[5.274s] Level 5:colcon.colcon_core.verb:set package 'arduinobot_controller' build argument 'cmake_clean_first' from command line to 'False'
[5.277s] Level 5:colcon.colcon_core.verb:set package 'arduinobot_controller' build argument 'cmake_force_configure' from command line to 'False'
[5.277s] Level 5:colcon.colcon_core.verb:set package 'arduinobot_controller' build argument 'ament_cmake_args' from command line to 'None'
[5.277s] Level 5:colcon.colcon_core.verb:set package 'arduinobot_controller' build argument 'catkin_cmake_args' from command line to 'None'
[5.277s] Level 5:colcon.colcon_core.verb:set package 'arduinobot_controller' build argument 'catkin_skip_building_tests' from command line to 'False'
[5.277s] DEBUG:colcon.colcon_core.verb:Building package 'arduinobot_controller' with the following arguments: {'ament_cmake_args': None, 'build_base': '/home/administrator/arduinobot_ws/build/arduinobot_controller', 'catkin_cmake_args': None, 'catkin_skip_building_tests': False, 'cmake_args': None, 'cmake_clean_cache': False, 'cmake_clean_first': False, 'cmake_force_configure': False, 'cmake_target': None, 'cmake_target_skip_unavailable': False, 'install_base': '/home/administrator/arduinobot_ws/install/arduinobot_controller', 'merge_install': False, 'path': '/home/administrator/arduinobot_ws/src/arduinobot_controller', 'symlink_install': False, 'test_result_base': None}
[5.291s] Level 5:colcon.colcon_core.verb:set package 'arduinobot_description' build argument 'cmake_args' from command line to 'None'
[5.291s] Level 5:colcon.colcon_core.verb:set package 'arduinobot_description' build argument 'cmake_target' from command line to 'None'
[5.291s] Level 5:colcon.colcon_core.verb:set package 'arduinobot_description' build argument 'cmake_target_skip_unavailable' from command line to 'False'
[5.292s] Level 5:colcon.colcon_core.verb:set package 'arduinobot_description' build argument 'cmake_clean_cache' from command line to 'False'
[5.292s] Level 5:colcon.colcon_core.verb:set package 'arduinobot_description' build argument 'cmake_clean_first' from command line to 'False'
[5.292s] Level 5:colcon.colcon_core.verb:set package 'arduinobot_description' build argument 'cmake_force_configure' from command line to 'False'
[5.292s] Level 5:colcon.colcon_core.verb:set package 'arduinobot_description' build argument 'ament_cmake_args' from command line to 'None'
[5.292s] Level 5:colcon.colcon_core.verb:set package 'arduinobot_description' build argument 'catkin_cmake_args' from command line to 'None'
[5.292s] Level 5:colcon.colcon_core.verb:set package 'arduinobot_description' build argument 'catkin_skip_building_tests' from command line to 'False'
[5.292s] DEBUG:colcon.colcon_core.verb:Building package 'arduinobot_description' with the following arguments: {'ament_cmake_args': None, 'build_base': '/home/administrator/arduinobot_ws/build/arduinobot_description', 'catkin_cmake_args': None, 'catkin_skip_building_tests': False, 'cmake_args': None, 'cmake_clean_cache': False, 'cmake_clean_first': False, 'cmake_force_configure': False, 'cmake_target': None, 'cmake_target_skip_unavailable': False, 'install_base': '/home/administrator/arduinobot_ws/install/arduinobot_description', 'merge_install': False, 'path': '/home/administrator/arduinobot_ws/src/arduinobot_description', 'symlink_install': False, 'test_result_base': None}
[5.302s] Level 5:colcon.colcon_core.verb:set package 'arduinobot_py_examples' build argument 'cmake_args' from command line to 'None'
[5.302s] Level 5:colcon.colcon_core.verb:set package 'arduinobot_py_examples' build argument 'cmake_target' from command line to 'None'
[5.302s] Level 5:colcon.colcon_core.verb:set package 'arduinobot_py_examples' build argument 'cmake_target_skip_unavailable' from command line to 'False'
[5.303s] Level 5:colcon.colcon_core.verb:set package 'arduinobot_py_examples' build argument 'cmake_clean_cache' from command line to 'False'
[5.303s] Level 5:colcon.colcon_core.verb:set package 'arduinobot_py_examples' build argument 'cmake_clean_first' from command line to 'False'
[5.303s] Level 5:colcon.colcon_core.verb:set package 'arduinobot_py_examples' build argument 'cmake_force_configure' from command line to 'False'
[5.303s] Level 5:colcon.colcon_core.verb:set package 'arduinobot_py_examples' build argument 'ament_cmake_args' from command line to 'None'
[5.303s] Level 5:colcon.colcon_core.verb:set package 'arduinobot_py_examples' build argument 'catkin_cmake_args' from command line to 'None'
[5.303s] Level 5:colcon.colcon_core.verb:set package 'arduinobot_py_examples' build argument 'catkin_skip_building_tests' from command line to 'False'
[5.303s] DEBUG:colcon.colcon_core.verb:Building package 'arduinobot_py_examples' with the following arguments: {'ament_cmake_args': None, 'build_base': '/home/administrator/arduinobot_ws/build/arduinobot_py_examples', 'catkin_cmake_args': None, 'catkin_skip_building_tests': False, 'cmake_args': None, 'cmake_clean_cache': False, 'cmake_clean_first': False, 'cmake_force_configure': False, 'cmake_target': None, 'cmake_target_skip_unavailable': False, 'install_base': '/home/administrator/arduinobot_ws/install/arduinobot_py_examples', 'merge_install': False, 'path': '/home/administrator/arduinobot_ws/src/arduinobot_py_examples', 'symlink_install': False, 'test_result_base': None}
[5.303s] INFO:colcon.colcon_core.executor:Executing jobs using 'parallel' executor
[5.309s] DEBUG:colcon.colcon_parallel_executor.executor.parallel:run_until_complete
[5.310s] INFO:colcon.colcon_ros.task.ament_cmake.build:Building ROS package in '/home/administrator/arduinobot_ws/src/arduinobot_controller' with build type 'ament_cmake'
[5.310s] INFO:colcon.colcon_cmake.task.cmake.build:Building CMake package in '/home/administrator/arduinobot_ws/src/arduinobot_controller'
[5.418s] INFO:colcon.colcon_core.plugin_system:Skipping extension 'colcon_core.shell.bat': Not used on non-Windows systems
[5.419s] INFO:colcon.colcon_core.shell:Skip shell extension 'powershell' for command environment: Not usable outside of PowerShell
[5.419s] DEBUG:colcon.colcon_core.shell:Skip shell extension 'dsv' for command environment
[5.637s] INFO:colcon.colcon_ros.task.ament_cmake.build:Building ROS package in '/home/administrator/arduinobot_ws/src/arduinobot_description' with build type 'ament_cmake'
[5.637s] INFO:colcon.colcon_cmake.task.cmake.build:Building CMake package in '/home/administrator/arduinobot_ws/src/arduinobot_description'
[5.639s] INFO:colcon.colcon_core.shell:Skip shell extension 'powershell' for command environment: Not usable outside of PowerShell
[5.640s] DEBUG:colcon.colcon_core.shell:Skip shell extension 'dsv' for command environment
[5.850s] INFO:colcon.colcon_ros.task.ament_python.build:Building ROS package in '/home/administrator/arduinobot_ws/src/arduinobot_py_examples' with build type 'ament_python'
[5.850s] Level 1:colcon.colcon_core.shell:create_environment_hook('arduinobot_py_examples', 'ament_prefix_path')
[5.850s] INFO:colcon.colcon_core.shell:Creating environment hook '/home/administrator/arduinobot_ws/install/arduinobot_py_examples/share/arduinobot_py_examples/hook/ament_prefix_path.ps1'
[5.876s] INFO:colcon.colcon_core.shell:Creating environment descriptor '/home/administrator/arduinobot_ws/install/arduinobot_py_examples/share/arduinobot_py_examples/hook/ament_prefix_path.dsv'
[5.971s] INFO:colcon.colcon_core.shell:Creating environment hook '/home/administrator/arduinobot_ws/install/arduinobot_py_examples/share/arduinobot_py_examples/hook/ament_prefix_path.sh'
[5.990s] INFO:colcon.colcon_core.shell:Skip shell extension 'powershell' for command environment: Not usable outside of PowerShell
[6.025s] DEBUG:colcon.colcon_core.shell:Skip shell extension 'dsv' for command environment
[6.260s] DEBUG:colcon.colcon_core.event_handler.log_command:Invoking command in '/home/administrator/arduinobot_ws/build/arduinobot_controller': CMAKE_PREFIX_PATH=${CMAKE_PREFIX_PATH}:/opt/ros/jazzy DEBUGINFOD_URLS=https://debuginfod.ubuntu.com /usr/bin/cmake --build /home/administrator/arduinobot_ws/build/arduinobot_controller -- -j4 -l4
[6.309s] DEBUG:colcon.colcon_core.event_handler.log_command:Invoking command in '/home/administrator/arduinobot_ws/build/arduinobot_description': CMAKE_PREFIX_PATH=${CMAKE_PREFIX_PATH}:/opt/ros/jazzy DEBUGINFOD_URLS=https://debuginfod.ubuntu.com /usr/bin/cmake --build /home/administrator/arduinobot_ws/build/arduinobot_description -- -j4 -l4
[9.636s] INFO:colcon.colcon_core.task.python.build:Building Python package in '/home/administrator/arduinobot_ws/src/arduinobot_py_examples'
[9.636s] INFO:colcon.colcon_core.shell:Skip shell extension 'powershell' for command environment: Not usable outside of PowerShell
[9.637s] DEBUG:colcon.colcon_core.shell:Skip shell extension 'dsv' for command environment
[9.675s] DEBUG:colcon.colcon_core.event_handler.log_command:Invoked command in '/home/administrator/arduinobot_ws/build/arduinobot_description' returned '0': CMAKE_PREFIX_PATH=${CMAKE_PREFIX_PATH}:/opt/ros/jazzy DEBUGINFOD_URLS=https://debuginfod.ubuntu.com /usr/bin/cmake --build /home/administrator/arduinobot_ws/build/arduinobot_description -- -j4 -l4
[9.731s] DEBUG:colcon.colcon_core.event_handler.log_command:Invoking command in '/home/administrator/arduinobot_ws/build/arduinobot_description': CMAKE_PREFIX_PATH=${CMAKE_PREFIX_PATH}:/opt/ros/jazzy DEBUGINFOD_URLS=https://debuginfod.ubuntu.com /usr/bin/cmake --install /home/administrator/arduinobot_ws/build/arduinobot_description
[9.735s] DEBUG:colcon.colcon_core.event_handler.log_command:Invoked command in '/home/administrator/arduinobot_ws/build/arduinobot_controller' returned '0': CMAKE_PREFIX_PATH=${CMAKE_PREFIX_PATH}:/opt/ros/jazzy DEBUGINFOD_URLS=https://debuginfod.ubuntu.com /usr/bin/cmake --build /home/administrator/arduinobot_ws/build/arduinobot_controller -- -j4 -l4
[9.743s] DEBUG:colcon.colcon_core.event_handler.log_command:Invoking command in '/home/administrator/arduinobot_ws/build/arduinobot_controller': CMAKE_PREFIX_PATH=${CMAKE_PREFIX_PATH}:/opt/ros/jazzy DEBUGINFOD_URLS=https://debuginfod.ubuntu.com /usr/bin/cmake --install /home/administrator/arduinobot_ws/build/arduinobot_controller
[9.824s] Level 1:colcon.colcon_core.environment:create_environment_scripts_only(arduinobot_description)
[9.856s] DEBUG:colcon.colcon_core.event_handler.log_command:Invoked command in '/home/administrator/arduinobot_ws/build/arduinobot_description' returned '0': CMAKE_PREFIX_PATH=${CMAKE_PREFIX_PATH}:/opt/ros/jazzy DEBUGINFOD_URLS=https://debuginfod.ubuntu.com /usr/bin/cmake --install /home/administrator/arduinobot_ws/build/arduinobot_description
[9.893s] Level 1:colcon.colcon_core.environment:checking '/home/administrator/arduinobot_ws/install/arduinobot_description' for CMake module files
[9.898s] Level 1:colcon.colcon_core.environment:checking '/home/administrator/arduinobot_ws/install/arduinobot_description' for CMake config files
[9.909s] Level 1:colcon.colcon_core.shell:create_environment_hook('arduinobot_description', 'cmake_prefix_path')
[9.910s] INFO:colcon.colcon_core.shell:Creating environment hook '/home/administrator/arduinobot_ws/install/arduinobot_description/share/arduinobot_description/hook/cmake_prefix_path.ps1'
[9.914s] INFO:colcon.colcon_core.shell:Creating environment descriptor '/home/administrator/arduinobot_ws/install/arduinobot_description/share/arduinobot_description/hook/cmake_prefix_path.dsv'
[9.918s] INFO:colcon.colcon_core.shell:Creating environment hook '/home/administrator/arduinobot_ws/install/arduinobot_description/share/arduinobot_description/hook/cmake_prefix_path.sh'
[9.923s] Level 1:colcon.colcon_core.environment:checking '/home/administrator/arduinobot_ws/install/arduinobot_description/bin'
[9.924s] Level 1:colcon.colcon_core.environment:checking '/home/administrator/arduinobot_ws/install/arduinobot_description/lib/pkgconfig/arduinobot_description.pc'
[9.925s] Level 1:colcon.colcon_core.environment:checking '/home/administrator/arduinobot_ws/install/arduinobot_description/lib/python3.12/site-packages'
[9.926s] Level 1:colcon.colcon_core.environment:checking '/home/administrator/arduinobot_ws/install/arduinobot_description/bin'
[9.928s] INFO:colcon.colcon_core.shell:Creating package script '/home/administrator/arduinobot_ws/install/arduinobot_description/share/arduinobot_description/package.ps1'
[9.942s] INFO:colcon.colcon_core.shell:Creating package descriptor '/home/administrator/arduinobot_ws/install/arduinobot_description/share/arduinobot_description/package.dsv'
[9.946s] INFO:colcon.colcon_core.shell:Creating package script '/home/administrator/arduinobot_ws/install/arduinobot_description/share/arduinobot_description/package.sh'
[9.951s] INFO:colcon.colcon_core.shell:Creating package script '/home/administrator/arduinobot_ws/install/arduinobot_description/share/arduinobot_description/package.bash'
[9.957s] INFO:colcon.colcon_core.shell:Creating package script '/home/administrator/arduinobot_ws/install/arduinobot_description/share/arduinobot_description/package.zsh'
[9.961s] Level 1:colcon.colcon_core.environment:create_file_with_runtime_dependencies(/home/administrator/arduinobot_ws/install/arduinobot_description/share/colcon-core/packages/arduinobot_description)
[9.965s] Level 1:colcon.colcon_core.environment:create_environment_scripts_only(arduinobot_description)
[9.969s] Level 1:colcon.colcon_core.environment:checking '/home/administrator/arduinobot_ws/install/arduinobot_description' for CMake module files
[9.973s] Level 1:colcon.colcon_core.environment:checking '/home/administrator/arduinobot_ws/install/arduinobot_description' for CMake config files
[9.973s] Level 1:colcon.colcon_core.shell:create_environment_hook('arduinobot_description', 'cmake_prefix_path')
[9.975s] INFO:colcon.colcon_core.shell:Creating environment hook '/home/administrator/arduinobot_ws/install/arduinobot_description/share/arduinobot_description/hook/cmake_prefix_path.ps1'
[9.978s] INFO:colcon.colcon_core.shell:Creating environment descriptor '/home/administrator/arduinobot_ws/install/arduinobot_description/share/arduinobot_description/hook/cmake_prefix_path.dsv'
[9.980s] INFO:colcon.colcon_core.shell:Creating environment hook '/home/administrator/arduinobot_ws/install/arduinobot_description/share/arduinobot_description/hook/cmake_prefix_path.sh'
[9.982s] Level 1:colcon.colcon_core.environment:checking '/home/administrator/arduinobot_ws/install/arduinobot_description/bin'
[9.982s] Level 1:colcon.colcon_core.environment:checking '/home/administrator/arduinobot_ws/install/arduinobot_description/lib/pkgconfig/arduinobot_description.pc'
[9.985s] Level 1:colcon.colcon_core.environment:checking '/home/administrator/arduinobot_ws/install/arduinobot_description/lib/python3.12/site-packages'
[9.985s] Level 1:colcon.colcon_core.environment:checking '/home/administrator/arduinobot_ws/install/arduinobot_description/bin'
[9.986s] INFO:colcon.colcon_core.shell:Creating package script '/home/administrator/arduinobot_ws/install/arduinobot_description/share/arduinobot_description/package.ps1'
[9.988s] INFO:colcon.colcon_core.shell:Creating package descriptor '/home/administrator/arduinobot_ws/install/arduinobot_description/share/arduinobot_description/package.dsv'
[10.003s] INFO:colcon.colcon_core.shell:Creating package script '/home/administrator/arduinobot_ws/install/arduinobot_description/share/arduinobot_description/package.sh'
[10.013s] INFO:colcon.colcon_core.shell:Creating package script '/home/administrator/arduinobot_ws/install/arduinobot_description/share/arduinobot_description/package.bash'
[10.024s] INFO:colcon.colcon_core.shell:Creating package script '/home/administrator/arduinobot_ws/install/arduinobot_description/share/arduinobot_description/package.zsh'
[10.031s] Level 1:colcon.colcon_core.environment:create_file_with_runtime_dependencies(/home/administrator/arduinobot_ws/install/arduinobot_description/share/colcon-core/packages/arduinobot_description)
[10.038s] Level 1:colcon.colcon_core.environment:create_environment_scripts_only(arduinobot_controller)
[10.039s] Level 1:colcon.colcon_core.environment:checking '/home/administrator/arduinobot_ws/install/arduinobot_controller' for CMake module files
[10.041s] Level 1:colcon.colcon_core.environment:checking '/home/administrator/arduinobot_ws/install/arduinobot_controller' for CMake config files
[10.043s] Level 1:colcon.colcon_core.shell:create_environment_hook('arduinobot_controller', 'cmake_prefix_path')
[10.043s] INFO:colcon.colcon_core.shell:Creating environment hook '/home/administrator/arduinobot_ws/install/arduinobot_controller/share/arduinobot_controller/hook/cmake_prefix_path.ps1'
[10.045s] INFO:colcon.colcon_core.shell:Creating environment descriptor '/home/administrator/arduinobot_ws/install/arduinobot_controller/share/arduinobot_controller/hook/cmake_prefix_path.dsv'
[10.046s] INFO:colcon.colcon_core.shell:Creating environment hook '/home/administrator/arduinobot_ws/install/arduinobot_controller/share/arduinobot_controller/hook/cmake_prefix_path.sh'
[10.049s] DEBUG:colcon.colcon_core.event_handler.log_command:Invoked command in '/home/administrator/arduinobot_ws/build/arduinobot_controller' returned '0': CMAKE_PREFIX_PATH=${CMAKE_PREFIX_PATH}:/opt/ros/jazzy DEBUGINFOD_URLS=https://debuginfod.ubuntu.com /usr/bin/cmake --install /home/administrator/arduinobot_ws/build/arduinobot_controller
[10.050s] Level 1:colcon.colcon_core.environment:checking '/home/administrator/arduinobot_ws/install/arduinobot_controller/bin'
[10.050s] Level 1:colcon.colcon_core.environment:checking '/home/administrator/arduinobot_ws/install/arduinobot_controller/lib/pkgconfig/arduinobot_controller.pc'
[10.051s] Level 1:colcon.colcon_core.environment:checking '/home/administrator/arduinobot_ws/install/arduinobot_controller/lib/python3.12/site-packages'
[10.052s] Level 1:colcon.colcon_core.environment:checking '/home/administrator/arduinobot_ws/install/arduinobot_controller/bin'
[10.052s] INFO:colcon.colcon_core.shell:Creating package script '/home/administrator/arduinobot_ws/install/arduinobot_controller/share/arduinobot_controller/package.ps1'
[10.056s] INFO:colcon.colcon_core.shell:Creating package descriptor '/home/administrator/arduinobot_ws/install/arduinobot_controller/share/arduinobot_controller/package.dsv'
[10.058s] INFO:colcon.colcon_core.shell:Creating package script '/home/administrator/arduinobot_ws/install/arduinobot_controller/share/arduinobot_controller/package.sh'
[10.060s] INFO:colcon.colcon_core.shell:Creating package script '/home/administrator/arduinobot_ws/install/arduinobot_controller/share/arduinobot_controller/package.bash'
[10.062s] INFO:colcon.colcon_core.shell:Creating package script '/home/administrator/arduinobot_ws/install/arduinobot_controller/share/arduinobot_controller/package.zsh'
[10.064s] Level 1:colcon.colcon_core.environment:create_file_with_runtime_dependencies(/home/administrator/arduinobot_ws/install/arduinobot_controller/share/colcon-core/packages/arduinobot_controller)
[10.068s] Level 1:colcon.colcon_core.environment:create_environment_scripts_only(arduinobot_controller)
[10.069s] Level 1:colcon.colcon_core.environment:checking '/home/administrator/arduinobot_ws/install/arduinobot_controller' for CMake module files
[10.080s] Level 1:colcon.colcon_core.environment:checking '/home/administrator/arduinobot_ws/install/arduinobot_controller' for CMake config files
[10.081s] Level 1:colcon.colcon_core.shell:create_environment_hook('arduinobot_controller', 'cmake_prefix_path')
[10.081s] INFO:colcon.colcon_core.shell:Creating environment hook '/home/administrator/arduinobot_ws/install/arduinobot_controller/share/arduinobot_controller/hook/cmake_prefix_path.ps1'
[10.083s] INFO:colcon.colcon_core.shell:Creating environment descriptor '/home/administrator/arduinobot_ws/install/arduinobot_controller/share/arduinobot_controller/hook/cmake_prefix_path.dsv'
[10.085s] INFO:colcon.colcon_core.shell:Creating environment hook '/home/administrator/arduinobot_ws/install/arduinobot_controller/share/arduinobot_controller/hook/cmake_prefix_path.sh'
[10.087s] Level 1:colcon.colcon_core.environment:checking '/home/administrator/arduinobot_ws/install/arduinobot_controller/bin'
[10.087s] Level 1:colcon.colcon_core.environment:checking '/home/administrator/arduinobot_ws/install/arduinobot_controller/lib/pkgconfig/arduinobot_controller.pc'
[10.088s] Level 1:colcon.colcon_core.environment:checking '/home/administrator/arduinobot_ws/install/arduinobot_controller/lib/python3.12/site-packages'
[10.090s] Level 1:colcon.colcon_core.environment:checking '/home/administrator/arduinobot_ws/install/arduinobot_controller/bin'
[10.090s] INFO:colcon.colcon_core.shell:Creating package script '/home/administrator/arduinobot_ws/install/arduinobot_controller/share/arduinobot_controller/package.ps1'
[10.092s] INFO:colcon.colcon_core.shell:Creating package descriptor '/home/administrator/arduinobot_ws/install/arduinobot_controller/share/arduinobot_controller/package.dsv'
[10.099s] INFO:colcon.colcon_core.shell:Creating package script '/home/administrator/arduinobot_ws/install/arduinobot_controller/share/arduinobot_controller/package.sh'
[10.101s] INFO:colcon.colcon_core.shell:Creating package script '/home/administrator/arduinobot_ws/install/arduinobot_controller/share/arduinobot_controller/package.bash'
[10.104s] INFO:colcon.colcon_core.shell:Creating package script '/home/administrator/arduinobot_ws/install/arduinobot_controller/share/arduinobot_controller/package.zsh'
[10.105s] Level 1:colcon.colcon_core.environment:create_file_with_runtime_dependencies(/home/administrator/arduinobot_ws/install/arduinobot_controller/share/colcon-core/packages/arduinobot_controller)
[14.570s] DEBUG:colcon.colcon_core.event_handler.log_command:Invoking command in '/home/administrator/arduinobot_ws/src/arduinobot_py_examples': DEBUGINFOD_URLS=https://debuginfod.ubuntu.com PYTHONPATH=/home/administrator/arduinobot_ws/build/arduinobot_py_examples/prefix_override:/usr/lib/python3/dist-packages/colcon_core/task/python/colcon_distutils_commands:/home/administrator/arduinobot_ws/install/arduinobot_py_examples/lib/python3.12/site-packages:${PYTHONPATH} /usr/bin/python3 -W ignore:setup.py install is deprecated -W ignore:easy_install command is deprecated setup.py egg_info --egg-base ../../build/arduinobot_py_examples build --build-base /home/administrator/arduinobot_ws/build/arduinobot_py_examples/build install --record /home/administrator/arduinobot_ws/build/arduinobot_py_examples/install.log --single-version-externally-managed install_data
[16.703s] Level 1:colcon.colcon_core.environment:checking '/home/administrator/arduinobot_ws/install/arduinobot_py_examples' for CMake module files
[16.705s] Level 1:colcon.colcon_core.environment:checking '/home/administrator/arduinobot_ws/install/arduinobot_py_examples' for CMake config files
[16.709s] DEBUG:colcon.colcon_core.event_handler.log_command:Invoked command in '/home/administrator/arduinobot_ws/src/arduinobot_py_examples' returned '0': DEBUGINFOD_URLS=https://debuginfod.ubuntu.com PYTHONPATH=/home/administrator/arduinobot_ws/build/arduinobot_py_examples/prefix_override:/usr/lib/python3/dist-packages/colcon_core/task/python/colcon_distutils_commands:/home/administrator/arduinobot_ws/install/arduinobot_py_examples/lib/python3.12/site-packages:${PYTHONPATH} /usr/bin/python3 -W ignore:setup.py install is deprecated -W ignore:easy_install command is deprecated setup.py egg_info --egg-base ../../build/arduinobot_py_examples build --build-base /home/administrator/arduinobot_ws/build/arduinobot_py_examples/build install --record /home/administrator/arduinobot_ws/build/arduinobot_py_examples/install.log --single-version-externally-managed install_data
[16.710s] Level 1:colcon.colcon_core.environment:checking '/home/administrator/arduinobot_ws/install/arduinobot_py_examples/lib'
[16.710s] Level 1:colcon.colcon_core.environment:checking '/home/administrator/arduinobot_ws/install/arduinobot_py_examples/bin'
[16.710s] Level 1:colcon.colcon_core.environment:checking '/home/administrator/arduinobot_ws/install/arduinobot_py_examples/lib/pkgconfig/arduinobot_py_examples.pc'
[16.711s] Level 1:colcon.colcon_core.environment:checking '/home/administrator/arduinobot_ws/install/arduinobot_py_examples/lib/python3.12/site-packages'
[16.711s] Level 1:colcon.colcon_core.shell:create_environment_hook('arduinobot_py_examples', 'pythonpath')
[16.712s] INFO:colcon.colcon_core.shell:Creating environment hook '/home/administrator/arduinobot_ws/install/arduinobot_py_examples/share/arduinobot_py_examples/hook/pythonpath.ps1'
[16.713s] INFO:colcon.colcon_core.shell:Creating environment descriptor '/home/administrator/arduinobot_ws/install/arduinobot_py_examples/share/arduinobot_py_examples/hook/pythonpath.dsv'
[16.714s] INFO:colcon.colcon_core.shell:Creating environment hook '/home/administrator/arduinobot_ws/install/arduinobot_py_examples/share/arduinobot_py_examples/hook/pythonpath.sh'
[16.715s] Level 1:colcon.colcon_core.environment:checking '/home/administrator/arduinobot_ws/install/arduinobot_py_examples/bin'
[16.716s] Level 1:colcon.colcon_core.environment:create_environment_scripts_only(arduinobot_py_examples)
[16.716s] INFO:colcon.colcon_core.shell:Creating package script '/home/administrator/arduinobot_ws/install/arduinobot_py_examples/share/arduinobot_py_examples/package.ps1'
[16.717s] INFO:colcon.colcon_core.shell:Creating package descriptor '/home/administrator/arduinobot_ws/install/arduinobot_py_examples/share/arduinobot_py_examples/package.dsv'
[16.718s] INFO:colcon.colcon_core.shell:Creating package script '/home/administrator/arduinobot_ws/install/arduinobot_py_examples/share/arduinobot_py_examples/package.sh'
[16.722s] INFO:colcon.colcon_core.shell:Creating package script '/home/administrator/arduinobot_ws/install/arduinobot_py_examples/share/arduinobot_py_examples/package.bash'
[16.725s] INFO:colcon.colcon_core.shell:Creating package script '/home/administrator/arduinobot_ws/install/arduinobot_py_examples/share/arduinobot_py_examples/package.zsh'
[16.727s] Level 1:colcon.colcon_core.environment:create_file_with_runtime_dependencies(/home/administrator/arduinobot_ws/install/arduinobot_py_examples/share/colcon-core/packages/arduinobot_py_examples)
[16.728s] DEBUG:colcon.colcon_parallel_executor.executor.parallel:closing loop
[16.728s] DEBUG:colcon.colcon_parallel_executor.executor.parallel:loop closed
[16.729s] DEBUG:colcon.colcon_parallel_executor.executor.parallel:run_until_complete finished with '0'
[16.729s] DEBUG:colcon.colcon_core.event_reactor:joining thread
[16.761s] INFO:colcon.colcon_core.plugin_system:Skipping extension 'colcon_notification.desktop_notification.terminal_notifier': Not used on non-Darwin systems
[16.761s] INFO:colcon.colcon_core.plugin_system:Skipping extension 'colcon_notification.desktop_notification.win32': Not used on non-Windows systems
[16.761s] INFO:colcon.colcon_notification.desktop_notification:Sending desktop notification using 'notify2'
[16.832s] DEBUG:colcon.colcon_core.event_reactor:joined thread
[16.832s] INFO:colcon.colcon_core.shell:Creating prefix script '/home/administrator/arduinobot_ws/install/local_setup.ps1'
[16.835s] INFO:colcon.colcon_core.shell:Creating prefix util module '/home/administrator/arduinobot_ws/install/_local_setup_util_ps1.py'
[16.845s] INFO:colcon.colcon_core.shell:Creating prefix chain script '/home/administrator/arduinobot_ws/install/setup.ps1'
[16.852s] INFO:colcon.colcon_core.shell:Creating prefix script '/home/administrator/arduinobot_ws/install/local_setup.sh'
[16.855s] INFO:colcon.colcon_core.shell:Creating prefix util module '/home/administrator/arduinobot_ws/install/_local_setup_util_sh.py'
[16.856s] INFO:colcon.colcon_core.shell:Creating prefix chain script '/home/administrator/arduinobot_ws/install/setup.sh'
[16.859s] INFO:colcon.colcon_core.shell:Creating prefix script '/home/administrator/arduinobot_ws/install/local_setup.bash'
[16.860s] INFO:colcon.colcon_core.shell:Creating prefix chain script '/home/administrator/arduinobot_ws/install/setup.bash'
[16.863s] INFO:colcon.colcon_core.shell:Creating prefix script '/home/administrator/arduinobot_ws/install/local_setup.zsh'
[16.865s] INFO:colcon.colcon_core.shell:Creating prefix chain script '/home/administrator/arduinobot_ws/install/setup.zsh'
