[0.025s] Invoking command in '/home/adam-falkowski/arduinobot_ws/build/arduinobot_controller': CMAKE_PREFIX_PATH=${CMAKE_PREFIX_PATH}:/opt/ros/jazzy DEBUGINFOD_URLS=https://debuginfod.ubuntu.com /usr/bin/cmake /home/adam-falkowski/arduinobot_ws/src/arduinobot_controller -DCMAKE_INSTALL_PREFIX=/home/adam-falkowski/arduinobot_ws/install/arduinobot_controller
[0.098s] -- The C compiler identification is GNU 13.3.0
[0.175s] -- The CXX compiler identification is GNU 13.3.0
[0.196s] -- Detecting C compiler ABI info
[0.313s] -- Detecting C compiler ABI info - done
[0.326s] -- Check for working C compiler: /usr/bin/cc - skipped
[0.327s] -- Detecting C compile features
[0.327s] -- Detecting C compile features - done
[0.341s] -- Detecting CXX compiler ABI info
[0.483s] -- Detecting CXX compiler ABI info - done
[0.497s] -- Check for working CXX compiler: /usr/bin/c++ - skipped
[0.497s] -- Detecting CXX compile features
[0.498s] -- Detecting CXX compile features - done
[0.505s] -- Found ament_cmake: 2.5.3 (/opt/ros/jazzy/share/ament_cmake/cmake)
[0.708s] -- Found Python3: /usr/bin/python3 (found version "3.12.3") found components: Interpreter 
[0.881s] -- Found ament_lint_auto: 0.17.1 (/opt/ros/jazzy/share/ament_lint_auto/cmake)
[1.024s] -- Added test 'flake8' to check Python code syntax and style conventions
[1.025s] -- Configured 'flake8' exclude dirs and/or files: 
[1.026s] -- Added test 'lint_cmake' to check CMake code style
[1.027s] -- Added test 'pep257' to check Python code against some of the docstring style conventions in PEP 257
[1.028s] -- Added test 'xmllint' to check XML markup files
[1.031s] -- Configuring done (1.0s)
[1.036s] -- Generating done (0.0s)
[1.038s] -- Build files have been written to: /home/adam-falkowski/arduinobot_ws/build/arduinobot_controller
[1.044s] Invoked command in '/home/adam-falkowski/arduinobot_ws/build/arduinobot_controller' returned '0': CMAKE_PREFIX_PATH=${CMAKE_PREFIX_PATH}:/opt/ros/jazzy DEBUGINFOD_URLS=https://debuginfod.ubuntu.com /usr/bin/cmake /home/adam-falkowski/arduinobot_ws/src/arduinobot_controller -DCMAKE_INSTALL_PREFIX=/home/adam-falkowski/arduinobot_ws/install/arduinobot_controller
[1.045s] Invoking command in '/home/adam-falkowski/arduinobot_ws/build/arduinobot_controller': CMAKE_PREFIX_PATH=${CMAKE_PREFIX_PATH}:/opt/ros/jazzy DEBUGINFOD_URLS=https://debuginfod.ubuntu.com /usr/bin/cmake --build /home/adam-falkowski/arduinobot_ws/build/arduinobot_controller -- -j12 -l12
[1.098s] Invoked command in '/home/adam-falkowski/arduinobot_ws/build/arduinobot_controller' returned '0': CMAKE_PREFIX_PATH=${CMAKE_PREFIX_PATH}:/opt/ros/jazzy DEBUGINFOD_URLS=https://debuginfod.ubuntu.com /usr/bin/cmake --build /home/adam-falkowski/arduinobot_ws/build/arduinobot_controller -- -j12 -l12
[1.111s] Invoking command in '/home/adam-falkowski/arduinobot_ws/build/arduinobot_controller': CMAKE_PREFIX_PATH=${CMAKE_PREFIX_PATH}:/opt/ros/jazzy DEBUGINFOD_URLS=https://debuginfod.ubuntu.com /usr/bin/cmake --install /home/adam-falkowski/arduinobot_ws/build/arduinobot_controller
[1.122s] -- Install configuration: ""
[1.122s] -- Up-to-date: /home/adam-falkowski/arduinobot_ws/install/arduinobot_controller/share/arduinobot_controller/config
[1.122s] -- Up-to-date: /home/adam-falkowski/arduinobot_ws/install/arduinobot_controller/share/arduinobot_controller/config/arduinobot_controllers.yaml
[1.122s] -- Up-to-date: /home/adam-falkowski/arduinobot_ws/install/arduinobot_controller/share/arduinobot_controller/launch
[1.123s] -- Up-to-date: /home/adam-falkowski/arduinobot_ws/install/arduinobot_controller/share/arduinobot_controller/launch/controller.launch.py
[1.123s] -- Installing: /home/adam-falkowski/arduinobot_ws/install/arduinobot_controller/share/ament_index/resource_index/package_run_dependencies/arduinobot_controller
[1.123s] -- Installing: /home/adam-falkowski/arduinobot_ws/install/arduinobot_controller/share/ament_index/resource_index/parent_prefix_path/arduinobot_controller
[1.123s] -- Up-to-date: /home/adam-falkowski/arduinobot_ws/install/arduinobot_controller/share/arduinobot_controller/environment/ament_prefix_path.sh
[1.123s] -- Installing: /home/adam-falkowski/arduinobot_ws/install/arduinobot_controller/share/arduinobot_controller/environment/ament_prefix_path.dsv
[1.124s] -- Up-to-date: /home/adam-falkowski/arduinobot_ws/install/arduinobot_controller/share/arduinobot_controller/environment/path.sh
[1.124s] -- Installing: /home/adam-falkowski/arduinobot_ws/install/arduinobot_controller/share/arduinobot_controller/environment/path.dsv
[1.124s] -- Installing: /home/adam-falkowski/arduinobot_ws/install/arduinobot_controller/share/arduinobot_controller/local_setup.bash
[1.124s] -- Installing: /home/adam-falkowski/arduinobot_ws/install/arduinobot_controller/share/arduinobot_controller/local_setup.sh
[1.124s] -- Installing: /home/adam-falkowski/arduinobot_ws/install/arduinobot_controller/share/arduinobot_controller/local_setup.zsh
[1.124s] -- Installing: /home/adam-falkowski/arduinobot_ws/install/arduinobot_controller/share/arduinobot_controller/local_setup.dsv
[1.124s] -- Installing: /home/adam-falkowski/arduinobot_ws/install/arduinobot_controller/share/arduinobot_controller/package.dsv
[1.125s] -- Installing: /home/adam-falkowski/arduinobot_ws/install/arduinobot_controller/share/ament_index/resource_index/packages/arduinobot_controller
[1.125s] -- Installing: /home/adam-falkowski/arduinobot_ws/install/arduinobot_controller/share/arduinobot_controller/cmake/arduinobot_controllerConfig.cmake
[1.125s] -- Installing: /home/adam-falkowski/arduinobot_ws/install/arduinobot_controller/share/arduinobot_controller/cmake/arduinobot_controllerConfig-version.cmake
[1.125s] -- Up-to-date: /home/adam-falkowski/arduinobot_ws/install/arduinobot_controller/share/arduinobot_controller/package.xml
[1.127s] Invoked command in '/home/adam-falkowski/arduinobot_ws/build/arduinobot_controller' returned '0': CMAKE_PREFIX_PATH=${CMAKE_PREFIX_PATH}:/opt/ros/jazzy DEBUGINFOD_URLS=https://debuginfod.ubuntu.com /usr/bin/cmake --install /home/adam-falkowski/arduinobot_ws/build/arduinobot_controller
