[0.060s] Invoking command in '/home/administrator/arduinobot_ws/build/arduinobot_description': CMAKE_PREFIX_PATH=${CMAKE_PREFIX_PATH}:/opt/ros/jazzy DEBUGINFOD_URLS=https://debuginfod.ubuntu.com /usr/bin/cmake --build /home/administrator/arduinobot_ws/build/arduinobot_description -- -j1 -l1
[0.158s] -- Found ament_cmake: 2.5.3 (/opt/ros/jazzy/share/ament_cmake/cmake)
[0.579s] -- Found ament_lint_auto: 0.17.1 (/opt/ros/jazzy/share/ament_lint_auto/cmake)
[0.962s] -- Added test 'lint_cmake' to check CMake code style
[0.972s] -- Added test 'xmllint' to check XML markup files
[0.981s] -- Configuring done (0.9s)
[1.007s] -- Generating done (0.0s)
[1.018s] -- Build files have been written to: /home/administrator/arduinobot_ws/build/arduinobot_description
[1.084s] Invoked command in '/home/administrator/arduinobot_ws/build/arduinobot_description' returned '0': CMAKE_PREFIX_PATH=${CMAKE_PREFIX_PATH}:/opt/ros/jazzy DEBUGINFOD_URLS=https://debuginfod.ubuntu.com /usr/bin/cmake --build /home/administrator/arduinobot_ws/build/arduinobot_description -- -j1 -l1
[1.089s] Invoking command in '/home/administrator/arduinobot_ws/build/arduinobot_description': CMAKE_PREFIX_PATH=${CMAKE_PREFIX_PATH}:/opt/ros/jazzy DEBUGINFOD_URLS=https://debuginfod.ubuntu.com /usr/bin/cmake --install /home/administrator/arduinobot_ws/build/arduinobot_description
[1.101s] -- Install configuration: ""
[1.102s] -- Installing: /home/administrator/arduinobot_ws/install/arduinobot_description/share/arduinobot_description/meshes
[1.102s] -- Installing: /home/administrator/arduinobot_ws/install/arduinobot_description/share/arduinobot_description/meshes/forward_drive_arm.STL
[1.124s] -- Installing: /home/administrator/arduinobot_ws/install/arduinobot_description/share/arduinobot_description/meshes/servo_plate.STL
[1.131s] -- Installing: /home/administrator/arduinobot_ws/install/arduinobot_description/share/arduinobot_description/meshes/left_finger.STL
[1.132s] -- Installing: /home/administrator/arduinobot_ws/install/arduinobot_description/share/arduinobot_description/meshes/plate.STL
[1.166s] -- Installing: /home/administrator/arduinobot_ws/install/arduinobot_description/share/arduinobot_description/meshes/basement.STL
[1.174s] -- Installing: /home/administrator/arduinobot_ws/install/arduinobot_description/share/arduinobot_description/meshes/link.STL
[1.183s] -- Installing: /home/administrator/arduinobot_ws/install/arduinobot_description/share/arduinobot_description/meshes/claw_support.STL
[1.188s] -- Installing: /home/administrator/arduinobot_ws/install/arduinobot_description/share/arduinobot_description/meshes/base_plate.STL
[1.204s] -- Installing: /home/administrator/arduinobot_ws/install/arduinobot_description/share/arduinobot_description/meshes/round_plate.STL
[1.208s] -- Installing: /home/administrator/arduinobot_ws/install/arduinobot_description/share/arduinobot_description/meshes/vertical_drive_arm.STL
[1.215s] -- Installing: /home/administrator/arduinobot_ws/install/arduinobot_description/share/arduinobot_description/meshes/right_finger.STL
[1.216s] -- Installing: /home/administrator/arduinobot_ws/install/arduinobot_description/share/arduinobot_description/meshes/triangular_link.STL
[1.227s] -- Installing: /home/administrator/arduinobot_ws/install/arduinobot_description/share/arduinobot_description/meshes/horizontal_arm.STL
[1.262s] -- Installing: /home/administrator/arduinobot_ws/install/arduinobot_description/share/arduinobot_description/urdf
[1.264s] -- Installing: /home/administrator/arduinobot_ws/install/arduinobot_description/share/arduinobot_description/urdf/arduinobot.urdf.xacro
[1.267s] -- Up-to-date: /home/administrator/arduinobot_ws/install/arduinobot_description/share/ament_index/resource_index/package_run_dependencies/arduinobot_description
[1.267s] -- Up-to-date: /home/administrator/arduinobot_ws/install/arduinobot_description/share/ament_index/resource_index/parent_prefix_path/arduinobot_description
[1.268s] -- Installing: /home/administrator/arduinobot_ws/install/arduinobot_description/share/arduinobot_description/environment/ament_prefix_path.sh
[1.268s] -- Up-to-date: /home/administrator/arduinobot_ws/install/arduinobot_description/share/arduinobot_description/environment/ament_prefix_path.dsv
[1.269s] -- Installing: /home/administrator/arduinobot_ws/install/arduinobot_description/share/arduinobot_description/environment/path.sh
[1.269s] -- Up-to-date: /home/administrator/arduinobot_ws/install/arduinobot_description/share/arduinobot_description/environment/path.dsv
[1.269s] -- Up-to-date: /home/administrator/arduinobot_ws/install/arduinobot_description/share/arduinobot_description/local_setup.bash
[1.270s] -- Up-to-date: /home/administrator/arduinobot_ws/install/arduinobot_description/share/arduinobot_description/local_setup.sh
[1.270s] -- Up-to-date: /home/administrator/arduinobot_ws/install/arduinobot_description/share/arduinobot_description/local_setup.zsh
[1.274s] -- Up-to-date: /home/administrator/arduinobot_ws/install/arduinobot_description/share/arduinobot_description/local_setup.dsv
[1.274s] -- Up-to-date: /home/administrator/arduinobot_ws/install/arduinobot_description/share/arduinobot_description/package.dsv
[1.274s] -- Up-to-date: /home/administrator/arduinobot_ws/install/arduinobot_description/share/ament_index/resource_index/packages/arduinobot_description
[1.275s] -- Up-to-date: /home/administrator/arduinobot_ws/install/arduinobot_description/share/arduinobot_description/cmake/arduinobot_descriptionConfig.cmake
[1.275s] -- Up-to-date: /home/administrator/arduinobot_ws/install/arduinobot_description/share/arduinobot_description/cmake/arduinobot_descriptionConfig-version.cmake
[1.275s] -- Up-to-date: /home/administrator/arduinobot_ws/install/arduinobot_description/share/arduinobot_description/package.xml
[1.285s] Invoked command in '/home/administrator/arduinobot_ws/build/arduinobot_description' returned '0': CMAKE_PREFIX_PATH=${CMAKE_PREFIX_PATH}:/opt/ros/jazzy DEBUGINFOD_URLS=https://debuginfod.ubuntu.com /usr/bin/cmake --install /home/administrator/arduinobot_ws/build/arduinobot_description
