[0.021s] Invoking command in '/home/administrator/arduinobot_ws/build/arduinobot_cpp_exampled': CMAKE_PREFIX_PATH=${CMAKE_PREFIX_PATH}:/opt/ros/jazzy DEBUGINFOD_URLS=https://debuginfod.ubuntu.com /usr/bin/cmake /home/administrator/arduinobot_ws/src/arduinobot_cpp_examples -DCMAKE_INSTALL_PREFIX=/home/administrator/arduinobot_ws/install/arduinobot_cpp_exampled
[0.107s] -- The C compiler identification is GNU 13.3.0
[0.179s] -- The CXX compiler identification is GNU 13.3.0
[0.197s] -- Detecting C compiler ABI info
[0.349s] -- Detecting C compiler ABI info - done
[0.361s] -- Check for working C compiler: /usr/bin/cc - skipped
[0.361s] -- Detecting C compile features
[0.362s] -- Detecting C compile features - done
[0.373s] -- Detecting CXX compiler ABI info
[0.516s] -- Detecting CXX compiler ABI info - done
[0.542s] -- Check for working CXX compiler: /usr/bin/c++ - skipped
[0.542s] -- Detecting CXX compile features
[0.543s] -- Detecting CXX compile features - done
[0.549s] -- Found ament_cmake: 2.5.2 (/opt/ros/jazzy/share/ament_cmake/cmake)
[0.742s] -- Found Python3: /usr/bin/python3 (found version "3.12.3") found components: Interpreter 
[0.904s] -- Found ament_lint_auto: 0.17.1 (/opt/ros/jazzy/share/ament_lint_auto/cmake)
[1.064s] -- Added test 'lint_cmake' to check CMake code style
[1.065s] -- Added test 'xmllint' to check XML markup files
[1.069s] -- Configuring done (1.0s)
[1.073s] -- Generating done (0.0s)
[1.073s] -- Build files have been written to: /home/administrator/arduinobot_ws/build/arduinobot_cpp_exampled
[1.078s] Invoked command in '/home/administrator/arduinobot_ws/build/arduinobot_cpp_exampled' returned '0': CMAKE_PREFIX_PATH=${CMAKE_PREFIX_PATH}:/opt/ros/jazzy DEBUGINFOD_URLS=https://debuginfod.ubuntu.com /usr/bin/cmake /home/administrator/arduinobot_ws/src/arduinobot_cpp_examples -DCMAKE_INSTALL_PREFIX=/home/administrator/arduinobot_ws/install/arduinobot_cpp_exampled
[1.079s] Invoking command in '/home/administrator/arduinobot_ws/build/arduinobot_cpp_exampled': CMAKE_PREFIX_PATH=${CMAKE_PREFIX_PATH}:/opt/ros/jazzy DEBUGINFOD_URLS=https://debuginfod.ubuntu.com /usr/bin/cmake --build /home/administrator/arduinobot_ws/build/arduinobot_cpp_exampled -- -j1 -l1
[1.147s] Invoked command in '/home/administrator/arduinobot_ws/build/arduinobot_cpp_exampled' returned '0': CMAKE_PREFIX_PATH=${CMAKE_PREFIX_PATH}:/opt/ros/jazzy DEBUGINFOD_URLS=https://debuginfod.ubuntu.com /usr/bin/cmake --build /home/administrator/arduinobot_ws/build/arduinobot_cpp_exampled -- -j1 -l1
[1.162s] Invoking command in '/home/administrator/arduinobot_ws/build/arduinobot_cpp_exampled': CMAKE_PREFIX_PATH=${CMAKE_PREFIX_PATH}:/opt/ros/jazzy DEBUGINFOD_URLS=https://debuginfod.ubuntu.com /usr/bin/cmake --install /home/administrator/arduinobot_ws/build/arduinobot_cpp_exampled
[1.172s] -- Install configuration: ""
[1.172s] -- Installing: /home/administrator/arduinobot_ws/install/arduinobot_cpp_exampled/share/ament_index/resource_index/package_run_dependencies/arduinobot_cpp_exampled
[1.173s] -- Installing: /home/administrator/arduinobot_ws/install/arduinobot_cpp_exampled/share/ament_index/resource_index/parent_prefix_path/arduinobot_cpp_exampled
[1.173s] -- Installing: /home/administrator/arduinobot_ws/install/arduinobot_cpp_exampled/share/arduinobot_cpp_exampled/environment/ament_prefix_path.sh
[1.173s] -- Installing: /home/administrator/arduinobot_ws/install/arduinobot_cpp_exampled/share/arduinobot_cpp_exampled/environment/ament_prefix_path.dsv
[1.174s] -- Installing: /home/administrator/arduinobot_ws/install/arduinobot_cpp_exampled/share/arduinobot_cpp_exampled/environment/path.sh
[1.174s] -- Installing: /home/administrator/arduinobot_ws/install/arduinobot_cpp_exampled/share/arduinobot_cpp_exampled/environment/path.dsv
[1.174s] -- Installing: /home/administrator/arduinobot_ws/install/arduinobot_cpp_exampled/share/arduinobot_cpp_exampled/local_setup.bash
[1.175s] -- Installing: /home/administrator/arduinobot_ws/install/arduinobot_cpp_exampled/share/arduinobot_cpp_exampled/local_setup.sh
[1.175s] -- Installing: /home/administrator/arduinobot_ws/install/arduinobot_cpp_exampled/share/arduinobot_cpp_exampled/local_setup.zsh
[1.175s] -- Installing: /home/administrator/arduinobot_ws/install/arduinobot_cpp_exampled/share/arduinobot_cpp_exampled/local_setup.dsv
[1.176s] -- Installing: /home/administrator/arduinobot_ws/install/arduinobot_cpp_exampled/share/arduinobot_cpp_exampled/package.dsv
[1.176s] -- Installing: /home/administrator/arduinobot_ws/install/arduinobot_cpp_exampled/share/ament_index/resource_index/packages/arduinobot_cpp_exampled
[1.176s] -- Installing: /home/administrator/arduinobot_ws/install/arduinobot_cpp_exampled/share/arduinobot_cpp_exampled/cmake/arduinobot_cpp_exampledConfig.cmake
[1.176s] -- Installing: /home/administrator/arduinobot_ws/install/arduinobot_cpp_exampled/share/arduinobot_cpp_exampled/cmake/arduinobot_cpp_exampledConfig-version.cmake
[1.176s] -- Installing: /home/administrator/arduinobot_ws/install/arduinobot_cpp_exampled/share/arduinobot_cpp_exampled/package.xml
[1.179s] Invoked command in '/home/administrator/arduinobot_ws/build/arduinobot_cpp_exampled' returned '0': CMAKE_PREFIX_PATH=${CMAKE_PREFIX_PATH}:/opt/ros/jazzy DEBUGINFOD_URLS=https://debuginfod.ubuntu.com /usr/bin/cmake --install /home/administrator/arduinobot_ws/build/arduinobot_cpp_exampled
