[0.322s] Invoking command in '/home/adam-falkowski/arduinobot_ws/build/arduinobot_utils': AMENT_PREFIX_PATH=/home/adam-falkowski/arduinobot_ws/install/arduinobot_messages:${AMENT_PREFIX_PATH} CMAKE_PREFIX_PATH=/home/adam-falkowski/arduinobot_ws/install/arduinobot_messages:/opt/ros/jazzy/opt/gz_launch_vendor:/opt/ros/jazzy/opt/gz_sim_vendor:/opt/ros/jazzy/opt/gz_sensors_vendor:/opt/ros/jazzy/opt/gz_physics_vendor:/opt/ros/jazzy/opt/sdformat_vendor:/opt/ros/jazzy/opt/gz_gui_vendor:/opt/ros/jazzy/opt/gz_transport_vendor:/opt/ros/jazzy/opt/gz_rendering_vendor:/opt/ros/jazzy/opt/gz_plugin_vendor:/opt/ros/jazzy/opt/gz_fuel_tools_vendor:/opt/ros/jazzy/opt/gz_msgs_vendor:/opt/ros/jazzy/opt/gz_common_vendor:/opt/ros/jazzy/opt/gz_math_vendor:/opt/ros/jazzy/opt/gz_utils_vendor:/opt/ros/jazzy/opt/gz_tools_vendor:/opt/ros/jazzy/opt/gz_ogre_next_vendor:/opt/ros/jazzy/opt/gz_dartsim_vendor:/opt/ros/jazzy/opt/gz_cmake_vendor:/opt/ros/jazzy DEBUGINFOD_URLS=https://debuginfod.ubuntu.com LD_LIBRARY_PATH=/home/adam-falkowski/arduinobot_ws/install/arduinobot_messages/lib:${LD_LIBRARY_PATH} PYTHONPATH=/home/adam-falkowski/arduinobot_ws/install/arduinobot_messages/lib/python3.12/site-packages:${PYTHONPATH} /usr/bin/cmake --build /home/adam-falkowski/arduinobot_ws/build/arduinobot_utils -- -j12 -l12
[0.408s] Built target ament_cmake_python_copy_arduinobot_utils
[0.753s] running egg_info
[0.791s] writing arduinobot_utils.egg-info/PKG-INFO
[0.792s] writing dependency_links to arduinobot_utils.egg-info/dependency_links.txt
[0.792s] writing top-level names to arduinobot_utils.egg-info/top_level.txt
[0.893s] reading manifest file 'arduinobot_utils.egg-info/SOURCES.txt'
[0.893s] writing manifest file 'arduinobot_utils.egg-info/SOURCES.txt'
[0.928s] Built target ament_cmake_python_build_arduinobot_utils_egg
[0.944s] Invoked command in '/home/adam-falkowski/arduinobot_ws/build/arduinobot_utils' returned '0': AMENT_PREFIX_PATH=/home/adam-falkowski/arduinobot_ws/install/arduinobot_messages:${AMENT_PREFIX_PATH} CMAKE_PREFIX_PATH=/home/adam-falkowski/arduinobot_ws/install/arduinobot_messages:/opt/ros/jazzy/opt/gz_launch_vendor:/opt/ros/jazzy/opt/gz_sim_vendor:/opt/ros/jazzy/opt/gz_sensors_vendor:/opt/ros/jazzy/opt/gz_physics_vendor:/opt/ros/jazzy/opt/sdformat_vendor:/opt/ros/jazzy/opt/gz_gui_vendor:/opt/ros/jazzy/opt/gz_transport_vendor:/opt/ros/jazzy/opt/gz_rendering_vendor:/opt/ros/jazzy/opt/gz_plugin_vendor:/opt/ros/jazzy/opt/gz_fuel_tools_vendor:/opt/ros/jazzy/opt/gz_msgs_vendor:/opt/ros/jazzy/opt/gz_common_vendor:/opt/ros/jazzy/opt/gz_math_vendor:/opt/ros/jazzy/opt/gz_utils_vendor:/opt/ros/jazzy/opt/gz_tools_vendor:/opt/ros/jazzy/opt/gz_ogre_next_vendor:/opt/ros/jazzy/opt/gz_dartsim_vendor:/opt/ros/jazzy/opt/gz_cmake_vendor:/opt/ros/jazzy DEBUGINFOD_URLS=https://debuginfod.ubuntu.com LD_LIBRARY_PATH=/home/adam-falkowski/arduinobot_ws/install/arduinobot_messages/lib:${LD_LIBRARY_PATH} PYTHONPATH=/home/adam-falkowski/arduinobot_ws/install/arduinobot_messages/lib/python3.12/site-packages:${PYTHONPATH} /usr/bin/cmake --build /home/adam-falkowski/arduinobot_ws/build/arduinobot_utils -- -j12 -l12
[0.946s] Invoking command in '/home/adam-falkowski/arduinobot_ws/build/arduinobot_utils': AMENT_PREFIX_PATH=/home/adam-falkowski/arduinobot_ws/install/arduinobot_messages:${AMENT_PREFIX_PATH} CMAKE_PREFIX_PATH=/home/adam-falkowski/arduinobot_ws/install/arduinobot_messages:/opt/ros/jazzy/opt/gz_launch_vendor:/opt/ros/jazzy/opt/gz_sim_vendor:/opt/ros/jazzy/opt/gz_sensors_vendor:/opt/ros/jazzy/opt/gz_physics_vendor:/opt/ros/jazzy/opt/sdformat_vendor:/opt/ros/jazzy/opt/gz_gui_vendor:/opt/ros/jazzy/opt/gz_transport_vendor:/opt/ros/jazzy/opt/gz_rendering_vendor:/opt/ros/jazzy/opt/gz_plugin_vendor:/opt/ros/jazzy/opt/gz_fuel_tools_vendor:/opt/ros/jazzy/opt/gz_msgs_vendor:/opt/ros/jazzy/opt/gz_common_vendor:/opt/ros/jazzy/opt/gz_math_vendor:/opt/ros/jazzy/opt/gz_utils_vendor:/opt/ros/jazzy/opt/gz_tools_vendor:/opt/ros/jazzy/opt/gz_ogre_next_vendor:/opt/ros/jazzy/opt/gz_dartsim_vendor:/opt/ros/jazzy/opt/gz_cmake_vendor:/opt/ros/jazzy DEBUGINFOD_URLS=https://debuginfod.ubuntu.com LD_LIBRARY_PATH=/home/adam-falkowski/arduinobot_ws/install/arduinobot_messages/lib:${LD_LIBRARY_PATH} PYTHONPATH=/home/adam-falkowski/arduinobot_ws/install/arduinobot_messages/lib/python3.12/site-packages:${PYTHONPATH} /usr/bin/cmake --install /home/adam-falkowski/arduinobot_ws/build/arduinobot_utils
[0.958s] -- Install configuration: ""
[0.958s] -- Up-to-date: /home/adam-falkowski/arduinobot_ws/install/arduinobot_utils/share/arduinobot_utils/environment/pythonpath.sh
[0.958s] -- Up-to-date: /home/adam-falkowski/arduinobot_ws/install/arduinobot_utils/share/arduinobot_utils/environment/pythonpath.dsv
[0.958s] -- Up-to-date: /home/adam-falkowski/arduinobot_ws/install/arduinobot_utils/lib/python3.12/site-packages/arduinobot_utils-0.0.0-py3.12.egg-info
[0.959s] -- Installing: /home/adam-falkowski/arduinobot_ws/install/arduinobot_utils/lib/python3.12/site-packages/arduinobot_utils-0.0.0-py3.12.egg-info/PKG-INFO
[0.959s] -- Installing: /home/adam-falkowski/arduinobot_ws/install/arduinobot_utils/lib/python3.12/site-packages/arduinobot_utils-0.0.0-py3.12.egg-info/SOURCES.txt
[0.959s] -- Installing: /home/adam-falkowski/arduinobot_ws/install/arduinobot_utils/lib/python3.12/site-packages/arduinobot_utils-0.0.0-py3.12.egg-info/top_level.txt
[0.959s] -- Installing: /home/adam-falkowski/arduinobot_ws/install/arduinobot_utils/lib/python3.12/site-packages/arduinobot_utils-0.0.0-py3.12.egg-info/dependency_links.txt
[0.960s] -- Up-to-date: /home/adam-falkowski/arduinobot_ws/install/arduinobot_utils/lib/python3.12/site-packages/arduinobot_utils
[0.960s] -- Up-to-date: /home/adam-falkowski/arduinobot_ws/install/arduinobot_utils/lib/python3.12/site-packages/arduinobot_utils/__init__.py
[0.960s] -- Up-to-date: /home/adam-falkowski/arduinobot_ws/install/arduinobot_utils/lib/python3.12/site-packages/arduinobot_utils/angle_conversion.py
[1.008s] Listing '/home/adam-falkowski/arduinobot_ws/install/arduinobot_utils/lib/python3.12/site-packages/arduinobot_utils'...
[1.015s] -- Up-to-date: /home/adam-falkowski/arduinobot_ws/install/arduinobot_utils/lib/arduinobot_utils/angle_conversion.py
[1.015s] -- Up-to-date: /home/adam-falkowski/arduinobot_ws/install/arduinobot_utils/share/ament_index/resource_index/package_run_dependencies/arduinobot_utils
[1.015s] -- Up-to-date: /home/adam-falkowski/arduinobot_ws/install/arduinobot_utils/share/ament_index/resource_index/parent_prefix_path/arduinobot_utils
[1.015s] -- Up-to-date: /home/adam-falkowski/arduinobot_ws/install/arduinobot_utils/share/arduinobot_utils/environment/ament_prefix_path.sh
[1.015s] -- Up-to-date: /home/adam-falkowski/arduinobot_ws/install/arduinobot_utils/share/arduinobot_utils/environment/ament_prefix_path.dsv
[1.015s] -- Up-to-date: /home/adam-falkowski/arduinobot_ws/install/arduinobot_utils/share/arduinobot_utils/environment/path.sh
[1.016s] -- Up-to-date: /home/adam-falkowski/arduinobot_ws/install/arduinobot_utils/share/arduinobot_utils/environment/path.dsv
[1.016s] -- Up-to-date: /home/adam-falkowski/arduinobot_ws/install/arduinobot_utils/share/arduinobot_utils/local_setup.bash
[1.016s] -- Up-to-date: /home/adam-falkowski/arduinobot_ws/install/arduinobot_utils/share/arduinobot_utils/local_setup.sh
[1.016s] -- Up-to-date: /home/adam-falkowski/arduinobot_ws/install/arduinobot_utils/share/arduinobot_utils/local_setup.zsh
[1.016s] -- Up-to-date: /home/adam-falkowski/arduinobot_ws/install/arduinobot_utils/share/arduinobot_utils/local_setup.dsv
[1.016s] -- Installing: /home/adam-falkowski/arduinobot_ws/install/arduinobot_utils/share/arduinobot_utils/package.dsv
[1.016s] -- Up-to-date: /home/adam-falkowski/arduinobot_ws/install/arduinobot_utils/share/ament_index/resource_index/packages/arduinobot_utils
[1.016s] -- Up-to-date: /home/adam-falkowski/arduinobot_ws/install/arduinobot_utils/share/arduinobot_utils/cmake/arduinobot_utilsConfig.cmake
[1.016s] -- Up-to-date: /home/adam-falkowski/arduinobot_ws/install/arduinobot_utils/share/arduinobot_utils/cmake/arduinobot_utilsConfig-version.cmake
[1.016s] -- Up-to-date: /home/adam-falkowski/arduinobot_ws/install/arduinobot_utils/share/arduinobot_utils/package.xml
[1.019s] Invoked command in '/home/adam-falkowski/arduinobot_ws/build/arduinobot_utils' returned '0': AMENT_PREFIX_PATH=/home/adam-falkowski/arduinobot_ws/install/arduinobot_messages:${AMENT_PREFIX_PATH} CMAKE_PREFIX_PATH=/home/adam-falkowski/arduinobot_ws/install/arduinobot_messages:/opt/ros/jazzy/opt/gz_launch_vendor:/opt/ros/jazzy/opt/gz_sim_vendor:/opt/ros/jazzy/opt/gz_sensors_vendor:/opt/ros/jazzy/opt/gz_physics_vendor:/opt/ros/jazzy/opt/sdformat_vendor:/opt/ros/jazzy/opt/gz_gui_vendor:/opt/ros/jazzy/opt/gz_transport_vendor:/opt/ros/jazzy/opt/gz_rendering_vendor:/opt/ros/jazzy/opt/gz_plugin_vendor:/opt/ros/jazzy/opt/gz_fuel_tools_vendor:/opt/ros/jazzy/opt/gz_msgs_vendor:/opt/ros/jazzy/opt/gz_common_vendor:/opt/ros/jazzy/opt/gz_math_vendor:/opt/ros/jazzy/opt/gz_utils_vendor:/opt/ros/jazzy/opt/gz_tools_vendor:/opt/ros/jazzy/opt/gz_ogre_next_vendor:/opt/ros/jazzy/opt/gz_dartsim_vendor:/opt/ros/jazzy/opt/gz_cmake_vendor:/opt/ros/jazzy DEBUGINFOD_URLS=https://debuginfod.ubuntu.com LD_LIBRARY_PATH=/home/adam-falkowski/arduinobot_ws/install/arduinobot_messages/lib:${LD_LIBRARY_PATH} PYTHONPATH=/home/adam-falkowski/arduinobot_ws/install/arduinobot_messages/lib/python3.12/site-packages:${PYTHONPATH} /usr/bin/cmake --install /home/adam-falkowski/arduinobot_ws/build/arduinobot_utils
