[0.424s] Invoking command in '/home/adam-falkowski/arduinobot_ws/build/arduinobot_utils': AMENT_PREFIX_PATH=/home/adam-falkowski/arduinobot_ws/install/arduinobot_messages:${AMENT_PREFIX_PATH} CMAKE_PREFIX_PATH=/home/adam-falkowski/arduinobot_ws/install/arduinobot_messages:/opt/ros/jazzy/opt/gz_launch_vendor:/opt/ros/jazzy/opt/gz_sim_vendor:/opt/ros/jazzy/opt/gz_sensors_vendor:/opt/ros/jazzy/opt/gz_physics_vendor:/opt/ros/jazzy/opt/sdformat_vendor:/opt/ros/jazzy/opt/gz_gui_vendor:/opt/ros/jazzy/opt/gz_transport_vendor:/opt/ros/jazzy/opt/gz_rendering_vendor:/opt/ros/jazzy/opt/gz_plugin_vendor:/opt/ros/jazzy/opt/gz_fuel_tools_vendor:/opt/ros/jazzy/opt/gz_msgs_vendor:/opt/ros/jazzy/opt/gz_common_vendor:/opt/ros/jazzy/opt/gz_math_vendor:/opt/ros/jazzy/opt/gz_utils_vendor:/opt/ros/jazzy/opt/gz_tools_vendor:/opt/ros/jazzy/opt/gz_ogre_next_vendor:/opt/ros/jazzy/opt/gz_dartsim_vendor:/opt/ros/jazzy/opt/gz_cmake_vendor:/opt/ros/jazzy DEBUGINFOD_URLS=https://debuginfod.ubuntu.com LD_LIBRARY_PATH=/home/adam-falkowski/arduinobot_ws/install/arduinobot_messages/lib:${LD_LIBRARY_PATH} PYTHONPATH=/home/adam-falkowski/arduinobot_ws/install/arduinobot_messages/lib/python3.12/site-packages:${PYTHONPATH} /usr/bin/cmake --build /home/adam-falkowski/arduinobot_ws/build/arduinobot_utils -- -j12 -l12
[0.458s] -- Found ament_cmake: 2.5.3 (/opt/ros/jazzy/share/ament_cmake/cmake)
[0.772s] -- Found rclpy: 7.1.3 (/opt/ros/jazzy/share/rclpy/cmake)
[0.773s] -- Found arduinobot_messages: 0.0.0 (/home/adam-falkowski/arduinobot_ws/install/arduinobot_messages/share/arduinobot_messages/cmake)
[0.861s] -- Found rosidl_generator_c: 4.6.5 (/opt/ros/jazzy/share/rosidl_generator_c/cmake)
[0.891s] -- Found rosidl_generator_cpp: 4.6.5 (/opt/ros/jazzy/share/rosidl_generator_cpp/cmake)
[0.930s] -- Using all available rosidl_typesupport_c: rosidl_typesupport_fastrtps_c;rosidl_typesupport_introspection_c
[0.967s] -- Using all available rosidl_typesupport_cpp: rosidl_typesupport_fastrtps_cpp;rosidl_typesupport_introspection_cpp
[1.212s] -- Found ament_lint_auto: 0.17.1 (/opt/ros/jazzy/share/ament_lint_auto/cmake)
[1.353s] -- Added test 'flake8' to check Python code syntax and style conventions
[1.353s] -- Configured 'flake8' exclude dirs and/or files: 
[1.354s] -- Added test 'lint_cmake' to check CMake code style
[1.355s] -- Added test 'pep257' to check Python code against some of the docstring style conventions in PEP 257
[1.357s] -- Added test 'xmllint' to check XML markup files
[1.358s] -- Configuring done (0.9s)
[1.365s] -- Generating done (0.0s)
[1.369s] -- Build files have been written to: /home/adam-falkowski/arduinobot_ws/build/arduinobot_utils
[1.429s] Built target ament_cmake_python_copy_arduinobot_utils
[1.776s] running egg_info
[1.777s] creating arduinobot_utils.egg-info
[1.807s] writing arduinobot_utils.egg-info/PKG-INFO
[1.808s] writing dependency_links to arduinobot_utils.egg-info/dependency_links.txt
[1.808s] writing top-level names to arduinobot_utils.egg-info/top_level.txt
[1.808s] writing manifest file 'arduinobot_utils.egg-info/SOURCES.txt'
[1.893s] reading manifest file 'arduinobot_utils.egg-info/SOURCES.txt'
[1.894s] writing manifest file 'arduinobot_utils.egg-info/SOURCES.txt'
[1.929s] Built target ament_cmake_python_build_arduinobot_utils_egg
[1.943s] Invoked command in '/home/adam-falkowski/arduinobot_ws/build/arduinobot_utils' returned '0': AMENT_PREFIX_PATH=/home/adam-falkowski/arduinobot_ws/install/arduinobot_messages:${AMENT_PREFIX_PATH} CMAKE_PREFIX_PATH=/home/adam-falkowski/arduinobot_ws/install/arduinobot_messages:/opt/ros/jazzy/opt/gz_launch_vendor:/opt/ros/jazzy/opt/gz_sim_vendor:/opt/ros/jazzy/opt/gz_sensors_vendor:/opt/ros/jazzy/opt/gz_physics_vendor:/opt/ros/jazzy/opt/sdformat_vendor:/opt/ros/jazzy/opt/gz_gui_vendor:/opt/ros/jazzy/opt/gz_transport_vendor:/opt/ros/jazzy/opt/gz_rendering_vendor:/opt/ros/jazzy/opt/gz_plugin_vendor:/opt/ros/jazzy/opt/gz_fuel_tools_vendor:/opt/ros/jazzy/opt/gz_msgs_vendor:/opt/ros/jazzy/opt/gz_common_vendor:/opt/ros/jazzy/opt/gz_math_vendor:/opt/ros/jazzy/opt/gz_utils_vendor:/opt/ros/jazzy/opt/gz_tools_vendor:/opt/ros/jazzy/opt/gz_ogre_next_vendor:/opt/ros/jazzy/opt/gz_dartsim_vendor:/opt/ros/jazzy/opt/gz_cmake_vendor:/opt/ros/jazzy DEBUGINFOD_URLS=https://debuginfod.ubuntu.com LD_LIBRARY_PATH=/home/adam-falkowski/arduinobot_ws/install/arduinobot_messages/lib:${LD_LIBRARY_PATH} PYTHONPATH=/home/adam-falkowski/arduinobot_ws/install/arduinobot_messages/lib/python3.12/site-packages:${PYTHONPATH} /usr/bin/cmake --build /home/adam-falkowski/arduinobot_ws/build/arduinobot_utils -- -j12 -l12
[1.945s] Invoking command in '/home/adam-falkowski/arduinobot_ws/build/arduinobot_utils': AMENT_PREFIX_PATH=/home/adam-falkowski/arduinobot_ws/install/arduinobot_messages:${AMENT_PREFIX_PATH} CMAKE_PREFIX_PATH=/home/adam-falkowski/arduinobot_ws/install/arduinobot_messages:/opt/ros/jazzy/opt/gz_launch_vendor:/opt/ros/jazzy/opt/gz_sim_vendor:/opt/ros/jazzy/opt/gz_sensors_vendor:/opt/ros/jazzy/opt/gz_physics_vendor:/opt/ros/jazzy/opt/sdformat_vendor:/opt/ros/jazzy/opt/gz_gui_vendor:/opt/ros/jazzy/opt/gz_transport_vendor:/opt/ros/jazzy/opt/gz_rendering_vendor:/opt/ros/jazzy/opt/gz_plugin_vendor:/opt/ros/jazzy/opt/gz_fuel_tools_vendor:/opt/ros/jazzy/opt/gz_msgs_vendor:/opt/ros/jazzy/opt/gz_common_vendor:/opt/ros/jazzy/opt/gz_math_vendor:/opt/ros/jazzy/opt/gz_utils_vendor:/opt/ros/jazzy/opt/gz_tools_vendor:/opt/ros/jazzy/opt/gz_ogre_next_vendor:/opt/ros/jazzy/opt/gz_dartsim_vendor:/opt/ros/jazzy/opt/gz_cmake_vendor:/opt/ros/jazzy DEBUGINFOD_URLS=https://debuginfod.ubuntu.com LD_LIBRARY_PATH=/home/adam-falkowski/arduinobot_ws/install/arduinobot_messages/lib:${LD_LIBRARY_PATH} PYTHONPATH=/home/adam-falkowski/arduinobot_ws/install/arduinobot_messages/lib/python3.12/site-packages:${PYTHONPATH} /usr/bin/cmake --install /home/adam-falkowski/arduinobot_ws/build/arduinobot_utils
[1.956s] -- Install configuration: ""
[1.956s] -- Installing: /home/adam-falkowski/arduinobot_ws/install/arduinobot_utils/share/arduinobot_utils/environment/pythonpath.sh
[1.956s] -- Installing: /home/adam-falkowski/arduinobot_ws/install/arduinobot_utils/share/arduinobot_utils/environment/pythonpath.dsv
[1.956s] -- Installing: /home/adam-falkowski/arduinobot_ws/install/arduinobot_utils/lib/python3.12/site-packages/arduinobot_utils-0.0.0-py3.12.egg-info
[1.956s] -- Installing: /home/adam-falkowski/arduinobot_ws/install/arduinobot_utils/lib/python3.12/site-packages/arduinobot_utils-0.0.0-py3.12.egg-info/PKG-INFO
[1.957s] -- Installing: /home/adam-falkowski/arduinobot_ws/install/arduinobot_utils/lib/python3.12/site-packages/arduinobot_utils-0.0.0-py3.12.egg-info/SOURCES.txt
[1.957s] -- Installing: /home/adam-falkowski/arduinobot_ws/install/arduinobot_utils/lib/python3.12/site-packages/arduinobot_utils-0.0.0-py3.12.egg-info/top_level.txt
[1.957s] -- Installing: /home/adam-falkowski/arduinobot_ws/install/arduinobot_utils/lib/python3.12/site-packages/arduinobot_utils-0.0.0-py3.12.egg-info/dependency_links.txt
[1.957s] -- Installing: /home/adam-falkowski/arduinobot_ws/install/arduinobot_utils/lib/python3.12/site-packages/arduinobot_utils
[1.957s] -- Installing: /home/adam-falkowski/arduinobot_ws/install/arduinobot_utils/lib/python3.12/site-packages/arduinobot_utils/__init__.py
[1.958s] -- Installing: /home/adam-falkowski/arduinobot_ws/install/arduinobot_utils/lib/python3.12/site-packages/arduinobot_utils/angle_conversion.py
[1.998s] Listing '/home/adam-falkowski/arduinobot_ws/install/arduinobot_utils/lib/python3.12/site-packages/arduinobot_utils'...
[1.998s] Compiling '/home/adam-falkowski/arduinobot_ws/install/arduinobot_utils/lib/python3.12/site-packages/arduinobot_utils/__init__.py'...
[1.998s] Compiling '/home/adam-falkowski/arduinobot_ws/install/arduinobot_utils/lib/python3.12/site-packages/arduinobot_utils/angle_conversion.py'...
[2.007s] -- Installing: /home/adam-falkowski/arduinobot_ws/install/arduinobot_utils/lib/arduinobot_utils/angle_conversion.py
[2.007s] -- Installing: /home/adam-falkowski/arduinobot_ws/install/arduinobot_utils/share/ament_index/resource_index/package_run_dependencies/arduinobot_utils
[2.007s] -- Installing: /home/adam-falkowski/arduinobot_ws/install/arduinobot_utils/share/ament_index/resource_index/parent_prefix_path/arduinobot_utils
[2.007s] -- Up-to-date: /home/adam-falkowski/arduinobot_ws/install/arduinobot_utils/share/arduinobot_utils/environment/ament_prefix_path.sh
[2.008s] -- Up-to-date: /home/adam-falkowski/arduinobot_ws/install/arduinobot_utils/share/arduinobot_utils/environment/ament_prefix_path.dsv
[2.008s] -- Up-to-date: /home/adam-falkowski/arduinobot_ws/install/arduinobot_utils/share/arduinobot_utils/environment/path.sh
[2.008s] -- Up-to-date: /home/adam-falkowski/arduinobot_ws/install/arduinobot_utils/share/arduinobot_utils/environment/path.dsv
[2.008s] -- Up-to-date: /home/adam-falkowski/arduinobot_ws/install/arduinobot_utils/share/arduinobot_utils/local_setup.bash
[2.009s] -- Installing: /home/adam-falkowski/arduinobot_ws/install/arduinobot_utils/share/arduinobot_utils/local_setup.sh
[2.009s] -- Up-to-date: /home/adam-falkowski/arduinobot_ws/install/arduinobot_utils/share/arduinobot_utils/local_setup.zsh
[2.009s] -- Installing: /home/adam-falkowski/arduinobot_ws/install/arduinobot_utils/share/arduinobot_utils/local_setup.dsv
[2.009s] -- Installing: /home/adam-falkowski/arduinobot_ws/install/arduinobot_utils/share/arduinobot_utils/package.dsv
[2.009s] -- Up-to-date: /home/adam-falkowski/arduinobot_ws/install/arduinobot_utils/share/ament_index/resource_index/packages/arduinobot_utils
[2.009s] -- Up-to-date: /home/adam-falkowski/arduinobot_ws/install/arduinobot_utils/share/arduinobot_utils/cmake/arduinobot_utilsConfig.cmake
[2.009s] -- Up-to-date: /home/adam-falkowski/arduinobot_ws/install/arduinobot_utils/share/arduinobot_utils/cmake/arduinobot_utilsConfig-version.cmake
[2.010s] -- Installing: /home/adam-falkowski/arduinobot_ws/install/arduinobot_utils/share/arduinobot_utils/package.xml
[2.012s] Invoked command in '/home/adam-falkowski/arduinobot_ws/build/arduinobot_utils' returned '0': AMENT_PREFIX_PATH=/home/adam-falkowski/arduinobot_ws/install/arduinobot_messages:${AMENT_PREFIX_PATH} CMAKE_PREFIX_PATH=/home/adam-falkowski/arduinobot_ws/install/arduinobot_messages:/opt/ros/jazzy/opt/gz_launch_vendor:/opt/ros/jazzy/opt/gz_sim_vendor:/opt/ros/jazzy/opt/gz_sensors_vendor:/opt/ros/jazzy/opt/gz_physics_vendor:/opt/ros/jazzy/opt/sdformat_vendor:/opt/ros/jazzy/opt/gz_gui_vendor:/opt/ros/jazzy/opt/gz_transport_vendor:/opt/ros/jazzy/opt/gz_rendering_vendor:/opt/ros/jazzy/opt/gz_plugin_vendor:/opt/ros/jazzy/opt/gz_fuel_tools_vendor:/opt/ros/jazzy/opt/gz_msgs_vendor:/opt/ros/jazzy/opt/gz_common_vendor:/opt/ros/jazzy/opt/gz_math_vendor:/opt/ros/jazzy/opt/gz_utils_vendor:/opt/ros/jazzy/opt/gz_tools_vendor:/opt/ros/jazzy/opt/gz_ogre_next_vendor:/opt/ros/jazzy/opt/gz_dartsim_vendor:/opt/ros/jazzy/opt/gz_cmake_vendor:/opt/ros/jazzy DEBUGINFOD_URLS=https://debuginfod.ubuntu.com LD_LIBRARY_PATH=/home/adam-falkowski/arduinobot_ws/install/arduinobot_messages/lib:${LD_LIBRARY_PATH} PYTHONPATH=/home/adam-falkowski/arduinobot_ws/install/arduinobot_messages/lib/python3.12/site-packages:${PYTHONPATH} /usr/bin/cmake --install /home/adam-falkowski/arduinobot_ws/build/arduinobot_utils
