[0.070s] Invoking command in '/home/administrator/arduinobot_ws/build/arduinobot_description': CMAKE_PREFIX_PATH=${CMAKE_PREFIX_PATH}:/opt/ros/jazzy DEBUGINFOD_URLS=https://debuginfod.ubuntu.com /usr/bin/cmake --build /home/administrator/arduinobot_ws/build/arduinobot_description -- -j1 -l1
[0.270s] Invoked command in '/home/administrator/arduinobot_ws/build/arduinobot_description' returned '0': CMAKE_PREFIX_PATH=${CMAKE_PREFIX_PATH}:/opt/ros/jazzy DEBUGINFOD_URLS=https://debuginfod.ubuntu.com /usr/bin/cmake --build /home/administrator/arduinobot_ws/build/arduinobot_description -- -j1 -l1
[0.276s] Invoking command in '/home/administrator/arduinobot_ws/build/arduinobot_description': CMAKE_PREFIX_PATH=${CMAKE_PREFIX_PATH}:/opt/ros/jazzy DEBUGINFOD_URLS=https://debuginfod.ubuntu.com /usr/bin/cmake --install /home/administrator/arduinobot_ws/build/arduinobot_description
[0.335s] -- Install configuration: ""
[0.341s] -- Up-to-date: /home/administrator/arduinobot_ws/install/arduinobot_description/share/arduinobot_description/meshes
[0.341s] -- Up-to-date: /home/administrator/arduinobot_ws/install/arduinobot_description/share/arduinobot_description/meshes/forward_drive_arm.STL
[0.341s] -- Up-to-date: /home/administrator/arduinobot_ws/install/arduinobot_description/share/arduinobot_description/meshes/servo_plate.STL
[0.342s] -- Up-to-date: /home/administrator/arduinobot_ws/install/arduinobot_description/share/arduinobot_description/meshes/left_finger.STL
[0.342s] -- Up-to-date: /home/administrator/arduinobot_ws/install/arduinobot_description/share/arduinobot_description/meshes/plate.STL
[0.347s] -- Up-to-date: /home/administrator/arduinobot_ws/install/arduinobot_description/share/arduinobot_description/meshes/basement.STL
[0.350s] -- Up-to-date: /home/administrator/arduinobot_ws/install/arduinobot_description/share/arduinobot_description/meshes/pi_camera.STL
[0.353s] -- Up-to-date: /home/administrator/arduinobot_ws/install/arduinobot_description/share/arduinobot_description/meshes/link.STL
[0.353s] -- Up-to-date: /home/administrator/arduinobot_ws/install/arduinobot_description/share/arduinobot_description/meshes/claw_support.STL
[0.353s] -- Up-to-date: /home/administrator/arduinobot_ws/install/arduinobot_description/share/arduinobot_description/meshes/base_plate.STL
[0.354s] -- Up-to-date: /home/administrator/arduinobot_ws/install/arduinobot_description/share/arduinobot_description/meshes/round_plate.STL
[0.354s] -- Up-to-date: /home/administrator/arduinobot_ws/install/arduinobot_description/share/arduinobot_description/meshes/vertical_drive_arm.STL
[0.361s] -- Up-to-date: /home/administrator/arduinobot_ws/install/arduinobot_description/share/arduinobot_description/meshes/right_finger.STL
[0.361s] -- Up-to-date: /home/administrator/arduinobot_ws/install/arduinobot_description/share/arduinobot_description/meshes/triangular_link.STL
[0.361s] -- Up-to-date: /home/administrator/arduinobot_ws/install/arduinobot_description/share/arduinobot_description/meshes/horizontal_arm.STL
[0.362s] -- Up-to-date: /home/administrator/arduinobot_ws/install/arduinobot_description/share/arduinobot_description/urdf
[0.362s] -- Installing: /home/administrator/arduinobot_ws/install/arduinobot_description/share/arduinobot_description/urdf/arduinobot.urdf.xacro
[0.362s] -- Up-to-date: /home/administrator/arduinobot_ws/install/arduinobot_description/share/arduinobot_description/launch
[0.371s] -- Up-to-date: /home/administrator/arduinobot_ws/install/arduinobot_description/share/arduinobot_description/launch/display.launch.py
[0.371s] -- Up-to-date: /home/administrator/arduinobot_ws/install/arduinobot_description/share/arduinobot_description/rviz
[0.371s] -- Up-to-date: /home/administrator/arduinobot_ws/install/arduinobot_description/share/arduinobot_description/rviz/display.rviz
[0.372s] -- Up-to-date: /home/administrator/arduinobot_ws/install/arduinobot_description/share/ament_index/resource_index/package_run_dependencies/arduinobot_description
[0.372s] -- Up-to-date: /home/administrator/arduinobot_ws/install/arduinobot_description/share/ament_index/resource_index/parent_prefix_path/arduinobot_description
[0.372s] -- Up-to-date: /home/administrator/arduinobot_ws/install/arduinobot_description/share/arduinobot_description/environment/ament_prefix_path.sh
[0.375s] -- Up-to-date: /home/administrator/arduinobot_ws/install/arduinobot_description/share/arduinobot_description/environment/ament_prefix_path.dsv
[0.375s] -- Up-to-date: /home/administrator/arduinobot_ws/install/arduinobot_description/share/arduinobot_description/environment/path.sh
[0.378s] -- Up-to-date: /home/administrator/arduinobot_ws/install/arduinobot_description/share/arduinobot_description/environment/path.dsv
[0.379s] -- Up-to-date: /home/administrator/arduinobot_ws/install/arduinobot_description/share/arduinobot_description/local_setup.bash
[0.379s] -- Up-to-date: /home/administrator/arduinobot_ws/install/arduinobot_description/share/arduinobot_description/local_setup.sh
[0.379s] -- Up-to-date: /home/administrator/arduinobot_ws/install/arduinobot_description/share/arduinobot_description/local_setup.zsh
[0.380s] -- Up-to-date: /home/administrator/arduinobot_ws/install/arduinobot_description/share/arduinobot_description/local_setup.dsv
[0.380s] -- Installing: /home/administrator/arduinobot_ws/install/arduinobot_description/share/arduinobot_description/package.dsv
[0.380s] -- Up-to-date: /home/administrator/arduinobot_ws/install/arduinobot_description/share/ament_index/resource_index/packages/arduinobot_description
[0.407s] -- Up-to-date: /home/administrator/arduinobot_ws/install/arduinobot_description/share/arduinobot_description/cmake/arduinobot_descriptionConfig.cmake
[0.408s] -- Up-to-date: /home/administrator/arduinobot_ws/install/arduinobot_description/share/arduinobot_description/cmake/arduinobot_descriptionConfig-version.cmake
[0.408s] -- Up-to-date: /home/administrator/arduinobot_ws/install/arduinobot_description/share/arduinobot_description/package.xml
[0.411s] Invoked command in '/home/administrator/arduinobot_ws/build/arduinobot_description' returned '0': CMAKE_PREFIX_PATH=${CMAKE_PREFIX_PATH}:/opt/ros/jazzy DEBUGINFOD_URLS=https://debuginfod.ubuntu.com /usr/bin/cmake --install /home/administrator/arduinobot_ws/build/arduinobot_description
