[1.129s] Invoking command in '/home/adam-falkowski/arduinobot_ws/build/arduinobot_py_examples': DEBUGINFOD_URLS=https://debuginfod.ubuntu.com PYTHONPATH=/home/adam-falkowski/arduinobot_ws/build/arduinobot_py_examples/prefix_override:/usr/lib/python3/dist-packages/colcon_core/task/python/colcon_distutils_commands:/home/adam-falkowski/arduinobot_ws/install/arduinobot_py_examples/lib/python3.12/site-packages:${PYTHONPATH} /usr/bin/python3 -W ignore:setup.py install is deprecated -W ignore:easy_install command is deprecated setup.py develop --editable --build-directory /home/adam-falkowski/arduinobot_ws/build/arduinobot_py_examples/build --no-deps symlink_data
[1.596s] running develop
[1.954s] running egg_info
[1.954s] creating arduinobot_py_examples.egg-info
[2.004s] writing arduinobot_py_examples.egg-info/PKG-INFO
[2.004s] writing dependency_links to arduinobot_py_examples.egg-info/dependency_links.txt
[2.004s] writing entry points to arduinobot_py_examples.egg-info/entry_points.txt
[2.005s] writing requirements to arduinobot_py_examples.egg-info/requires.txt
[2.005s] writing top-level names to arduinobot_py_examples.egg-info/top_level.txt
[2.005s] writing manifest file 'arduinobot_py_examples.egg-info/SOURCES.txt'
[2.086s] reading manifest file 'arduinobot_py_examples.egg-info/SOURCES.txt'
[2.086s] writing manifest file 'arduinobot_py_examples.egg-info/SOURCES.txt'
[2.120s] running build_ext
[2.120s] Creating /home/adam-falkowski/arduinobot_ws/install/arduinobot_py_examples/lib/python3.12/site-packages/arduinobot-py-examples.egg-link (link to .)
[2.121s] Installing simple_parameter script to /home/adam-falkowski/arduinobot_ws/install/arduinobot_py_examples/lib/arduinobot_py_examples
[2.122s] Installing simple_publisher script to /home/adam-falkowski/arduinobot_ws/install/arduinobot_py_examples/lib/arduinobot_py_examples
[2.122s] Installing simple_subscriber script to /home/adam-falkowski/arduinobot_ws/install/arduinobot_py_examples/lib/arduinobot_py_examples
[2.122s] 
[2.122s] Installed /home/adam-falkowski/arduinobot_ws/build/arduinobot_py_examples
[2.122s] running symlink_data
[2.180s] Invoked command in '/home/adam-falkowski/arduinobot_ws/build/arduinobot_py_examples' returned '0': DEBUGINFOD_URLS=https://debuginfod.ubuntu.com PYTHONPATH=/home/adam-falkowski/arduinobot_ws/build/arduinobot_py_examples/prefix_override:/usr/lib/python3/dist-packages/colcon_core/task/python/colcon_distutils_commands:/home/adam-falkowski/arduinobot_ws/install/arduinobot_py_examples/lib/python3.12/site-packages:${PYTHONPATH} /usr/bin/python3 -W ignore:setup.py install is deprecated -W ignore:easy_install command is deprecated setup.py develop --editable --build-directory /home/adam-falkowski/arduinobot_ws/build/arduinobot_py_examples/build --no-deps symlink_data
