[0.062s] Invoking command in '/home/administrator/arduinobot_ws/build/arduinobot_description': CMAKE_PREFIX_PATH=${CMAKE_PREFIX_PATH}:/opt/ros/jazzy DEBUGINFOD_URLS=https://debuginfod.ubuntu.com /usr/bin/cmake --build /home/administrator/arduinobot_ws/build/arduinobot_description -- -j1 -l1
[0.244s] Invoked command in '/home/administrator/arduinobot_ws/build/arduinobot_description' returned '0': CMAKE_PREFIX_PATH=${CMAKE_PREFIX_PATH}:/opt/ros/jazzy DEBUGINFOD_URLS=https://debuginfod.ubuntu.com /usr/bin/cmake --build /home/administrator/arduinobot_ws/build/arduinobot_description -- -j1 -l1
[0.248s] Invoking command in '/home/administrator/arduinobot_ws/build/arduinobot_description': CMAKE_PREFIX_PATH=${CMAKE_PREFIX_PATH}:/opt/ros/jazzy DEBUGINFOD_URLS=https://debuginfod.ubuntu.com /usr/bin/cmake --install /home/administrator/arduinobot_ws/build/arduinobot_description
[0.280s] -- Install configuration: ""
[0.281s] -- Up-to-date: /home/administrator/arduinobot_ws/install/arduinobot_description/share/arduinobot_description/meshes
[0.281s] -- Up-to-date: /home/administrator/arduinobot_ws/install/arduinobot_description/share/arduinobot_description/meshes/forward_drive_arm.STL
[0.281s] -- Up-to-date: /home/administrator/arduinobot_ws/install/arduinobot_description/share/arduinobot_description/meshes/servo_plate.STL
[0.284s] -- Up-to-date: /home/administrator/arduinobot_ws/install/arduinobot_description/share/arduinobot_description/meshes/left_finger.STL
[0.285s] -- Up-to-date: /home/administrator/arduinobot_ws/install/arduinobot_description/share/arduinobot_description/meshes/plate.STL
[0.285s] -- Up-to-date: /home/administrator/arduinobot_ws/install/arduinobot_description/share/arduinobot_description/meshes/basement.STL
[0.285s] -- Up-to-date: /home/administrator/arduinobot_ws/install/arduinobot_description/share/arduinobot_description/meshes/pi_camera.STL
[0.290s] -- Up-to-date: /home/administrator/arduinobot_ws/install/arduinobot_description/share/arduinobot_description/meshes/link.STL
[0.290s] -- Up-to-date: /home/administrator/arduinobot_ws/install/arduinobot_description/share/arduinobot_description/meshes/claw_support.STL
[0.291s] -- Up-to-date: /home/administrator/arduinobot_ws/install/arduinobot_description/share/arduinobot_description/meshes/base_plate.STL
[0.291s] -- Up-to-date: /home/administrator/arduinobot_ws/install/arduinobot_description/share/arduinobot_description/meshes/round_plate.STL
[0.291s] -- Up-to-date: /home/administrator/arduinobot_ws/install/arduinobot_description/share/arduinobot_description/meshes/vertical_drive_arm.STL
[0.291s] -- Up-to-date: /home/administrator/arduinobot_ws/install/arduinobot_description/share/arduinobot_description/meshes/right_finger.STL
[0.295s] -- Up-to-date: /home/administrator/arduinobot_ws/install/arduinobot_description/share/arduinobot_description/meshes/triangular_link.STL
[0.295s] -- Up-to-date: /home/administrator/arduinobot_ws/install/arduinobot_description/share/arduinobot_description/meshes/horizontal_arm.STL
[0.295s] -- Up-to-date: /home/administrator/arduinobot_ws/install/arduinobot_description/share/arduinobot_description/urdf
[0.300s] -- Installing: /home/administrator/arduinobot_ws/install/arduinobot_description/share/arduinobot_description/urdf/arduinobot.urdf.xacro
[0.300s] -- Up-to-date: /home/administrator/arduinobot_ws/install/arduinobot_description/share/arduinobot_description/launch
[0.301s] -- Up-to-date: /home/administrator/arduinobot_ws/install/arduinobot_description/share/arduinobot_description/launch/display.launch.py
[0.301s] -- Up-to-date: /home/administrator/arduinobot_ws/install/arduinobot_description/share/arduinobot_description/rviz
[0.301s] -- Up-to-date: /home/administrator/arduinobot_ws/install/arduinobot_description/share/arduinobot_description/rviz/display.rviz
[0.304s] -- Up-to-date: /home/administrator/arduinobot_ws/install/arduinobot_description/share/ament_index/resource_index/package_run_dependencies/arduinobot_description
[0.314s] -- Up-to-date: /home/administrator/arduinobot_ws/install/arduinobot_description/share/ament_index/resource_index/parent_prefix_path/arduinobot_description
[0.315s] -- Up-to-date: /home/administrator/arduinobot_ws/install/arduinobot_description/share/arduinobot_description/environment/ament_prefix_path.sh
[0.315s] -- Up-to-date: /home/administrator/arduinobot_ws/install/arduinobot_description/share/arduinobot_description/environment/ament_prefix_path.dsv
[0.315s] -- Up-to-date: /home/administrator/arduinobot_ws/install/arduinobot_description/share/arduinobot_description/environment/path.sh
[0.315s] -- Up-to-date: /home/administrator/arduinobot_ws/install/arduinobot_description/share/arduinobot_description/environment/path.dsv
[0.322s] -- Up-to-date: /home/administrator/arduinobot_ws/install/arduinobot_description/share/arduinobot_description/local_setup.bash
[0.322s] -- Up-to-date: /home/administrator/arduinobot_ws/install/arduinobot_description/share/arduinobot_description/local_setup.sh
[0.323s] -- Up-to-date: /home/administrator/arduinobot_ws/install/arduinobot_description/share/arduinobot_description/local_setup.zsh
[0.323s] -- Up-to-date: /home/administrator/arduinobot_ws/install/arduinobot_description/share/arduinobot_description/local_setup.dsv
[0.323s] -- Installing: /home/administrator/arduinobot_ws/install/arduinobot_description/share/arduinobot_description/package.dsv
[0.323s] -- Up-to-date: /home/administrator/arduinobot_ws/install/arduinobot_description/share/ament_index/resource_index/packages/arduinobot_description
[0.330s] -- Up-to-date: /home/administrator/arduinobot_ws/install/arduinobot_description/share/arduinobot_description/cmake/arduinobot_descriptionConfig.cmake
[0.330s] -- Up-to-date: /home/administrator/arduinobot_ws/install/arduinobot_description/share/arduinobot_description/cmake/arduinobot_descriptionConfig-version.cmake
[0.331s] -- Up-to-date: /home/administrator/arduinobot_ws/install/arduinobot_description/share/arduinobot_description/package.xml
[0.331s] Invoked command in '/home/administrator/arduinobot_ws/build/arduinobot_description' returned '0': CMAKE_PREFIX_PATH=${CMAKE_PREFIX_PATH}:/opt/ros/jazzy DEBUGINFOD_URLS=https://debuginfod.ubuntu.com /usr/bin/cmake --install /home/administrator/arduinobot_ws/build/arduinobot_description
