[0.073s] Invoking command in '/home/administrator/arduinobot_ws/build/arduinobot_controller': CMAKE_PREFIX_PATH=${CMAKE_PREFIX_PATH}:/opt/ros/jazzy DEBUGINFOD_URLS=https://debuginfod.ubuntu.com /usr/bin/cmake --build /home/administrator/arduinobot_ws/build/arduinobot_controller -- -j4 -l4
[1.289s] Invoked command in '/home/administrator/arduinobot_ws/build/arduinobot_controller' returned '0': CMAKE_PREFIX_PATH=${CMAKE_PREFIX_PATH}:/opt/ros/jazzy DEBUGINFOD_URLS=https://debuginfod.ubuntu.com /usr/bin/cmake --build /home/administrator/arduinobot_ws/build/arduinobot_controller -- -j4 -l4
[1.317s] Invoking command in '/home/administrator/arduinobot_ws/build/arduinobot_controller': CMAKE_PREFIX_PATH=${CMAKE_PREFIX_PATH}:/opt/ros/jazzy DEBUGINFOD_URLS=https://debuginfod.ubuntu.com /usr/bin/cmake --install /home/administrator/arduinobot_ws/build/arduinobot_controller
[1.340s] -- Install configuration: ""
[1.340s] -- Up-to-date: /home/administrator/arduinobot_ws/install/arduinobot_controller/share/arduinobot_controller/config
[1.344s] -- Up-to-date: /home/administrator/arduinobot_ws/install/arduinobot_controller/share/arduinobot_controller/config/arduinobot_controllers.yaml
[1.344s] -- Up-to-date: /home/administrator/arduinobot_ws/install/arduinobot_controller/share/ament_index/resource_index/package_run_dependencies/arduinobot_controller
[1.344s] -- Up-to-date: /home/administrator/arduinobot_ws/install/arduinobot_controller/share/ament_index/resource_index/parent_prefix_path/arduinobot_controller
[1.345s] -- Up-to-date: /home/administrator/arduinobot_ws/install/arduinobot_controller/share/arduinobot_controller/environment/ament_prefix_path.sh
[1.345s] -- Up-to-date: /home/administrator/arduinobot_ws/install/arduinobot_controller/share/arduinobot_controller/environment/ament_prefix_path.dsv
[1.346s] -- Up-to-date: /home/administrator/arduinobot_ws/install/arduinobot_controller/share/arduinobot_controller/environment/path.sh
[1.346s] -- Up-to-date: /home/administrator/arduinobot_ws/install/arduinobot_controller/share/arduinobot_controller/environment/path.dsv
[1.349s] -- Up-to-date: /home/administrator/arduinobot_ws/install/arduinobot_controller/share/arduinobot_controller/local_setup.bash
[1.349s] -- Up-to-date: /home/administrator/arduinobot_ws/install/arduinobot_controller/share/arduinobot_controller/local_setup.sh
[1.350s] -- Up-to-date: /home/administrator/arduinobot_ws/install/arduinobot_controller/share/arduinobot_controller/local_setup.zsh
[1.350s] -- Up-to-date: /home/administrator/arduinobot_ws/install/arduinobot_controller/share/arduinobot_controller/local_setup.dsv
[1.353s] -- Installing: /home/administrator/arduinobot_ws/install/arduinobot_controller/share/arduinobot_controller/package.dsv
[1.354s] -- Up-to-date: /home/administrator/arduinobot_ws/install/arduinobot_controller/share/ament_index/resource_index/packages/arduinobot_controller
[1.354s] -- Up-to-date: /home/administrator/arduinobot_ws/install/arduinobot_controller/share/arduinobot_controller/cmake/arduinobot_controllerConfig.cmake
[1.354s] -- Up-to-date: /home/administrator/arduinobot_ws/install/arduinobot_controller/share/arduinobot_controller/cmake/arduinobot_controllerConfig-version.cmake
[1.355s] -- Up-to-date: /home/administrator/arduinobot_ws/install/arduinobot_controller/share/arduinobot_controller/package.xml
[1.369s] Invoked command in '/home/administrator/arduinobot_ws/build/arduinobot_controller' returned '0': CMAKE_PREFIX_PATH=${CMAKE_PREFIX_PATH}:/opt/ros/jazzy DEBUGINFOD_URLS=https://debuginfod.ubuntu.com /usr/bin/cmake --install /home/administrator/arduinobot_ws/build/arduinobot_controller
