[1.583s] Invoking command in '/home/adam-falkowski/arduinobot_ws/src/arduinobot_py_examples': DEBUGINFOD_URLS=https://debuginfod.ubuntu.com PYTHONPATH=/home/adam-falkowski/arduinobot_ws/build/arduinobot_py_examples/prefix_override:/usr/lib/python3/dist-packages/colcon_core/task/python/colcon_distutils_commands:/home/adam-falkowski/arduinobot_ws/install/arduinobot_py_examples/lib/python3.12/site-packages:${PYTHONPATH} /usr/bin/python3 -W ignore:setup.py install is deprecated -W ignore:easy_install command is deprecated setup.py egg_info --egg-base ../../build/arduinobot_py_examples build --build-base /home/adam-falkowski/arduinobot_ws/build/arduinobot_py_examples/build install --record /home/adam-falkowski/arduinobot_ws/build/arduinobot_py_examples/install.log --single-version-externally-managed install_data
[2.103s] running egg_info
[2.143s] writing ../../build/arduinobot_py_examples/arduinobot_py_examples.egg-info/PKG-INFO
[2.144s] writing dependency_links to ../../build/arduinobot_py_examples/arduinobot_py_examples.egg-info/dependency_links.txt
[2.144s] writing entry points to ../../build/arduinobot_py_examples/arduinobot_py_examples.egg-info/entry_points.txt
[2.145s] writing requirements to ../../build/arduinobot_py_examples/arduinobot_py_examples.egg-info/requires.txt
[2.145s] writing top-level names to ../../build/arduinobot_py_examples/arduinobot_py_examples.egg-info/top_level.txt
[2.233s] reading manifest file '../../build/arduinobot_py_examples/arduinobot_py_examples.egg-info/SOURCES.txt'
[2.234s] writing manifest file '../../build/arduinobot_py_examples/arduinobot_py_examples.egg-info/SOURCES.txt'
[2.235s] running build
[2.235s] running build_py
[2.236s] running install
[2.248s] running install_lib
[2.297s] running install_data
[2.297s] running install_egg_info
[2.343s] removing '/home/adam-falkowski/arduinobot_ws/install/arduinobot_py_examples/lib/python3.12/site-packages/arduinobot_py_examples-0.0.0-py3.12.egg-info' (and everything under it)
[2.343s] Copying ../../build/arduinobot_py_examples/arduinobot_py_examples.egg-info to /home/adam-falkowski/arduinobot_ws/install/arduinobot_py_examples/lib/python3.12/site-packages/arduinobot_py_examples-0.0.0-py3.12.egg-info
[2.344s] running install_scripts
[2.670s] Installing simple_parameter script to /home/adam-falkowski/arduinobot_ws/install/arduinobot_py_examples/lib/arduinobot_py_examples
[2.670s] Installing simple_publisher script to /home/adam-falkowski/arduinobot_ws/install/arduinobot_py_examples/lib/arduinobot_py_examples
[2.670s] Installing simple_subscriber script to /home/adam-falkowski/arduinobot_ws/install/arduinobot_py_examples/lib/arduinobot_py_examples
[2.671s] writing list of installed files to '/home/adam-falkowski/arduinobot_ws/build/arduinobot_py_examples/install.log'
[2.726s] Invoked command in '/home/adam-falkowski/arduinobot_ws/src/arduinobot_py_examples' returned '0': DEBUGINFOD_URLS=https://debuginfod.ubuntu.com PYTHONPATH=/home/adam-falkowski/arduinobot_ws/build/arduinobot_py_examples/prefix_override:/usr/lib/python3/dist-packages/colcon_core/task/python/colcon_distutils_commands:/home/adam-falkowski/arduinobot_ws/install/arduinobot_py_examples/lib/python3.12/site-packages:${PYTHONPATH} /usr/bin/python3 -W ignore:setup.py install is deprecated -W ignore:easy_install command is deprecated setup.py egg_info --egg-base ../../build/arduinobot_py_examples build --build-base /home/adam-falkowski/arduinobot_ws/build/arduinobot_py_examples/build install --record /home/adam-falkowski/arduinobot_ws/build/arduinobot_py_examples/install.log --single-version-externally-managed install_data
