-- Install configuration: ""
-- Up-to-date: /home/adam-falkowski/arduinobot_ws/install/aduinobot_moveit/share/aduinobot_moveit/config
-- Up-to-date: /home/adam-falkowski/arduinobot_ws/install/aduinobot_moveit/share/aduinobot_moveit/config/movit_controllers.yaml
-- Up-to-date: /home/adam-falkowski/arduinobot_ws/install/aduinobot_moveit/share/aduinobot_moveit/config/joint_limits.yaml
-- Up-to-date: /home/adam-falkowski/arduinobot_ws/install/aduinobot_moveit/share/aduinobot_moveit/config/kinematic.yaml
-- Up-to-date: /home/adam-falkowski/arduinobot_ws/install/aduinobot_moveit/share/aduinobot_moveit/config/pliz_cartesian_limits.yaml
-- Up-to-date: /home/adam-falkowski/arduinobot_ws/install/aduinobot_moveit/share/aduinobot_moveit/config/initial_positions.yaml
-- Up-to-date: /home/adam-falkowski/arduinobot_ws/install/aduinobot_moveit/share/aduinobot_moveit/config/arduinobot.srdf
-- Up-to-date: /home/adam-falkowski/arduinobot_ws/install/aduinobot_moveit/share/aduinobot_moveit/launch
-- Up-to-date: /home/adam-falkowski/arduinobot_ws/install/aduinobot_moveit/share/aduinobot_moveit/launch/moveit.launch.py
-- Up-to-date: /home/adam-falkowski/arduinobot_ws/install/aduinobot_moveit/share/ament_index/resource_index/package_run_dependencies/aduinobot_moveit
-- Up-to-date: /home/adam-falkowski/arduinobot_ws/install/aduinobot_moveit/share/ament_index/resource_index/parent_prefix_path/aduinobot_moveit
-- Up-to-date: /home/adam-falkowski/arduinobot_ws/install/aduinobot_moveit/share/aduinobot_moveit/environment/ament_prefix_path.sh
-- Up-to-date: /home/adam-falkowski/arduinobot_ws/install/aduinobot_moveit/share/aduinobot_moveit/environment/ament_prefix_path.dsv
-- Up-to-date: /home/adam-falkowski/arduinobot_ws/install/aduinobot_moveit/share/aduinobot_moveit/environment/path.sh
-- Up-to-date: /home/adam-falkowski/arduinobot_ws/install/aduinobot_moveit/share/aduinobot_moveit/environment/path.dsv
-- Up-to-date: /home/adam-falkowski/arduinobot_ws/install/aduinobot_moveit/share/aduinobot_moveit/local_setup.bash
-- Up-to-date: /home/adam-falkowski/arduinobot_ws/install/aduinobot_moveit/share/aduinobot_moveit/local_setup.sh
-- Up-to-date: /home/adam-falkowski/arduinobot_ws/install/aduinobot_moveit/share/aduinobot_moveit/local_setup.zsh
-- Up-to-date: /home/adam-falkowski/arduinobot_ws/install/aduinobot_moveit/share/aduinobot_moveit/local_setup.dsv
-- Up-to-date: /home/adam-falkowski/arduinobot_ws/install/aduinobot_moveit/share/aduinobot_moveit/package.dsv
-- Up-to-date: /home/adam-falkowski/arduinobot_ws/install/aduinobot_moveit/share/ament_index/resource_index/packages/aduinobot_moveit
-- Up-to-date: /home/adam-falkowski/arduinobot_ws/install/aduinobot_moveit/share/aduinobot_moveit/cmake/aduinobot_moveitConfig.cmake
-- Up-to-date: /home/adam-falkowski/arduinobot_ws/install/aduinobot_moveit/share/aduinobot_moveit/cmake/aduinobot_moveitConfig-version.cmake
-- Up-to-date: /home/adam-falkowski/arduinobot_ws/install/aduinobot_moveit/share/aduinobot_moveit/package.xml
