[0.102s] DEBUG:colcon:Command line arguments: ['/usr/bin/colcon', 'build']
[0.102s] DEBUG:colcon:Parsed command line arguments: Namespace(log_base=None, log_level=None, verb_name='build', build_base='build', install_base='install', merge_install=False, symlink_install=False, test_result_base=None, continue_on_error=False, executor='parallel', parallel_workers=12, event_handlers=None, ignore_user_meta=False, metas=['./colcon.meta'], base_paths=['.'], packages_ignore=None, packages_ignore_regex=None, paths=None, packages_up_to=None, packages_up_to_regex=None, packages_above=None, packages_above_and_dependencies=None, packages_above_depth=None, packages_select_by_dep=None, packages_skip_by_dep=None, packages_skip_up_to=None, packages_select_build_failed=False, packages_skip_build_finished=False, packages_select_test_failures=False, packages_skip_test_passed=False, packages_select=None, packages_skip=None, packages_select_regex=None, packages_skip_regex=None, packages_start=None, packages_end=None, allow_overriding=[], cmake_args=None, cmake_target=None, cmake_target_skip_unavailable=False, cmake_clean_cache=False, cmake_clean_first=False, cmake_force_configure=False, ament_cmake_args=None, catkin_cmake_args=None, catkin_skip_building_tests=False, mixin_files=None, mixin=None, verb_parser=<colcon_mixin.mixin.mixin_argument.MixinArgumentDecorator object at 0x769dd876f950>, verb_extension=<colcon_core.verb.build.BuildVerb object at 0x769dd96351c0>, main=<bound method BuildVerb.main of <colcon_core.verb.build.BuildVerb object at 0x769dd96351c0>>, mixin_verb=('build',))
[0.136s] Level 1:colcon.colcon_core.package_discovery:discover_packages(colcon_meta) check parameters
[0.136s] Level 1:colcon.colcon_core.package_discovery:discover_packages(recursive) check parameters
[0.136s] Level 1:colcon.colcon_core.package_discovery:discover_packages(ignore) check parameters
[0.137s] Level 1:colcon.colcon_core.package_discovery:discover_packages(path) check parameters
[0.137s] Level 1:colcon.colcon_core.package_discovery:discover_packages(colcon_meta) discover
[0.137s] Level 1:colcon.colcon_core.package_discovery:discover_packages(recursive) discover
[0.137s] INFO:colcon.colcon_core.package_discovery:Crawling recursively for packages in '/home/adam-falkowski/arduinobot_ws'
[0.137s] Level 1:colcon.colcon_core.package_identification:_identify(.) by extensions ['ignore', 'ignore_ament_install']
[0.137s] Level 1:colcon.colcon_core.package_identification:_identify(.) by extension 'ignore'
[0.137s] Level 1:colcon.colcon_core.package_identification:_identify(.) by extension 'ignore_ament_install'
[0.137s] Level 1:colcon.colcon_core.package_identification:_identify(.) by extensions ['colcon_pkg']
[0.137s] Level 1:colcon.colcon_core.package_identification:_identify(.) by extension 'colcon_pkg'
[0.137s] Level 1:colcon.colcon_core.package_identification:_identify(.) by extensions ['colcon_meta']
[0.137s] Level 1:colcon.colcon_core.package_identification:_identify(.) by extension 'colcon_meta'
[0.137s] Level 1:colcon.colcon_core.package_identification:_identify(.) by extensions ['ros']
[0.137s] Level 1:colcon.colcon_core.package_identification:_identify(.) by extension 'ros'
[0.160s] Level 1:colcon.colcon_core.package_identification:_identify(.) by extensions ['cmake', 'python']
[0.160s] Level 1:colcon.colcon_core.package_identification:_identify(.) by extension 'cmake'
[0.160s] Level 1:colcon.colcon_core.package_identification:_identify(.) by extension 'python'
[0.160s] Level 1:colcon.colcon_core.package_identification:_identify(.) by extensions ['python_setup_py']
[0.160s] Level 1:colcon.colcon_core.package_identification:_identify(.) by extension 'python_setup_py'
[0.160s] Level 1:colcon.colcon_core.package_identification:_identify(build) by extensions ['ignore', 'ignore_ament_install']
[0.160s] Level 1:colcon.colcon_core.package_identification:_identify(build) by extension 'ignore'
[0.160s] Level 1:colcon.colcon_core.package_identification:_identify(build) ignored
[0.160s] Level 1:colcon.colcon_core.package_identification:_identify(install) by extensions ['ignore', 'ignore_ament_install']
[0.160s] Level 1:colcon.colcon_core.package_identification:_identify(install) by extension 'ignore'
[0.160s] Level 1:colcon.colcon_core.package_identification:_identify(install) ignored
[0.160s] Level 1:colcon.colcon_core.package_identification:_identify(log) by extensions ['ignore', 'ignore_ament_install']
[0.161s] Level 1:colcon.colcon_core.package_identification:_identify(log) by extension 'ignore'
[0.161s] Level 1:colcon.colcon_core.package_identification:_identify(log) ignored
[0.161s] Level 1:colcon.colcon_core.package_identification:_identify(src) by extensions ['ignore', 'ignore_ament_install']
[0.161s] Level 1:colcon.colcon_core.package_identification:_identify(src) by extension 'ignore'
[0.161s] Level 1:colcon.colcon_core.package_identification:_identify(src) by extension 'ignore_ament_install'
[0.161s] Level 1:colcon.colcon_core.package_identification:_identify(src) by extensions ['colcon_pkg']
[0.161s] Level 1:colcon.colcon_core.package_identification:_identify(src) by extension 'colcon_pkg'
[0.161s] Level 1:colcon.colcon_core.package_identification:_identify(src) by extensions ['colcon_meta']
[0.161s] Level 1:colcon.colcon_core.package_identification:_identify(src) by extension 'colcon_meta'
[0.161s] Level 1:colcon.colcon_core.package_identification:_identify(src) by extensions ['ros']
[0.161s] Level 1:colcon.colcon_core.package_identification:_identify(src) by extension 'ros'
[0.161s] Level 1:colcon.colcon_core.package_identification:_identify(src) by extensions ['cmake', 'python']
[0.161s] Level 1:colcon.colcon_core.package_identification:_identify(src) by extension 'cmake'
[0.161s] Level 1:colcon.colcon_core.package_identification:_identify(src) by extension 'python'
[0.161s] Level 1:colcon.colcon_core.package_identification:_identify(src) by extensions ['python_setup_py']
[0.161s] Level 1:colcon.colcon_core.package_identification:_identify(src) by extension 'python_setup_py'
[0.161s] Level 1:colcon.colcon_core.package_identification:_identify(src/arduinobot_controller) by extensions ['ignore', 'ignore_ament_install']
[0.161s] Level 1:colcon.colcon_core.package_identification:_identify(src/arduinobot_controller) by extension 'ignore'
[0.161s] Level 1:colcon.colcon_core.package_identification:_identify(src/arduinobot_controller) by extension 'ignore_ament_install'
[0.161s] Level 1:colcon.colcon_core.package_identification:_identify(src/arduinobot_controller) by extensions ['colcon_pkg']
[0.161s] Level 1:colcon.colcon_core.package_identification:_identify(src/arduinobot_controller) by extension 'colcon_pkg'
[0.162s] Level 1:colcon.colcon_core.package_identification:_identify(src/arduinobot_controller) by extensions ['colcon_meta']
[0.162s] Level 1:colcon.colcon_core.package_identification:_identify(src/arduinobot_controller) by extension 'colcon_meta'
[0.162s] Level 1:colcon.colcon_core.package_identification:_identify(src/arduinobot_controller) by extensions ['ros']
[0.162s] Level 1:colcon.colcon_core.package_identification:_identify(src/arduinobot_controller) by extension 'ros'
[0.164s] DEBUG:colcon.colcon_core.package_identification:Package 'src/arduinobot_controller' with type 'ros.ament_cmake' and name 'arduinobot_controller'
[0.164s] Level 1:colcon.colcon_core.package_identification:_identify(src/arduinobot_description) by extensions ['ignore', 'ignore_ament_install']
[0.164s] Level 1:colcon.colcon_core.package_identification:_identify(src/arduinobot_description) by extension 'ignore'
[0.164s] Level 1:colcon.colcon_core.package_identification:_identify(src/arduinobot_description) by extension 'ignore_ament_install'
[0.164s] Level 1:colcon.colcon_core.package_identification:_identify(src/arduinobot_description) by extensions ['colcon_pkg']
[0.164s] Level 1:colcon.colcon_core.package_identification:_identify(src/arduinobot_description) by extension 'colcon_pkg'
[0.164s] Level 1:colcon.colcon_core.package_identification:_identify(src/arduinobot_description) by extensions ['colcon_meta']
[0.164s] Level 1:colcon.colcon_core.package_identification:_identify(src/arduinobot_description) by extension 'colcon_meta'
[0.164s] Level 1:colcon.colcon_core.package_identification:_identify(src/arduinobot_description) by extensions ['ros']
[0.164s] Level 1:colcon.colcon_core.package_identification:_identify(src/arduinobot_description) by extension 'ros'
[0.167s] DEBUG:colcon.colcon_core.package_identification:Package 'src/arduinobot_description' with type 'ros.ament_cmake' and name 'arduinobot_description'
[0.167s] Level 1:colcon.colcon_core.package_identification:_identify(src/arduinobot_messages) by extensions ['ignore', 'ignore_ament_install']
[0.167s] Level 1:colcon.colcon_core.package_identification:_identify(src/arduinobot_messages) by extension 'ignore'
[0.167s] Level 1:colcon.colcon_core.package_identification:_identify(src/arduinobot_messages) by extension 'ignore_ament_install'
[0.167s] Level 1:colcon.colcon_core.package_identification:_identify(src/arduinobot_messages) by extensions ['colcon_pkg']
[0.167s] Level 1:colcon.colcon_core.package_identification:_identify(src/arduinobot_messages) by extension 'colcon_pkg'
[0.167s] Level 1:colcon.colcon_core.package_identification:_identify(src/arduinobot_messages) by extensions ['colcon_meta']
[0.167s] Level 1:colcon.colcon_core.package_identification:_identify(src/arduinobot_messages) by extension 'colcon_meta'
[0.167s] Level 1:colcon.colcon_core.package_identification:_identify(src/arduinobot_messages) by extensions ['ros']
[0.167s] Level 1:colcon.colcon_core.package_identification:_identify(src/arduinobot_messages) by extension 'ros'
[0.168s] DEBUG:colcon.colcon_core.package_identification:Package 'src/arduinobot_messages' with type 'ros.ament_cmake' and name 'arduinobot_messages'
[0.168s] Level 1:colcon.colcon_core.package_identification:_identify(src/arduinobot_moveit) by extensions ['ignore', 'ignore_ament_install']
[0.168s] Level 1:colcon.colcon_core.package_identification:_identify(src/arduinobot_moveit) by extension 'ignore'
[0.168s] Level 1:colcon.colcon_core.package_identification:_identify(src/arduinobot_moveit) by extension 'ignore_ament_install'
[0.168s] Level 1:colcon.colcon_core.package_identification:_identify(src/arduinobot_moveit) by extensions ['colcon_pkg']
[0.168s] Level 1:colcon.colcon_core.package_identification:_identify(src/arduinobot_moveit) by extension 'colcon_pkg'
[0.168s] Level 1:colcon.colcon_core.package_identification:_identify(src/arduinobot_moveit) by extensions ['colcon_meta']
[0.168s] Level 1:colcon.colcon_core.package_identification:_identify(src/arduinobot_moveit) by extension 'colcon_meta'
[0.168s] Level 1:colcon.colcon_core.package_identification:_identify(src/arduinobot_moveit) by extensions ['ros']
[0.168s] Level 1:colcon.colcon_core.package_identification:_identify(src/arduinobot_moveit) by extension 'ros'
[0.169s] DEBUG:colcon.colcon_core.package_identification:Package 'src/arduinobot_moveit' with type 'ros.ament_cmake' and name 'aduinobot_moveit'
[0.169s] Level 1:colcon.colcon_core.package_identification:_identify(src/arduinobot_py_examples) by extensions ['ignore', 'ignore_ament_install']
[0.169s] Level 1:colcon.colcon_core.package_identification:_identify(src/arduinobot_py_examples) by extension 'ignore'
[0.169s] Level 1:colcon.colcon_core.package_identification:_identify(src/arduinobot_py_examples) by extension 'ignore_ament_install'
[0.169s] Level 1:colcon.colcon_core.package_identification:_identify(src/arduinobot_py_examples) by extensions ['colcon_pkg']
[0.169s] Level 1:colcon.colcon_core.package_identification:_identify(src/arduinobot_py_examples) by extension 'colcon_pkg'
[0.169s] Level 1:colcon.colcon_core.package_identification:_identify(src/arduinobot_py_examples) by extensions ['colcon_meta']
[0.169s] Level 1:colcon.colcon_core.package_identification:_identify(src/arduinobot_py_examples) by extension 'colcon_meta'
[0.169s] Level 1:colcon.colcon_core.package_identification:_identify(src/arduinobot_py_examples) by extensions ['ros']
[0.169s] Level 1:colcon.colcon_core.package_identification:_identify(src/arduinobot_py_examples) by extension 'ros'
[0.169s] DEBUG:colcon.colcon_core.package_identification:Package 'src/arduinobot_py_examples' with type 'ros.ament_python' and name 'arduinobot_py_examples'
[0.169s] Level 1:colcon.colcon_core.package_identification:_identify(src/arduinobot_utils) by extensions ['ignore', 'ignore_ament_install']
[0.170s] Level 1:colcon.colcon_core.package_identification:_identify(src/arduinobot_utils) by extension 'ignore'
[0.170s] Level 1:colcon.colcon_core.package_identification:_identify(src/arduinobot_utils) by extension 'ignore_ament_install'
[0.170s] Level 1:colcon.colcon_core.package_identification:_identify(src/arduinobot_utils) by extensions ['colcon_pkg']
[0.170s] Level 1:colcon.colcon_core.package_identification:_identify(src/arduinobot_utils) by extension 'colcon_pkg'
[0.170s] Level 1:colcon.colcon_core.package_identification:_identify(src/arduinobot_utils) by extensions ['colcon_meta']
[0.170s] Level 1:colcon.colcon_core.package_identification:_identify(src/arduinobot_utils) by extension 'colcon_meta'
[0.170s] Level 1:colcon.colcon_core.package_identification:_identify(src/arduinobot_utils) by extensions ['ros']
[0.170s] Level 1:colcon.colcon_core.package_identification:_identify(src/arduinobot_utils) by extension 'ros'
[0.170s] DEBUG:colcon.colcon_core.package_identification:Package 'src/arduinobot_utils' with type 'ros.ament_cmake' and name 'arduinobot_utils'
[0.170s] Level 1:colcon.colcon_core.package_identification:_identify(src/build) by extensions ['ignore', 'ignore_ament_install']
[0.170s] Level 1:colcon.colcon_core.package_identification:_identify(src/build) by extension 'ignore'
[0.170s] Level 1:colcon.colcon_core.package_identification:_identify(src/build) ignored
[0.171s] Level 1:colcon.colcon_core.package_identification:_identify(src/install) by extensions ['ignore', 'ignore_ament_install']
[0.171s] Level 1:colcon.colcon_core.package_identification:_identify(src/install) by extension 'ignore'
[0.171s] Level 1:colcon.colcon_core.package_identification:_identify(src/install) ignored
[0.171s] Level 1:colcon.colcon_core.package_identification:_identify(src/log) by extensions ['ignore', 'ignore_ament_install']
[0.171s] Level 1:colcon.colcon_core.package_identification:_identify(src/log) by extension 'ignore'
[0.171s] Level 1:colcon.colcon_core.package_identification:_identify(src/log) ignored
[0.171s] Level 1:colcon.colcon_core.package_discovery:discover_packages(recursive) using defaults
[0.171s] Level 1:colcon.colcon_core.package_discovery:discover_packages(ignore) discover
[0.171s] Level 1:colcon.colcon_core.package_discovery:discover_packages(ignore) using defaults
[0.171s] Level 1:colcon.colcon_core.package_discovery:discover_packages(path) discover
[0.171s] Level 1:colcon.colcon_core.package_discovery:discover_packages(path) using defaults
[0.187s] Level 1:colcon.colcon_core.package_discovery:discover_packages(prefix_path) check parameters
[0.187s] Level 1:colcon.colcon_core.package_discovery:discover_packages(prefix_path) discover
[0.190s] DEBUG:colcon.colcon_installed_package_information.package_discovery:Found 421 installed packages in /opt/ros/jazzy
[0.191s] Level 1:colcon.colcon_core.package_discovery:discover_packages(prefix_path) using defaults
[0.246s] Level 5:colcon.colcon_core.verb:set package 'aduinobot_moveit' build argument 'cmake_args' from command line to 'None'
[0.246s] Level 5:colcon.colcon_core.verb:set package 'aduinobot_moveit' build argument 'cmake_target' from command line to 'None'
[0.246s] Level 5:colcon.colcon_core.verb:set package 'aduinobot_moveit' build argument 'cmake_target_skip_unavailable' from command line to 'False'
[0.246s] Level 5:colcon.colcon_core.verb:set package 'aduinobot_moveit' build argument 'cmake_clean_cache' from command line to 'False'
[0.246s] Level 5:colcon.colcon_core.verb:set package 'aduinobot_moveit' build argument 'cmake_clean_first' from command line to 'False'
[0.246s] Level 5:colcon.colcon_core.verb:set package 'aduinobot_moveit' build argument 'cmake_force_configure' from command line to 'False'
[0.246s] Level 5:colcon.colcon_core.verb:set package 'aduinobot_moveit' build argument 'ament_cmake_args' from command line to 'None'
[0.246s] Level 5:colcon.colcon_core.verb:set package 'aduinobot_moveit' build argument 'catkin_cmake_args' from command line to 'None'
[0.246s] Level 5:colcon.colcon_core.verb:set package 'aduinobot_moveit' build argument 'catkin_skip_building_tests' from command line to 'False'
[0.246s] DEBUG:colcon.colcon_core.verb:Building package 'aduinobot_moveit' with the following arguments: {'ament_cmake_args': None, 'build_base': '/home/adam-falkowski/arduinobot_ws/build/aduinobot_moveit', 'catkin_cmake_args': None, 'catkin_skip_building_tests': False, 'cmake_args': None, 'cmake_clean_cache': False, 'cmake_clean_first': False, 'cmake_force_configure': False, 'cmake_target': None, 'cmake_target_skip_unavailable': False, 'install_base': '/home/adam-falkowski/arduinobot_ws/install/aduinobot_moveit', 'merge_install': False, 'path': '/home/adam-falkowski/arduinobot_ws/src/arduinobot_moveit', 'symlink_install': False, 'test_result_base': None}
[0.247s] Level 5:colcon.colcon_core.verb:set package 'arduinobot_description' build argument 'cmake_args' from command line to 'None'
[0.247s] Level 5:colcon.colcon_core.verb:set package 'arduinobot_description' build argument 'cmake_target' from command line to 'None'
[0.247s] Level 5:colcon.colcon_core.verb:set package 'arduinobot_description' build argument 'cmake_target_skip_unavailable' from command line to 'False'
[0.247s] Level 5:colcon.colcon_core.verb:set package 'arduinobot_description' build argument 'cmake_clean_cache' from command line to 'False'
[0.247s] Level 5:colcon.colcon_core.verb:set package 'arduinobot_description' build argument 'cmake_clean_first' from command line to 'False'
[0.247s] Level 5:colcon.colcon_core.verb:set package 'arduinobot_description' build argument 'cmake_force_configure' from command line to 'False'
[0.247s] Level 5:colcon.colcon_core.verb:set package 'arduinobot_description' build argument 'ament_cmake_args' from command line to 'None'
[0.247s] Level 5:colcon.colcon_core.verb:set package 'arduinobot_description' build argument 'catkin_cmake_args' from command line to 'None'
[0.247s] Level 5:colcon.colcon_core.verb:set package 'arduinobot_description' build argument 'catkin_skip_building_tests' from command line to 'False'
[0.247s] DEBUG:colcon.colcon_core.verb:Building package 'arduinobot_description' with the following arguments: {'ament_cmake_args': None, 'build_base': '/home/adam-falkowski/arduinobot_ws/build/arduinobot_description', 'catkin_cmake_args': None, 'catkin_skip_building_tests': False, 'cmake_args': None, 'cmake_clean_cache': False, 'cmake_clean_first': False, 'cmake_force_configure': False, 'cmake_target': None, 'cmake_target_skip_unavailable': False, 'install_base': '/home/adam-falkowski/arduinobot_ws/install/arduinobot_description', 'merge_install': False, 'path': '/home/adam-falkowski/arduinobot_ws/src/arduinobot_description', 'symlink_install': False, 'test_result_base': None}
[0.247s] Level 5:colcon.colcon_core.verb:set package 'arduinobot_messages' build argument 'cmake_args' from command line to 'None'
[0.247s] Level 5:colcon.colcon_core.verb:set package 'arduinobot_messages' build argument 'cmake_target' from command line to 'None'
[0.247s] Level 5:colcon.colcon_core.verb:set package 'arduinobot_messages' build argument 'cmake_target_skip_unavailable' from command line to 'False'
[0.247s] Level 5:colcon.colcon_core.verb:set package 'arduinobot_messages' build argument 'cmake_clean_cache' from command line to 'False'
[0.247s] Level 5:colcon.colcon_core.verb:set package 'arduinobot_messages' build argument 'cmake_clean_first' from command line to 'False'
[0.247s] Level 5:colcon.colcon_core.verb:set package 'arduinobot_messages' build argument 'cmake_force_configure' from command line to 'False'
[0.247s] Level 5:colcon.colcon_core.verb:set package 'arduinobot_messages' build argument 'ament_cmake_args' from command line to 'None'
[0.247s] Level 5:colcon.colcon_core.verb:set package 'arduinobot_messages' build argument 'catkin_cmake_args' from command line to 'None'
[0.247s] Level 5:colcon.colcon_core.verb:set package 'arduinobot_messages' build argument 'catkin_skip_building_tests' from command line to 'False'
[0.247s] DEBUG:colcon.colcon_core.verb:Building package 'arduinobot_messages' with the following arguments: {'ament_cmake_args': None, 'build_base': '/home/adam-falkowski/arduinobot_ws/build/arduinobot_messages', 'catkin_cmake_args': None, 'catkin_skip_building_tests': False, 'cmake_args': None, 'cmake_clean_cache': False, 'cmake_clean_first': False, 'cmake_force_configure': False, 'cmake_target': None, 'cmake_target_skip_unavailable': False, 'install_base': '/home/adam-falkowski/arduinobot_ws/install/arduinobot_messages', 'merge_install': False, 'path': '/home/adam-falkowski/arduinobot_ws/src/arduinobot_messages', 'symlink_install': False, 'test_result_base': None}
[0.247s] Level 5:colcon.colcon_core.verb:set package 'arduinobot_controller' build argument 'cmake_args' from command line to 'None'
[0.247s] Level 5:colcon.colcon_core.verb:set package 'arduinobot_controller' build argument 'cmake_target' from command line to 'None'
[0.247s] Level 5:colcon.colcon_core.verb:set package 'arduinobot_controller' build argument 'cmake_target_skip_unavailable' from command line to 'False'
[0.248s] Level 5:colcon.colcon_core.verb:set package 'arduinobot_controller' build argument 'cmake_clean_cache' from command line to 'False'
[0.248s] Level 5:colcon.colcon_core.verb:set package 'arduinobot_controller' build argument 'cmake_clean_first' from command line to 'False'
[0.248s] Level 5:colcon.colcon_core.verb:set package 'arduinobot_controller' build argument 'cmake_force_configure' from command line to 'False'
[0.248s] Level 5:colcon.colcon_core.verb:set package 'arduinobot_controller' build argument 'ament_cmake_args' from command line to 'None'
[0.248s] Level 5:colcon.colcon_core.verb:set package 'arduinobot_controller' build argument 'catkin_cmake_args' from command line to 'None'
[0.248s] Level 5:colcon.colcon_core.verb:set package 'arduinobot_controller' build argument 'catkin_skip_building_tests' from command line to 'False'
[0.248s] DEBUG:colcon.colcon_core.verb:Building package 'arduinobot_controller' with the following arguments: {'ament_cmake_args': None, 'build_base': '/home/adam-falkowski/arduinobot_ws/build/arduinobot_controller', 'catkin_cmake_args': None, 'catkin_skip_building_tests': False, 'cmake_args': None, 'cmake_clean_cache': False, 'cmake_clean_first': False, 'cmake_force_configure': False, 'cmake_target': None, 'cmake_target_skip_unavailable': False, 'install_base': '/home/adam-falkowski/arduinobot_ws/install/arduinobot_controller', 'merge_install': False, 'path': '/home/adam-falkowski/arduinobot_ws/src/arduinobot_controller', 'symlink_install': False, 'test_result_base': None}
[0.248s] Level 5:colcon.colcon_core.verb:set package 'arduinobot_py_examples' build argument 'cmake_args' from command line to 'None'
[0.248s] Level 5:colcon.colcon_core.verb:set package 'arduinobot_py_examples' build argument 'cmake_target' from command line to 'None'
[0.248s] Level 5:colcon.colcon_core.verb:set package 'arduinobot_py_examples' build argument 'cmake_target_skip_unavailable' from command line to 'False'
[0.248s] Level 5:colcon.colcon_core.verb:set package 'arduinobot_py_examples' build argument 'cmake_clean_cache' from command line to 'False'
[0.248s] Level 5:colcon.colcon_core.verb:set package 'arduinobot_py_examples' build argument 'cmake_clean_first' from command line to 'False'
[0.248s] Level 5:colcon.colcon_core.verb:set package 'arduinobot_py_examples' build argument 'cmake_force_configure' from command line to 'False'
[0.248s] Level 5:colcon.colcon_core.verb:set package 'arduinobot_py_examples' build argument 'ament_cmake_args' from command line to 'None'
[0.248s] Level 5:colcon.colcon_core.verb:set package 'arduinobot_py_examples' build argument 'catkin_cmake_args' from command line to 'None'
[0.248s] Level 5:colcon.colcon_core.verb:set package 'arduinobot_py_examples' build argument 'catkin_skip_building_tests' from command line to 'False'
[0.248s] DEBUG:colcon.colcon_core.verb:Building package 'arduinobot_py_examples' with the following arguments: {'ament_cmake_args': None, 'build_base': '/home/adam-falkowski/arduinobot_ws/build/arduinobot_py_examples', 'catkin_cmake_args': None, 'catkin_skip_building_tests': False, 'cmake_args': None, 'cmake_clean_cache': False, 'cmake_clean_first': False, 'cmake_force_configure': False, 'cmake_target': None, 'cmake_target_skip_unavailable': False, 'install_base': '/home/adam-falkowski/arduinobot_ws/install/arduinobot_py_examples', 'merge_install': False, 'path': '/home/adam-falkowski/arduinobot_ws/src/arduinobot_py_examples', 'symlink_install': False, 'test_result_base': None}
[0.248s] Level 5:colcon.colcon_core.verb:set package 'arduinobot_utils' build argument 'cmake_args' from command line to 'None'
[0.248s] Level 5:colcon.colcon_core.verb:set package 'arduinobot_utils' build argument 'cmake_target' from command line to 'None'
[0.248s] Level 5:colcon.colcon_core.verb:set package 'arduinobot_utils' build argument 'cmake_target_skip_unavailable' from command line to 'False'
[0.248s] Level 5:colcon.colcon_core.verb:set package 'arduinobot_utils' build argument 'cmake_clean_cache' from command line to 'False'
[0.248s] Level 5:colcon.colcon_core.verb:set package 'arduinobot_utils' build argument 'cmake_clean_first' from command line to 'False'
[0.248s] Level 5:colcon.colcon_core.verb:set package 'arduinobot_utils' build argument 'cmake_force_configure' from command line to 'False'
[0.248s] Level 5:colcon.colcon_core.verb:set package 'arduinobot_utils' build argument 'ament_cmake_args' from command line to 'None'
[0.248s] Level 5:colcon.colcon_core.verb:set package 'arduinobot_utils' build argument 'catkin_cmake_args' from command line to 'None'
[0.248s] Level 5:colcon.colcon_core.verb:set package 'arduinobot_utils' build argument 'catkin_skip_building_tests' from command line to 'False'
[0.248s] DEBUG:colcon.colcon_core.verb:Building package 'arduinobot_utils' with the following arguments: {'ament_cmake_args': None, 'build_base': '/home/adam-falkowski/arduinobot_ws/build/arduinobot_utils', 'catkin_cmake_args': None, 'catkin_skip_building_tests': False, 'cmake_args': None, 'cmake_clean_cache': False, 'cmake_clean_first': False, 'cmake_force_configure': False, 'cmake_target': None, 'cmake_target_skip_unavailable': False, 'install_base': '/home/adam-falkowski/arduinobot_ws/install/arduinobot_utils', 'merge_install': False, 'path': '/home/adam-falkowski/arduinobot_ws/src/arduinobot_utils', 'symlink_install': False, 'test_result_base': None}
[0.249s] INFO:colcon.colcon_core.executor:Executing jobs using 'parallel' executor
[0.249s] DEBUG:colcon.colcon_parallel_executor.executor.parallel:run_until_complete
[0.249s] INFO:colcon.colcon_ros.task.ament_cmake.build:Building ROS package in '/home/adam-falkowski/arduinobot_ws/src/arduinobot_messages' with build type 'ament_cmake'
[0.250s] INFO:colcon.colcon_cmake.task.cmake.build:Building CMake package in '/home/adam-falkowski/arduinobot_ws/src/arduinobot_messages'
[0.251s] INFO:colcon.colcon_core.plugin_system:Skipping extension 'colcon_core.shell.bat': Not used on non-Windows systems
[0.252s] INFO:colcon.colcon_core.shell:Skip shell extension 'powershell' for command environment: Not usable outside of PowerShell
[0.252s] DEBUG:colcon.colcon_core.shell:Skip shell extension 'dsv' for command environment
[0.255s] INFO:colcon.colcon_ros.task.ament_cmake.build:Building ROS package in '/home/adam-falkowski/arduinobot_ws/src/arduinobot_description' with build type 'ament_cmake'
[0.256s] INFO:colcon.colcon_cmake.task.cmake.build:Building CMake package in '/home/adam-falkowski/arduinobot_ws/src/arduinobot_description'
[0.256s] INFO:colcon.colcon_core.shell:Skip shell extension 'powershell' for command environment: Not usable outside of PowerShell
[0.256s] DEBUG:colcon.colcon_core.shell:Skip shell extension 'dsv' for command environment
[0.259s] INFO:colcon.colcon_ros.task.ament_cmake.build:Building ROS package in '/home/adam-falkowski/arduinobot_ws/src/arduinobot_moveit' with build type 'ament_cmake'
[0.259s] INFO:colcon.colcon_cmake.task.cmake.build:Building CMake package in '/home/adam-falkowski/arduinobot_ws/src/arduinobot_moveit'
[0.259s] INFO:colcon.colcon_core.shell:Skip shell extension 'powershell' for command environment: Not usable outside of PowerShell
[0.259s] DEBUG:colcon.colcon_core.shell:Skip shell extension 'dsv' for command environment
[0.266s] DEBUG:colcon.colcon_core.event_handler.log_command:Invoking command in '/home/adam-falkowski/arduinobot_ws/build/arduinobot_messages': CMAKE_PREFIX_PATH=${CMAKE_PREFIX_PATH}:/opt/ros/jazzy DEBUGINFOD_URLS=https://debuginfod.ubuntu.com /usr/bin/cmake /home/adam-falkowski/arduinobot_ws/src/arduinobot_messages -DCMAKE_INSTALL_PREFIX=/home/adam-falkowski/arduinobot_ws/install/arduinobot_messages
[0.268s] DEBUG:colcon.colcon_core.event_handler.log_command:Invoking command in '/home/adam-falkowski/arduinobot_ws/build/arduinobot_description': CMAKE_PREFIX_PATH=${CMAKE_PREFIX_PATH}:/opt/ros/jazzy DEBUGINFOD_URLS=https://debuginfod.ubuntu.com /usr/bin/cmake /home/adam-falkowski/arduinobot_ws/src/arduinobot_description -DCMAKE_INSTALL_PREFIX=/home/adam-falkowski/arduinobot_ws/install/arduinobot_description
[0.272s] DEBUG:colcon.colcon_core.event_handler.log_command:Invoking command in '/home/adam-falkowski/arduinobot_ws/build/aduinobot_moveit': CMAKE_PREFIX_PATH=${CMAKE_PREFIX_PATH}:/opt/ros/jazzy DEBUGINFOD_URLS=https://debuginfod.ubuntu.com /usr/bin/cmake /home/adam-falkowski/arduinobot_ws/src/arduinobot_moveit -DCMAKE_INSTALL_PREFIX=/home/adam-falkowski/arduinobot_ws/install/aduinobot_moveit
[1.066s] DEBUG:colcon.colcon_core.event_handler.log_command:Invoked command in '/home/adam-falkowski/arduinobot_ws/build/aduinobot_moveit' returned '0': CMAKE_PREFIX_PATH=${CMAKE_PREFIX_PATH}:/opt/ros/jazzy DEBUGINFOD_URLS=https://debuginfod.ubuntu.com /usr/bin/cmake /home/adam-falkowski/arduinobot_ws/src/arduinobot_moveit -DCMAKE_INSTALL_PREFIX=/home/adam-falkowski/arduinobot_ws/install/aduinobot_moveit
[1.067s] DEBUG:colcon.colcon_core.event_handler.log_command:Invoking command in '/home/adam-falkowski/arduinobot_ws/build/aduinobot_moveit': CMAKE_PREFIX_PATH=${CMAKE_PREFIX_PATH}:/opt/ros/jazzy DEBUGINFOD_URLS=https://debuginfod.ubuntu.com /usr/bin/cmake --build /home/adam-falkowski/arduinobot_ws/build/aduinobot_moveit -- -j12 -l12
[1.076s] DEBUG:colcon.colcon_core.event_handler.log_command:Invoked command in '/home/adam-falkowski/arduinobot_ws/build/arduinobot_description' returned '0': CMAKE_PREFIX_PATH=${CMAKE_PREFIX_PATH}:/opt/ros/jazzy DEBUGINFOD_URLS=https://debuginfod.ubuntu.com /usr/bin/cmake /home/adam-falkowski/arduinobot_ws/src/arduinobot_description -DCMAKE_INSTALL_PREFIX=/home/adam-falkowski/arduinobot_ws/install/arduinobot_description
[1.077s] DEBUG:colcon.colcon_core.event_handler.log_command:Invoking command in '/home/adam-falkowski/arduinobot_ws/build/arduinobot_description': CMAKE_PREFIX_PATH=${CMAKE_PREFIX_PATH}:/opt/ros/jazzy DEBUGINFOD_URLS=https://debuginfod.ubuntu.com /usr/bin/cmake --build /home/adam-falkowski/arduinobot_ws/build/arduinobot_description -- -j12 -l12
[1.109s] DEBUG:colcon.colcon_core.event_handler.log_command:Invoked command in '/home/adam-falkowski/arduinobot_ws/build/aduinobot_moveit' returned '0': CMAKE_PREFIX_PATH=${CMAKE_PREFIX_PATH}:/opt/ros/jazzy DEBUGINFOD_URLS=https://debuginfod.ubuntu.com /usr/bin/cmake --build /home/adam-falkowski/arduinobot_ws/build/aduinobot_moveit -- -j12 -l12
[1.120s] DEBUG:colcon.colcon_core.event_handler.log_command:Invoking command in '/home/adam-falkowski/arduinobot_ws/build/aduinobot_moveit': CMAKE_PREFIX_PATH=${CMAKE_PREFIX_PATH}:/opt/ros/jazzy DEBUGINFOD_URLS=https://debuginfod.ubuntu.com /usr/bin/cmake --install /home/adam-falkowski/arduinobot_ws/build/aduinobot_moveit
[1.121s] DEBUG:colcon.colcon_core.event_handler.log_command:Invoked command in '/home/adam-falkowski/arduinobot_ws/build/arduinobot_description' returned '0': CMAKE_PREFIX_PATH=${CMAKE_PREFIX_PATH}:/opt/ros/jazzy DEBUGINFOD_URLS=https://debuginfod.ubuntu.com /usr/bin/cmake --build /home/adam-falkowski/arduinobot_ws/build/arduinobot_description -- -j12 -l12
[1.122s] DEBUG:colcon.colcon_core.event_handler.log_command:Invoking command in '/home/adam-falkowski/arduinobot_ws/build/arduinobot_description': CMAKE_PREFIX_PATH=${CMAKE_PREFIX_PATH}:/opt/ros/jazzy DEBUGINFOD_URLS=https://debuginfod.ubuntu.com /usr/bin/cmake --install /home/adam-falkowski/arduinobot_ws/build/arduinobot_description
[1.132s] Level 1:colcon.colcon_core.environment:create_environment_scripts_only(aduinobot_moveit)
[1.133s] DEBUG:colcon.colcon_core.event_handler.log_command:Invoked command in '/home/adam-falkowski/arduinobot_ws/build/aduinobot_moveit' returned '0': CMAKE_PREFIX_PATH=${CMAKE_PREFIX_PATH}:/opt/ros/jazzy DEBUGINFOD_URLS=https://debuginfod.ubuntu.com /usr/bin/cmake --install /home/adam-falkowski/arduinobot_ws/build/aduinobot_moveit
[1.135s] Level 1:colcon.colcon_core.environment:checking '/home/adam-falkowski/arduinobot_ws/install/aduinobot_moveit' for CMake module files
[1.136s] Level 1:colcon.colcon_core.environment:checking '/home/adam-falkowski/arduinobot_ws/install/aduinobot_moveit' for CMake config files
[1.136s] Level 1:colcon.colcon_core.shell:create_environment_hook('aduinobot_moveit', 'cmake_prefix_path')
[1.137s] INFO:colcon.colcon_core.shell:Creating environment hook '/home/adam-falkowski/arduinobot_ws/install/aduinobot_moveit/share/aduinobot_moveit/hook/cmake_prefix_path.ps1'
[1.137s] INFO:colcon.colcon_core.shell:Creating environment descriptor '/home/adam-falkowski/arduinobot_ws/install/aduinobot_moveit/share/aduinobot_moveit/hook/cmake_prefix_path.dsv'
[1.138s] INFO:colcon.colcon_core.shell:Creating environment hook '/home/adam-falkowski/arduinobot_ws/install/aduinobot_moveit/share/aduinobot_moveit/hook/cmake_prefix_path.sh'
[1.139s] Level 1:colcon.colcon_core.environment:checking '/home/adam-falkowski/arduinobot_ws/install/aduinobot_moveit/bin'
[1.139s] Level 1:colcon.colcon_core.environment:checking '/home/adam-falkowski/arduinobot_ws/install/aduinobot_moveit/lib/pkgconfig/aduinobot_moveit.pc'
[1.139s] Level 1:colcon.colcon_core.environment:checking '/home/adam-falkowski/arduinobot_ws/install/aduinobot_moveit/lib/python3.12/site-packages'
[1.140s] Level 1:colcon.colcon_core.environment:checking '/home/adam-falkowski/arduinobot_ws/install/aduinobot_moveit/bin'
[1.140s] INFO:colcon.colcon_core.shell:Creating package script '/home/adam-falkowski/arduinobot_ws/install/aduinobot_moveit/share/aduinobot_moveit/package.ps1'
[1.141s] INFO:colcon.colcon_core.shell:Creating package descriptor '/home/adam-falkowski/arduinobot_ws/install/aduinobot_moveit/share/aduinobot_moveit/package.dsv'
[1.141s] INFO:colcon.colcon_core.shell:Creating package script '/home/adam-falkowski/arduinobot_ws/install/aduinobot_moveit/share/aduinobot_moveit/package.sh'
[1.142s] INFO:colcon.colcon_core.shell:Creating package script '/home/adam-falkowski/arduinobot_ws/install/aduinobot_moveit/share/aduinobot_moveit/package.bash'
[1.143s] INFO:colcon.colcon_core.shell:Creating package script '/home/adam-falkowski/arduinobot_ws/install/aduinobot_moveit/share/aduinobot_moveit/package.zsh'
[1.144s] Level 1:colcon.colcon_core.environment:create_file_with_runtime_dependencies(/home/adam-falkowski/arduinobot_ws/install/aduinobot_moveit/share/colcon-core/packages/aduinobot_moveit)
[1.144s] Level 1:colcon.colcon_core.environment:create_environment_scripts_only(aduinobot_moveit)
[1.145s] Level 1:colcon.colcon_core.environment:checking '/home/adam-falkowski/arduinobot_ws/install/aduinobot_moveit' for CMake module files
[1.145s] Level 1:colcon.colcon_core.environment:checking '/home/adam-falkowski/arduinobot_ws/install/aduinobot_moveit' for CMake config files
[1.146s] Level 1:colcon.colcon_core.shell:create_environment_hook('aduinobot_moveit', 'cmake_prefix_path')
[1.146s] INFO:colcon.colcon_core.shell:Creating environment hook '/home/adam-falkowski/arduinobot_ws/install/aduinobot_moveit/share/aduinobot_moveit/hook/cmake_prefix_path.ps1'
[1.146s] INFO:colcon.colcon_core.shell:Creating environment descriptor '/home/adam-falkowski/arduinobot_ws/install/aduinobot_moveit/share/aduinobot_moveit/hook/cmake_prefix_path.dsv'
[1.147s] INFO:colcon.colcon_core.shell:Creating environment hook '/home/adam-falkowski/arduinobot_ws/install/aduinobot_moveit/share/aduinobot_moveit/hook/cmake_prefix_path.sh'
[1.148s] Level 1:colcon.colcon_core.environment:checking '/home/adam-falkowski/arduinobot_ws/install/aduinobot_moveit/bin'
[1.148s] Level 1:colcon.colcon_core.environment:checking '/home/adam-falkowski/arduinobot_ws/install/aduinobot_moveit/lib/pkgconfig/aduinobot_moveit.pc'
[1.148s] Level 1:colcon.colcon_core.environment:checking '/home/adam-falkowski/arduinobot_ws/install/aduinobot_moveit/lib/python3.12/site-packages'
[1.148s] Level 1:colcon.colcon_core.environment:checking '/home/adam-falkowski/arduinobot_ws/install/aduinobot_moveit/bin'
[1.149s] INFO:colcon.colcon_core.shell:Creating package script '/home/adam-falkowski/arduinobot_ws/install/aduinobot_moveit/share/aduinobot_moveit/package.ps1'
[1.149s] INFO:colcon.colcon_core.shell:Creating package descriptor '/home/adam-falkowski/arduinobot_ws/install/aduinobot_moveit/share/aduinobot_moveit/package.dsv'
[1.150s] INFO:colcon.colcon_core.shell:Creating package script '/home/adam-falkowski/arduinobot_ws/install/aduinobot_moveit/share/aduinobot_moveit/package.sh'
[1.151s] INFO:colcon.colcon_core.shell:Creating package script '/home/adam-falkowski/arduinobot_ws/install/aduinobot_moveit/share/aduinobot_moveit/package.bash'
[1.151s] INFO:colcon.colcon_core.shell:Creating package script '/home/adam-falkowski/arduinobot_ws/install/aduinobot_moveit/share/aduinobot_moveit/package.zsh'
[1.151s] Level 1:colcon.colcon_core.environment:create_file_with_runtime_dependencies(/home/adam-falkowski/arduinobot_ws/install/aduinobot_moveit/share/colcon-core/packages/aduinobot_moveit)
[1.152s] Level 1:colcon.colcon_core.environment:create_environment_scripts_only(arduinobot_description)
[1.153s] Level 1:colcon.colcon_core.environment:checking '/home/adam-falkowski/arduinobot_ws/install/arduinobot_description' for CMake module files
[1.153s] DEBUG:colcon.colcon_core.event_handler.log_command:Invoked command in '/home/adam-falkowski/arduinobot_ws/build/arduinobot_description' returned '0': CMAKE_PREFIX_PATH=${CMAKE_PREFIX_PATH}:/opt/ros/jazzy DEBUGINFOD_URLS=https://debuginfod.ubuntu.com /usr/bin/cmake --install /home/adam-falkowski/arduinobot_ws/build/arduinobot_description
[1.154s] Level 1:colcon.colcon_core.environment:checking '/home/adam-falkowski/arduinobot_ws/install/arduinobot_description' for CMake config files
[1.154s] Level 1:colcon.colcon_core.shell:create_environment_hook('arduinobot_description', 'cmake_prefix_path')
[1.154s] INFO:colcon.colcon_core.shell:Creating environment hook '/home/adam-falkowski/arduinobot_ws/install/arduinobot_description/share/arduinobot_description/hook/cmake_prefix_path.ps1'
[1.155s] INFO:colcon.colcon_core.shell:Creating environment descriptor '/home/adam-falkowski/arduinobot_ws/install/arduinobot_description/share/arduinobot_description/hook/cmake_prefix_path.dsv'
[1.155s] INFO:colcon.colcon_core.shell:Creating environment hook '/home/adam-falkowski/arduinobot_ws/install/arduinobot_description/share/arduinobot_description/hook/cmake_prefix_path.sh'
[1.157s] Level 1:colcon.colcon_core.environment:checking '/home/adam-falkowski/arduinobot_ws/install/arduinobot_description/bin'
[1.157s] Level 1:colcon.colcon_core.environment:checking '/home/adam-falkowski/arduinobot_ws/install/arduinobot_description/lib/pkgconfig/arduinobot_description.pc'
[1.157s] Level 1:colcon.colcon_core.environment:checking '/home/adam-falkowski/arduinobot_ws/install/arduinobot_description/lib/python3.12/site-packages'
[1.157s] Level 1:colcon.colcon_core.environment:checking '/home/adam-falkowski/arduinobot_ws/install/arduinobot_description/bin'
[1.158s] INFO:colcon.colcon_core.shell:Creating package script '/home/adam-falkowski/arduinobot_ws/install/arduinobot_description/share/arduinobot_description/package.ps1'
[1.158s] INFO:colcon.colcon_core.shell:Creating package descriptor '/home/adam-falkowski/arduinobot_ws/install/arduinobot_description/share/arduinobot_description/package.dsv'
[1.159s] INFO:colcon.colcon_core.shell:Creating package script '/home/adam-falkowski/arduinobot_ws/install/arduinobot_description/share/arduinobot_description/package.sh'
[1.159s] INFO:colcon.colcon_core.shell:Creating package script '/home/adam-falkowski/arduinobot_ws/install/arduinobot_description/share/arduinobot_description/package.bash'
[1.160s] INFO:colcon.colcon_core.shell:Creating package script '/home/adam-falkowski/arduinobot_ws/install/arduinobot_description/share/arduinobot_description/package.zsh'
[1.160s] Level 1:colcon.colcon_core.environment:create_file_with_runtime_dependencies(/home/adam-falkowski/arduinobot_ws/install/arduinobot_description/share/colcon-core/packages/arduinobot_description)
[1.161s] Level 1:colcon.colcon_core.environment:create_environment_scripts_only(arduinobot_description)
[1.161s] Level 1:colcon.colcon_core.environment:checking '/home/adam-falkowski/arduinobot_ws/install/arduinobot_description' for CMake module files
[1.162s] Level 1:colcon.colcon_core.environment:checking '/home/adam-falkowski/arduinobot_ws/install/arduinobot_description' for CMake config files
[1.162s] Level 1:colcon.colcon_core.shell:create_environment_hook('arduinobot_description', 'cmake_prefix_path')
[1.162s] INFO:colcon.colcon_core.shell:Creating environment hook '/home/adam-falkowski/arduinobot_ws/install/arduinobot_description/share/arduinobot_description/hook/cmake_prefix_path.ps1'
[1.163s] INFO:colcon.colcon_core.shell:Creating environment descriptor '/home/adam-falkowski/arduinobot_ws/install/arduinobot_description/share/arduinobot_description/hook/cmake_prefix_path.dsv'
[1.163s] INFO:colcon.colcon_core.shell:Creating environment hook '/home/adam-falkowski/arduinobot_ws/install/arduinobot_description/share/arduinobot_description/hook/cmake_prefix_path.sh'
[1.164s] Level 1:colcon.colcon_core.environment:checking '/home/adam-falkowski/arduinobot_ws/install/arduinobot_description/bin'
[1.164s] Level 1:colcon.colcon_core.environment:checking '/home/adam-falkowski/arduinobot_ws/install/arduinobot_description/lib/pkgconfig/arduinobot_description.pc'
[1.164s] Level 1:colcon.colcon_core.environment:checking '/home/adam-falkowski/arduinobot_ws/install/arduinobot_description/lib/python3.12/site-packages'
[1.165s] Level 1:colcon.colcon_core.environment:checking '/home/adam-falkowski/arduinobot_ws/install/arduinobot_description/bin'
[1.165s] INFO:colcon.colcon_core.shell:Creating package script '/home/adam-falkowski/arduinobot_ws/install/arduinobot_description/share/arduinobot_description/package.ps1'
[1.165s] INFO:colcon.colcon_core.shell:Creating package descriptor '/home/adam-falkowski/arduinobot_ws/install/arduinobot_description/share/arduinobot_description/package.dsv'
[1.166s] INFO:colcon.colcon_core.shell:Creating package script '/home/adam-falkowski/arduinobot_ws/install/arduinobot_description/share/arduinobot_description/package.sh'
[1.167s] INFO:colcon.colcon_core.shell:Creating package script '/home/adam-falkowski/arduinobot_ws/install/arduinobot_description/share/arduinobot_description/package.bash'
[1.167s] INFO:colcon.colcon_core.shell:Creating package script '/home/adam-falkowski/arduinobot_ws/install/arduinobot_description/share/arduinobot_description/package.zsh'
[1.168s] Level 1:colcon.colcon_core.environment:create_file_with_runtime_dependencies(/home/adam-falkowski/arduinobot_ws/install/arduinobot_description/share/colcon-core/packages/arduinobot_description)
[1.168s] INFO:colcon.colcon_ros.task.ament_cmake.build:Building ROS package in '/home/adam-falkowski/arduinobot_ws/src/arduinobot_controller' with build type 'ament_cmake'
[1.168s] INFO:colcon.colcon_cmake.task.cmake.build:Building CMake package in '/home/adam-falkowski/arduinobot_ws/src/arduinobot_controller'
[1.168s] INFO:colcon.colcon_core.shell:Skip shell extension 'powershell' for command environment: Not usable outside of PowerShell
[1.168s] DEBUG:colcon.colcon_core.shell:Skip shell extension 'dsv' for command environment
[1.181s] DEBUG:colcon.colcon_core.event_handler.log_command:Invoking command in '/home/adam-falkowski/arduinobot_ws/build/arduinobot_controller': AMENT_PREFIX_PATH=/home/adam-falkowski/arduinobot_ws/install/arduinobot_description:${AMENT_PREFIX_PATH} CMAKE_PREFIX_PATH=/home/adam-falkowski/arduinobot_ws/install/arduinobot_description:/opt/ros/jazzy/opt/gz_launch_vendor:/opt/ros/jazzy/opt/gz_sim_vendor:/opt/ros/jazzy/opt/gz_sensors_vendor:/opt/ros/jazzy/opt/gz_physics_vendor:/opt/ros/jazzy/opt/sdformat_vendor:/opt/ros/jazzy/opt/gz_gui_vendor:/opt/ros/jazzy/opt/gz_transport_vendor:/opt/ros/jazzy/opt/gz_rendering_vendor:/opt/ros/jazzy/opt/gz_plugin_vendor:/opt/ros/jazzy/opt/gz_fuel_tools_vendor:/opt/ros/jazzy/opt/gz_msgs_vendor:/opt/ros/jazzy/opt/gz_common_vendor:/opt/ros/jazzy/opt/gz_math_vendor:/opt/ros/jazzy/opt/gz_utils_vendor:/opt/ros/jazzy/opt/gz_tools_vendor:/opt/ros/jazzy/opt/gz_ogre_next_vendor:/opt/ros/jazzy/opt/gz_dartsim_vendor:/opt/ros/jazzy/opt/gz_cmake_vendor:/opt/ros/jazzy DEBUGINFOD_URLS=https://debuginfod.ubuntu.com /usr/bin/cmake /home/adam-falkowski/arduinobot_ws/src/arduinobot_controller -DCMAKE_INSTALL_PREFIX=/home/adam-falkowski/arduinobot_ws/install/arduinobot_controller
[1.989s] DEBUG:colcon.colcon_core.event_handler.log_command:Invoked command in '/home/adam-falkowski/arduinobot_ws/build/arduinobot_controller' returned '0': AMENT_PREFIX_PATH=/home/adam-falkowski/arduinobot_ws/install/arduinobot_description:${AMENT_PREFIX_PATH} CMAKE_PREFIX_PATH=/home/adam-falkowski/arduinobot_ws/install/arduinobot_description:/opt/ros/jazzy/opt/gz_launch_vendor:/opt/ros/jazzy/opt/gz_sim_vendor:/opt/ros/jazzy/opt/gz_sensors_vendor:/opt/ros/jazzy/opt/gz_physics_vendor:/opt/ros/jazzy/opt/sdformat_vendor:/opt/ros/jazzy/opt/gz_gui_vendor:/opt/ros/jazzy/opt/gz_transport_vendor:/opt/ros/jazzy/opt/gz_rendering_vendor:/opt/ros/jazzy/opt/gz_plugin_vendor:/opt/ros/jazzy/opt/gz_fuel_tools_vendor:/opt/ros/jazzy/opt/gz_msgs_vendor:/opt/ros/jazzy/opt/gz_common_vendor:/opt/ros/jazzy/opt/gz_math_vendor:/opt/ros/jazzy/opt/gz_utils_vendor:/opt/ros/jazzy/opt/gz_tools_vendor:/opt/ros/jazzy/opt/gz_ogre_next_vendor:/opt/ros/jazzy/opt/gz_dartsim_vendor:/opt/ros/jazzy/opt/gz_cmake_vendor:/opt/ros/jazzy DEBUGINFOD_URLS=https://debuginfod.ubuntu.com /usr/bin/cmake /home/adam-falkowski/arduinobot_ws/src/arduinobot_controller -DCMAKE_INSTALL_PREFIX=/home/adam-falkowski/arduinobot_ws/install/arduinobot_controller
[1.991s] DEBUG:colcon.colcon_core.event_handler.log_command:Invoking command in '/home/adam-falkowski/arduinobot_ws/build/arduinobot_controller': AMENT_PREFIX_PATH=/home/adam-falkowski/arduinobot_ws/install/arduinobot_description:${AMENT_PREFIX_PATH} CMAKE_PREFIX_PATH=/home/adam-falkowski/arduinobot_ws/install/arduinobot_description:/opt/ros/jazzy/opt/gz_launch_vendor:/opt/ros/jazzy/opt/gz_sim_vendor:/opt/ros/jazzy/opt/gz_sensors_vendor:/opt/ros/jazzy/opt/gz_physics_vendor:/opt/ros/jazzy/opt/sdformat_vendor:/opt/ros/jazzy/opt/gz_gui_vendor:/opt/ros/jazzy/opt/gz_transport_vendor:/opt/ros/jazzy/opt/gz_rendering_vendor:/opt/ros/jazzy/opt/gz_plugin_vendor:/opt/ros/jazzy/opt/gz_fuel_tools_vendor:/opt/ros/jazzy/opt/gz_msgs_vendor:/opt/ros/jazzy/opt/gz_common_vendor:/opt/ros/jazzy/opt/gz_math_vendor:/opt/ros/jazzy/opt/gz_utils_vendor:/opt/ros/jazzy/opt/gz_tools_vendor:/opt/ros/jazzy/opt/gz_ogre_next_vendor:/opt/ros/jazzy/opt/gz_dartsim_vendor:/opt/ros/jazzy/opt/gz_cmake_vendor:/opt/ros/jazzy DEBUGINFOD_URLS=https://debuginfod.ubuntu.com /usr/bin/cmake --build /home/adam-falkowski/arduinobot_ws/build/arduinobot_controller -- -j12 -l12
[2.035s] DEBUG:colcon.colcon_core.event_handler.log_command:Invoked command in '/home/adam-falkowski/arduinobot_ws/build/arduinobot_controller' returned '0': AMENT_PREFIX_PATH=/home/adam-falkowski/arduinobot_ws/install/arduinobot_description:${AMENT_PREFIX_PATH} CMAKE_PREFIX_PATH=/home/adam-falkowski/arduinobot_ws/install/arduinobot_description:/opt/ros/jazzy/opt/gz_launch_vendor:/opt/ros/jazzy/opt/gz_sim_vendor:/opt/ros/jazzy/opt/gz_sensors_vendor:/opt/ros/jazzy/opt/gz_physics_vendor:/opt/ros/jazzy/opt/sdformat_vendor:/opt/ros/jazzy/opt/gz_gui_vendor:/opt/ros/jazzy/opt/gz_transport_vendor:/opt/ros/jazzy/opt/gz_rendering_vendor:/opt/ros/jazzy/opt/gz_plugin_vendor:/opt/ros/jazzy/opt/gz_fuel_tools_vendor:/opt/ros/jazzy/opt/gz_msgs_vendor:/opt/ros/jazzy/opt/gz_common_vendor:/opt/ros/jazzy/opt/gz_math_vendor:/opt/ros/jazzy/opt/gz_utils_vendor:/opt/ros/jazzy/opt/gz_tools_vendor:/opt/ros/jazzy/opt/gz_ogre_next_vendor:/opt/ros/jazzy/opt/gz_dartsim_vendor:/opt/ros/jazzy/opt/gz_cmake_vendor:/opt/ros/jazzy DEBUGINFOD_URLS=https://debuginfod.ubuntu.com /usr/bin/cmake --build /home/adam-falkowski/arduinobot_ws/build/arduinobot_controller -- -j12 -l12
[2.036s] DEBUG:colcon.colcon_core.event_handler.log_command:Invoking command in '/home/adam-falkowski/arduinobot_ws/build/arduinobot_controller': AMENT_PREFIX_PATH=/home/adam-falkowski/arduinobot_ws/install/arduinobot_description:${AMENT_PREFIX_PATH} CMAKE_PREFIX_PATH=/home/adam-falkowski/arduinobot_ws/install/arduinobot_description:/opt/ros/jazzy/opt/gz_launch_vendor:/opt/ros/jazzy/opt/gz_sim_vendor:/opt/ros/jazzy/opt/gz_sensors_vendor:/opt/ros/jazzy/opt/gz_physics_vendor:/opt/ros/jazzy/opt/sdformat_vendor:/opt/ros/jazzy/opt/gz_gui_vendor:/opt/ros/jazzy/opt/gz_transport_vendor:/opt/ros/jazzy/opt/gz_rendering_vendor:/opt/ros/jazzy/opt/gz_plugin_vendor:/opt/ros/jazzy/opt/gz_fuel_tools_vendor:/opt/ros/jazzy/opt/gz_msgs_vendor:/opt/ros/jazzy/opt/gz_common_vendor:/opt/ros/jazzy/opt/gz_math_vendor:/opt/ros/jazzy/opt/gz_utils_vendor:/opt/ros/jazzy/opt/gz_tools_vendor:/opt/ros/jazzy/opt/gz_ogre_next_vendor:/opt/ros/jazzy/opt/gz_dartsim_vendor:/opt/ros/jazzy/opt/gz_cmake_vendor:/opt/ros/jazzy DEBUGINFOD_URLS=https://debuginfod.ubuntu.com /usr/bin/cmake --install /home/adam-falkowski/arduinobot_ws/build/arduinobot_controller
[2.048s] Level 1:colcon.colcon_core.environment:create_environment_scripts_only(arduinobot_controller)
[2.048s] Level 1:colcon.colcon_core.environment:checking '/home/adam-falkowski/arduinobot_ws/install/arduinobot_controller' for CMake module files
[2.048s] DEBUG:colcon.colcon_core.event_handler.log_command:Invoked command in '/home/adam-falkowski/arduinobot_ws/build/arduinobot_controller' returned '0': AMENT_PREFIX_PATH=/home/adam-falkowski/arduinobot_ws/install/arduinobot_description:${AMENT_PREFIX_PATH} CMAKE_PREFIX_PATH=/home/adam-falkowski/arduinobot_ws/install/arduinobot_description:/opt/ros/jazzy/opt/gz_launch_vendor:/opt/ros/jazzy/opt/gz_sim_vendor:/opt/ros/jazzy/opt/gz_sensors_vendor:/opt/ros/jazzy/opt/gz_physics_vendor:/opt/ros/jazzy/opt/sdformat_vendor:/opt/ros/jazzy/opt/gz_gui_vendor:/opt/ros/jazzy/opt/gz_transport_vendor:/opt/ros/jazzy/opt/gz_rendering_vendor:/opt/ros/jazzy/opt/gz_plugin_vendor:/opt/ros/jazzy/opt/gz_fuel_tools_vendor:/opt/ros/jazzy/opt/gz_msgs_vendor:/opt/ros/jazzy/opt/gz_common_vendor:/opt/ros/jazzy/opt/gz_math_vendor:/opt/ros/jazzy/opt/gz_utils_vendor:/opt/ros/jazzy/opt/gz_tools_vendor:/opt/ros/jazzy/opt/gz_ogre_next_vendor:/opt/ros/jazzy/opt/gz_dartsim_vendor:/opt/ros/jazzy/opt/gz_cmake_vendor:/opt/ros/jazzy DEBUGINFOD_URLS=https://debuginfod.ubuntu.com /usr/bin/cmake --install /home/adam-falkowski/arduinobot_ws/build/arduinobot_controller
[2.049s] Level 1:colcon.colcon_core.environment:checking '/home/adam-falkowski/arduinobot_ws/install/arduinobot_controller' for CMake config files
[2.049s] Level 1:colcon.colcon_core.shell:create_environment_hook('arduinobot_controller', 'cmake_prefix_path')
[2.049s] INFO:colcon.colcon_core.shell:Creating environment hook '/home/adam-falkowski/arduinobot_ws/install/arduinobot_controller/share/arduinobot_controller/hook/cmake_prefix_path.ps1'
[2.050s] INFO:colcon.colcon_core.shell:Creating environment descriptor '/home/adam-falkowski/arduinobot_ws/install/arduinobot_controller/share/arduinobot_controller/hook/cmake_prefix_path.dsv'
[2.050s] INFO:colcon.colcon_core.shell:Creating environment hook '/home/adam-falkowski/arduinobot_ws/install/arduinobot_controller/share/arduinobot_controller/hook/cmake_prefix_path.sh'
[2.051s] Level 1:colcon.colcon_core.environment:checking '/home/adam-falkowski/arduinobot_ws/install/arduinobot_controller/bin'
[2.051s] Level 1:colcon.colcon_core.environment:checking '/home/adam-falkowski/arduinobot_ws/install/arduinobot_controller/lib/pkgconfig/arduinobot_controller.pc'
[2.051s] Level 1:colcon.colcon_core.environment:checking '/home/adam-falkowski/arduinobot_ws/install/arduinobot_controller/lib/python3.12/site-packages'
[2.051s] Level 1:colcon.colcon_core.environment:checking '/home/adam-falkowski/arduinobot_ws/install/arduinobot_controller/bin'
[2.051s] INFO:colcon.colcon_core.shell:Creating package script '/home/adam-falkowski/arduinobot_ws/install/arduinobot_controller/share/arduinobot_controller/package.ps1'
[2.052s] INFO:colcon.colcon_core.shell:Creating package descriptor '/home/adam-falkowski/arduinobot_ws/install/arduinobot_controller/share/arduinobot_controller/package.dsv'
[2.052s] INFO:colcon.colcon_core.shell:Creating package script '/home/adam-falkowski/arduinobot_ws/install/arduinobot_controller/share/arduinobot_controller/package.sh'
[2.053s] INFO:colcon.colcon_core.shell:Creating package script '/home/adam-falkowski/arduinobot_ws/install/arduinobot_controller/share/arduinobot_controller/package.bash'
[2.053s] INFO:colcon.colcon_core.shell:Creating package script '/home/adam-falkowski/arduinobot_ws/install/arduinobot_controller/share/arduinobot_controller/package.zsh'
[2.054s] Level 1:colcon.colcon_core.environment:create_file_with_runtime_dependencies(/home/adam-falkowski/arduinobot_ws/install/arduinobot_controller/share/colcon-core/packages/arduinobot_controller)
[2.054s] Level 1:colcon.colcon_core.environment:create_environment_scripts_only(arduinobot_controller)
[2.055s] Level 1:colcon.colcon_core.environment:checking '/home/adam-falkowski/arduinobot_ws/install/arduinobot_controller' for CMake module files
[2.055s] Level 1:colcon.colcon_core.environment:checking '/home/adam-falkowski/arduinobot_ws/install/arduinobot_controller' for CMake config files
[2.055s] Level 1:colcon.colcon_core.shell:create_environment_hook('arduinobot_controller', 'cmake_prefix_path')
[2.056s] INFO:colcon.colcon_core.shell:Creating environment hook '/home/adam-falkowski/arduinobot_ws/install/arduinobot_controller/share/arduinobot_controller/hook/cmake_prefix_path.ps1'
[2.056s] INFO:colcon.colcon_core.shell:Creating environment descriptor '/home/adam-falkowski/arduinobot_ws/install/arduinobot_controller/share/arduinobot_controller/hook/cmake_prefix_path.dsv'
[2.056s] INFO:colcon.colcon_core.shell:Creating environment hook '/home/adam-falkowski/arduinobot_ws/install/arduinobot_controller/share/arduinobot_controller/hook/cmake_prefix_path.sh'
[2.057s] Level 1:colcon.colcon_core.environment:checking '/home/adam-falkowski/arduinobot_ws/install/arduinobot_controller/bin'
[2.057s] Level 1:colcon.colcon_core.environment:checking '/home/adam-falkowski/arduinobot_ws/install/arduinobot_controller/lib/pkgconfig/arduinobot_controller.pc'
[2.057s] Level 1:colcon.colcon_core.environment:checking '/home/adam-falkowski/arduinobot_ws/install/arduinobot_controller/lib/python3.12/site-packages'
[2.057s] Level 1:colcon.colcon_core.environment:checking '/home/adam-falkowski/arduinobot_ws/install/arduinobot_controller/bin'
[2.058s] INFO:colcon.colcon_core.shell:Creating package script '/home/adam-falkowski/arduinobot_ws/install/arduinobot_controller/share/arduinobot_controller/package.ps1'
[2.058s] INFO:colcon.colcon_core.shell:Creating package descriptor '/home/adam-falkowski/arduinobot_ws/install/arduinobot_controller/share/arduinobot_controller/package.dsv'
[2.058s] INFO:colcon.colcon_core.shell:Creating package script '/home/adam-falkowski/arduinobot_ws/install/arduinobot_controller/share/arduinobot_controller/package.sh'
[2.059s] INFO:colcon.colcon_core.shell:Creating package script '/home/adam-falkowski/arduinobot_ws/install/arduinobot_controller/share/arduinobot_controller/package.bash'
[2.059s] INFO:colcon.colcon_core.shell:Creating package script '/home/adam-falkowski/arduinobot_ws/install/arduinobot_controller/share/arduinobot_controller/package.zsh'
[2.060s] Level 1:colcon.colcon_core.environment:create_file_with_runtime_dependencies(/home/adam-falkowski/arduinobot_ws/install/arduinobot_controller/share/colcon-core/packages/arduinobot_controller)
[3.507s] DEBUG:colcon.colcon_core.event_handler.log_command:Invoked command in '/home/adam-falkowski/arduinobot_ws/build/arduinobot_messages' returned '0': CMAKE_PREFIX_PATH=${CMAKE_PREFIX_PATH}:/opt/ros/jazzy DEBUGINFOD_URLS=https://debuginfod.ubuntu.com /usr/bin/cmake /home/adam-falkowski/arduinobot_ws/src/arduinobot_messages -DCMAKE_INSTALL_PREFIX=/home/adam-falkowski/arduinobot_ws/install/arduinobot_messages
[3.507s] DEBUG:colcon.colcon_core.event_handler.log_command:Invoking command in '/home/adam-falkowski/arduinobot_ws/build/arduinobot_messages': CMAKE_PREFIX_PATH=${CMAKE_PREFIX_PATH}:/opt/ros/jazzy DEBUGINFOD_URLS=https://debuginfod.ubuntu.com /usr/bin/cmake --build /home/adam-falkowski/arduinobot_ws/build/arduinobot_messages -- -j12 -l12
[7.408s] DEBUG:colcon.colcon_core.event_handler.log_command:Invoked command in '/home/adam-falkowski/arduinobot_ws/build/arduinobot_messages' returned '0': CMAKE_PREFIX_PATH=${CMAKE_PREFIX_PATH}:/opt/ros/jazzy DEBUGINFOD_URLS=https://debuginfod.ubuntu.com /usr/bin/cmake --build /home/adam-falkowski/arduinobot_ws/build/arduinobot_messages -- -j12 -l12
[7.409s] DEBUG:colcon.colcon_core.event_handler.log_command:Invoking command in '/home/adam-falkowski/arduinobot_ws/build/arduinobot_messages': CMAKE_PREFIX_PATH=${CMAKE_PREFIX_PATH}:/opt/ros/jazzy DEBUGINFOD_URLS=https://debuginfod.ubuntu.com /usr/bin/cmake --install /home/adam-falkowski/arduinobot_ws/build/arduinobot_messages
[7.505s] Level 1:colcon.colcon_core.environment:create_environment_scripts_only(arduinobot_messages)
[7.505s] Level 1:colcon.colcon_core.environment:checking '/home/adam-falkowski/arduinobot_ws/install/arduinobot_messages' for CMake module files
[7.506s] DEBUG:colcon.colcon_core.event_handler.log_command:Invoked command in '/home/adam-falkowski/arduinobot_ws/build/arduinobot_messages' returned '0': CMAKE_PREFIX_PATH=${CMAKE_PREFIX_PATH}:/opt/ros/jazzy DEBUGINFOD_URLS=https://debuginfod.ubuntu.com /usr/bin/cmake --install /home/adam-falkowski/arduinobot_ws/build/arduinobot_messages
[7.506s] Level 1:colcon.colcon_core.environment:checking '/home/adam-falkowski/arduinobot_ws/install/arduinobot_messages' for CMake config files
[7.507s] Level 1:colcon.colcon_core.shell:create_environment_hook('arduinobot_messages', 'cmake_prefix_path')
[7.507s] INFO:colcon.colcon_core.shell:Creating environment hook '/home/adam-falkowski/arduinobot_ws/install/arduinobot_messages/share/arduinobot_messages/hook/cmake_prefix_path.ps1'
[7.507s] INFO:colcon.colcon_core.shell:Creating environment descriptor '/home/adam-falkowski/arduinobot_ws/install/arduinobot_messages/share/arduinobot_messages/hook/cmake_prefix_path.dsv'
[7.508s] INFO:colcon.colcon_core.shell:Creating environment hook '/home/adam-falkowski/arduinobot_ws/install/arduinobot_messages/share/arduinobot_messages/hook/cmake_prefix_path.sh'
[7.508s] Level 1:colcon.colcon_core.environment:checking '/home/adam-falkowski/arduinobot_ws/install/arduinobot_messages/lib'
[7.508s] Level 1:colcon.colcon_core.shell:create_environment_hook('arduinobot_messages', 'ld_library_path_lib')
[7.508s] INFO:colcon.colcon_core.shell:Creating environment hook '/home/adam-falkowski/arduinobot_ws/install/arduinobot_messages/share/arduinobot_messages/hook/ld_library_path_lib.ps1'
[7.509s] INFO:colcon.colcon_core.shell:Creating environment descriptor '/home/adam-falkowski/arduinobot_ws/install/arduinobot_messages/share/arduinobot_messages/hook/ld_library_path_lib.dsv'
[7.509s] INFO:colcon.colcon_core.shell:Creating environment hook '/home/adam-falkowski/arduinobot_ws/install/arduinobot_messages/share/arduinobot_messages/hook/ld_library_path_lib.sh'
[7.509s] Level 1:colcon.colcon_core.environment:checking '/home/adam-falkowski/arduinobot_ws/install/arduinobot_messages/bin'
[7.509s] Level 1:colcon.colcon_core.environment:checking '/home/adam-falkowski/arduinobot_ws/install/arduinobot_messages/lib/pkgconfig/arduinobot_messages.pc'
[7.510s] Level 1:colcon.colcon_core.environment:checking '/home/adam-falkowski/arduinobot_ws/install/arduinobot_messages/lib/python3.12/site-packages'
[7.510s] Level 1:colcon.colcon_core.shell:create_environment_hook('arduinobot_messages', 'pythonpath')
[7.510s] INFO:colcon.colcon_core.shell:Creating environment hook '/home/adam-falkowski/arduinobot_ws/install/arduinobot_messages/share/arduinobot_messages/hook/pythonpath.ps1'
[7.510s] INFO:colcon.colcon_core.shell:Creating environment descriptor '/home/adam-falkowski/arduinobot_ws/install/arduinobot_messages/share/arduinobot_messages/hook/pythonpath.dsv'
[7.511s] INFO:colcon.colcon_core.shell:Creating environment hook '/home/adam-falkowski/arduinobot_ws/install/arduinobot_messages/share/arduinobot_messages/hook/pythonpath.sh'
[7.511s] Level 1:colcon.colcon_core.environment:checking '/home/adam-falkowski/arduinobot_ws/install/arduinobot_messages/bin'
[7.511s] INFO:colcon.colcon_core.shell:Creating package script '/home/adam-falkowski/arduinobot_ws/install/arduinobot_messages/share/arduinobot_messages/package.ps1'
[7.512s] INFO:colcon.colcon_core.shell:Creating package descriptor '/home/adam-falkowski/arduinobot_ws/install/arduinobot_messages/share/arduinobot_messages/package.dsv'
[7.512s] INFO:colcon.colcon_core.shell:Creating package script '/home/adam-falkowski/arduinobot_ws/install/arduinobot_messages/share/arduinobot_messages/package.sh'
[7.512s] INFO:colcon.colcon_core.shell:Creating package script '/home/adam-falkowski/arduinobot_ws/install/arduinobot_messages/share/arduinobot_messages/package.bash'
[7.513s] INFO:colcon.colcon_core.shell:Creating package script '/home/adam-falkowski/arduinobot_ws/install/arduinobot_messages/share/arduinobot_messages/package.zsh'
[7.513s] Level 1:colcon.colcon_core.environment:create_file_with_runtime_dependencies(/home/adam-falkowski/arduinobot_ws/install/arduinobot_messages/share/colcon-core/packages/arduinobot_messages)
[7.514s] Level 1:colcon.colcon_core.environment:create_environment_scripts_only(arduinobot_messages)
[7.514s] Level 1:colcon.colcon_core.environment:checking '/home/adam-falkowski/arduinobot_ws/install/arduinobot_messages' for CMake module files
[7.514s] Level 1:colcon.colcon_core.environment:checking '/home/adam-falkowski/arduinobot_ws/install/arduinobot_messages' for CMake config files
[7.515s] Level 1:colcon.colcon_core.shell:create_environment_hook('arduinobot_messages', 'cmake_prefix_path')
[7.515s] INFO:colcon.colcon_core.shell:Creating environment hook '/home/adam-falkowski/arduinobot_ws/install/arduinobot_messages/share/arduinobot_messages/hook/cmake_prefix_path.ps1'
[7.515s] INFO:colcon.colcon_core.shell:Creating environment descriptor '/home/adam-falkowski/arduinobot_ws/install/arduinobot_messages/share/arduinobot_messages/hook/cmake_prefix_path.dsv'
[7.515s] INFO:colcon.colcon_core.shell:Creating environment hook '/home/adam-falkowski/arduinobot_ws/install/arduinobot_messages/share/arduinobot_messages/hook/cmake_prefix_path.sh'
[7.516s] Level 1:colcon.colcon_core.environment:checking '/home/adam-falkowski/arduinobot_ws/install/arduinobot_messages/lib'
[7.516s] Level 1:colcon.colcon_core.shell:create_environment_hook('arduinobot_messages', 'ld_library_path_lib')
[7.516s] INFO:colcon.colcon_core.shell:Creating environment hook '/home/adam-falkowski/arduinobot_ws/install/arduinobot_messages/share/arduinobot_messages/hook/ld_library_path_lib.ps1'
[7.516s] INFO:colcon.colcon_core.shell:Creating environment descriptor '/home/adam-falkowski/arduinobot_ws/install/arduinobot_messages/share/arduinobot_messages/hook/ld_library_path_lib.dsv'
[7.517s] INFO:colcon.colcon_core.shell:Creating environment hook '/home/adam-falkowski/arduinobot_ws/install/arduinobot_messages/share/arduinobot_messages/hook/ld_library_path_lib.sh'
[7.517s] Level 1:colcon.colcon_core.environment:checking '/home/adam-falkowski/arduinobot_ws/install/arduinobot_messages/bin'
[7.517s] Level 1:colcon.colcon_core.environment:checking '/home/adam-falkowski/arduinobot_ws/install/arduinobot_messages/lib/pkgconfig/arduinobot_messages.pc'
[7.517s] Level 1:colcon.colcon_core.environment:checking '/home/adam-falkowski/arduinobot_ws/install/arduinobot_messages/lib/python3.12/site-packages'
[7.518s] Level 1:colcon.colcon_core.shell:create_environment_hook('arduinobot_messages', 'pythonpath')
[7.518s] INFO:colcon.colcon_core.shell:Creating environment hook '/home/adam-falkowski/arduinobot_ws/install/arduinobot_messages/share/arduinobot_messages/hook/pythonpath.ps1'
[7.518s] INFO:colcon.colcon_core.shell:Creating environment descriptor '/home/adam-falkowski/arduinobot_ws/install/arduinobot_messages/share/arduinobot_messages/hook/pythonpath.dsv'
[7.518s] INFO:colcon.colcon_core.shell:Creating environment hook '/home/adam-falkowski/arduinobot_ws/install/arduinobot_messages/share/arduinobot_messages/hook/pythonpath.sh'
[7.519s] Level 1:colcon.colcon_core.environment:checking '/home/adam-falkowski/arduinobot_ws/install/arduinobot_messages/bin'
[7.519s] INFO:colcon.colcon_core.shell:Creating package script '/home/adam-falkowski/arduinobot_ws/install/arduinobot_messages/share/arduinobot_messages/package.ps1'
[7.520s] INFO:colcon.colcon_core.shell:Creating package descriptor '/home/adam-falkowski/arduinobot_ws/install/arduinobot_messages/share/arduinobot_messages/package.dsv'
[7.520s] INFO:colcon.colcon_core.shell:Creating package script '/home/adam-falkowski/arduinobot_ws/install/arduinobot_messages/share/arduinobot_messages/package.sh'
[7.521s] INFO:colcon.colcon_core.shell:Creating package script '/home/adam-falkowski/arduinobot_ws/install/arduinobot_messages/share/arduinobot_messages/package.bash'
[7.521s] INFO:colcon.colcon_core.shell:Creating package script '/home/adam-falkowski/arduinobot_ws/install/arduinobot_messages/share/arduinobot_messages/package.zsh'
[7.521s] Level 1:colcon.colcon_core.environment:create_file_with_runtime_dependencies(/home/adam-falkowski/arduinobot_ws/install/arduinobot_messages/share/colcon-core/packages/arduinobot_messages)
[7.522s] INFO:colcon.colcon_ros.task.ament_python.build:Building ROS package in '/home/adam-falkowski/arduinobot_ws/src/arduinobot_py_examples' with build type 'ament_python'
[7.522s] Level 1:colcon.colcon_core.shell:create_environment_hook('arduinobot_py_examples', 'ament_prefix_path')
[7.522s] INFO:colcon.colcon_core.shell:Creating environment hook '/home/adam-falkowski/arduinobot_ws/install/arduinobot_py_examples/share/arduinobot_py_examples/hook/ament_prefix_path.ps1'
[7.523s] INFO:colcon.colcon_core.shell:Creating environment descriptor '/home/adam-falkowski/arduinobot_ws/install/arduinobot_py_examples/share/arduinobot_py_examples/hook/ament_prefix_path.dsv'
[7.523s] INFO:colcon.colcon_core.shell:Creating environment hook '/home/adam-falkowski/arduinobot_ws/install/arduinobot_py_examples/share/arduinobot_py_examples/hook/ament_prefix_path.sh'
[7.524s] INFO:colcon.colcon_core.shell:Skip shell extension 'powershell' for command environment: Not usable outside of PowerShell
[7.524s] DEBUG:colcon.colcon_core.shell:Skip shell extension 'dsv' for command environment
[7.527s] INFO:colcon.colcon_ros.task.ament_cmake.build:Building ROS package in '/home/adam-falkowski/arduinobot_ws/src/arduinobot_utils' with build type 'ament_cmake'
[7.527s] INFO:colcon.colcon_cmake.task.cmake.build:Building CMake package in '/home/adam-falkowski/arduinobot_ws/src/arduinobot_utils'
[7.527s] INFO:colcon.colcon_core.shell:Skip shell extension 'powershell' for command environment: Not usable outside of PowerShell
[7.527s] DEBUG:colcon.colcon_core.shell:Skip shell extension 'dsv' for command environment
[7.750s] INFO:colcon.colcon_core.task.python.build:Building Python package in '/home/adam-falkowski/arduinobot_ws/src/arduinobot_py_examples'
[7.751s] INFO:colcon.colcon_core.shell:Skip shell extension 'powershell' for command environment: Not usable outside of PowerShell
[7.751s] DEBUG:colcon.colcon_core.shell:Skip shell extension 'dsv' for command environment
[7.756s] DEBUG:colcon.colcon_core.event_handler.log_command:Invoking command in '/home/adam-falkowski/arduinobot_ws/build/arduinobot_utils': AMENT_PREFIX_PATH=/home/adam-falkowski/arduinobot_ws/install/arduinobot_messages:${AMENT_PREFIX_PATH} CMAKE_PREFIX_PATH=/home/adam-falkowski/arduinobot_ws/install/arduinobot_messages:/opt/ros/jazzy/opt/gz_launch_vendor:/opt/ros/jazzy/opt/gz_sim_vendor:/opt/ros/jazzy/opt/gz_sensors_vendor:/opt/ros/jazzy/opt/gz_physics_vendor:/opt/ros/jazzy/opt/sdformat_vendor:/opt/ros/jazzy/opt/gz_gui_vendor:/opt/ros/jazzy/opt/gz_transport_vendor:/opt/ros/jazzy/opt/gz_rendering_vendor:/opt/ros/jazzy/opt/gz_plugin_vendor:/opt/ros/jazzy/opt/gz_fuel_tools_vendor:/opt/ros/jazzy/opt/gz_msgs_vendor:/opt/ros/jazzy/opt/gz_common_vendor:/opt/ros/jazzy/opt/gz_math_vendor:/opt/ros/jazzy/opt/gz_utils_vendor:/opt/ros/jazzy/opt/gz_tools_vendor:/opt/ros/jazzy/opt/gz_ogre_next_vendor:/opt/ros/jazzy/opt/gz_dartsim_vendor:/opt/ros/jazzy/opt/gz_cmake_vendor:/opt/ros/jazzy DEBUGINFOD_URLS=https://debuginfod.ubuntu.com LD_LIBRARY_PATH=/home/adam-falkowski/arduinobot_ws/install/arduinobot_messages/lib:${LD_LIBRARY_PATH} PYTHONPATH=/home/adam-falkowski/arduinobot_ws/install/arduinobot_messages/lib/python3.12/site-packages:${PYTHONPATH} /usr/bin/cmake /home/adam-falkowski/arduinobot_ws/src/arduinobot_utils -DCMAKE_INSTALL_PREFIX=/home/adam-falkowski/arduinobot_ws/install/arduinobot_utils
[8.432s] DEBUG:colcon.colcon_core.event_handler.log_command:Invoking command in '/home/adam-falkowski/arduinobot_ws/src/arduinobot_py_examples': AMENT_PREFIX_PATH=/home/adam-falkowski/arduinobot_ws/install/arduinobot_messages:${AMENT_PREFIX_PATH} CMAKE_PREFIX_PATH=/home/adam-falkowski/arduinobot_ws/install/arduinobot_messages:${CMAKE_PREFIX_PATH} DEBUGINFOD_URLS=https://debuginfod.ubuntu.com LD_LIBRARY_PATH=/home/adam-falkowski/arduinobot_ws/install/arduinobot_messages/lib:${LD_LIBRARY_PATH} PYTHONPATH=/home/adam-falkowski/arduinobot_ws/build/arduinobot_py_examples/prefix_override:/usr/lib/python3/dist-packages/colcon_core/task/python/colcon_distutils_commands:/home/adam-falkowski/arduinobot_ws/install/arduinobot_py_examples/lib/python3.12/site-packages:/home/adam-falkowski/arduinobot_ws/install/arduinobot_messages/lib/python3.12/site-packages:${PYTHONPATH} /usr/bin/python3 -W ignore:setup.py install is deprecated -W ignore:easy_install command is deprecated setup.py egg_info --egg-base ../../build/arduinobot_py_examples build --build-base /home/adam-falkowski/arduinobot_ws/build/arduinobot_py_examples/build install --record /home/adam-falkowski/arduinobot_ws/build/arduinobot_py_examples/install.log --single-version-externally-managed install_data
[8.954s] DEBUG:colcon.colcon_core.event_handler.log_command:Invoked command in '/home/adam-falkowski/arduinobot_ws/build/arduinobot_utils' returned '0': AMENT_PREFIX_PATH=/home/adam-falkowski/arduinobot_ws/install/arduinobot_messages:${AMENT_PREFIX_PATH} CMAKE_PREFIX_PATH=/home/adam-falkowski/arduinobot_ws/install/arduinobot_messages:/opt/ros/jazzy/opt/gz_launch_vendor:/opt/ros/jazzy/opt/gz_sim_vendor:/opt/ros/jazzy/opt/gz_sensors_vendor:/opt/ros/jazzy/opt/gz_physics_vendor:/opt/ros/jazzy/opt/sdformat_vendor:/opt/ros/jazzy/opt/gz_gui_vendor:/opt/ros/jazzy/opt/gz_transport_vendor:/opt/ros/jazzy/opt/gz_rendering_vendor:/opt/ros/jazzy/opt/gz_plugin_vendor:/opt/ros/jazzy/opt/gz_fuel_tools_vendor:/opt/ros/jazzy/opt/gz_msgs_vendor:/opt/ros/jazzy/opt/gz_common_vendor:/opt/ros/jazzy/opt/gz_math_vendor:/opt/ros/jazzy/opt/gz_utils_vendor:/opt/ros/jazzy/opt/gz_tools_vendor:/opt/ros/jazzy/opt/gz_ogre_next_vendor:/opt/ros/jazzy/opt/gz_dartsim_vendor:/opt/ros/jazzy/opt/gz_cmake_vendor:/opt/ros/jazzy DEBUGINFOD_URLS=https://debuginfod.ubuntu.com LD_LIBRARY_PATH=/home/adam-falkowski/arduinobot_ws/install/arduinobot_messages/lib:${LD_LIBRARY_PATH} PYTHONPATH=/home/adam-falkowski/arduinobot_ws/install/arduinobot_messages/lib/python3.12/site-packages:${PYTHONPATH} /usr/bin/cmake /home/adam-falkowski/arduinobot_ws/src/arduinobot_utils -DCMAKE_INSTALL_PREFIX=/home/adam-falkowski/arduinobot_ws/install/arduinobot_utils
[8.955s] DEBUG:colcon.colcon_core.event_handler.log_command:Invoking command in '/home/adam-falkowski/arduinobot_ws/build/arduinobot_utils': AMENT_PREFIX_PATH=/home/adam-falkowski/arduinobot_ws/install/arduinobot_messages:${AMENT_PREFIX_PATH} CMAKE_PREFIX_PATH=/home/adam-falkowski/arduinobot_ws/install/arduinobot_messages:/opt/ros/jazzy/opt/gz_launch_vendor:/opt/ros/jazzy/opt/gz_sim_vendor:/opt/ros/jazzy/opt/gz_sensors_vendor:/opt/ros/jazzy/opt/gz_physics_vendor:/opt/ros/jazzy/opt/sdformat_vendor:/opt/ros/jazzy/opt/gz_gui_vendor:/opt/ros/jazzy/opt/gz_transport_vendor:/opt/ros/jazzy/opt/gz_rendering_vendor:/opt/ros/jazzy/opt/gz_plugin_vendor:/opt/ros/jazzy/opt/gz_fuel_tools_vendor:/opt/ros/jazzy/opt/gz_msgs_vendor:/opt/ros/jazzy/opt/gz_common_vendor:/opt/ros/jazzy/opt/gz_math_vendor:/opt/ros/jazzy/opt/gz_utils_vendor:/opt/ros/jazzy/opt/gz_tools_vendor:/opt/ros/jazzy/opt/gz_ogre_next_vendor:/opt/ros/jazzy/opt/gz_dartsim_vendor:/opt/ros/jazzy/opt/gz_cmake_vendor:/opt/ros/jazzy DEBUGINFOD_URLS=https://debuginfod.ubuntu.com LD_LIBRARY_PATH=/home/adam-falkowski/arduinobot_ws/install/arduinobot_messages/lib:${LD_LIBRARY_PATH} PYTHONPATH=/home/adam-falkowski/arduinobot_ws/install/arduinobot_messages/lib/python3.12/site-packages:${PYTHONPATH} /usr/bin/cmake --build /home/adam-falkowski/arduinobot_ws/build/arduinobot_utils -- -j12 -l12
[9.076s] Level 1:colcon.colcon_core.environment:checking '/home/adam-falkowski/arduinobot_ws/install/arduinobot_py_examples' for CMake module files
[9.077s] DEBUG:colcon.colcon_core.event_handler.log_command:Invoked command in '/home/adam-falkowski/arduinobot_ws/src/arduinobot_py_examples' returned '0': AMENT_PREFIX_PATH=/home/adam-falkowski/arduinobot_ws/install/arduinobot_messages:${AMENT_PREFIX_PATH} CMAKE_PREFIX_PATH=/home/adam-falkowski/arduinobot_ws/install/arduinobot_messages:${CMAKE_PREFIX_PATH} DEBUGINFOD_URLS=https://debuginfod.ubuntu.com LD_LIBRARY_PATH=/home/adam-falkowski/arduinobot_ws/install/arduinobot_messages/lib:${LD_LIBRARY_PATH} PYTHONPATH=/home/adam-falkowski/arduinobot_ws/build/arduinobot_py_examples/prefix_override:/usr/lib/python3/dist-packages/colcon_core/task/python/colcon_distutils_commands:/home/adam-falkowski/arduinobot_ws/install/arduinobot_py_examples/lib/python3.12/site-packages:/home/adam-falkowski/arduinobot_ws/install/arduinobot_messages/lib/python3.12/site-packages:${PYTHONPATH} /usr/bin/python3 -W ignore:setup.py install is deprecated -W ignore:easy_install command is deprecated setup.py egg_info --egg-base ../../build/arduinobot_py_examples build --build-base /home/adam-falkowski/arduinobot_ws/build/arduinobot_py_examples/build install --record /home/adam-falkowski/arduinobot_ws/build/arduinobot_py_examples/install.log --single-version-externally-managed install_data
[9.078s] Level 1:colcon.colcon_core.environment:checking '/home/adam-falkowski/arduinobot_ws/install/arduinobot_py_examples' for CMake config files
[9.078s] Level 1:colcon.colcon_core.environment:checking '/home/adam-falkowski/arduinobot_ws/install/arduinobot_py_examples/lib'
[9.078s] Level 1:colcon.colcon_core.environment:checking '/home/adam-falkowski/arduinobot_ws/install/arduinobot_py_examples/bin'
[9.078s] Level 1:colcon.colcon_core.environment:checking '/home/adam-falkowski/arduinobot_ws/install/arduinobot_py_examples/lib/pkgconfig/arduinobot_py_examples.pc'
[9.079s] Level 1:colcon.colcon_core.environment:checking '/home/adam-falkowski/arduinobot_ws/install/arduinobot_py_examples/lib/python3.12/site-packages'
[9.079s] Level 1:colcon.colcon_core.shell:create_environment_hook('arduinobot_py_examples', 'pythonpath')
[9.079s] INFO:colcon.colcon_core.shell:Creating environment hook '/home/adam-falkowski/arduinobot_ws/install/arduinobot_py_examples/share/arduinobot_py_examples/hook/pythonpath.ps1'
[9.079s] INFO:colcon.colcon_core.shell:Creating environment descriptor '/home/adam-falkowski/arduinobot_ws/install/arduinobot_py_examples/share/arduinobot_py_examples/hook/pythonpath.dsv'
[9.080s] INFO:colcon.colcon_core.shell:Creating environment hook '/home/adam-falkowski/arduinobot_ws/install/arduinobot_py_examples/share/arduinobot_py_examples/hook/pythonpath.sh'
[9.080s] Level 1:colcon.colcon_core.environment:checking '/home/adam-falkowski/arduinobot_ws/install/arduinobot_py_examples/bin'
[9.080s] Level 1:colcon.colcon_core.environment:create_environment_scripts_only(arduinobot_py_examples)
[9.080s] INFO:colcon.colcon_core.shell:Creating package script '/home/adam-falkowski/arduinobot_ws/install/arduinobot_py_examples/share/arduinobot_py_examples/package.ps1'
[9.081s] INFO:colcon.colcon_core.shell:Creating package descriptor '/home/adam-falkowski/arduinobot_ws/install/arduinobot_py_examples/share/arduinobot_py_examples/package.dsv'
[9.081s] INFO:colcon.colcon_core.shell:Creating package script '/home/adam-falkowski/arduinobot_ws/install/arduinobot_py_examples/share/arduinobot_py_examples/package.sh'
[9.082s] INFO:colcon.colcon_core.shell:Creating package script '/home/adam-falkowski/arduinobot_ws/install/arduinobot_py_examples/share/arduinobot_py_examples/package.bash'
[9.082s] INFO:colcon.colcon_core.shell:Creating package script '/home/adam-falkowski/arduinobot_ws/install/arduinobot_py_examples/share/arduinobot_py_examples/package.zsh'
[9.083s] Level 1:colcon.colcon_core.environment:create_file_with_runtime_dependencies(/home/adam-falkowski/arduinobot_ws/install/arduinobot_py_examples/share/colcon-core/packages/arduinobot_py_examples)
[9.409s] DEBUG:colcon.colcon_core.event_handler.log_command:Invoked command in '/home/adam-falkowski/arduinobot_ws/build/arduinobot_utils' returned '0': AMENT_PREFIX_PATH=/home/adam-falkowski/arduinobot_ws/install/arduinobot_messages:${AMENT_PREFIX_PATH} CMAKE_PREFIX_PATH=/home/adam-falkowski/arduinobot_ws/install/arduinobot_messages:/opt/ros/jazzy/opt/gz_launch_vendor:/opt/ros/jazzy/opt/gz_sim_vendor:/opt/ros/jazzy/opt/gz_sensors_vendor:/opt/ros/jazzy/opt/gz_physics_vendor:/opt/ros/jazzy/opt/sdformat_vendor:/opt/ros/jazzy/opt/gz_gui_vendor:/opt/ros/jazzy/opt/gz_transport_vendor:/opt/ros/jazzy/opt/gz_rendering_vendor:/opt/ros/jazzy/opt/gz_plugin_vendor:/opt/ros/jazzy/opt/gz_fuel_tools_vendor:/opt/ros/jazzy/opt/gz_msgs_vendor:/opt/ros/jazzy/opt/gz_common_vendor:/opt/ros/jazzy/opt/gz_math_vendor:/opt/ros/jazzy/opt/gz_utils_vendor:/opt/ros/jazzy/opt/gz_tools_vendor:/opt/ros/jazzy/opt/gz_ogre_next_vendor:/opt/ros/jazzy/opt/gz_dartsim_vendor:/opt/ros/jazzy/opt/gz_cmake_vendor:/opt/ros/jazzy DEBUGINFOD_URLS=https://debuginfod.ubuntu.com LD_LIBRARY_PATH=/home/adam-falkowski/arduinobot_ws/install/arduinobot_messages/lib:${LD_LIBRARY_PATH} PYTHONPATH=/home/adam-falkowski/arduinobot_ws/install/arduinobot_messages/lib/python3.12/site-packages:${PYTHONPATH} /usr/bin/cmake --build /home/adam-falkowski/arduinobot_ws/build/arduinobot_utils -- -j12 -l12
[9.410s] DEBUG:colcon.colcon_core.event_handler.log_command:Invoking command in '/home/adam-falkowski/arduinobot_ws/build/arduinobot_utils': AMENT_PREFIX_PATH=/home/adam-falkowski/arduinobot_ws/install/arduinobot_messages:${AMENT_PREFIX_PATH} CMAKE_PREFIX_PATH=/home/adam-falkowski/arduinobot_ws/install/arduinobot_messages:/opt/ros/jazzy/opt/gz_launch_vendor:/opt/ros/jazzy/opt/gz_sim_vendor:/opt/ros/jazzy/opt/gz_sensors_vendor:/opt/ros/jazzy/opt/gz_physics_vendor:/opt/ros/jazzy/opt/sdformat_vendor:/opt/ros/jazzy/opt/gz_gui_vendor:/opt/ros/jazzy/opt/gz_transport_vendor:/opt/ros/jazzy/opt/gz_rendering_vendor:/opt/ros/jazzy/opt/gz_plugin_vendor:/opt/ros/jazzy/opt/gz_fuel_tools_vendor:/opt/ros/jazzy/opt/gz_msgs_vendor:/opt/ros/jazzy/opt/gz_common_vendor:/opt/ros/jazzy/opt/gz_math_vendor:/opt/ros/jazzy/opt/gz_utils_vendor:/opt/ros/jazzy/opt/gz_tools_vendor:/opt/ros/jazzy/opt/gz_ogre_next_vendor:/opt/ros/jazzy/opt/gz_dartsim_vendor:/opt/ros/jazzy/opt/gz_cmake_vendor:/opt/ros/jazzy DEBUGINFOD_URLS=https://debuginfod.ubuntu.com LD_LIBRARY_PATH=/home/adam-falkowski/arduinobot_ws/install/arduinobot_messages/lib:${LD_LIBRARY_PATH} PYTHONPATH=/home/adam-falkowski/arduinobot_ws/install/arduinobot_messages/lib/python3.12/site-packages:${PYTHONPATH} /usr/bin/cmake --install /home/adam-falkowski/arduinobot_ws/build/arduinobot_utils
[9.463s] Level 1:colcon.colcon_core.environment:create_environment_scripts_only(arduinobot_utils)
[9.463s] Level 1:colcon.colcon_core.environment:checking '/home/adam-falkowski/arduinobot_ws/install/arduinobot_utils' for CMake module files
[9.463s] DEBUG:colcon.colcon_core.event_handler.log_command:Invoked command in '/home/adam-falkowski/arduinobot_ws/build/arduinobot_utils' returned '0': AMENT_PREFIX_PATH=/home/adam-falkowski/arduinobot_ws/install/arduinobot_messages:${AMENT_PREFIX_PATH} CMAKE_PREFIX_PATH=/home/adam-falkowski/arduinobot_ws/install/arduinobot_messages:/opt/ros/jazzy/opt/gz_launch_vendor:/opt/ros/jazzy/opt/gz_sim_vendor:/opt/ros/jazzy/opt/gz_sensors_vendor:/opt/ros/jazzy/opt/gz_physics_vendor:/opt/ros/jazzy/opt/sdformat_vendor:/opt/ros/jazzy/opt/gz_gui_vendor:/opt/ros/jazzy/opt/gz_transport_vendor:/opt/ros/jazzy/opt/gz_rendering_vendor:/opt/ros/jazzy/opt/gz_plugin_vendor:/opt/ros/jazzy/opt/gz_fuel_tools_vendor:/opt/ros/jazzy/opt/gz_msgs_vendor:/opt/ros/jazzy/opt/gz_common_vendor:/opt/ros/jazzy/opt/gz_math_vendor:/opt/ros/jazzy/opt/gz_utils_vendor:/opt/ros/jazzy/opt/gz_tools_vendor:/opt/ros/jazzy/opt/gz_ogre_next_vendor:/opt/ros/jazzy/opt/gz_dartsim_vendor:/opt/ros/jazzy/opt/gz_cmake_vendor:/opt/ros/jazzy DEBUGINFOD_URLS=https://debuginfod.ubuntu.com LD_LIBRARY_PATH=/home/adam-falkowski/arduinobot_ws/install/arduinobot_messages/lib:${LD_LIBRARY_PATH} PYTHONPATH=/home/adam-falkowski/arduinobot_ws/install/arduinobot_messages/lib/python3.12/site-packages:${PYTHONPATH} /usr/bin/cmake --install /home/adam-falkowski/arduinobot_ws/build/arduinobot_utils
[9.464s] Level 1:colcon.colcon_core.environment:checking '/home/adam-falkowski/arduinobot_ws/install/arduinobot_utils' for CMake config files
[9.464s] Level 1:colcon.colcon_core.shell:create_environment_hook('arduinobot_utils', 'cmake_prefix_path')
[9.465s] INFO:colcon.colcon_core.shell:Creating environment hook '/home/adam-falkowski/arduinobot_ws/install/arduinobot_utils/share/arduinobot_utils/hook/cmake_prefix_path.ps1'
[9.465s] INFO:colcon.colcon_core.shell:Creating environment descriptor '/home/adam-falkowski/arduinobot_ws/install/arduinobot_utils/share/arduinobot_utils/hook/cmake_prefix_path.dsv'
[9.465s] INFO:colcon.colcon_core.shell:Creating environment hook '/home/adam-falkowski/arduinobot_ws/install/arduinobot_utils/share/arduinobot_utils/hook/cmake_prefix_path.sh'
[9.466s] Level 1:colcon.colcon_core.environment:checking '/home/adam-falkowski/arduinobot_ws/install/arduinobot_utils/lib'
[9.466s] Level 1:colcon.colcon_core.environment:checking '/home/adam-falkowski/arduinobot_ws/install/arduinobot_utils/bin'
[9.466s] Level 1:colcon.colcon_core.environment:checking '/home/adam-falkowski/arduinobot_ws/install/arduinobot_utils/lib/pkgconfig/arduinobot_utils.pc'
[9.466s] Level 1:colcon.colcon_core.environment:checking '/home/adam-falkowski/arduinobot_ws/install/arduinobot_utils/lib/python3.12/site-packages'
[9.466s] Level 1:colcon.colcon_core.shell:create_environment_hook('arduinobot_utils', 'pythonpath')
[9.466s] INFO:colcon.colcon_core.shell:Creating environment hook '/home/adam-falkowski/arduinobot_ws/install/arduinobot_utils/share/arduinobot_utils/hook/pythonpath.ps1'
[9.467s] INFO:colcon.colcon_core.shell:Creating environment descriptor '/home/adam-falkowski/arduinobot_ws/install/arduinobot_utils/share/arduinobot_utils/hook/pythonpath.dsv'
[9.467s] INFO:colcon.colcon_core.shell:Creating environment hook '/home/adam-falkowski/arduinobot_ws/install/arduinobot_utils/share/arduinobot_utils/hook/pythonpath.sh'
[9.467s] Level 1:colcon.colcon_core.environment:checking '/home/adam-falkowski/arduinobot_ws/install/arduinobot_utils/bin'
[9.468s] INFO:colcon.colcon_core.shell:Creating package script '/home/adam-falkowski/arduinobot_ws/install/arduinobot_utils/share/arduinobot_utils/package.ps1'
[9.468s] INFO:colcon.colcon_core.shell:Creating package descriptor '/home/adam-falkowski/arduinobot_ws/install/arduinobot_utils/share/arduinobot_utils/package.dsv'
[9.468s] INFO:colcon.colcon_core.shell:Creating package script '/home/adam-falkowski/arduinobot_ws/install/arduinobot_utils/share/arduinobot_utils/package.sh'
[9.469s] INFO:colcon.colcon_core.shell:Creating package script '/home/adam-falkowski/arduinobot_ws/install/arduinobot_utils/share/arduinobot_utils/package.bash'
[9.469s] INFO:colcon.colcon_core.shell:Creating package script '/home/adam-falkowski/arduinobot_ws/install/arduinobot_utils/share/arduinobot_utils/package.zsh'
[9.469s] Level 1:colcon.colcon_core.environment:create_file_with_runtime_dependencies(/home/adam-falkowski/arduinobot_ws/install/arduinobot_utils/share/colcon-core/packages/arduinobot_utils)
[9.470s] Level 1:colcon.colcon_core.environment:create_environment_scripts_only(arduinobot_utils)
[9.470s] Level 1:colcon.colcon_core.environment:checking '/home/adam-falkowski/arduinobot_ws/install/arduinobot_utils' for CMake module files
[9.470s] Level 1:colcon.colcon_core.environment:checking '/home/adam-falkowski/arduinobot_ws/install/arduinobot_utils' for CMake config files
[9.471s] Level 1:colcon.colcon_core.shell:create_environment_hook('arduinobot_utils', 'cmake_prefix_path')
[9.471s] INFO:colcon.colcon_core.shell:Creating environment hook '/home/adam-falkowski/arduinobot_ws/install/arduinobot_utils/share/arduinobot_utils/hook/cmake_prefix_path.ps1'
[9.471s] INFO:colcon.colcon_core.shell:Creating environment descriptor '/home/adam-falkowski/arduinobot_ws/install/arduinobot_utils/share/arduinobot_utils/hook/cmake_prefix_path.dsv'
[9.471s] INFO:colcon.colcon_core.shell:Creating environment hook '/home/adam-falkowski/arduinobot_ws/install/arduinobot_utils/share/arduinobot_utils/hook/cmake_prefix_path.sh'
[9.472s] Level 1:colcon.colcon_core.environment:checking '/home/adam-falkowski/arduinobot_ws/install/arduinobot_utils/lib'
[9.472s] Level 1:colcon.colcon_core.environment:checking '/home/adam-falkowski/arduinobot_ws/install/arduinobot_utils/bin'
[9.472s] Level 1:colcon.colcon_core.environment:checking '/home/adam-falkowski/arduinobot_ws/install/arduinobot_utils/lib/pkgconfig/arduinobot_utils.pc'
[9.472s] Level 1:colcon.colcon_core.environment:checking '/home/adam-falkowski/arduinobot_ws/install/arduinobot_utils/lib/python3.12/site-packages'
[9.472s] Level 1:colcon.colcon_core.shell:create_environment_hook('arduinobot_utils', 'pythonpath')
[9.473s] INFO:colcon.colcon_core.shell:Creating environment hook '/home/adam-falkowski/arduinobot_ws/install/arduinobot_utils/share/arduinobot_utils/hook/pythonpath.ps1'
[9.473s] INFO:colcon.colcon_core.shell:Creating environment descriptor '/home/adam-falkowski/arduinobot_ws/install/arduinobot_utils/share/arduinobot_utils/hook/pythonpath.dsv'
[9.474s] INFO:colcon.colcon_core.shell:Creating environment hook '/home/adam-falkowski/arduinobot_ws/install/arduinobot_utils/share/arduinobot_utils/hook/pythonpath.sh'
[9.474s] Level 1:colcon.colcon_core.environment:checking '/home/adam-falkowski/arduinobot_ws/install/arduinobot_utils/bin'
[9.474s] INFO:colcon.colcon_core.shell:Creating package script '/home/adam-falkowski/arduinobot_ws/install/arduinobot_utils/share/arduinobot_utils/package.ps1'
[9.475s] INFO:colcon.colcon_core.shell:Creating package descriptor '/home/adam-falkowski/arduinobot_ws/install/arduinobot_utils/share/arduinobot_utils/package.dsv'
[9.475s] INFO:colcon.colcon_core.shell:Creating package script '/home/adam-falkowski/arduinobot_ws/install/arduinobot_utils/share/arduinobot_utils/package.sh'
[9.476s] INFO:colcon.colcon_core.shell:Creating package script '/home/adam-falkowski/arduinobot_ws/install/arduinobot_utils/share/arduinobot_utils/package.bash'
[9.476s] INFO:colcon.colcon_core.shell:Creating package script '/home/adam-falkowski/arduinobot_ws/install/arduinobot_utils/share/arduinobot_utils/package.zsh'
[9.476s] Level 1:colcon.colcon_core.environment:create_file_with_runtime_dependencies(/home/adam-falkowski/arduinobot_ws/install/arduinobot_utils/share/colcon-core/packages/arduinobot_utils)
[9.477s] DEBUG:colcon.colcon_parallel_executor.executor.parallel:closing loop
[9.477s] DEBUG:colcon.colcon_parallel_executor.executor.parallel:loop closed
[9.477s] DEBUG:colcon.colcon_parallel_executor.executor.parallel:run_until_complete finished with '0'
[9.477s] DEBUG:colcon.colcon_core.event_reactor:joining thread
[9.484s] INFO:colcon.colcon_core.plugin_system:Skipping extension 'colcon_notification.desktop_notification.terminal_notifier': Not used on non-Darwin systems
[9.485s] INFO:colcon.colcon_core.plugin_system:Skipping extension 'colcon_notification.desktop_notification.win32': Not used on non-Windows systems
[9.485s] INFO:colcon.colcon_notification.desktop_notification:Sending desktop notification using 'notify2'
[9.496s] DEBUG:colcon.colcon_core.event_reactor:joined thread
[9.496s] INFO:colcon.colcon_core.shell:Creating prefix script '/home/adam-falkowski/arduinobot_ws/install/local_setup.ps1'
[9.497s] INFO:colcon.colcon_core.shell:Creating prefix util module '/home/adam-falkowski/arduinobot_ws/install/_local_setup_util_ps1.py'
[9.498s] INFO:colcon.colcon_core.shell:Creating prefix chain script '/home/adam-falkowski/arduinobot_ws/install/setup.ps1'
[9.499s] INFO:colcon.colcon_core.shell:Creating prefix script '/home/adam-falkowski/arduinobot_ws/install/local_setup.sh'
[9.499s] INFO:colcon.colcon_core.shell:Creating prefix util module '/home/adam-falkowski/arduinobot_ws/install/_local_setup_util_sh.py'
[9.500s] INFO:colcon.colcon_core.shell:Creating prefix chain script '/home/adam-falkowski/arduinobot_ws/install/setup.sh'
[9.500s] INFO:colcon.colcon_core.shell:Creating prefix script '/home/adam-falkowski/arduinobot_ws/install/local_setup.bash'
[9.514s] INFO:colcon.colcon_core.shell:Creating prefix chain script '/home/adam-falkowski/arduinobot_ws/install/setup.bash'
[9.515s] INFO:colcon.colcon_core.shell:Creating prefix script '/home/adam-falkowski/arduinobot_ws/install/local_setup.zsh'
[9.516s] INFO:colcon.colcon_core.shell:Creating prefix chain script '/home/adam-falkowski/arduinobot_ws/install/setup.zsh'
