[0.118s] DEBUG:colcon:Command line arguments: ['/usr/bin/colcon', 'build']
[0.118s] DEBUG:colcon:Parsed command line arguments: Namespace(log_base=None, log_level=None, verb_name='build', build_base='build', install_base='install', merge_install=False, symlink_install=False, test_result_base=None, continue_on_error=False, executor='parallel', parallel_workers=12, event_handlers=None, ignore_user_meta=False, metas=['./colcon.meta'], base_paths=['.'], packages_ignore=None, packages_ignore_regex=None, paths=None, packages_up_to=None, packages_up_to_regex=None, packages_above=None, packages_above_and_dependencies=None, packages_above_depth=None, packages_select_by_dep=None, packages_skip_by_dep=None, packages_skip_up_to=None, packages_select_build_failed=False, packages_skip_build_finished=False, packages_select_test_failures=False, packages_skip_test_passed=False, packages_select=None, packages_skip=None, packages_select_regex=None, packages_skip_regex=None, packages_start=None, packages_end=None, allow_overriding=[], cmake_args=None, cmake_target=None, cmake_target_skip_unavailable=False, cmake_clean_cache=False, cmake_clean_first=False, cmake_force_configure=False, ament_cmake_args=None, catkin_cmake_args=None, catkin_skip_building_tests=False, mixin_files=None, mixin=None, verb_parser=<colcon_mixin.mixin.mixin_argument.MixinArgumentDecorator object at 0x7606fb48bda0>, verb_extension=<colcon_core.verb.build.BuildVerb object at 0x7606fb48b5f0>, main=<bound method BuildVerb.main of <colcon_core.verb.build.BuildVerb object at 0x7606fb48b5f0>>, mixin_verb=('build',))
[0.161s] Level 1:colcon.colcon_core.package_discovery:discover_packages(colcon_meta) check parameters
[0.161s] Level 1:colcon.colcon_core.package_discovery:discover_packages(recursive) check parameters
[0.161s] Level 1:colcon.colcon_core.package_discovery:discover_packages(ignore) check parameters
[0.161s] Level 1:colcon.colcon_core.package_discovery:discover_packages(path) check parameters
[0.161s] Level 1:colcon.colcon_core.package_discovery:discover_packages(colcon_meta) discover
[0.161s] Level 1:colcon.colcon_core.package_discovery:discover_packages(recursive) discover
[0.161s] INFO:colcon.colcon_core.package_discovery:Crawling recursively for packages in '/home/adam-falkowski/arduinobot_ws'
[0.161s] Level 1:colcon.colcon_core.package_identification:_identify(.) by extensions ['ignore', 'ignore_ament_install']
[0.162s] Level 1:colcon.colcon_core.package_identification:_identify(.) by extension 'ignore'
[0.162s] Level 1:colcon.colcon_core.package_identification:_identify(.) by extension 'ignore_ament_install'
[0.162s] Level 1:colcon.colcon_core.package_identification:_identify(.) by extensions ['colcon_pkg']
[0.162s] Level 1:colcon.colcon_core.package_identification:_identify(.) by extension 'colcon_pkg'
[0.162s] Level 1:colcon.colcon_core.package_identification:_identify(.) by extensions ['colcon_meta']
[0.162s] Level 1:colcon.colcon_core.package_identification:_identify(.) by extension 'colcon_meta'
[0.162s] Level 1:colcon.colcon_core.package_identification:_identify(.) by extensions ['ros']
[0.162s] Level 1:colcon.colcon_core.package_identification:_identify(.) by extension 'ros'
[0.188s] Level 1:colcon.colcon_core.package_identification:_identify(.) by extensions ['cmake', 'python']
[0.188s] Level 1:colcon.colcon_core.package_identification:_identify(.) by extension 'cmake'
[0.188s] Level 1:colcon.colcon_core.package_identification:_identify(.) by extension 'python'
[0.188s] Level 1:colcon.colcon_core.package_identification:_identify(.) by extensions ['python_setup_py']
[0.188s] Level 1:colcon.colcon_core.package_identification:_identify(.) by extension 'python_setup_py'
[0.188s] Level 1:colcon.colcon_core.package_identification:_identify(build) by extensions ['ignore', 'ignore_ament_install']
[0.188s] Level 1:colcon.colcon_core.package_identification:_identify(build) by extension 'ignore'
[0.188s] Level 1:colcon.colcon_core.package_identification:_identify(build) ignored
[0.188s] Level 1:colcon.colcon_core.package_identification:_identify(install) by extensions ['ignore', 'ignore_ament_install']
[0.189s] Level 1:colcon.colcon_core.package_identification:_identify(install) by extension 'ignore'
[0.189s] Level 1:colcon.colcon_core.package_identification:_identify(install) ignored
[0.189s] Level 1:colcon.colcon_core.package_identification:_identify(log) by extensions ['ignore', 'ignore_ament_install']
[0.189s] Level 1:colcon.colcon_core.package_identification:_identify(log) by extension 'ignore'
[0.189s] Level 1:colcon.colcon_core.package_identification:_identify(log) ignored
[0.189s] Level 1:colcon.colcon_core.package_identification:_identify(src) by extensions ['ignore', 'ignore_ament_install']
[0.189s] Level 1:colcon.colcon_core.package_identification:_identify(src) by extension 'ignore'
[0.190s] Level 1:colcon.colcon_core.package_identification:_identify(src) by extension 'ignore_ament_install'
[0.190s] Level 1:colcon.colcon_core.package_identification:_identify(src) by extensions ['colcon_pkg']
[0.190s] Level 1:colcon.colcon_core.package_identification:_identify(src) by extension 'colcon_pkg'
[0.190s] Level 1:colcon.colcon_core.package_identification:_identify(src) by extensions ['colcon_meta']
[0.190s] Level 1:colcon.colcon_core.package_identification:_identify(src) by extension 'colcon_meta'
[0.190s] Level 1:colcon.colcon_core.package_identification:_identify(src) by extensions ['ros']
[0.190s] Level 1:colcon.colcon_core.package_identification:_identify(src) by extension 'ros'
[0.190s] Level 1:colcon.colcon_core.package_identification:_identify(src) by extensions ['cmake', 'python']
[0.190s] Level 1:colcon.colcon_core.package_identification:_identify(src) by extension 'cmake'
[0.190s] Level 1:colcon.colcon_core.package_identification:_identify(src) by extension 'python'
[0.190s] Level 1:colcon.colcon_core.package_identification:_identify(src) by extensions ['python_setup_py']
[0.190s] Level 1:colcon.colcon_core.package_identification:_identify(src) by extension 'python_setup_py'
[0.190s] Level 1:colcon.colcon_core.package_identification:_identify(src/arduinobot_controller) by extensions ['ignore', 'ignore_ament_install']
[0.190s] Level 1:colcon.colcon_core.package_identification:_identify(src/arduinobot_controller) by extension 'ignore'
[0.190s] Level 1:colcon.colcon_core.package_identification:_identify(src/arduinobot_controller) by extension 'ignore_ament_install'
[0.191s] Level 1:colcon.colcon_core.package_identification:_identify(src/arduinobot_controller) by extensions ['colcon_pkg']
[0.191s] Level 1:colcon.colcon_core.package_identification:_identify(src/arduinobot_controller) by extension 'colcon_pkg'
[0.191s] Level 1:colcon.colcon_core.package_identification:_identify(src/arduinobot_controller) by extensions ['colcon_meta']
[0.191s] Level 1:colcon.colcon_core.package_identification:_identify(src/arduinobot_controller) by extension 'colcon_meta'
[0.191s] Level 1:colcon.colcon_core.package_identification:_identify(src/arduinobot_controller) by extensions ['ros']
[0.191s] Level 1:colcon.colcon_core.package_identification:_identify(src/arduinobot_controller) by extension 'ros'
[0.194s] DEBUG:colcon.colcon_core.package_identification:Package 'src/arduinobot_controller' with type 'ros.ament_cmake' and name 'arduinobot_controller'
[0.194s] Level 1:colcon.colcon_core.package_identification:_identify(src/arduinobot_description) by extensions ['ignore', 'ignore_ament_install']
[0.194s] Level 1:colcon.colcon_core.package_identification:_identify(src/arduinobot_description) by extension 'ignore'
[0.194s] Level 1:colcon.colcon_core.package_identification:_identify(src/arduinobot_description) by extension 'ignore_ament_install'
[0.194s] Level 1:colcon.colcon_core.package_identification:_identify(src/arduinobot_description) by extensions ['colcon_pkg']
[0.194s] Level 1:colcon.colcon_core.package_identification:_identify(src/arduinobot_description) by extension 'colcon_pkg'
[0.194s] Level 1:colcon.colcon_core.package_identification:_identify(src/arduinobot_description) by extensions ['colcon_meta']
[0.194s] Level 1:colcon.colcon_core.package_identification:_identify(src/arduinobot_description) by extension 'colcon_meta'
[0.194s] Level 1:colcon.colcon_core.package_identification:_identify(src/arduinobot_description) by extensions ['ros']
[0.194s] Level 1:colcon.colcon_core.package_identification:_identify(src/arduinobot_description) by extension 'ros'
[0.198s] DEBUG:colcon.colcon_core.package_identification:Package 'src/arduinobot_description' with type 'ros.ament_cmake' and name 'arduinobot_description'
[0.198s] Level 1:colcon.colcon_core.package_identification:_identify(src/arduinobot_py_examples) by extensions ['ignore', 'ignore_ament_install']
[0.199s] Level 1:colcon.colcon_core.package_identification:_identify(src/arduinobot_py_examples) by extension 'ignore'
[0.199s] Level 1:colcon.colcon_core.package_identification:_identify(src/arduinobot_py_examples) by extension 'ignore_ament_install'
[0.199s] Level 1:colcon.colcon_core.package_identification:_identify(src/arduinobot_py_examples) by extensions ['colcon_pkg']
[0.199s] Level 1:colcon.colcon_core.package_identification:_identify(src/arduinobot_py_examples) by extension 'colcon_pkg'
[0.199s] Level 1:colcon.colcon_core.package_identification:_identify(src/arduinobot_py_examples) by extensions ['colcon_meta']
[0.199s] Level 1:colcon.colcon_core.package_identification:_identify(src/arduinobot_py_examples) by extension 'colcon_meta'
[0.199s] Level 1:colcon.colcon_core.package_identification:_identify(src/arduinobot_py_examples) by extensions ['ros']
[0.199s] Level 1:colcon.colcon_core.package_identification:_identify(src/arduinobot_py_examples) by extension 'ros'
[0.199s] DEBUG:colcon.colcon_core.package_identification:Package 'src/arduinobot_py_examples' with type 'ros.ament_python' and name 'arduinobot_py_examples'
[0.199s] Level 1:colcon.colcon_core.package_identification:_identify(src/build) by extensions ['ignore', 'ignore_ament_install']
[0.200s] Level 1:colcon.colcon_core.package_identification:_identify(src/build) by extension 'ignore'
[0.200s] Level 1:colcon.colcon_core.package_identification:_identify(src/build) ignored
[0.200s] Level 1:colcon.colcon_core.package_identification:_identify(src/install) by extensions ['ignore', 'ignore_ament_install']
[0.200s] Level 1:colcon.colcon_core.package_identification:_identify(src/install) by extension 'ignore'
[0.200s] Level 1:colcon.colcon_core.package_identification:_identify(src/install) ignored
[0.200s] Level 1:colcon.colcon_core.package_identification:_identify(src/log) by extensions ['ignore', 'ignore_ament_install']
[0.200s] Level 1:colcon.colcon_core.package_identification:_identify(src/log) by extension 'ignore'
[0.200s] Level 1:colcon.colcon_core.package_identification:_identify(src/log) ignored
[0.200s] Level 1:colcon.colcon_core.package_discovery:discover_packages(recursive) using defaults
[0.200s] Level 1:colcon.colcon_core.package_discovery:discover_packages(ignore) discover
[0.200s] Level 1:colcon.colcon_core.package_discovery:discover_packages(ignore) using defaults
[0.200s] Level 1:colcon.colcon_core.package_discovery:discover_packages(path) discover
[0.200s] Level 1:colcon.colcon_core.package_discovery:discover_packages(path) using defaults
[0.218s] Level 1:colcon.colcon_core.package_discovery:discover_packages(prefix_path) check parameters
[0.218s] Level 1:colcon.colcon_core.package_discovery:discover_packages(prefix_path) discover
[0.222s] DEBUG:colcon.colcon_installed_package_information.package_discovery:Found 419 installed packages in /opt/ros/jazzy
[0.223s] Level 1:colcon.colcon_core.package_discovery:discover_packages(prefix_path) using defaults
[0.287s] Level 5:colcon.colcon_core.verb:set package 'arduinobot_controller' build argument 'cmake_args' from command line to 'None'
[0.287s] Level 5:colcon.colcon_core.verb:set package 'arduinobot_controller' build argument 'cmake_target' from command line to 'None'
[0.287s] Level 5:colcon.colcon_core.verb:set package 'arduinobot_controller' build argument 'cmake_target_skip_unavailable' from command line to 'False'
[0.287s] Level 5:colcon.colcon_core.verb:set package 'arduinobot_controller' build argument 'cmake_clean_cache' from command line to 'False'
[0.287s] Level 5:colcon.colcon_core.verb:set package 'arduinobot_controller' build argument 'cmake_clean_first' from command line to 'False'
[0.287s] Level 5:colcon.colcon_core.verb:set package 'arduinobot_controller' build argument 'cmake_force_configure' from command line to 'False'
[0.287s] Level 5:colcon.colcon_core.verb:set package 'arduinobot_controller' build argument 'ament_cmake_args' from command line to 'None'
[0.287s] Level 5:colcon.colcon_core.verb:set package 'arduinobot_controller' build argument 'catkin_cmake_args' from command line to 'None'
[0.287s] Level 5:colcon.colcon_core.verb:set package 'arduinobot_controller' build argument 'catkin_skip_building_tests' from command line to 'False'
[0.287s] DEBUG:colcon.colcon_core.verb:Building package 'arduinobot_controller' with the following arguments: {'ament_cmake_args': None, 'build_base': '/home/adam-falkowski/arduinobot_ws/build/arduinobot_controller', 'catkin_cmake_args': None, 'catkin_skip_building_tests': False, 'cmake_args': None, 'cmake_clean_cache': False, 'cmake_clean_first': False, 'cmake_force_configure': False, 'cmake_target': None, 'cmake_target_skip_unavailable': False, 'install_base': '/home/adam-falkowski/arduinobot_ws/install/arduinobot_controller', 'merge_install': False, 'path': '/home/adam-falkowski/arduinobot_ws/src/arduinobot_controller', 'symlink_install': False, 'test_result_base': None}
[0.287s] Level 5:colcon.colcon_core.verb:set package 'arduinobot_description' build argument 'cmake_args' from command line to 'None'
[0.288s] Level 5:colcon.colcon_core.verb:set package 'arduinobot_description' build argument 'cmake_target' from command line to 'None'
[0.288s] Level 5:colcon.colcon_core.verb:set package 'arduinobot_description' build argument 'cmake_target_skip_unavailable' from command line to 'False'
[0.288s] Level 5:colcon.colcon_core.verb:set package 'arduinobot_description' build argument 'cmake_clean_cache' from command line to 'False'
[0.288s] Level 5:colcon.colcon_core.verb:set package 'arduinobot_description' build argument 'cmake_clean_first' from command line to 'False'
[0.288s] Level 5:colcon.colcon_core.verb:set package 'arduinobot_description' build argument 'cmake_force_configure' from command line to 'False'
[0.288s] Level 5:colcon.colcon_core.verb:set package 'arduinobot_description' build argument 'ament_cmake_args' from command line to 'None'
[0.288s] Level 5:colcon.colcon_core.verb:set package 'arduinobot_description' build argument 'catkin_cmake_args' from command line to 'None'
[0.288s] Level 5:colcon.colcon_core.verb:set package 'arduinobot_description' build argument 'catkin_skip_building_tests' from command line to 'False'
[0.288s] DEBUG:colcon.colcon_core.verb:Building package 'arduinobot_description' with the following arguments: {'ament_cmake_args': None, 'build_base': '/home/adam-falkowski/arduinobot_ws/build/arduinobot_description', 'catkin_cmake_args': None, 'catkin_skip_building_tests': False, 'cmake_args': None, 'cmake_clean_cache': False, 'cmake_clean_first': False, 'cmake_force_configure': False, 'cmake_target': None, 'cmake_target_skip_unavailable': False, 'install_base': '/home/adam-falkowski/arduinobot_ws/install/arduinobot_description', 'merge_install': False, 'path': '/home/adam-falkowski/arduinobot_ws/src/arduinobot_description', 'symlink_install': False, 'test_result_base': None}
[0.288s] Level 5:colcon.colcon_core.verb:set package 'arduinobot_py_examples' build argument 'cmake_args' from command line to 'None'
[0.288s] Level 5:colcon.colcon_core.verb:set package 'arduinobot_py_examples' build argument 'cmake_target' from command line to 'None'
[0.288s] Level 5:colcon.colcon_core.verb:set package 'arduinobot_py_examples' build argument 'cmake_target_skip_unavailable' from command line to 'False'
[0.288s] Level 5:colcon.colcon_core.verb:set package 'arduinobot_py_examples' build argument 'cmake_clean_cache' from command line to 'False'
[0.288s] Level 5:colcon.colcon_core.verb:set package 'arduinobot_py_examples' build argument 'cmake_clean_first' from command line to 'False'
[0.288s] Level 5:colcon.colcon_core.verb:set package 'arduinobot_py_examples' build argument 'cmake_force_configure' from command line to 'False'
[0.288s] Level 5:colcon.colcon_core.verb:set package 'arduinobot_py_examples' build argument 'ament_cmake_args' from command line to 'None'
[0.288s] Level 5:colcon.colcon_core.verb:set package 'arduinobot_py_examples' build argument 'catkin_cmake_args' from command line to 'None'
[0.288s] Level 5:colcon.colcon_core.verb:set package 'arduinobot_py_examples' build argument 'catkin_skip_building_tests' from command line to 'False'
[0.288s] DEBUG:colcon.colcon_core.verb:Building package 'arduinobot_py_examples' with the following arguments: {'ament_cmake_args': None, 'build_base': '/home/adam-falkowski/arduinobot_ws/build/arduinobot_py_examples', 'catkin_cmake_args': None, 'catkin_skip_building_tests': False, 'cmake_args': None, 'cmake_clean_cache': False, 'cmake_clean_first': False, 'cmake_force_configure': False, 'cmake_target': None, 'cmake_target_skip_unavailable': False, 'install_base': '/home/adam-falkowski/arduinobot_ws/install/arduinobot_py_examples', 'merge_install': False, 'path': '/home/adam-falkowski/arduinobot_ws/src/arduinobot_py_examples', 'symlink_install': False, 'test_result_base': None}
[0.288s] INFO:colcon.colcon_core.executor:Executing jobs using 'parallel' executor
[0.289s] DEBUG:colcon.colcon_parallel_executor.executor.parallel:run_until_complete
[0.290s] INFO:colcon.colcon_ros.task.ament_cmake.build:Building ROS package in '/home/adam-falkowski/arduinobot_ws/src/arduinobot_controller' with build type 'ament_cmake'
[0.290s] INFO:colcon.colcon_cmake.task.cmake.build:Building CMake package in '/home/adam-falkowski/arduinobot_ws/src/arduinobot_controller'
[0.293s] INFO:colcon.colcon_core.plugin_system:Skipping extension 'colcon_core.shell.bat': Not used on non-Windows systems
[0.293s] INFO:colcon.colcon_core.shell:Skip shell extension 'powershell' for command environment: Not usable outside of PowerShell
[0.293s] DEBUG:colcon.colcon_core.shell:Skip shell extension 'dsv' for command environment
[0.299s] INFO:colcon.colcon_ros.task.ament_cmake.build:Building ROS package in '/home/adam-falkowski/arduinobot_ws/src/arduinobot_description' with build type 'ament_cmake'
[0.299s] INFO:colcon.colcon_cmake.task.cmake.build:Building CMake package in '/home/adam-falkowski/arduinobot_ws/src/arduinobot_description'
[0.299s] INFO:colcon.colcon_core.shell:Skip shell extension 'powershell' for command environment: Not usable outside of PowerShell
[0.300s] DEBUG:colcon.colcon_core.shell:Skip shell extension 'dsv' for command environment
[0.305s] INFO:colcon.colcon_ros.task.ament_python.build:Building ROS package in '/home/adam-falkowski/arduinobot_ws/src/arduinobot_py_examples' with build type 'ament_python'
[0.305s] Level 1:colcon.colcon_core.shell:create_environment_hook('arduinobot_py_examples', 'ament_prefix_path')
[0.305s] INFO:colcon.colcon_core.shell:Creating environment hook '/home/adam-falkowski/arduinobot_ws/install/arduinobot_py_examples/share/arduinobot_py_examples/hook/ament_prefix_path.ps1'
[0.306s] INFO:colcon.colcon_core.shell:Creating environment descriptor '/home/adam-falkowski/arduinobot_ws/install/arduinobot_py_examples/share/arduinobot_py_examples/hook/ament_prefix_path.dsv'
[0.307s] INFO:colcon.colcon_core.shell:Creating environment hook '/home/adam-falkowski/arduinobot_ws/install/arduinobot_py_examples/share/arduinobot_py_examples/hook/ament_prefix_path.sh'
[0.308s] INFO:colcon.colcon_core.shell:Skip shell extension 'powershell' for command environment: Not usable outside of PowerShell
[0.308s] DEBUG:colcon.colcon_core.shell:Skip shell extension 'dsv' for command environment
[0.318s] DEBUG:colcon.colcon_core.event_handler.log_command:Invoking command in '/home/adam-falkowski/arduinobot_ws/build/arduinobot_controller': CMAKE_PREFIX_PATH=${CMAKE_PREFIX_PATH}:/opt/ros/jazzy DEBUGINFOD_URLS=https://debuginfod.ubuntu.com /usr/bin/cmake --build /home/adam-falkowski/arduinobot_ws/build/arduinobot_controller -- -j12 -l12
[0.322s] DEBUG:colcon.colcon_core.event_handler.log_command:Invoking command in '/home/adam-falkowski/arduinobot_ws/build/arduinobot_description': CMAKE_PREFIX_PATH=${CMAKE_PREFIX_PATH}:/opt/ros/jazzy DEBUGINFOD_URLS=https://debuginfod.ubuntu.com /usr/bin/cmake --build /home/adam-falkowski/arduinobot_ws/build/arduinobot_description -- -j12 -l12
[0.614s] INFO:colcon.colcon_core.task.python.build:Building Python package in '/home/adam-falkowski/arduinobot_ws/src/arduinobot_py_examples'
[0.614s] INFO:colcon.colcon_core.shell:Skip shell extension 'powershell' for command environment: Not usable outside of PowerShell
[0.614s] DEBUG:colcon.colcon_core.shell:Skip shell extension 'dsv' for command environment
[0.619s] DEBUG:colcon.colcon_core.event_handler.log_command:Invoked command in '/home/adam-falkowski/arduinobot_ws/build/arduinobot_description' returned '0': CMAKE_PREFIX_PATH=${CMAKE_PREFIX_PATH}:/opt/ros/jazzy DEBUGINFOD_URLS=https://debuginfod.ubuntu.com /usr/bin/cmake --build /home/adam-falkowski/arduinobot_ws/build/arduinobot_description -- -j12 -l12
[0.633s] DEBUG:colcon.colcon_core.event_handler.log_command:Invoking command in '/home/adam-falkowski/arduinobot_ws/build/arduinobot_description': CMAKE_PREFIX_PATH=${CMAKE_PREFIX_PATH}:/opt/ros/jazzy DEBUGINFOD_URLS=https://debuginfod.ubuntu.com /usr/bin/cmake --install /home/adam-falkowski/arduinobot_ws/build/arduinobot_description
[0.650s] Level 1:colcon.colcon_core.environment:create_environment_scripts_only(arduinobot_description)
[0.657s] DEBUG:colcon.colcon_core.event_handler.log_command:Invoked command in '/home/adam-falkowski/arduinobot_ws/build/arduinobot_description' returned '0': CMAKE_PREFIX_PATH=${CMAKE_PREFIX_PATH}:/opt/ros/jazzy DEBUGINFOD_URLS=https://debuginfod.ubuntu.com /usr/bin/cmake --install /home/adam-falkowski/arduinobot_ws/build/arduinobot_description
[0.658s] Level 1:colcon.colcon_core.environment:checking '/home/adam-falkowski/arduinobot_ws/install/arduinobot_description' for CMake module files
[0.659s] Level 1:colcon.colcon_core.environment:checking '/home/adam-falkowski/arduinobot_ws/install/arduinobot_description' for CMake config files
[0.660s] Level 1:colcon.colcon_core.shell:create_environment_hook('arduinobot_description', 'cmake_prefix_path')
[0.660s] INFO:colcon.colcon_core.shell:Creating environment hook '/home/adam-falkowski/arduinobot_ws/install/arduinobot_description/share/arduinobot_description/hook/cmake_prefix_path.ps1'
[0.661s] INFO:colcon.colcon_core.shell:Creating environment descriptor '/home/adam-falkowski/arduinobot_ws/install/arduinobot_description/share/arduinobot_description/hook/cmake_prefix_path.dsv'
[0.661s] INFO:colcon.colcon_core.shell:Creating environment hook '/home/adam-falkowski/arduinobot_ws/install/arduinobot_description/share/arduinobot_description/hook/cmake_prefix_path.sh'
[0.662s] Level 1:colcon.colcon_core.environment:checking '/home/adam-falkowski/arduinobot_ws/install/arduinobot_description/bin'
[0.662s] Level 1:colcon.colcon_core.environment:checking '/home/adam-falkowski/arduinobot_ws/install/arduinobot_description/lib/pkgconfig/arduinobot_description.pc'
[0.663s] Level 1:colcon.colcon_core.environment:checking '/home/adam-falkowski/arduinobot_ws/install/arduinobot_description/lib/python3.12/site-packages'
[0.663s] Level 1:colcon.colcon_core.environment:checking '/home/adam-falkowski/arduinobot_ws/install/arduinobot_description/bin'
[0.664s] INFO:colcon.colcon_core.shell:Creating package script '/home/adam-falkowski/arduinobot_ws/install/arduinobot_description/share/arduinobot_description/package.ps1'
[0.665s] INFO:colcon.colcon_core.shell:Creating package descriptor '/home/adam-falkowski/arduinobot_ws/install/arduinobot_description/share/arduinobot_description/package.dsv'
[0.665s] INFO:colcon.colcon_core.shell:Creating package script '/home/adam-falkowski/arduinobot_ws/install/arduinobot_description/share/arduinobot_description/package.sh'
[0.667s] INFO:colcon.colcon_core.shell:Creating package script '/home/adam-falkowski/arduinobot_ws/install/arduinobot_description/share/arduinobot_description/package.bash'
[0.668s] INFO:colcon.colcon_core.shell:Creating package script '/home/adam-falkowski/arduinobot_ws/install/arduinobot_description/share/arduinobot_description/package.zsh'
[0.669s] Level 1:colcon.colcon_core.environment:create_file_with_runtime_dependencies(/home/adam-falkowski/arduinobot_ws/install/arduinobot_description/share/colcon-core/packages/arduinobot_description)
[0.670s] Level 1:colcon.colcon_core.environment:create_environment_scripts_only(arduinobot_description)
[0.670s] Level 1:colcon.colcon_core.environment:checking '/home/adam-falkowski/arduinobot_ws/install/arduinobot_description' for CMake module files
[0.671s] Level 1:colcon.colcon_core.environment:checking '/home/adam-falkowski/arduinobot_ws/install/arduinobot_description' for CMake config files
[0.671s] Level 1:colcon.colcon_core.shell:create_environment_hook('arduinobot_description', 'cmake_prefix_path')
[0.671s] INFO:colcon.colcon_core.shell:Creating environment hook '/home/adam-falkowski/arduinobot_ws/install/arduinobot_description/share/arduinobot_description/hook/cmake_prefix_path.ps1'
[0.672s] INFO:colcon.colcon_core.shell:Creating environment descriptor '/home/adam-falkowski/arduinobot_ws/install/arduinobot_description/share/arduinobot_description/hook/cmake_prefix_path.dsv'
[0.673s] INFO:colcon.colcon_core.shell:Creating environment hook '/home/adam-falkowski/arduinobot_ws/install/arduinobot_description/share/arduinobot_description/hook/cmake_prefix_path.sh'
[0.673s] Level 1:colcon.colcon_core.environment:checking '/home/adam-falkowski/arduinobot_ws/install/arduinobot_description/bin'
[0.673s] Level 1:colcon.colcon_core.environment:checking '/home/adam-falkowski/arduinobot_ws/install/arduinobot_description/lib/pkgconfig/arduinobot_description.pc'
[0.674s] Level 1:colcon.colcon_core.environment:checking '/home/adam-falkowski/arduinobot_ws/install/arduinobot_description/lib/python3.12/site-packages'
[0.674s] Level 1:colcon.colcon_core.environment:checking '/home/adam-falkowski/arduinobot_ws/install/arduinobot_description/bin'
[0.675s] INFO:colcon.colcon_core.shell:Creating package script '/home/adam-falkowski/arduinobot_ws/install/arduinobot_description/share/arduinobot_description/package.ps1'
[0.676s] INFO:colcon.colcon_core.shell:Creating package descriptor '/home/adam-falkowski/arduinobot_ws/install/arduinobot_description/share/arduinobot_description/package.dsv'
[0.676s] INFO:colcon.colcon_core.shell:Creating package script '/home/adam-falkowski/arduinobot_ws/install/arduinobot_description/share/arduinobot_description/package.sh'
[0.677s] INFO:colcon.colcon_core.shell:Creating package script '/home/adam-falkowski/arduinobot_ws/install/arduinobot_description/share/arduinobot_description/package.bash'
[0.678s] INFO:colcon.colcon_core.shell:Creating package script '/home/adam-falkowski/arduinobot_ws/install/arduinobot_description/share/arduinobot_description/package.zsh'
[0.678s] Level 1:colcon.colcon_core.environment:create_file_with_runtime_dependencies(/home/adam-falkowski/arduinobot_ws/install/arduinobot_description/share/colcon-core/packages/arduinobot_description)
[0.787s] DEBUG:colcon.colcon_core.event_handler.log_command:Invoked command in '/home/adam-falkowski/arduinobot_ws/build/arduinobot_controller' returned '0': CMAKE_PREFIX_PATH=${CMAKE_PREFIX_PATH}:/opt/ros/jazzy DEBUGINFOD_URLS=https://debuginfod.ubuntu.com /usr/bin/cmake --build /home/adam-falkowski/arduinobot_ws/build/arduinobot_controller -- -j12 -l12
[0.788s] DEBUG:colcon.colcon_core.event_handler.log_command:Invoking command in '/home/adam-falkowski/arduinobot_ws/build/arduinobot_controller': CMAKE_PREFIX_PATH=${CMAKE_PREFIX_PATH}:/opt/ros/jazzy DEBUGINFOD_URLS=https://debuginfod.ubuntu.com /usr/bin/cmake --install /home/adam-falkowski/arduinobot_ws/build/arduinobot_controller
[0.804s] Level 1:colcon.colcon_core.environment:create_environment_scripts_only(arduinobot_controller)
[0.805s] Level 1:colcon.colcon_core.environment:checking '/home/adam-falkowski/arduinobot_ws/install/arduinobot_controller' for CMake module files
[0.806s] DEBUG:colcon.colcon_core.event_handler.log_command:Invoked command in '/home/adam-falkowski/arduinobot_ws/build/arduinobot_controller' returned '0': CMAKE_PREFIX_PATH=${CMAKE_PREFIX_PATH}:/opt/ros/jazzy DEBUGINFOD_URLS=https://debuginfod.ubuntu.com /usr/bin/cmake --install /home/adam-falkowski/arduinobot_ws/build/arduinobot_controller
[0.806s] Level 1:colcon.colcon_core.environment:checking '/home/adam-falkowski/arduinobot_ws/install/arduinobot_controller' for CMake config files
[0.806s] Level 1:colcon.colcon_core.shell:create_environment_hook('arduinobot_controller', 'cmake_prefix_path')
[0.807s] INFO:colcon.colcon_core.shell:Creating environment hook '/home/adam-falkowski/arduinobot_ws/install/arduinobot_controller/share/arduinobot_controller/hook/cmake_prefix_path.ps1'
[0.808s] INFO:colcon.colcon_core.shell:Creating environment descriptor '/home/adam-falkowski/arduinobot_ws/install/arduinobot_controller/share/arduinobot_controller/hook/cmake_prefix_path.dsv'
[0.808s] INFO:colcon.colcon_core.shell:Creating environment hook '/home/adam-falkowski/arduinobot_ws/install/arduinobot_controller/share/arduinobot_controller/hook/cmake_prefix_path.sh'
[0.809s] Level 1:colcon.colcon_core.environment:checking '/home/adam-falkowski/arduinobot_ws/install/arduinobot_controller/bin'
[0.809s] Level 1:colcon.colcon_core.environment:checking '/home/adam-falkowski/arduinobot_ws/install/arduinobot_controller/lib/pkgconfig/arduinobot_controller.pc'
[0.810s] Level 1:colcon.colcon_core.environment:checking '/home/adam-falkowski/arduinobot_ws/install/arduinobot_controller/lib/python3.12/site-packages'
[0.810s] Level 1:colcon.colcon_core.environment:checking '/home/adam-falkowski/arduinobot_ws/install/arduinobot_controller/bin'
[0.811s] INFO:colcon.colcon_core.shell:Creating package script '/home/adam-falkowski/arduinobot_ws/install/arduinobot_controller/share/arduinobot_controller/package.ps1'
[0.811s] INFO:colcon.colcon_core.shell:Creating package descriptor '/home/adam-falkowski/arduinobot_ws/install/arduinobot_controller/share/arduinobot_controller/package.dsv'
[0.812s] INFO:colcon.colcon_core.shell:Creating package script '/home/adam-falkowski/arduinobot_ws/install/arduinobot_controller/share/arduinobot_controller/package.sh'
[0.813s] INFO:colcon.colcon_core.shell:Creating package script '/home/adam-falkowski/arduinobot_ws/install/arduinobot_controller/share/arduinobot_controller/package.bash'
[0.813s] INFO:colcon.colcon_core.shell:Creating package script '/home/adam-falkowski/arduinobot_ws/install/arduinobot_controller/share/arduinobot_controller/package.zsh'
[0.814s] Level 1:colcon.colcon_core.environment:create_file_with_runtime_dependencies(/home/adam-falkowski/arduinobot_ws/install/arduinobot_controller/share/colcon-core/packages/arduinobot_controller)
[0.815s] Level 1:colcon.colcon_core.environment:create_environment_scripts_only(arduinobot_controller)
[0.815s] Level 1:colcon.colcon_core.environment:checking '/home/adam-falkowski/arduinobot_ws/install/arduinobot_controller' for CMake module files
[0.816s] Level 1:colcon.colcon_core.environment:checking '/home/adam-falkowski/arduinobot_ws/install/arduinobot_controller' for CMake config files
[0.816s] Level 1:colcon.colcon_core.shell:create_environment_hook('arduinobot_controller', 'cmake_prefix_path')
[0.817s] INFO:colcon.colcon_core.shell:Creating environment hook '/home/adam-falkowski/arduinobot_ws/install/arduinobot_controller/share/arduinobot_controller/hook/cmake_prefix_path.ps1'
[0.817s] INFO:colcon.colcon_core.shell:Creating environment descriptor '/home/adam-falkowski/arduinobot_ws/install/arduinobot_controller/share/arduinobot_controller/hook/cmake_prefix_path.dsv'
[0.818s] INFO:colcon.colcon_core.shell:Creating environment hook '/home/adam-falkowski/arduinobot_ws/install/arduinobot_controller/share/arduinobot_controller/hook/cmake_prefix_path.sh'
[0.819s] Level 1:colcon.colcon_core.environment:checking '/home/adam-falkowski/arduinobot_ws/install/arduinobot_controller/bin'
[0.819s] Level 1:colcon.colcon_core.environment:checking '/home/adam-falkowski/arduinobot_ws/install/arduinobot_controller/lib/pkgconfig/arduinobot_controller.pc'
[0.820s] Level 1:colcon.colcon_core.environment:checking '/home/adam-falkowski/arduinobot_ws/install/arduinobot_controller/lib/python3.12/site-packages'
[0.820s] Level 1:colcon.colcon_core.environment:checking '/home/adam-falkowski/arduinobot_ws/install/arduinobot_controller/bin'
[0.820s] INFO:colcon.colcon_core.shell:Creating package script '/home/adam-falkowski/arduinobot_ws/install/arduinobot_controller/share/arduinobot_controller/package.ps1'
[0.821s] INFO:colcon.colcon_core.shell:Creating package descriptor '/home/adam-falkowski/arduinobot_ws/install/arduinobot_controller/share/arduinobot_controller/package.dsv'
[0.822s] INFO:colcon.colcon_core.shell:Creating package script '/home/adam-falkowski/arduinobot_ws/install/arduinobot_controller/share/arduinobot_controller/package.sh'
[0.822s] INFO:colcon.colcon_core.shell:Creating package script '/home/adam-falkowski/arduinobot_ws/install/arduinobot_controller/share/arduinobot_controller/package.bash'
[0.823s] INFO:colcon.colcon_core.shell:Creating package script '/home/adam-falkowski/arduinobot_ws/install/arduinobot_controller/share/arduinobot_controller/package.zsh'
[0.824s] Level 1:colcon.colcon_core.environment:create_file_with_runtime_dependencies(/home/adam-falkowski/arduinobot_ws/install/arduinobot_controller/share/colcon-core/packages/arduinobot_controller)
[1.387s] DEBUG:colcon.colcon_core.event_handler.log_command:Invoking command in '/home/adam-falkowski/arduinobot_ws/src/arduinobot_py_examples': DEBUGINFOD_URLS=https://debuginfod.ubuntu.com PYTHONPATH=/home/adam-falkowski/arduinobot_ws/build/arduinobot_py_examples/prefix_override:/usr/lib/python3/dist-packages/colcon_core/task/python/colcon_distutils_commands:/home/adam-falkowski/arduinobot_ws/install/arduinobot_py_examples/lib/python3.12/site-packages:${PYTHONPATH} /usr/bin/python3 -W ignore:setup.py install is deprecated -W ignore:easy_install command is deprecated setup.py egg_info --egg-base ../../build/arduinobot_py_examples build --build-base /home/adam-falkowski/arduinobot_ws/build/arduinobot_py_examples/build install --record /home/adam-falkowski/arduinobot_ws/build/arduinobot_py_examples/install.log --single-version-externally-managed install_data
[2.096s] Level 1:colcon.colcon_core.environment:checking '/home/adam-falkowski/arduinobot_ws/install/arduinobot_py_examples' for CMake module files
[2.097s] DEBUG:colcon.colcon_core.event_handler.log_command:Invoked command in '/home/adam-falkowski/arduinobot_ws/src/arduinobot_py_examples' returned '0': DEBUGINFOD_URLS=https://debuginfod.ubuntu.com PYTHONPATH=/home/adam-falkowski/arduinobot_ws/build/arduinobot_py_examples/prefix_override:/usr/lib/python3/dist-packages/colcon_core/task/python/colcon_distutils_commands:/home/adam-falkowski/arduinobot_ws/install/arduinobot_py_examples/lib/python3.12/site-packages:${PYTHONPATH} /usr/bin/python3 -W ignore:setup.py install is deprecated -W ignore:easy_install command is deprecated setup.py egg_info --egg-base ../../build/arduinobot_py_examples build --build-base /home/adam-falkowski/arduinobot_ws/build/arduinobot_py_examples/build install --record /home/adam-falkowski/arduinobot_ws/build/arduinobot_py_examples/install.log --single-version-externally-managed install_data
[2.098s] Level 1:colcon.colcon_core.environment:checking '/home/adam-falkowski/arduinobot_ws/install/arduinobot_py_examples' for CMake config files
[2.099s] Level 1:colcon.colcon_core.environment:checking '/home/adam-falkowski/arduinobot_ws/install/arduinobot_py_examples/lib'
[2.100s] Level 1:colcon.colcon_core.environment:checking '/home/adam-falkowski/arduinobot_ws/install/arduinobot_py_examples/bin'
[2.100s] Level 1:colcon.colcon_core.environment:checking '/home/adam-falkowski/arduinobot_ws/install/arduinobot_py_examples/lib/pkgconfig/arduinobot_py_examples.pc'
[2.100s] Level 1:colcon.colcon_core.environment:checking '/home/adam-falkowski/arduinobot_ws/install/arduinobot_py_examples/lib/python3.12/site-packages'
[2.101s] Level 1:colcon.colcon_core.shell:create_environment_hook('arduinobot_py_examples', 'pythonpath')
[2.101s] INFO:colcon.colcon_core.shell:Creating environment hook '/home/adam-falkowski/arduinobot_ws/install/arduinobot_py_examples/share/arduinobot_py_examples/hook/pythonpath.ps1'
[2.102s] INFO:colcon.colcon_core.shell:Creating environment descriptor '/home/adam-falkowski/arduinobot_ws/install/arduinobot_py_examples/share/arduinobot_py_examples/hook/pythonpath.dsv'
[2.102s] INFO:colcon.colcon_core.shell:Creating environment hook '/home/adam-falkowski/arduinobot_ws/install/arduinobot_py_examples/share/arduinobot_py_examples/hook/pythonpath.sh'
[2.103s] Level 1:colcon.colcon_core.environment:checking '/home/adam-falkowski/arduinobot_ws/install/arduinobot_py_examples/bin'
[2.103s] Level 1:colcon.colcon_core.environment:create_environment_scripts_only(arduinobot_py_examples)
[2.104s] INFO:colcon.colcon_core.shell:Creating package script '/home/adam-falkowski/arduinobot_ws/install/arduinobot_py_examples/share/arduinobot_py_examples/package.ps1'
[2.104s] INFO:colcon.colcon_core.shell:Creating package descriptor '/home/adam-falkowski/arduinobot_ws/install/arduinobot_py_examples/share/arduinobot_py_examples/package.dsv'
[2.105s] INFO:colcon.colcon_core.shell:Creating package script '/home/adam-falkowski/arduinobot_ws/install/arduinobot_py_examples/share/arduinobot_py_examples/package.sh'
[2.106s] INFO:colcon.colcon_core.shell:Creating package script '/home/adam-falkowski/arduinobot_ws/install/arduinobot_py_examples/share/arduinobot_py_examples/package.bash'
[2.107s] INFO:colcon.colcon_core.shell:Creating package script '/home/adam-falkowski/arduinobot_ws/install/arduinobot_py_examples/share/arduinobot_py_examples/package.zsh'
[2.107s] Level 1:colcon.colcon_core.environment:create_file_with_runtime_dependencies(/home/adam-falkowski/arduinobot_ws/install/arduinobot_py_examples/share/colcon-core/packages/arduinobot_py_examples)
[2.108s] DEBUG:colcon.colcon_parallel_executor.executor.parallel:closing loop
[2.108s] DEBUG:colcon.colcon_parallel_executor.executor.parallel:loop closed
[2.108s] DEBUG:colcon.colcon_parallel_executor.executor.parallel:run_until_complete finished with '0'
[2.108s] DEBUG:colcon.colcon_core.event_reactor:joining thread
[2.116s] INFO:colcon.colcon_core.plugin_system:Skipping extension 'colcon_notification.desktop_notification.terminal_notifier': Not used on non-Darwin systems
[2.116s] INFO:colcon.colcon_core.plugin_system:Skipping extension 'colcon_notification.desktop_notification.win32': Not used on non-Windows systems
[2.116s] INFO:colcon.colcon_notification.desktop_notification:Sending desktop notification using 'notify2'
[2.148s] DEBUG:colcon.colcon_core.event_reactor:joined thread
[2.148s] INFO:colcon.colcon_core.shell:Creating prefix script '/home/adam-falkowski/arduinobot_ws/install/local_setup.ps1'
[2.149s] INFO:colcon.colcon_core.shell:Creating prefix util module '/home/adam-falkowski/arduinobot_ws/install/_local_setup_util_ps1.py'
[2.151s] INFO:colcon.colcon_core.shell:Creating prefix chain script '/home/adam-falkowski/arduinobot_ws/install/setup.ps1'
[2.152s] INFO:colcon.colcon_core.shell:Creating prefix script '/home/adam-falkowski/arduinobot_ws/install/local_setup.sh'
[2.153s] INFO:colcon.colcon_core.shell:Creating prefix util module '/home/adam-falkowski/arduinobot_ws/install/_local_setup_util_sh.py'
[2.153s] INFO:colcon.colcon_core.shell:Creating prefix chain script '/home/adam-falkowski/arduinobot_ws/install/setup.sh'
[2.155s] INFO:colcon.colcon_core.shell:Creating prefix script '/home/adam-falkowski/arduinobot_ws/install/local_setup.bash'
[2.156s] INFO:colcon.colcon_core.shell:Creating prefix chain script '/home/adam-falkowski/arduinobot_ws/install/setup.bash'
[2.157s] INFO:colcon.colcon_core.shell:Creating prefix script '/home/adam-falkowski/arduinobot_ws/install/local_setup.zsh'
[2.158s] INFO:colcon.colcon_core.shell:Creating prefix chain script '/home/adam-falkowski/arduinobot_ws/install/setup.zsh'
