running egg_info
creating ../../build/arduinobot_py_examples/arduinobot_py_examples.egg-info
writing ../../build/arduinobot_py_examples/arduinobot_py_examples.egg-info/PKG-INFO
writing dependency_links to ../../build/arduinobot_py_examples/arduinobot_py_examples.egg-info/dependency_links.txt
writing entry points to ../../build/arduinobot_py_examples/arduinobot_py_examples.egg-info/entry_points.txt
writing requirements to ../../build/arduinobot_py_examples/arduinobot_py_examples.egg-info/requires.txt
writing top-level names to ../../build/arduinobot_py_examples/arduinobot_py_examples.egg-info/top_level.txt
writing manifest file '../../build/arduinobot_py_examples/arduinobot_py_examples.egg-info/SOURCES.txt'
reading manifest file '../../build/arduinobot_py_examples/arduinobot_py_examples.egg-info/SOURCES.txt'
writing manifest file '../../build/arduinobot_py_examples/arduinobot_py_examples.egg-info/SOURCES.txt'
running build
running build_py
creating /home/adam-falkowski/arduinobot_ws/build/arduinobot_py_examples/build
creating /home/adam-falkowski/arduinobot_ws/build/arduinobot_py_examples/build/lib
creating /home/adam-falkowski/arduinobot_ws/build/arduinobot_py_examples/build/lib/arduinobot_py_examples
copying arduinobot_py_examples/simple_subscriber.py -> /home/adam-falkowski/arduinobot_ws/build/arduinobot_py_examples/build/lib/arduinobot_py_examples
copying arduinobot_py_examples/__init__.py -> /home/adam-falkowski/arduinobot_ws/build/arduinobot_py_examples/build/lib/arduinobot_py_examples
copying arduinobot_py_examples/simple_service_client.py -> /home/adam-falkowski/arduinobot_ws/build/arduinobot_py_examples/build/lib/arduinobot_py_examples
copying arduinobot_py_examples/simple_parameter.py -> /home/adam-falkowski/arduinobot_ws/build/arduinobot_py_examples/build/lib/arduinobot_py_examples
copying arduinobot_py_examples/simple_publisher.py -> /home/adam-falkowski/arduinobot_ws/build/arduinobot_py_examples/build/lib/arduinobot_py_examples
copying arduinobot_py_examples/simple_service_server.py -> /home/adam-falkowski/arduinobot_ws/build/arduinobot_py_examples/build/lib/arduinobot_py_examples
running install
running install_lib
running install_data
running install_egg_info
removing '/home/adam-falkowski/arduinobot_ws/install/arduinobot_py_examples/lib/python3.12/site-packages/arduinobot_py_examples-0.0.0-py3.12.egg-info' (and everything under it)
Copying ../../build/arduinobot_py_examples/arduinobot_py_examples.egg-info to /home/adam-falkowski/arduinobot_ws/install/arduinobot_py_examples/lib/python3.12/site-packages/arduinobot_py_examples-0.0.0-py3.12.egg-info
running install_scripts
Installing simple_parameter script to /home/adam-falkowski/arduinobot_ws/install/arduinobot_py_examples/lib/arduinobot_py_examples
Installing simple_publisher script to /home/adam-falkowski/arduinobot_ws/install/arduinobot_py_examples/lib/arduinobot_py_examples
Installing simple_service_client script to /home/adam-falkowski/arduinobot_ws/install/arduinobot_py_examples/lib/arduinobot_py_examples
Installing simple_service_server script to /home/adam-falkowski/arduinobot_ws/install/arduinobot_py_examples/lib/arduinobot_py_examples
Installing simple_subscriber script to /home/adam-falkowski/arduinobot_ws/install/arduinobot_py_examples/lib/arduinobot_py_examples
writing list of installed files to '/home/adam-falkowski/arduinobot_ws/build/arduinobot_py_examples/install.log'
