-- Found ament_cmake: 2.5.3 (/opt/ros/jazzy/share/ament_cmake/cmake)
-- Found rclpy: 7.1.3 (/opt/ros/jazzy/share/rclpy/cmake)
-- Found arduinobot_messages: 0.0.0 (/home/adam-falkowski/arduinobot_ws/install/arduinobot_messages/share/arduinobot_messages/cmake)
-- Found rosidl_generator_c: 4.6.5 (/opt/ros/jazzy/share/rosidl_generator_c/cmake)
-- Found rosidl_generator_cpp: 4.6.5 (/opt/ros/jazzy/share/rosidl_generator_cpp/cmake)
-- Using all available rosidl_typesupport_c: rosidl_typesupport_fastrtps_c;rosidl_typesupport_introspection_c
-- Using all available rosidl_typesupport_cpp: rosidl_typesupport_fastrtps_cpp;rosidl_typesupport_introspection_cpp
-- Found ament_lint_auto: 0.17.1 (/opt/ros/jazzy/share/ament_lint_auto/cmake)
-- Added test 'flake8' to check Python code syntax and style conventions
-- Configured 'flake8' exclude dirs and/or files: 
-- Added test 'lint_cmake' to check CMake code style
-- Added test 'pep257' to check Python code against some of the docstring style conventions in PEP 257
-- Added test 'xmllint' to check XML markup files
-- Configuring done (0.7s)
-- Generating done (0.0s)
-- Build files have been written to: /home/adam-falkowski/arduinobot_ws/build/arduinobot_utils
Built target ament_cmake_python_copy_arduinobot_utils
running egg_info
writing arduinobot_utils.egg-info/PKG-INFO
writing dependency_links to arduinobot_utils.egg-info/dependency_links.txt
writing top-level names to arduinobot_utils.egg-info/top_level.txt
reading manifest file 'arduinobot_utils.egg-info/SOURCES.txt'
writing manifest file 'arduinobot_utils.egg-info/SOURCES.txt'
Built target ament_cmake_python_build_arduinobot_utils_egg
-- Install configuration: ""
-- Up-to-date: /home/adam-falkowski/arduinobot_ws/install/arduinobot_utils/share/arduinobot_utils/environment/pythonpath.sh
-- Up-to-date: /home/adam-falkowski/arduinobot_ws/install/arduinobot_utils/share/arduinobot_utils/environment/pythonpath.dsv
-- Up-to-date: /home/adam-falkowski/arduinobot_ws/install/arduinobot_utils/lib/python3.12/site-packages/arduinobot_utils-0.0.0-py3.12.egg-info
-- Installing: /home/adam-falkowski/arduinobot_ws/install/arduinobot_utils/lib/python3.12/site-packages/arduinobot_utils-0.0.0-py3.12.egg-info/PKG-INFO
-- Installing: /home/adam-falkowski/arduinobot_ws/install/arduinobot_utils/lib/python3.12/site-packages/arduinobot_utils-0.0.0-py3.12.egg-info/SOURCES.txt
-- Installing: /home/adam-falkowski/arduinobot_ws/install/arduinobot_utils/lib/python3.12/site-packages/arduinobot_utils-0.0.0-py3.12.egg-info/top_level.txt
-- Installing: /home/adam-falkowski/arduinobot_ws/install/arduinobot_utils/lib/python3.12/site-packages/arduinobot_utils-0.0.0-py3.12.egg-info/dependency_links.txt
-- Up-to-date: /home/adam-falkowski/arduinobot_ws/install/arduinobot_utils/lib/python3.12/site-packages/arduinobot_utils
-- Up-to-date: /home/adam-falkowski/arduinobot_ws/install/arduinobot_utils/lib/python3.12/site-packages/arduinobot_utils/__init__.py
-- Up-to-date: /home/adam-falkowski/arduinobot_ws/install/arduinobot_utils/lib/python3.12/site-packages/arduinobot_utils/angle_conversion.py
Listing '/home/adam-falkowski/arduinobot_ws/install/arduinobot_utils/lib/python3.12/site-packages/arduinobot_utils'...
-- Up-to-date: /home/adam-falkowski/arduinobot_ws/install/arduinobot_utils/lib/arduinobot_utils/angle_conversion.py
-- Up-to-date: /home/adam-falkowski/arduinobot_ws/install/arduinobot_utils/share/ament_index/resource_index/package_run_dependencies/arduinobot_utils
-- Installing: /home/adam-falkowski/arduinobot_ws/install/arduinobot_utils/share/ament_index/resource_index/parent_prefix_path/arduinobot_utils
-- Up-to-date: /home/adam-falkowski/arduinobot_ws/install/arduinobot_utils/share/arduinobot_utils/environment/ament_prefix_path.sh
-- Up-to-date: /home/adam-falkowski/arduinobot_ws/install/arduinobot_utils/share/arduinobot_utils/environment/ament_prefix_path.dsv
-- Up-to-date: /home/adam-falkowski/arduinobot_ws/install/arduinobot_utils/share/arduinobot_utils/environment/path.sh
-- Up-to-date: /home/adam-falkowski/arduinobot_ws/install/arduinobot_utils/share/arduinobot_utils/environment/path.dsv
-- Up-to-date: /home/adam-falkowski/arduinobot_ws/install/arduinobot_utils/share/arduinobot_utils/local_setup.bash
-- Up-to-date: /home/adam-falkowski/arduinobot_ws/install/arduinobot_utils/share/arduinobot_utils/local_setup.sh
-- Up-to-date: /home/adam-falkowski/arduinobot_ws/install/arduinobot_utils/share/arduinobot_utils/local_setup.zsh
-- Up-to-date: /home/adam-falkowski/arduinobot_ws/install/arduinobot_utils/share/arduinobot_utils/local_setup.dsv
-- Installing: /home/adam-falkowski/arduinobot_ws/install/arduinobot_utils/share/arduinobot_utils/package.dsv
-- Up-to-date: /home/adam-falkowski/arduinobot_ws/install/arduinobot_utils/share/ament_index/resource_index/packages/arduinobot_utils
-- Up-to-date: /home/adam-falkowski/arduinobot_ws/install/arduinobot_utils/share/arduinobot_utils/cmake/arduinobot_utilsConfig.cmake
-- Up-to-date: /home/adam-falkowski/arduinobot_ws/install/arduinobot_utils/share/arduinobot_utils/cmake/arduinobot_utilsConfig-version.cmake
-- Up-to-date: /home/adam-falkowski/arduinobot_ws/install/arduinobot_utils/share/arduinobot_utils/package.xml
